[4.758s] Invoking command in '/home/user/PPO_drone_Gazebo_ROS2/build/sjtu_drone_description': CMAKE_PREFIX_PATH=${CMAKE_PREFIX_PATH}:/home/user/PPO_drone_Gazebo_ROS2/src/install/sjtu_drone_control:/home/user/PPO_drone_Gazebo_ROS2/src/install/sjtu_drone_bringup:/home/user/PPO_drone_Gazebo_ROS2/install/sjtu_drone_control:/home/user/PPO_drone_Gazebo_ROS2/install/sjtu_drone_bringup:/home/user/PPO_drone_Gazebo_ROS2/install/mml_guidance:/opt/ros/humble:/opt/ros/jazzy /usr/bin/cmake /home/user/PPO_drone_Gazebo_ROS2/src/sjtu_drone/sjtu_drone_description -DAMENT_CMAKE_SYMLINK_INSTALL=1 -DCMAKE_INSTALL_PREFIX=/home/user/PPO_drone_Gazebo_ROS2/install/sjtu_drone_description
[5.070s] -- The C compiler identification is GNU 11.4.0
[5.487s] -- The CXX compiler identification is GNU 11.4.0
[5.538s] -- Detecting C compiler ABI info
[5.983s] -- Detecting C compiler ABI info - done
[6.044s] -- Check for working C compiler: /usr/bin/cc - skipped
[6.046s] -- Detecting C compile features
[6.049s] -- Detecting C compile features - done
[6.070s] -- Detecting CXX compiler ABI info
[6.719s] -- Detecting CXX compiler ABI info - done
[6.807s] -- Check for working CXX compiler: /usr/bin/c++ - skipped
[6.808s] -- Detecting CXX compile features
[6.813s] -- Detecting CXX compile features - done
[6.872s] -- Found PkgConfig: /usr/bin/pkg-config (found version "0.29.2") 
[6.878s] -- Checking for module 'OGRE'
[7.024s] --   Found OGRE, version 1.9.0
[7.347s] -- Checking for module 'OGRE-Terrain'
[7.472s] --   Found OGRE-Terrain, version 1.9.0
[7.792s] -- Found ament_cmake: 1.3.12 (/opt/ros/humble/share/ament_cmake/cmake)
[9.073s] -- Found Python3: /usr/bin/python3 (found version "3.10.12") found components: Interpreter 
[9.584s] -- Override CMake install command with custom implementation using symlinks instead of copying resources
[10.182s] -- Found ament_cmake_ros: 0.10.0 (/opt/ros/humble/share/ament_cmake_ros/cmake)
[10.297s] -- Found rclcpp: 16.0.15 (/opt/ros/humble/share/rclcpp/cmake)
[10.838s] -- Found rosidl_generator_c: 3.1.7 (/opt/ros/humble/share/rosidl_generator_c/cmake)
[10.876s] -- Found rosidl_adapter: 3.1.7 (/opt/ros/humble/share/rosidl_adapter/cmake)
[11.138s] -- Found rosidl_generator_cpp: 3.1.7 (/opt/ros/humble/share/rosidl_generator_cpp/cmake)
[11.139s] -- Using all available rosidl_typesupport_c: rosidl_typesupport_fastrtps_c;rosidl_typesupport_introspection_c
[11.349s] -- Using all available rosidl_typesupport_cpp: rosidl_typesupport_fastrtps_cpp;rosidl_typesupport_introspection_cpp
[11.809s] -- Found rmw_implementation_cmake: 6.1.2 (/opt/ros/humble/share/rmw_implementation_cmake/cmake)
[11.844s] -- Found rmw_fastrtps_cpp: 6.2.9 (/opt/ros/humble/share/rmw_fastrtps_cpp/cmake)
[12.584s] -- Found OpenSSL: /usr/lib/x86_64-linux-gnu/libcrypto.so (found version "3.0.2")  
[12.785s] -- Found FastRTPS: /opt/ros/humble/include  
[13.108s] -- Using RMW implementation 'rmw_fastrtps_cpp' as default
[13.174s] -- Looking for pthread.h
[13.547s] -- Looking for pthread.h - found
[13.548s] -- Performing Test CMAKE_HAVE_LIBC_PTHREAD
[13.967s] -- Performing Test CMAKE_HAVE_LIBC_PTHREAD - Success
[13.975s] -- Found Threads: TRUE  
[14.283s] -- Found gazebo_ros: 3.9.0 (/opt/ros/humble/share/gazebo_ros/cmake)
[14.361s] -- Checking for module 'bullet>=2.82'
[14.444s] --   Found bullet, version 3.05
[15.221s] -- Found fcl: /usr/include (found suitable version "0.7.0", minimum required is "0.5.0") 
[15.584s] -- Found assimp: /usr/include (found version "5.2.0") 
[15.747s] -- Found DART: /usr/include (Required is at least version "6.6") found components: dart 
[15.959s] -- Found Boost: /usr/lib/x86_64-linux-gnu/cmake/Boost-1.74.0/BoostConfig.cmake (found suitable version "1.74.0", minimum required is "1.40.0") found components: thread system filesystem program_options regex iostreams date_time 
[16.048s] -- Found Protobuf: /usr/lib/x86_64-linux-gnu/libprotobuf.so (found version "3.12.4") 
[16.099s] -- Looking for ignition-math6 -- found version 6.15.1
[16.143s] -- Searching for dependencies of ignition-math6
[16.151s] -- Looking for OGRE...
[16.154s] -- OGRE_PREFIX_WATCH changed.
[16.183s] -- Checking for module 'OGRE'
[16.282s] --   Found OGRE, version 1.9.0
[16.521s] -- Found Ogre Ghadamon (1.9.0)
[16.626s] -- Looking for OGRE_Paging...
[16.662s] -- Found OGRE_Paging: optimized;/usr/lib/x86_64-linux-gnu/libOgrePaging.so;debug;/usr/lib/x86_64-linux-gnu/libOgrePaging.so
[16.663s] -- Looking for OGRE_Terrain...
[16.698s] -- Found OGRE_Terrain: optimized;/usr/lib/x86_64-linux-gnu/libOgreTerrain.so;debug;/usr/lib/x86_64-linux-gnu/libOgreTerrain.so
[16.698s] -- Looking for OGRE_Property...
[16.749s] -- Found OGRE_Property: optimized;/usr/lib/x86_64-linux-gnu/libOgreProperty.so;debug;/usr/lib/x86_64-linux-gnu/libOgreProperty.so
[16.750s] -- Looking for OGRE_RTShaderSystem...
[16.804s] -- Found OGRE_RTShaderSystem: optimized;/usr/lib/x86_64-linux-gnu/libOgreRTShaderSystem.so;debug;/usr/lib/x86_64-linux-gnu/libOgreRTShaderSystem.so
[16.805s] -- Looking for OGRE_Volume...
[16.842s] -- Found OGRE_Volume: optimized;/usr/lib/x86_64-linux-gnu/libOgreVolume.so;debug;/usr/lib/x86_64-linux-gnu/libOgreVolume.so
[16.842s] -- Looking for OGRE_Overlay...
[16.876s] -- Found OGRE_Overlay: optimized;/usr/lib/x86_64-linux-gnu/libOgreOverlay.so;debug;/usr/lib/x86_64-linux-gnu/libOgreOverlay.so
[17.930s] -- Looking for ignition-math6 -- found version 6.15.1
[17.954s] -- Looking for ignition-transport8 -- found version 8.2.1
[17.957s] -- Searching for dependencies of ignition-transport8
[18.118s] -- Found Protobuf: /usr/lib/x86_64-linux-gnu/libprotobuf.so (found suitable version "3.12.4", minimum required is "3") 
[18.242s] -- Config-file not installed for ZeroMQ -- checking for pkg-config
[18.270s] -- Checking for module 'libzmq >= 4'
[18.364s] --   Found libzmq , version 4.3.4
[18.620s] -- Found ZeroMQ: TRUE (Required is at least version "4") 
[18.653s] -- Checking for module 'uuid'
[18.750s] --   Found uuid, version 2.37.2
[18.978s] -- Found UUID: TRUE  
[19.003s] -- Looking for ignition-msgs5 -- found version 5.8.1
[19.005s] -- Searching for dependencies of ignition-msgs5
[19.168s] -- Looking for ignition-math6 -- found version 6.15.1
[19.200s] -- Checking for module 'tinyxml2'
[19.308s] --   Found tinyxml2, version 9.0.0
[19.543s] -- Looking for ignition-msgs5 -- found version 5.8.1
[19.569s] -- Looking for ignition-common3 -- found version 3.14.0
[19.573s] -- Searching for dependencies of ignition-common3
[19.575s] -- Looking for dlfcn.h - found
[19.579s] -- Looking for libdl - found
[19.585s] -- Found DL: TRUE  
[19.653s] -- Found tinyobjloader: /usr/lib/x86_64-linux-gnu/cmake/tinyobjloader/tinyobjloader-config.cmake (found version "2.0.0") 
[19.656s] -- Searching for <ignition-common3> component [graphics]
[19.679s] -- Looking for ignition-common3-graphics -- found version 3.14.0
[19.681s] -- Searching for dependencies of ignition-common3-graphics
[19.683s] -- Looking for ignition-math6 -- found version 6.15.1
[19.709s] -- Looking for ignition-fuel_tools4 -- found version 4.4.0
[19.711s] -- Searching for dependencies of ignition-fuel_tools4
[20.288s] -- Found CURL: /usr/lib/x86_64-linux-gnu/libcurl.so (found version "7.81.0")  
[20.347s] -- Checking for module 'jsoncpp'
[20.441s] --   Found jsoncpp, version 1.9.5
[20.674s] -- Found JSONCPP: TRUE  
[20.706s] -- Checking for module 'libzip'
[20.806s] --   Found libzip, version 1.7.3
[21.037s] -- Found ZIP: TRUE  
[21.039s] -- Looking for ignition-common3 -- found version 3.14.0
[21.041s] -- Looking for ignition-math6 -- found version 6.15.1
[21.044s] -- Looking for ignition-msgs5 -- found version 5.8.1
[21.076s] -- Gazebo version: 11.10
[21.077s] -- Checking for module 'tbb'
[21.173s] --   Found tbb, version 2021.5.0
[21.431s] -- Found gazebo_plugins: 3.9.0 (/opt/ros/humble/share/gazebo_plugins/cmake)
[21.846s] -- Found sensor_msgs: 4.9.0 (/opt/ros/humble/share/sensor_msgs/cmake)
[21.943s] -- Found nav_msgs: 4.9.0 (/opt/ros/humble/share/nav_msgs/cmake)
[22.085s] -- Found tf2: 0.25.16 (/opt/ros/humble/share/tf2/cmake)
[22.189s] -- Found tf2_ros: 0.25.16 (/opt/ros/humble/share/tf2_ros/cmake)
[22.829s] -- Found tf2_geometry_msgs: 0.25.16 (/opt/ros/humble/share/tf2_geometry_msgs/cmake)
[22.911s] -- Found eigen3_cmake_module: 0.1.1 (/opt/ros/humble/share/eigen3_cmake_module/cmake)
[22.919s] -- Found Eigen3: TRUE (found version "3.4.0") 
[22.919s] -- Ensuring Eigen3 include directory is part of orocos-kdl CMake target
[23.028s] -- Found ament_lint_auto: 0.12.14 (/opt/ros/humble/share/ament_lint_auto/cmake)
[23.708s] -- Added test 'cppcheck' to perform static code analysis on C / C++ code
[23.714s] -- Configured cppcheck include dirs: /home/user/PPO_drone_Gazebo_ROS2/src/sjtu_drone/sjtu_drone_description/include;$<BUILD_INTERFACE:/home/user/PPO_drone_Gazebo_ROS2/src/sjtu_drone/sjtu_drone_description/include>
[23.714s] -- Configured cppcheck exclude dirs and/or files: 
[23.726s] -- Added test 'lint_cmake' to check CMake code style
[23.747s] -- Added test 'uncrustify' to check C / C++ code style
[23.747s] -- Configured uncrustify additional arguments: 
[23.753s] -- Added test 'xmllint' to check XML markup files
[23.780s] -- Configuring done
[24.136s] -- Generating done
[24.165s] -- Build files have been written to: /home/user/PPO_drone_Gazebo_ROS2/build/sjtu_drone_description
[24.220s] Invoked command in '/home/user/PPO_drone_Gazebo_ROS2/build/sjtu_drone_description' returned '0': CMAKE_PREFIX_PATH=${CMAKE_PREFIX_PATH}:/home/user/PPO_drone_Gazebo_ROS2/src/install/sjtu_drone_control:/home/user/PPO_drone_Gazebo_ROS2/src/install/sjtu_drone_bringup:/home/user/PPO_drone_Gazebo_ROS2/install/sjtu_drone_control:/home/user/PPO_drone_Gazebo_ROS2/install/sjtu_drone_bringup:/home/user/PPO_drone_Gazebo_ROS2/install/mml_guidance:/opt/ros/humble:/opt/ros/jazzy /usr/bin/cmake /home/user/PPO_drone_Gazebo_ROS2/src/sjtu_drone/sjtu_drone_description -DAMENT_CMAKE_SYMLINK_INSTALL=1 -DCMAKE_INSTALL_PREFIX=/home/user/PPO_drone_Gazebo_ROS2/install/sjtu_drone_description
[24.239s] Invoking command in '/home/user/PPO_drone_Gazebo_ROS2/build/sjtu_drone_description': CMAKE_PREFIX_PATH=${CMAKE_PREFIX_PATH}:/home/user/PPO_drone_Gazebo_ROS2/src/install/sjtu_drone_control:/home/user/PPO_drone_Gazebo_ROS2/src/install/sjtu_drone_bringup:/home/user/PPO_drone_Gazebo_ROS2/install/sjtu_drone_control:/home/user/PPO_drone_Gazebo_ROS2/install/sjtu_drone_bringup:/home/user/PPO_drone_Gazebo_ROS2/install/mml_guidance:/opt/ros/humble:/opt/ros/jazzy /usr/bin/cmake --build /home/user/PPO_drone_Gazebo_ROS2/build/sjtu_drone_description -- -j8 -l8
[24.515s] [35m[1mConsolidate compiler generated dependencies of target plugin_drone[0m
[24.832s] [100%] Built target plugin_drone
[24.882s] Invoked command in '/home/user/PPO_drone_Gazebo_ROS2/build/sjtu_drone_description' returned '0': CMAKE_PREFIX_PATH=${CMAKE_PREFIX_PATH}:/home/user/PPO_drone_Gazebo_ROS2/src/install/sjtu_drone_control:/home/user/PPO_drone_Gazebo_ROS2/src/install/sjtu_drone_bringup:/home/user/PPO_drone_Gazebo_ROS2/install/sjtu_drone_control:/home/user/PPO_drone_Gazebo_ROS2/install/sjtu_drone_bringup:/home/user/PPO_drone_Gazebo_ROS2/install/mml_guidance:/opt/ros/humble:/opt/ros/jazzy /usr/bin/cmake --build /home/user/PPO_drone_Gazebo_ROS2/build/sjtu_drone_description -- -j8 -l8
[24.890s] Invoking command in '/home/user/PPO_drone_Gazebo_ROS2/build/sjtu_drone_description': CMAKE_PREFIX_PATH=${CMAKE_PREFIX_PATH}:/home/user/PPO_drone_Gazebo_ROS2/src/install/sjtu_drone_control:/home/user/PPO_drone_Gazebo_ROS2/src/install/sjtu_drone_bringup:/home/user/PPO_drone_Gazebo_ROS2/install/sjtu_drone_control:/home/user/PPO_drone_Gazebo_ROS2/install/sjtu_drone_bringup:/home/user/PPO_drone_Gazebo_ROS2/install/mml_guidance:/opt/ros/humble:/opt/ros/jazzy /usr/bin/cmake --install /home/user/PPO_drone_Gazebo_ROS2/build/sjtu_drone_description
[24.924s] -- Install configuration: ""
[24.926s] -- Execute custom install script
[24.928s] -- Up-to-date symlink: /home/user/PPO_drone_Gazebo_ROS2/install/sjtu_drone_description/include/sjtu_drone_description/pid_controller.h
[24.928s] -- Up-to-date symlink: /home/user/PPO_drone_Gazebo_ROS2/install/sjtu_drone_description/include/sjtu_drone_description/plugin_drone.h
[24.929s] -- Up-to-date symlink: /home/user/PPO_drone_Gazebo_ROS2/install/sjtu_drone_description/include/sjtu_drone_description/plugin_drone_private.h
[24.930s] -- Up-to-date symlink: /home/user/PPO_drone_Gazebo_ROS2/install/sjtu_drone_description/share/sjtu_drone_description/environment/library_path.sh
[24.931s] -- Up-to-date symlink: /home/user/PPO_drone_Gazebo_ROS2/install/sjtu_drone_description/share/sjtu_drone_description/environment/library_path.dsv
[24.932s] -- Up-to-date symlink: /home/user/PPO_drone_Gazebo_ROS2/install/sjtu_drone_description/share/sjtu_drone_description/models/database.config
[24.933s] -- Up-to-date symlink: /home/user/PPO_drone_Gazebo_ROS2/install/sjtu_drone_description/share/sjtu_drone_description/models/sjtu_drone/model.config
[24.933s] -- Up-to-date symlink: /home/user/PPO_drone_Gazebo_ROS2/install/sjtu_drone_description/share/sjtu_drone_description/models/sjtu_drone/quadrotor_4.dae
[24.934s] -- Up-to-date symlink: /home/user/PPO_drone_Gazebo_ROS2/install/sjtu_drone_description/share/sjtu_drone_description/models/sjtu_drone/quadrotor_4.stl
[24.935s] -- Up-to-date symlink: /home/user/PPO_drone_Gazebo_ROS2/install/sjtu_drone_description/share/sjtu_drone_description/models/sjtu_drone/sjtu_drone.sdf
[24.936s] -- Up-to-date symlink: /home/user/PPO_drone_Gazebo_ROS2/install/sjtu_drone_description/share/sjtu_drone_description/urdf/sjtu_drone.urdf
[24.936s] -- Up-to-date symlink: /home/user/PPO_drone_Gazebo_ROS2/install/sjtu_drone_description/share/sjtu_drone_description/urdf/sjtu_drone.urdf.xacro
[24.938s] -- Up-to-date symlink: /home/user/PPO_drone_Gazebo_ROS2/install/sjtu_drone_description/share/sjtu_drone_description/worlds/playground.world
[24.938s] -- Up-to-date symlink: /home/user/PPO_drone_Gazebo_ROS2/install/sjtu_drone_description/share/ament_index/resource_index/package_run_dependencies/sjtu_drone_description
[24.940s] -- Up-to-date symlink: /home/user/PPO_drone_Gazebo_ROS2/install/sjtu_drone_description/share/ament_index/resource_index/parent_prefix_path/sjtu_drone_description
[24.941s] -- Up-to-date symlink: /home/user/PPO_drone_Gazebo_ROS2/install/sjtu_drone_description/share/sjtu_drone_description/environment/ament_prefix_path.sh
[24.942s] -- Up-to-date symlink: /home/user/PPO_drone_Gazebo_ROS2/install/sjtu_drone_description/share/sjtu_drone_description/environment/ament_prefix_path.dsv
[24.943s] -- Up-to-date symlink: /home/user/PPO_drone_Gazebo_ROS2/install/sjtu_drone_description/share/sjtu_drone_description/environment/path.sh
[24.944s] -- Up-to-date symlink: /home/user/PPO_drone_Gazebo_ROS2/install/sjtu_drone_description/share/sjtu_drone_description/environment/path.dsv
[24.945s] -- Up-to-date symlink: /home/user/PPO_drone_Gazebo_ROS2/install/sjtu_drone_description/share/sjtu_drone_description/local_setup.bash
[24.946s] -- Up-to-date symlink: /home/user/PPO_drone_Gazebo_ROS2/install/sjtu_drone_description/share/sjtu_drone_description/local_setup.sh
[24.947s] -- Up-to-date symlink: /home/user/PPO_drone_Gazebo_ROS2/install/sjtu_drone_description/share/sjtu_drone_description/local_setup.zsh
[24.948s] -- Up-to-date symlink: /home/user/PPO_drone_Gazebo_ROS2/install/sjtu_drone_description/share/sjtu_drone_description/local_setup.dsv
[24.948s] -- Symlinking: /home/user/PPO_drone_Gazebo_ROS2/install/sjtu_drone_description/share/sjtu_drone_description/package.dsv
[24.997s] -- Up-to-date symlink: /home/user/PPO_drone_Gazebo_ROS2/install/sjtu_drone_description/share/ament_index/resource_index/packages/sjtu_drone_description
[24.998s] -- Up-to-date symlink: /home/user/PPO_drone_Gazebo_ROS2/install/sjtu_drone_description/share/sjtu_drone_description/cmake/ament_cmake_export_include_directories-extras.cmake
[24.999s] -- Up-to-date symlink: /home/user/PPO_drone_Gazebo_ROS2/install/sjtu_drone_description/share/sjtu_drone_description/cmake/ament_cmake_export_libraries-extras.cmake
[25.000s] -- Up-to-date symlink: /home/user/PPO_drone_Gazebo_ROS2/install/sjtu_drone_description/share/sjtu_drone_description/cmake/ament_cmake_export_targets-extras.cmake
[25.001s] -- Up-to-date symlink: /home/user/PPO_drone_Gazebo_ROS2/install/sjtu_drone_description/share/sjtu_drone_description/cmake/sjtu_drone_descriptionConfig.cmake
[25.002s] -- Up-to-date symlink: /home/user/PPO_drone_Gazebo_ROS2/install/sjtu_drone_description/share/sjtu_drone_description/cmake/sjtu_drone_descriptionConfig-version.cmake
[25.003s] -- Up-to-date symlink: /home/user/PPO_drone_Gazebo_ROS2/install/sjtu_drone_description/share/sjtu_drone_description/package.xml
[25.005s] -- Up-to-date: /home/user/PPO_drone_Gazebo_ROS2/install/sjtu_drone_description/lib/libplugin_drone.so
[25.007s] -- Up-to-date: /home/user/PPO_drone_Gazebo_ROS2/install/sjtu_drone_description/share/sjtu_drone_description/cmake/export_sjtu_drone_descriptionExport.cmake
[25.007s] -- Up-to-date: /home/user/PPO_drone_Gazebo_ROS2/install/sjtu_drone_description/share/sjtu_drone_description/cmake/export_sjtu_drone_descriptionExport-noconfig.cmake
[25.020s] Invoked command in '/home/user/PPO_drone_Gazebo_ROS2/build/sjtu_drone_description' returned '0': CMAKE_PREFIX_PATH=${CMAKE_PREFIX_PATH}:/home/user/PPO_drone_Gazebo_ROS2/src/install/sjtu_drone_control:/home/user/PPO_drone_Gazebo_ROS2/src/install/sjtu_drone_bringup:/home/user/PPO_drone_Gazebo_ROS2/install/sjtu_drone_control:/home/user/PPO_drone_Gazebo_ROS2/install/sjtu_drone_bringup:/home/user/PPO_drone_Gazebo_ROS2/install/mml_guidance:/opt/ros/humble:/opt/ros/jazzy /usr/bin/cmake --install /home/user/PPO_drone_Gazebo_ROS2/build/sjtu_drone_description
