[0.625s] Invoking command in '/home/basestation/ros2_ws/build/sjtu_drone_control': PYTHONPATH=/home/basestation/ros2_ws/build/sjtu_drone_control/prefix_override:/usr/lib/python3/dist-packages/colcon_core/task/python/colcon_distutils_commands:/home/basestation/ros2_ws/install/sjtu_drone_control/lib/python3.10/site-packages:${PYTHONPATH} /usr/bin/python3 -W ignore:setup.py install is deprecated -W ignore:easy_install command is deprecated setup.py develop --editable --build-directory /home/basestation/ros2_ws/build/sjtu_drone_control/build --no-deps symlink_data
[0.778s] /home/basestation/.local/lib/python3.10/site-packages/setuptools_scm/_integration/setuptools.py:31: RuntimeWarning: 
[0.778s] ERROR: setuptools==59.6.0 is used in combination with setuptools_scm>=8.x
[0.778s] 
[0.778s] Your build configuration is incomplete and previously worked by accident!
[0.778s] setuptools_scm requires setuptools>=61
[0.778s] 
[0.778s] Suggested workaround if applicable:
[0.778s]  - migrating from the deprecated setup_requires mechanism to pep517/518
[0.778s]    and using a pyproject.toml to declare build dependencies
[0.778s]    which are reliably pre-installed before running the build tools
[0.778s] 
[0.778s]   warnings.warn(
[0.799s] running develop
[0.924s] running egg_info
[0.924s] creating sjtu_drone_control.egg-info
[0.925s] writing sjtu_drone_control.egg-info/PKG-INFO
[0.925s] writing dependency_links to sjtu_drone_control.egg-info/dependency_links.txt
[0.925s] writing entry points to sjtu_drone_control.egg-info/entry_points.txt
[0.925s] writing requirements to sjtu_drone_control.egg-info/requires.txt
[0.925s] writing top-level names to sjtu_drone_control.egg-info/top_level.txt
[0.926s] writing manifest file 'sjtu_drone_control.egg-info/SOURCES.txt'
[0.952s] ERROR setuptools_scm._file_finders.git listing git files failed - pretending there aren't any
[0.952s] reading manifest file 'sjtu_drone_control.egg-info/SOURCES.txt'
[0.953s] writing manifest file 'sjtu_drone_control.egg-info/SOURCES.txt'
[0.975s] running build_ext
[0.975s] Creating /home/basestation/ros2_ws/install/sjtu_drone_control/lib/python3.10/site-packages/sjtu-drone-control.egg-link (link to .)
[0.975s] Installing drone_position_control script to /home/basestation/ros2_ws/install/sjtu_drone_control/lib/sjtu_drone_control
[0.976s] Installing open_loop_control script to /home/basestation/ros2_ws/install/sjtu_drone_control/lib/sjtu_drone_control
[0.976s] Installing teleop script to /home/basestation/ros2_ws/install/sjtu_drone_control/lib/sjtu_drone_control
[0.976s] Installing teleop_joystick script to /home/basestation/ros2_ws/install/sjtu_drone_control/lib/sjtu_drone_control
[0.976s] 
[0.976s] Installed /home/basestation/ros2_ws/build/sjtu_drone_control
[0.976s] running symlink_data
[0.976s] creating /home/basestation/ros2_ws/install/sjtu_drone_control/share/ament_index
[0.976s] creating /home/basestation/ros2_ws/install/sjtu_drone_control/share/ament_index/resource_index
[0.976s] creating /home/basestation/ros2_ws/install/sjtu_drone_control/share/ament_index/resource_index/packages
[0.976s] symbolically linking /home/basestation/ros2_ws/build/sjtu_drone_control/resource/sjtu_drone_control -> /home/basestation/ros2_ws/install/sjtu_drone_control/share/ament_index/resource_index/packages
[0.976s] symbolically linking /home/basestation/ros2_ws/build/sjtu_drone_control/package.xml -> /home/basestation/ros2_ws/install/sjtu_drone_control/share/sjtu_drone_control
[0.998s] Invoked command in '/home/basestation/ros2_ws/build/sjtu_drone_control' returned '0': PYTHONPATH=/home/basestation/ros2_ws/build/sjtu_drone_control/prefix_override:/usr/lib/python3/dist-packages/colcon_core/task/python/colcon_distutils_commands:/home/basestation/ros2_ws/install/sjtu_drone_control/lib/python3.10/site-packages:${PYTHONPATH} /usr/bin/python3 -W ignore:setup.py install is deprecated -W ignore:easy_install command is deprecated setup.py develop --editable --build-directory /home/basestation/ros2_ws/build/sjtu_drone_control/build --no-deps symlink_data
