[0.007s] Invoking command in '/home/basestation/ros2_ws/build/drive_drone': CMAKE_PREFIX_PATH=${CMAKE_PREFIX_PATH}:/home/basestation/ros2_ws/install/sjtu_drone_control:/home/basestation/ros2_ws/install/sjtu_drone_bringup:/home/basestation/base_ws/install/ros2_shared:/home/basestation/base_ws/install/robot_pid:/home/basestation/base_ws/install/mocap_fake_radar:/home/basestation/base_ws/install/magnav_viz:/home/basestation/base_ws/install/magnav_pf:/home/basestation/base_ws/install/magnav_entmap:/home/basestation/base_ws/install/mag_mapping:/home/basestation/base_ws/install/info_magnav:/home/basestation/base_ws/install/homography_node:/home/basestation/base_ws/install/drone_launch:/home/basestation/base_ws/install/camera_detector:/home/basestation/base_ws/install/base_launch:/home/basestation/magnav_sim_ws/install/nn_data_collector:/home/basestation/magnav_sim_ws/install/magnav_nn_sim:/opt/ros/humble /usr/bin/cmake --build /home/basestation/ros2_ws/build/drive_drone -- -j24 -l24
[0.023s] -- Found ament_cmake: 1.3.12 (/opt/ros/humble/share/ament_cmake/cmake)
[0.195s] -- Found rclcpp: 16.0.15 (/opt/ros/humble/share/rclcpp/cmake)
[0.216s] -- Found rosidl_generator_c: 3.1.7 (/opt/ros/humble/share/rosidl_generator_c/cmake)
[0.218s] -- Found rosidl_adapter: 3.1.7 (/opt/ros/humble/share/rosidl_adapter/cmake)
[0.221s] -- Found rosidl_generator_cpp: 3.1.7 (/opt/ros/humble/share/rosidl_generator_cpp/cmake)
[0.227s] -- Using all available rosidl_typesupport_c: rosidl_typesupport_fastrtps_c;rosidl_typesupport_introspection_c
[0.235s] -- Using all available rosidl_typesupport_cpp: rosidl_typesupport_fastrtps_cpp;rosidl_typesupport_introspection_cpp
[0.256s] -- Found rmw_implementation_cmake: 6.1.2 (/opt/ros/humble/share/rmw_implementation_cmake/cmake)
[0.257s] -- Found rmw_fastrtps_cpp: 6.2.8 (/opt/ros/humble/share/rmw_fastrtps_cpp/cmake)
[0.338s] -- Using RMW implementation 'rmw_fastrtps_cpp' as default
[0.373s] -- Found geometry_msgs: 4.9.0 (/opt/ros/humble/share/geometry_msgs/cmake)
[0.382s] -- Found sensor_msgs: 4.9.0 (/opt/ros/humble/share/sensor_msgs/cmake)
[0.397s] -- Found nav_msgs: 4.9.0 (/opt/ros/humble/share/nav_msgs/cmake)
[0.410s] -- Found cv_bridge: 3.2.1 (/opt/ros/humble/share/cv_bridge/cmake)
[0.475s] -- Configuring done (0.5s)
[0.488s] -- Generating done (0.0s)
[0.505s] -- Build files have been written to: /home/basestation/ros2_ws/build/drive_drone
[0.523s] [ 16%] [32mBuilding CXX object CMakeFiles/tb3_follower_node.dir/src/tb3_follower_node.cpp.o[0m
[0.529s] [ 50%] Built target p1_a_drive_node
[0.531s] [ 83%] Built target p1_b_tb3_follower
[6.479s] [100%] [1m[32mLinking CXX executable tb3_follower_node[0m
[6.782s] [100%] Built target tb3_follower_node
[6.785s] Invoked command in '/home/basestation/ros2_ws/build/drive_drone' returned '0': CMAKE_PREFIX_PATH=${CMAKE_PREFIX_PATH}:/home/basestation/ros2_ws/install/sjtu_drone_control:/home/basestation/ros2_ws/install/sjtu_drone_bringup:/home/basestation/base_ws/install/ros2_shared:/home/basestation/base_ws/install/robot_pid:/home/basestation/base_ws/install/mocap_fake_radar:/home/basestation/base_ws/install/magnav_viz:/home/basestation/base_ws/install/magnav_pf:/home/basestation/base_ws/install/magnav_entmap:/home/basestation/base_ws/install/mag_mapping:/home/basestation/base_ws/install/info_magnav:/home/basestation/base_ws/install/homography_node:/home/basestation/base_ws/install/drone_launch:/home/basestation/base_ws/install/camera_detector:/home/basestation/base_ws/install/base_launch:/home/basestation/magnav_sim_ws/install/nn_data_collector:/home/basestation/magnav_sim_ws/install/magnav_nn_sim:/opt/ros/humble /usr/bin/cmake --build /home/basestation/ros2_ws/build/drive_drone -- -j24 -l24
[6.788s] Invoking command in '/home/basestation/ros2_ws/build/drive_drone': CMAKE_PREFIX_PATH=${CMAKE_PREFIX_PATH}:/home/basestation/ros2_ws/install/sjtu_drone_control:/home/basestation/ros2_ws/install/sjtu_drone_bringup:/home/basestation/base_ws/install/ros2_shared:/home/basestation/base_ws/install/robot_pid:/home/basestation/base_ws/install/mocap_fake_radar:/home/basestation/base_ws/install/magnav_viz:/home/basestation/base_ws/install/magnav_pf:/home/basestation/base_ws/install/magnav_entmap:/home/basestation/base_ws/install/mag_mapping:/home/basestation/base_ws/install/info_magnav:/home/basestation/base_ws/install/homography_node:/home/basestation/base_ws/install/drone_launch:/home/basestation/base_ws/install/camera_detector:/home/basestation/base_ws/install/base_launch:/home/basestation/magnav_sim_ws/install/nn_data_collector:/home/basestation/magnav_sim_ws/install/magnav_nn_sim:/opt/ros/humble /usr/bin/cmake --install /home/basestation/ros2_ws/build/drive_drone
[6.790s] -- Install configuration: ""
[6.791s] -- Up-to-date: /home/basestation/ros2_ws/install/drive_drone/lib/drive_drone/p1_a_drive_node
[6.791s] -- Up-to-date: /home/basestation/ros2_ws/install/drive_drone/lib/drive_drone/p1_b_tb3_follower
[6.791s] -- Installing: /home/basestation/ros2_ws/install/drive_drone/lib/drive_drone/tb3_follower_node
[6.794s] -- Set non-toolchain portion of runtime path of "/home/basestation/ros2_ws/install/drive_drone/lib/drive_drone/tb3_follower_node" to ""
[6.794s] -- Up-to-date: /home/basestation/ros2_ws/install/drive_drone/share/drive_drone//launch
[6.794s] -- Up-to-date: /home/basestation/ros2_ws/install/drive_drone/share/drive_drone//launch/p1_b_tb3_drone_gazebo.launch.py
[6.794s] -- Up-to-date: /home/basestation/ros2_ws/install/drive_drone/share/drive_drone//launch/p1_a_drone_fly_gazebo_rviz.launch.py
[6.794s] -- Up-to-date: /home/basestation/ros2_ws/install/drive_drone/share/ament_index/resource_index/package_run_dependencies/drive_drone
[6.794s] -- Installing: /home/basestation/ros2_ws/install/drive_drone/share/ament_index/resource_index/parent_prefix_path/drive_drone
[6.794s] -- Up-to-date: /home/basestation/ros2_ws/install/drive_drone/share/drive_drone/environment/ament_prefix_path.sh
[6.795s] -- Installing: /home/basestation/ros2_ws/install/drive_drone/share/drive_drone/environment/ament_prefix_path.dsv
[6.795s] -- Up-to-date: /home/basestation/ros2_ws/install/drive_drone/share/drive_drone/environment/path.sh
[6.795s] -- Installing: /home/basestation/ros2_ws/install/drive_drone/share/drive_drone/environment/path.dsv
[6.795s] -- Up-to-date: /home/basestation/ros2_ws/install/drive_drone/share/drive_drone/local_setup.bash
[6.795s] -- Up-to-date: /home/basestation/ros2_ws/install/drive_drone/share/drive_drone/local_setup.sh
[6.795s] -- Up-to-date: /home/basestation/ros2_ws/install/drive_drone/share/drive_drone/local_setup.zsh
[6.795s] -- Installing: /home/basestation/ros2_ws/install/drive_drone/share/drive_drone/local_setup.dsv
[6.795s] -- Installing: /home/basestation/ros2_ws/install/drive_drone/share/drive_drone/package.dsv
[6.795s] -- Up-to-date: /home/basestation/ros2_ws/install/drive_drone/share/ament_index/resource_index/packages/drive_drone
[6.795s] -- Up-to-date: /home/basestation/ros2_ws/install/drive_drone/share/drive_drone/cmake/drive_droneConfig.cmake
[6.795s] -- Up-to-date: /home/basestation/ros2_ws/install/drive_drone/share/drive_drone/cmake/drive_droneConfig-version.cmake
[6.795s] -- Up-to-date: /home/basestation/ros2_ws/install/drive_drone/share/drive_drone/package.xml
[6.796s] Invoked command in '/home/basestation/ros2_ws/build/drive_drone' returned '0': CMAKE_PREFIX_PATH=${CMAKE_PREFIX_PATH}:/home/basestation/ros2_ws/install/sjtu_drone_control:/home/basestation/ros2_ws/install/sjtu_drone_bringup:/home/basestation/base_ws/install/ros2_shared:/home/basestation/base_ws/install/robot_pid:/home/basestation/base_ws/install/mocap_fake_radar:/home/basestation/base_ws/install/magnav_viz:/home/basestation/base_ws/install/magnav_pf:/home/basestation/base_ws/install/magnav_entmap:/home/basestation/base_ws/install/mag_mapping:/home/basestation/base_ws/install/info_magnav:/home/basestation/base_ws/install/homography_node:/home/basestation/base_ws/install/drone_launch:/home/basestation/base_ws/install/camera_detector:/home/basestation/base_ws/install/base_launch:/home/basestation/magnav_sim_ws/install/nn_data_collector:/home/basestation/magnav_sim_ws/install/magnav_nn_sim:/opt/ros/humble /usr/bin/cmake --install /home/basestation/ros2_ws/build/drive_drone
