[0.777s] Invoking command in '/home/basestation/ros2_ws/src/mml_python_sim/src/mml_guidance': PYTHONPATH=/home/basestation/ros2_ws/build/mml_guidance/prefix_override:/usr/lib/python3/dist-packages/colcon_core/task/python/colcon_distutils_commands:/home/basestation/ros2_ws/install/mml_guidance/lib/python3.10/site-packages:${PYTHONPATH} /usr/bin/python3 -W ignore:setup.py install is deprecated -W ignore:easy_install command is deprecated setup.py egg_info --egg-base ../../../../build/mml_guidance build --build-base /home/basestation/ros2_ws/build/mml_guidance/build install --record /home/basestation/ros2_ws/build/mml_guidance/install.log --single-version-externally-managed install_data
[0.876s] /home/basestation/.local/lib/python3.10/site-packages/setuptools/_distutils/dist.py:289: UserWarning: Unknown distribution option: 'tests_require'
[0.876s]   warnings.warn(msg)
[0.948s] running egg_info
[0.959s] writing ../../../../build/mml_guidance/mml_guidance.egg-info/PKG-INFO
[0.959s] writing dependency_links to ../../../../build/mml_guidance/mml_guidance.egg-info/dependency_links.txt
[0.960s] writing entry points to ../../../../build/mml_guidance/mml_guidance.egg-info/entry_points.txt
[0.960s] writing requirements to ../../../../build/mml_guidance/mml_guidance.egg-info/requires.txt
[0.960s] writing top-level names to ../../../../build/mml_guidance/mml_guidance.egg-info/top_level.txt
[2.130s] writing manifest file '../../../../build/mml_guidance/mml_guidance.egg-info/SOURCES.txt'
[2.130s] running build
[2.130s] running build_py
[2.130s] copying mml_guidance/rl_gazebo_tracker.py -> /home/basestation/ros2_ws/build/mml_guidance/build/lib/mml_guidance
[2.130s] copying mml_guidance/guidance.py -> /home/basestation/ros2_ws/build/mml_guidance/build/lib/mml_guidance
[2.130s] copying mml_guidance/rl_gazebo_multi_tracker.py -> /home/basestation/ros2_ws/build/mml_guidance/build/lib/mml_guidance
[2.131s] copying mml_guidance/rl_offboard_tracker.py -> /home/basestation/ros2_ws/build/mml_guidance/build/lib/mml_guidance
[2.131s] copying mml_guidance/particle_filter_gnn_associator.py -> /home/basestation/ros2_ws/build/mml_guidance/build/lib/mml_guidance
[2.131s] copying mml_guidance/kf.py -> /home/basestation/ros2_ws/build/mml_guidance/build/lib/mml_guidance
[2.131s] copying mml_guidance/particle_filter_ros_wrapper.py -> /home/basestation/ros2_ws/build/mml_guidance/build/lib/mml_guidance
[2.131s] copying mml_guidance/gnn_associator.py -> /home/basestation/ros2_ws/build/mml_guidance/build/lib/mml_guidance
[2.131s] copying mml_guidance/ParticleFilter.py -> /home/basestation/ros2_ws/build/mml_guidance/build/lib/mml_guidance
[2.131s] copying mml_guidance/plot_data_run.py -> /home/basestation/ros2_ws/build/mml_guidance/build/lib/mml_guidance
[2.132s] copying mml_guidance/turtlebot_pid_controller.py -> /home/basestation/ros2_ws/build/mml_guidance/build/lib/mml_guidance
[2.132s] copying mml_guidance/spaguetti.py -> /home/basestation/ros2_ws/build/mml_guidance/build/lib/mml_guidance
[2.132s] copying mml_guidance/mml_pf_visualization.py -> /home/basestation/ros2_ws/build/mml_guidance/build/lib/mml_guidance
[2.132s] copying mml_guidance/summarize_joined_runs.py -> /home/basestation/ros2_ws/build/mml_guidance/build/lib/mml_guidance
[2.132s] copying mml_guidance/main_guidance_node.py -> /home/basestation/ros2_ws/build/mml_guidance/build/lib/mml_guidance
[2.132s] copying mml_guidance/ppo_guidance.py -> /home/basestation/ros2_ws/build/mml_guidance/build/lib/mml_guidance
[2.132s] copying mml_guidance/analyze_hardware_data.py -> /home/basestation/ros2_ws/build/mml_guidance/build/lib/mml_guidance
[2.132s] copying mml_guidance/boundary_safety_test.py -> /home/basestation/ros2_ws/build/mml_guidance/build/lib/mml_guidance
[2.132s] copying mml_guidance/plot_data_all_runs.py -> /home/basestation/ros2_ws/build/mml_guidance/build/lib/mml_guidance
[2.132s] copying mml_guidance/ros2bag_csv.py -> /home/basestation/ros2_ws/build/mml_guidance/build/lib/mml_guidance
[2.132s] copying mml_guidance/__init__.py -> /home/basestation/ros2_ws/build/mml_guidance/build/lib/mml_guidance
[2.132s] copying mml_guidance/lawnmower.py -> /home/basestation/ros2_ws/build/mml_guidance/build/lib/mml_guidance
[2.132s] copying mml_guidance/boundary_visualization.py -> /home/basestation/ros2_ws/build/mml_guidance/build/lib/mml_guidance
[2.132s] copying mml_guidance/markov_goal_pose.py -> /home/basestation/ros2_ws/build/mml_guidance/build/lib/mml_guidance
[2.133s] copying mml_guidance/mml_network/train.py -> /home/basestation/ros2_ws/build/mml_guidance/build/lib/mml_guidance/mml_network
[2.133s] copying mml_guidance/mml_network/transformer.py -> /home/basestation/ros2_ws/build/mml_guidance/build/lib/mml_guidance/mml_network
[2.133s] copying mml_guidance/mml_network/convert_data.py -> /home/basestation/ros2_ws/build/mml_guidance/build/lib/mml_guidance/mml_network
[2.133s] copying mml_guidance/mml_network/simple_dnn.py -> /home/basestation/ros2_ws/build/mml_guidance/build/lib/mml_guidance/mml_network
[2.133s] copying mml_guidance/mml_network/scratch_transformer.py -> /home/basestation/ros2_ws/build/mml_guidance/build/lib/mml_guidance/mml_network
[2.133s] copying mml_guidance/mml_network/__init__.py -> /home/basestation/ros2_ws/build/mml_guidance/build/lib/mml_guidance/mml_network
[2.133s] copying mml_guidance/mml_network/motion_model_network.py -> /home/basestation/ros2_ws/build/mml_guidance/build/lib/mml_guidance/mml_network
[2.133s] copying mml_guidance/mml_network/visualize_graph.py -> /home/basestation/ros2_ws/build/mml_guidance/build/lib/mml_guidance/mml_network
[2.133s] running install
[2.135s] running install_lib
[2.147s] copying /home/basestation/ros2_ws/build/mml_guidance/build/lib/mml_guidance/rl_gazebo_tracker.py -> /home/basestation/ros2_ws/install/mml_guidance/lib/python3.10/site-packages/mml_guidance
[2.148s] byte-compiling /home/basestation/ros2_ws/install/mml_guidance/lib/python3.10/site-packages/mml_guidance/rl_gazebo_tracker.py to rl_gazebo_tracker.cpython-310.pyc
[2.150s] running install_data
[2.150s] copying resource/mml_guidance -> /home/basestation/ros2_ws/install/mml_guidance/share/ament_index/resource_index/packages
[2.150s] copying package.xml -> /home/basestation/ros2_ws/install/mml_guidance/share/mml_guidance
[2.150s] copying launch/boundary_test.launch.py -> /home/basestation/ros2_ws/install/mml_guidance/share/mml_guidance/launch
[2.150s] copying launch/track_hardware.launch.py -> /home/basestation/ros2_ws/install/mml_guidance/share/mml_guidance/launch
[2.150s] copying launch/april_hardware.launch.py -> /home/basestation/ros2_ws/install/mml_guidance/share/mml_guidance/launch
[2.150s] copying launch/rl_tracker.launch.py -> /home/basestation/ros2_ws/install/mml_guidance/share/mml_guidance/launch
[2.150s] copying launch/mml_sim_estimator.launch.py -> /home/basestation/ros2_ws/install/mml_guidance/share/mml_guidance/launch
[2.150s] running install_egg_info
[2.162s] removing '/home/basestation/ros2_ws/install/mml_guidance/lib/python3.10/site-packages/mml_guidance-0.0.1-py3.10.egg-info' (and everything under it)
[2.162s] Copying ../../../../build/mml_guidance/mml_guidance.egg-info to /home/basestation/ros2_ws/install/mml_guidance/lib/python3.10/site-packages/mml_guidance-0.0.1-py3.10.egg-info
[2.162s] running install_scripts
[2.185s] Installing boundary_safety_test script to /home/basestation/ros2_ws/install/mml_guidance/lib/mml_guidance
[2.185s] Installing boundary_visualization script to /home/basestation/ros2_ws/install/mml_guidance/lib/mml_guidance
[2.185s] Installing guidance script to /home/basestation/ros2_ws/install/mml_guidance/lib/mml_guidance
[2.185s] Installing markov_goal_pose script to /home/basestation/ros2_ws/install/mml_guidance/lib/mml_guidance
[2.185s] Installing mml_pf_visualization script to /home/basestation/ros2_ws/install/mml_guidance/lib/mml_guidance
[2.185s] Installing rl_gazebo_multi_tracker script to /home/basestation/ros2_ws/install/mml_guidance/lib/mml_guidance
[2.185s] Installing rl_gazebo_tracker script to /home/basestation/ros2_ws/install/mml_guidance/lib/mml_guidance
[2.185s] Installing rl_tracker script to /home/basestation/ros2_ws/install/mml_guidance/lib/mml_guidance
[2.185s] Installing turtlebot_pid_controller script to /home/basestation/ros2_ws/install/mml_guidance/lib/mml_guidance
[2.186s] writing list of installed files to '/home/basestation/ros2_ws/build/mml_guidance/install.log'
