[0.535s] Invoking command in '/home/basestation/ros2_ws/src/sjtu_drone/sjtu_drone_control': PYTHONPATH=/home/basestation/ros2_ws/build/sjtu_drone_control/prefix_override:/usr/lib/python3/dist-packages/colcon_core/task/python/colcon_distutils_commands:/home/basestation/ros2_ws/install/sjtu_drone_control/lib/python3.10/site-packages:${PYTHONPATH} /usr/bin/python3 -W ignore:setup.py install is deprecated -W ignore:easy_install command is deprecated setup.py egg_info --egg-base ../../../build/sjtu_drone_control build --build-base /home/basestation/ros2_ws/build/sjtu_drone_control/build install --record /home/basestation/ros2_ws/build/sjtu_drone_control/install.log --single-version-externally-managed install_data
[0.627s] /home/basestation/.local/lib/python3.10/site-packages/setuptools/_distutils/dist.py:289: UserWarning: Unknown distribution option: 'tests_require'
[0.627s]   warnings.warn(msg)
[0.693s] running egg_info
[0.703s] creating ../../../build/sjtu_drone_control/sjtu_drone_control.egg-info
[0.703s] writing ../../../build/sjtu_drone_control/sjtu_drone_control.egg-info/PKG-INFO
[0.704s] writing dependency_links to ../../../build/sjtu_drone_control/sjtu_drone_control.egg-info/dependency_links.txt
[0.704s] writing entry points to ../../../build/sjtu_drone_control/sjtu_drone_control.egg-info/entry_points.txt
[0.704s] writing requirements to ../../../build/sjtu_drone_control/sjtu_drone_control.egg-info/requires.txt
[0.704s] writing top-level names to ../../../build/sjtu_drone_control/sjtu_drone_control.egg-info/top_level.txt
[0.704s] writing manifest file '../../../build/sjtu_drone_control/sjtu_drone_control.egg-info/SOURCES.txt'
[0.771s] writing manifest file '../../../build/sjtu_drone_control/sjtu_drone_control.egg-info/SOURCES.txt'
[0.771s] running build
[0.771s] running build_py
[0.771s] creating /home/basestation/ros2_ws/build/sjtu_drone_control/build/lib/sjtu_drone_control
[0.771s] copying sjtu_drone_control/open_loop_control.py -> /home/basestation/ros2_ws/build/sjtu_drone_control/build/lib/sjtu_drone_control
[0.771s] copying sjtu_drone_control/simple_test.py -> /home/basestation/ros2_ws/build/sjtu_drone_control/build/lib/sjtu_drone_control
[0.771s] copying sjtu_drone_control/teleop.py -> /home/basestation/ros2_ws/build/sjtu_drone_control/build/lib/sjtu_drone_control
[0.771s] copying sjtu_drone_control/drone_position_control.py -> /home/basestation/ros2_ws/build/sjtu_drone_control/build/lib/sjtu_drone_control
[0.772s] copying sjtu_drone_control/__init__.py -> /home/basestation/ros2_ws/build/sjtu_drone_control/build/lib/sjtu_drone_control
[0.772s] copying sjtu_drone_control/teleop_joystick.py -> /home/basestation/ros2_ws/build/sjtu_drone_control/build/lib/sjtu_drone_control
[0.772s] running install
[0.774s] running install_lib
[0.785s] creating /home/basestation/ros2_ws/install/sjtu_drone_control/lib/python3.10/site-packages/sjtu_drone_control
[0.785s] copying /home/basestation/ros2_ws/build/sjtu_drone_control/build/lib/sjtu_drone_control/open_loop_control.py -> /home/basestation/ros2_ws/install/sjtu_drone_control/lib/python3.10/site-packages/sjtu_drone_control
[0.785s] copying /home/basestation/ros2_ws/build/sjtu_drone_control/build/lib/sjtu_drone_control/simple_test.py -> /home/basestation/ros2_ws/install/sjtu_drone_control/lib/python3.10/site-packages/sjtu_drone_control
[0.785s] copying /home/basestation/ros2_ws/build/sjtu_drone_control/build/lib/sjtu_drone_control/teleop.py -> /home/basestation/ros2_ws/install/sjtu_drone_control/lib/python3.10/site-packages/sjtu_drone_control
[0.785s] copying /home/basestation/ros2_ws/build/sjtu_drone_control/build/lib/sjtu_drone_control/drone_position_control.py -> /home/basestation/ros2_ws/install/sjtu_drone_control/lib/python3.10/site-packages/sjtu_drone_control
[0.785s] copying /home/basestation/ros2_ws/build/sjtu_drone_control/build/lib/sjtu_drone_control/__init__.py -> /home/basestation/ros2_ws/install/sjtu_drone_control/lib/python3.10/site-packages/sjtu_drone_control
[0.785s] copying /home/basestation/ros2_ws/build/sjtu_drone_control/build/lib/sjtu_drone_control/teleop_joystick.py -> /home/basestation/ros2_ws/install/sjtu_drone_control/lib/python3.10/site-packages/sjtu_drone_control
[0.786s] byte-compiling /home/basestation/ros2_ws/install/sjtu_drone_control/lib/python3.10/site-packages/sjtu_drone_control/open_loop_control.py to open_loop_control.cpython-310.pyc
[0.787s] byte-compiling /home/basestation/ros2_ws/install/sjtu_drone_control/lib/python3.10/site-packages/sjtu_drone_control/simple_test.py to simple_test.cpython-310.pyc
[0.787s] byte-compiling /home/basestation/ros2_ws/install/sjtu_drone_control/lib/python3.10/site-packages/sjtu_drone_control/teleop.py to teleop.cpython-310.pyc
[0.787s] byte-compiling /home/basestation/ros2_ws/install/sjtu_drone_control/lib/python3.10/site-packages/sjtu_drone_control/drone_position_control.py to drone_position_control.cpython-310.pyc
[0.787s] byte-compiling /home/basestation/ros2_ws/install/sjtu_drone_control/lib/python3.10/site-packages/sjtu_drone_control/__init__.py to __init__.cpython-310.pyc
[0.787s] byte-compiling /home/basestation/ros2_ws/install/sjtu_drone_control/lib/python3.10/site-packages/sjtu_drone_control/teleop_joystick.py to teleop_joystick.cpython-310.pyc
[0.788s] running install_data
[0.788s] creating /home/basestation/ros2_ws/install/sjtu_drone_control/share/ament_index/resource_index/packages
[0.788s] copying resource/sjtu_drone_control -> /home/basestation/ros2_ws/install/sjtu_drone_control/share/ament_index/resource_index/packages
[0.788s] copying package.xml -> /home/basestation/ros2_ws/install/sjtu_drone_control/share/sjtu_drone_control
[0.788s] running install_egg_info
[0.798s] Copying ../../../build/sjtu_drone_control/sjtu_drone_control.egg-info to /home/basestation/ros2_ws/install/sjtu_drone_control/lib/python3.10/site-packages/sjtu_drone_control-0.0.0-py3.10.egg-info
[0.799s] running install_scripts
[0.820s] Installing drone_position_control script to /home/basestation/ros2_ws/install/sjtu_drone_control/lib/sjtu_drone_control
[0.820s] Installing open_loop_control script to /home/basestation/ros2_ws/install/sjtu_drone_control/lib/sjtu_drone_control
[0.820s] Installing teleop script to /home/basestation/ros2_ws/install/sjtu_drone_control/lib/sjtu_drone_control
[0.820s] Installing teleop_joystick script to /home/basestation/ros2_ws/install/sjtu_drone_control/lib/sjtu_drone_control
[0.820s] writing list of installed files to '/home/basestation/ros2_ws/build/sjtu_drone_control/install.log'
[0.837s] Invoked command in '/home/basestation/ros2_ws/src/sjtu_drone/sjtu_drone_control' returned '0': PYTHONPATH=/home/basestation/ros2_ws/build/sjtu_drone_control/prefix_override:/usr/lib/python3/dist-packages/colcon_core/task/python/colcon_distutils_commands:/home/basestation/ros2_ws/install/sjtu_drone_control/lib/python3.10/site-packages:${PYTHONPATH} /usr/bin/python3 -W ignore:setup.py install is deprecated -W ignore:easy_install command is deprecated setup.py egg_info --egg-base ../../../build/sjtu_drone_control build --build-base /home/basestation/ros2_ws/build/sjtu_drone_control/build install --record /home/basestation/ros2_ws/build/sjtu_drone_control/install.log --single-version-externally-managed install_data
