/home/basestation/ros2_ws/install/mml_guidance/lib/python3.10/site-packages/mml_guidance/rl_gazebo_tracker.py
/home/basestation/ros2_ws/install/mml_guidance/lib/python3.10/site-packages/mml_guidance/guidance.py
/home/basestation/ros2_ws/install/mml_guidance/lib/python3.10/site-packages/mml_guidance/rl_gazebo_multi_tracker.py
/home/basestation/ros2_ws/install/mml_guidance/lib/python3.10/site-packages/mml_guidance/rl_offboard_tracker.py
/home/basestation/ros2_ws/install/mml_guidance/lib/python3.10/site-packages/mml_guidance/particle_filter_gnn_associator.py
/home/basestation/ros2_ws/install/mml_guidance/lib/python3.10/site-packages/mml_guidance/kf.py
/home/basestation/ros2_ws/install/mml_guidance/lib/python3.10/site-packages/mml_guidance/particle_filter_ros_wrapper.py
/home/basestation/ros2_ws/install/mml_guidance/lib/python3.10/site-packages/mml_guidance/gnn_associator.py
/home/basestation/ros2_ws/install/mml_guidance/lib/python3.10/site-packages/mml_guidance/ParticleFilter.py
/home/basestation/ros2_ws/install/mml_guidance/lib/python3.10/site-packages/mml_guidance/plot_data_run.py
/home/basestation/ros2_ws/install/mml_guidance/lib/python3.10/site-packages/mml_guidance/turtlebot_pid_controller.py
/home/basestation/ros2_ws/install/mml_guidance/lib/python3.10/site-packages/mml_guidance/spaguetti.py
/home/basestation/ros2_ws/install/mml_guidance/lib/python3.10/site-packages/mml_guidance/mml_pf_visualization.py
/home/basestation/ros2_ws/install/mml_guidance/lib/python3.10/site-packages/mml_guidance/summarize_joined_runs.py
/home/basestation/ros2_ws/install/mml_guidance/lib/python3.10/site-packages/mml_guidance/main_guidance_node.py
/home/basestation/ros2_ws/install/mml_guidance/lib/python3.10/site-packages/mml_guidance/ppo_guidance.py
/home/basestation/ros2_ws/install/mml_guidance/lib/python3.10/site-packages/mml_guidance/analyze_hardware_data.py
/home/basestation/ros2_ws/install/mml_guidance/lib/python3.10/site-packages/mml_guidance/boundary_safety_test.py
/home/basestation/ros2_ws/install/mml_guidance/lib/python3.10/site-packages/mml_guidance/plot_data_all_runs.py
/home/basestation/ros2_ws/install/mml_guidance/lib/python3.10/site-packages/mml_guidance/ros2bag_csv.py
/home/basestation/ros2_ws/install/mml_guidance/lib/python3.10/site-packages/mml_guidance/__init__.py
/home/basestation/ros2_ws/install/mml_guidance/lib/python3.10/site-packages/mml_guidance/lawnmower.py
/home/basestation/ros2_ws/install/mml_guidance/lib/python3.10/site-packages/mml_guidance/boundary_visualization.py
/home/basestation/ros2_ws/install/mml_guidance/lib/python3.10/site-packages/mml_guidance/markov_goal_pose.py
/home/basestation/ros2_ws/install/mml_guidance/lib/python3.10/site-packages/mml_guidance/mml_network/train.py
/home/basestation/ros2_ws/install/mml_guidance/lib/python3.10/site-packages/mml_guidance/mml_network/transformer.py
/home/basestation/ros2_ws/install/mml_guidance/lib/python3.10/site-packages/mml_guidance/mml_network/convert_data.py
/home/basestation/ros2_ws/install/mml_guidance/lib/python3.10/site-packages/mml_guidance/mml_network/simple_dnn.py
/home/basestation/ros2_ws/install/mml_guidance/lib/python3.10/site-packages/mml_guidance/mml_network/scratch_transformer.py
/home/basestation/ros2_ws/install/mml_guidance/lib/python3.10/site-packages/mml_guidance/mml_network/__init__.py
/home/basestation/ros2_ws/install/mml_guidance/lib/python3.10/site-packages/mml_guidance/mml_network/motion_model_network.py
/home/basestation/ros2_ws/install/mml_guidance/lib/python3.10/site-packages/mml_guidance/mml_network/visualize_graph.py
/home/basestation/ros2_ws/install/mml_guidance/lib/python3.10/site-packages/mml_guidance/__pycache__/rl_gazebo_tracker.cpython-310.pyc
/home/basestation/ros2_ws/install/mml_guidance/lib/python3.10/site-packages/mml_guidance/__pycache__/guidance.cpython-310.pyc
/home/basestation/ros2_ws/install/mml_guidance/lib/python3.10/site-packages/mml_guidance/__pycache__/rl_gazebo_multi_tracker.cpython-310.pyc
/home/basestation/ros2_ws/install/mml_guidance/lib/python3.10/site-packages/mml_guidance/__pycache__/rl_offboard_tracker.cpython-310.pyc
/home/basestation/ros2_ws/install/mml_guidance/lib/python3.10/site-packages/mml_guidance/__pycache__/particle_filter_gnn_associator.cpython-310.pyc
/home/basestation/ros2_ws/install/mml_guidance/lib/python3.10/site-packages/mml_guidance/__pycache__/kf.cpython-310.pyc
/home/basestation/ros2_ws/install/mml_guidance/lib/python3.10/site-packages/mml_guidance/__pycache__/particle_filter_ros_wrapper.cpython-310.pyc
/home/basestation/ros2_ws/install/mml_guidance/lib/python3.10/site-packages/mml_guidance/__pycache__/gnn_associator.cpython-310.pyc
/home/basestation/ros2_ws/install/mml_guidance/lib/python3.10/site-packages/mml_guidance/__pycache__/ParticleFilter.cpython-310.pyc
/home/basestation/ros2_ws/install/mml_guidance/lib/python3.10/site-packages/mml_guidance/__pycache__/plot_data_run.cpython-310.pyc
/home/basestation/ros2_ws/install/mml_guidance/lib/python3.10/site-packages/mml_guidance/__pycache__/turtlebot_pid_controller.cpython-310.pyc
/home/basestation/ros2_ws/install/mml_guidance/lib/python3.10/site-packages/mml_guidance/__pycache__/spaguetti.cpython-310.pyc
/home/basestation/ros2_ws/install/mml_guidance/lib/python3.10/site-packages/mml_guidance/__pycache__/mml_pf_visualization.cpython-310.pyc
/home/basestation/ros2_ws/install/mml_guidance/lib/python3.10/site-packages/mml_guidance/__pycache__/summarize_joined_runs.cpython-310.pyc
/home/basestation/ros2_ws/install/mml_guidance/lib/python3.10/site-packages/mml_guidance/__pycache__/main_guidance_node.cpython-310.pyc
/home/basestation/ros2_ws/install/mml_guidance/lib/python3.10/site-packages/mml_guidance/__pycache__/ppo_guidance.cpython-310.pyc
/home/basestation/ros2_ws/install/mml_guidance/lib/python3.10/site-packages/mml_guidance/__pycache__/analyze_hardware_data.cpython-310.pyc
/home/basestation/ros2_ws/install/mml_guidance/lib/python3.10/site-packages/mml_guidance/__pycache__/boundary_safety_test.cpython-310.pyc
/home/basestation/ros2_ws/install/mml_guidance/lib/python3.10/site-packages/mml_guidance/__pycache__/plot_data_all_runs.cpython-310.pyc
/home/basestation/ros2_ws/install/mml_guidance/lib/python3.10/site-packages/mml_guidance/__pycache__/ros2bag_csv.cpython-310.pyc
/home/basestation/ros2_ws/install/mml_guidance/lib/python3.10/site-packages/mml_guidance/__pycache__/__init__.cpython-310.pyc
/home/basestation/ros2_ws/install/mml_guidance/lib/python3.10/site-packages/mml_guidance/__pycache__/lawnmower.cpython-310.pyc
/home/basestation/ros2_ws/install/mml_guidance/lib/python3.10/site-packages/mml_guidance/__pycache__/boundary_visualization.cpython-310.pyc
/home/basestation/ros2_ws/install/mml_guidance/lib/python3.10/site-packages/mml_guidance/__pycache__/markov_goal_pose.cpython-310.pyc
/home/basestation/ros2_ws/install/mml_guidance/lib/python3.10/site-packages/mml_guidance/mml_network/__pycache__/train.cpython-310.pyc
/home/basestation/ros2_ws/install/mml_guidance/lib/python3.10/site-packages/mml_guidance/mml_network/__pycache__/transformer.cpython-310.pyc
/home/basestation/ros2_ws/install/mml_guidance/lib/python3.10/site-packages/mml_guidance/mml_network/__pycache__/convert_data.cpython-310.pyc
/home/basestation/ros2_ws/install/mml_guidance/lib/python3.10/site-packages/mml_guidance/mml_network/__pycache__/simple_dnn.cpython-310.pyc
/home/basestation/ros2_ws/install/mml_guidance/lib/python3.10/site-packages/mml_guidance/mml_network/__pycache__/scratch_transformer.cpython-310.pyc
/home/basestation/ros2_ws/install/mml_guidance/lib/python3.10/site-packages/mml_guidance/mml_network/__pycache__/__init__.cpython-310.pyc
/home/basestation/ros2_ws/install/mml_guidance/lib/python3.10/site-packages/mml_guidance/mml_network/__pycache__/motion_model_network.cpython-310.pyc
/home/basestation/ros2_ws/install/mml_guidance/lib/python3.10/site-packages/mml_guidance/mml_network/__pycache__/visualize_graph.cpython-310.pyc
/home/basestation/ros2_ws/install/mml_guidance/share/ament_index/resource_index/packages/mml_guidance
/home/basestation/ros2_ws/install/mml_guidance/share/mml_guidance/package.xml
/home/basestation/ros2_ws/install/mml_guidance/share/mml_guidance/launch/boundary_test.launch.py
/home/basestation/ros2_ws/install/mml_guidance/share/mml_guidance/launch/track_hardware.launch.py
/home/basestation/ros2_ws/install/mml_guidance/share/mml_guidance/launch/april_hardware.launch.py
/home/basestation/ros2_ws/install/mml_guidance/share/mml_guidance/launch/rl_tracker.launch.py
/home/basestation/ros2_ws/install/mml_guidance/share/mml_guidance/launch/mml_sim_estimator.launch.py
/home/basestation/ros2_ws/install/mml_guidance/lib/python3.10/site-packages/mml_guidance-0.0.1-py3.10.egg-info/PKG-INFO
/home/basestation/ros2_ws/install/mml_guidance/lib/python3.10/site-packages/mml_guidance-0.0.1-py3.10.egg-info/SOURCES.txt
/home/basestation/ros2_ws/install/mml_guidance/lib/python3.10/site-packages/mml_guidance-0.0.1-py3.10.egg-info/top_level.txt
/home/basestation/ros2_ws/install/mml_guidance/lib/python3.10/site-packages/mml_guidance-0.0.1-py3.10.egg-info/zip-safe
/home/basestation/ros2_ws/install/mml_guidance/lib/python3.10/site-packages/mml_guidance-0.0.1-py3.10.egg-info/requires.txt
/home/basestation/ros2_ws/install/mml_guidance/lib/python3.10/site-packages/mml_guidance-0.0.1-py3.10.egg-info/dependency_links.txt
/home/basestation/ros2_ws/install/mml_guidance/lib/python3.10/site-packages/mml_guidance-0.0.1-py3.10.egg-info/entry_points.txt
/home/basestation/ros2_ws/install/mml_guidance/lib/mml_guidance/boundary_safety_test
/home/basestation/ros2_ws/install/mml_guidance/lib/mml_guidance/boundary_visualization
/home/basestation/ros2_ws/install/mml_guidance/lib/mml_guidance/guidance
/home/basestation/ros2_ws/install/mml_guidance/lib/mml_guidance/markov_goal_pose
/home/basestation/ros2_ws/install/mml_guidance/lib/mml_guidance/mml_pf_visualization
/home/basestation/ros2_ws/install/mml_guidance/lib/mml_guidance/rl_gazebo_multi_tracker
/home/basestation/ros2_ws/install/mml_guidance/lib/mml_guidance/rl_gazebo_tracker
/home/basestation/ros2_ws/install/mml_guidance/lib/mml_guidance/rl_tracker
/home/basestation/ros2_ws/install/mml_guidance/lib/mml_guidance/turtlebot_pid_controller
