[0.261s] Invoking command in '/home/basestation/ros2_ws/build/sjtu_drone_description': CMAKE_PREFIX_PATH=${CMAKE_PREFIX_PATH}:/home/basestation/ros2_ws/install/sjtu_drone_control:/home/basestation/ros2_ws/install/sjtu_drone_bringup:/home/basestation/ros2_ws/install/mml_guidance:/home/basestation/base_ws/install/ros2_shared:/home/basestation/base_ws/install/robot_pid:/home/basestation/base_ws/install/mocap_fake_radar:/home/basestation/base_ws/install/magnav_viz:/home/basestation/base_ws/install/magnav_pf:/home/basestation/base_ws/install/magnav_entmap:/home/basestation/base_ws/install/mag_mapping:/home/basestation/base_ws/install/info_magnav:/home/basestation/base_ws/install/homography_node:/home/basestation/base_ws/install/drone_launch:/home/basestation/base_ws/install/camera_detector:/home/basestation/base_ws/install/base_launch:/home/basestation/magnav_sim_ws/install/nn_data_collector:/home/basestation/magnav_sim_ws/install/magnav_nn_sim:/opt/ros/humble /usr/bin/cmake /home/basestation/ros2_ws/src/sjtu_drone/sjtu_drone_description -DCMAKE_INSTALL_PREFIX=/home/basestation/ros2_ws/install/sjtu_drone_description
[0.267s] [0mCMake Deprecation Warning at CMakeLists.txt:1 (cmake_minimum_required):
[0.267s]   Compatibility with CMake < 3.10 will be removed from a future version of
[0.267s]   CMake.
[0.267s] 
[0.267s]   Update the VERSION argument <min> value.  Or, use the <min>...<max> syntax
[0.267s]   to tell CMake that the project requires at least <min> but has been updated
[0.267s]   to work with policies introduced by <max> or earlier.
[0.267s] 
[0.267s] [0m
[0.386s] -- The C compiler identification is GNU 11.4.0
[0.447s] -- The CXX compiler identification is GNU 11.4.0
[0.453s] -- Detecting C compiler ABI info
[0.491s] -- Detecting C compiler ABI info - done
[0.499s] -- Check for working C compiler: /usr/bin/cc - skipped
[0.501s] -- Detecting C compile features
[0.501s] -- Detecting C compile features - done
[0.510s] -- Detecting CXX compiler ABI info
[0.552s] -- Detecting CXX compiler ABI info - done
[0.563s] -- Check for working CXX compiler: /usr/bin/c++ - skipped
[0.563s] -- Detecting CXX compile features
[0.563s] -- Detecting CXX compile features - done
[0.571s] -- Found PkgConfig: /usr/bin/pkg-config (found version "0.29.2")
[0.571s] -- Checking for module 'OGRE'
[0.579s] --   Found OGRE, version 1.9.0
[0.597s] -- Checking for module 'OGRE-Terrain'
[0.606s] --   Found OGRE-Terrain, version 1.9.0
[0.627s] -- Found ament_cmake: 1.3.12 (/opt/ros/humble/share/ament_cmake/cmake)
[0.734s] -- Found Python3: /usr/bin/python3 (found version "3.10.12") found components: Interpreter
[0.852s] -- Found ament_cmake_ros: 0.10.0 (/opt/ros/humble/share/ament_cmake_ros/cmake)
[0.864s] -- Found rclcpp: 16.0.15 (/opt/ros/humble/share/rclcpp/cmake)
[0.907s] -- Found rosidl_generator_c: 3.1.7 (/opt/ros/humble/share/rosidl_generator_c/cmake)
[0.912s] -- Found rosidl_adapter: 3.1.7 (/opt/ros/humble/share/rosidl_adapter/cmake)
[0.921s] -- Found rosidl_generator_cpp: 3.1.7 (/opt/ros/humble/share/rosidl_generator_cpp/cmake)
[0.934s] -- Using all available rosidl_typesupport_c: rosidl_typesupport_fastrtps_c;rosidl_typesupport_introspection_c
[0.949s] -- Using all available rosidl_typesupport_cpp: rosidl_typesupport_fastrtps_cpp;rosidl_typesupport_introspection_cpp
[0.995s] -- Found rmw_implementation_cmake: 6.1.2 (/opt/ros/humble/share/rmw_implementation_cmake/cmake)
[0.999s] -- Found rmw_fastrtps_cpp: 6.2.8 (/opt/ros/humble/share/rmw_fastrtps_cpp/cmake)
[1.070s] -- Found OpenSSL: /usr/lib/x86_64-linux-gnu/libcrypto.so (found version "3.0.2")
[1.099s] -- Found FastRTPS: /opt/ros/humble/include
[1.131s] -- Using RMW implementation 'rmw_fastrtps_cpp' as default
[1.141s] -- Performing Test CMAKE_HAVE_LIBC_PTHREAD
[1.179s] -- Performing Test CMAKE_HAVE_LIBC_PTHREAD - Success
[1.179s] -- Found Threads: TRUE
[1.230s] -- Found gazebo_ros: 3.9.0 (/opt/ros/humble/share/gazebo_ros/cmake)
[1.242s] -- Checking for module 'bullet>=2.82'
[1.250s] --   Found bullet, version 3.05
[1.321s] -- Found fcl: /usr/include (found suitable version "0.7.0", minimum required is "0.5.0")
[1.354s] -- Found assimp: /usr/include (found version "5.2.0")
[1.355s] [33mCMake Warning (dev) at /usr/share/dart/cmake/DARTFindBoost.cmake:20 (find_package):
[1.355s]   Policy CMP0167 is not set: The FindBoost module is removed.  Run "cmake
[1.355s]   --help-policy CMP0167" for policy details.  Use the cmake_policy command to
[1.355s]   set the policy and suppress this warning.
[1.355s] 
[1.355s] Call Stack (most recent call first):
[1.355s]   /usr/share/dart/cmake/dart_dartComponent.cmake:6 (include)
[1.355s]   /usr/share/dart/cmake/DARTConfig.cmake:73 (include)
[1.355s]   /usr/share/dart/cmake/DARTConfig.cmake:133 (dart_traverse_components)
[1.355s]   /usr/share/dart/cmake/DARTConfig.cmake:181 (dart_package_init)
[1.355s]   /usr/lib/x86_64-linux-gnu/cmake/gazebo/gazebo-config.cmake:166 (find_package)
[1.355s]   /opt/ros/humble/share/gazebo_dev/cmake/gazebo_dev-extras.cmake:3 (find_package)
[1.355s]   /opt/ros/humble/share/gazebo_dev/cmake/gazebo_devConfig.cmake:41 (include)
[1.355s]   /opt/ros/humble/share/gazebo_ros/cmake/ament_cmake_export_dependencies-extras.cmake:21 (find_package)
[1.355s]   /opt/ros/humble/share/gazebo_ros/cmake/gazebo_rosConfig.cmake:41 (include)
[1.355s]   CMakeLists.txt:18 (find_package)
[1.355s] This warning is for project developers.  Use -Wno-dev to suppress it.
[1.355s] [0m
[1.378s] -- Found DART: /usr/include (Required is at least version "6.6") found components: dart
[1.384s] [33mCMake Warning (dev) at /usr/lib/x86_64-linux-gnu/cmake/gazebo/gazebo-config.cmake:197 (find_package):
[1.384s]   Policy CMP0167 is not set: The FindBoost module is removed.  Run "cmake
[1.384s]   --help-policy CMP0167" for policy details.  Use the cmake_policy command to
[1.385s]   set the policy and suppress this warning.
[1.385s] 
[1.385s] Call Stack (most recent call first):
[1.385s]   /opt/ros/humble/share/gazebo_dev/cmake/gazebo_dev-extras.cmake:3 (find_package)
[1.385s]   /opt/ros/humble/share/gazebo_dev/cmake/gazebo_devConfig.cmake:41 (include)
[1.385s]   /opt/ros/humble/share/gazebo_ros/cmake/ament_cmake_export_dependencies-extras.cmake:21 (find_package)
[1.385s]   /opt/ros/humble/share/gazebo_ros/cmake/gazebo_rosConfig.cmake:41 (include)
[1.385s]   CMakeLists.txt:18 (find_package)
[1.385s] This warning is for project developers.  Use -Wno-dev to suppress it.
[1.385s] [0m
[1.409s] -- Found Boost: /usr/lib/x86_64-linux-gnu/cmake/Boost-1.74.0/BoostConfig.cmake (found suitable version "1.74.0", minimum required is "1.40.0") found components: thread system filesystem program_options regex iostreams date_time
[1.426s] -- Found Protobuf: /usr/lib/x86_64-linux-gnu/libprotobuf.so (found version "3.12.4")
[1.432s] -- Looking for ignition-math6 -- found version 6.15.1
[1.438s] -- Searching for dependencies of ignition-math6
[1.439s] -- Looking for OGRE...
[1.440s] -- OGRE_PREFIX_WATCH changed.
[1.443s] -- Checking for module 'OGRE'
[1.451s] --   Found OGRE, version 1.9.0
[1.471s] -- Found Ogre Ghadamon (1.9.0)
[1.483s] [33mCMake Warning (dev) at /usr/share/OGRE/cmake/modules/FindOGRE.cmake:309 (find_package):
[1.483s]   Policy CMP0167 is not set: The FindBoost module is removed.  Run "cmake
[1.483s]   --help-policy CMP0167" for policy details.  Use the cmake_policy command to
[1.483s]   set the policy and suppress this warning.
[1.483s] 
[1.483s] Call Stack (most recent call first):
[1.483s]   /usr/lib/x86_64-linux-gnu/cmake/gazebo/gazebo-config.cmake:213 (find_package)
[1.484s]   /opt/ros/humble/share/gazebo_dev/cmake/gazebo_dev-extras.cmake:3 (find_package)
[1.484s]   /opt/ros/humble/share/gazebo_dev/cmake/gazebo_devConfig.cmake:41 (include)
[1.484s]   /opt/ros/humble/share/gazebo_ros/cmake/ament_cmake_export_dependencies-extras.cmake:21 (find_package)
[1.484s]   /opt/ros/humble/share/gazebo_ros/cmake/gazebo_rosConfig.cmake:41 (include)
[1.484s]   CMakeLists.txt:18 (find_package)
[1.484s] This warning is for project developers.  Use -Wno-dev to suppress it.
[1.484s] [0m
[1.486s] [33mCMake Warning (dev) at /usr/share/OGRE/cmake/modules/FindOGRE.cmake:318 (find_package):
[1.486s]   Policy CMP0167 is not set: The FindBoost module is removed.  Run "cmake
[1.486s]   --help-policy CMP0167" for policy details.  Use the cmake_policy command to
[1.486s]   set the policy and suppress this warning.
[1.486s] 
[1.486s] Call Stack (most recent call first):
[1.486s]   /usr/lib/x86_64-linux-gnu/cmake/gazebo/gazebo-config.cmake:213 (find_package)
[1.486s]   /opt/ros/humble/share/gazebo_dev/cmake/gazebo_dev-extras.cmake:3 (find_package)
[1.486s]   /opt/ros/humble/share/gazebo_dev/cmake/gazebo_devConfig.cmake:41 (include)
[1.486s]   /opt/ros/humble/share/gazebo_ros/cmake/ament_cmake_export_dependencies-extras.cmake:21 (find_package)
[1.486s]   /opt/ros/humble/share/gazebo_ros/cmake/gazebo_rosConfig.cmake:41 (include)
[1.486s]   CMakeLists.txt:18 (find_package)
[1.486s] This warning is for project developers.  Use -Wno-dev to suppress it.
[1.486s] [0m
[1.489s] -- Looking for OGRE_Paging...
[1.500s] -- Found OGRE_Paging: optimized;/usr/lib/x86_64-linux-gnu/libOgrePaging.so;debug;/usr/lib/x86_64-linux-gnu/libOgrePaging.so
[1.500s] -- Looking for OGRE_Terrain...
[1.512s] -- Found OGRE_Terrain: optimized;/usr/lib/x86_64-linux-gnu/libOgreTerrain.so;debug;/usr/lib/x86_64-linux-gnu/libOgreTerrain.so
[1.512s] -- Looking for OGRE_Property...
[1.524s] -- Found OGRE_Property: optimized;/usr/lib/x86_64-linux-gnu/libOgreProperty.so;debug;/usr/lib/x86_64-linux-gnu/libOgreProperty.so
[1.524s] -- Looking for OGRE_RTShaderSystem...
[1.535s] -- Found OGRE_RTShaderSystem: optimized;/usr/lib/x86_64-linux-gnu/libOgreRTShaderSystem.so;debug;/usr/lib/x86_64-linux-gnu/libOgreRTShaderSystem.so
[1.535s] -- Looking for OGRE_Volume...
[1.546s] -- Found OGRE_Volume: optimized;/usr/lib/x86_64-linux-gnu/libOgreVolume.so;debug;/usr/lib/x86_64-linux-gnu/libOgreVolume.so
[1.546s] -- Looking for OGRE_Overlay...
[1.558s] -- Found OGRE_Overlay: optimized;/usr/lib/x86_64-linux-gnu/libOgreOverlay.so;debug;/usr/lib/x86_64-linux-gnu/libOgreOverlay.so
[1.744s] -- Looking for ignition-math6 -- found version 6.15.1
[1.750s] -- Looking for ignition-transport8 -- found version 8.2.1
[1.751s] -- Searching for dependencies of ignition-transport8
[1.764s] -- Found Protobuf: /usr/lib/x86_64-linux-gnu/libprotobuf.so (found suitable version "3.12.4", minimum required is "3")
[1.774s] -- Config-file not installed for ZeroMQ -- checking for pkg-config
[1.777s] -- Checking for module 'libzmq >= 4'
[1.788s] --   Found libzmq, version 4.3.4
[1.809s] -- Found ZeroMQ: TRUE (Required is at least version "4")
[1.813s] -- Checking for module 'uuid'
[1.821s] --   Found uuid, version 2.37.2
[1.841s] -- Found UUID: TRUE
[1.845s] -- Looking for ignition-msgs5 -- found version 5.8.1
[1.845s] -- Searching for dependencies of ignition-msgs5
[1.857s] -- Looking for ignition-math6 -- found version 6.15.1
[1.861s] -- Checking for module 'tinyxml2'
[1.869s] --   Found tinyxml2, version 9.0.0
[1.890s] -- Looking for ignition-msgs5 -- found version 5.8.1
[1.893s] -- Looking for ignition-common3 -- found version 3.14.0
[1.893s] -- Searching for dependencies of ignition-common3
[1.894s] -- Looking for dlfcn.h - found
[1.895s] -- Looking for libdl - found
[1.896s] -- Found DL: TRUE
[1.905s] -- Found tinyobjloader: /usr/lib/x86_64-linux-gnu/cmake/tinyobjloader/tinyobjloader-config.cmake (found version "2.0.0")
[1.906s] -- Searching for <ignition-common3> component [graphics]
[1.908s] -- Looking for ignition-common3-graphics -- found version 3.14.0
[1.908s] -- Searching for dependencies of ignition-common3-graphics
[1.908s] -- Looking for ignition-math6 -- found version 6.15.1
[1.912s] -- Looking for ignition-fuel_tools4 -- found version 4.4.0
[1.912s] -- Searching for dependencies of ignition-fuel_tools4
[1.972s] -- Found CURL: /usr/lib/x86_64-linux-gnu/libcurl.so (found version "7.81.0")
[1.978s] -- Checking for module 'jsoncpp'
[1.987s] --   Found jsoncpp, version 1.9.5
[2.005s] -- Found JSONCPP: TRUE
[2.010s] -- Checking for module 'libzip'
[2.018s] --   Found libzip, version 1.7.3
[2.038s] -- Found ZIP: TRUE
[2.038s] -- Looking for ignition-common3 -- found version 3.14.0
[2.039s] -- Looking for ignition-math6 -- found version 6.15.1
[2.039s] -- Looking for ignition-msgs5 -- found version 5.8.1
[2.046s] -- Gazebo version: 11.10
[2.046s] -- Checking for module 'tbb'
[2.054s] --   Found tbb, version 2021.5.0
[2.077s] -- Found gazebo_plugins: 3.9.0 (/opt/ros/humble/share/gazebo_plugins/cmake)
[2.133s] -- Found sensor_msgs: 4.9.0 (/opt/ros/humble/share/sensor_msgs/cmake)
[2.149s] -- Found nav_msgs: 4.9.0 (/opt/ros/humble/share/nav_msgs/cmake)
[2.165s] -- Found tf2: 0.25.16 (/opt/ros/humble/share/tf2/cmake)
[2.175s] -- Found tf2_ros: 0.25.16 (/opt/ros/humble/share/tf2_ros/cmake)
[2.262s] -- Found tf2_geometry_msgs: 0.25.16 (/opt/ros/humble/share/tf2_geometry_msgs/cmake)
[2.271s] -- Found eigen3_cmake_module: 0.1.1 (/opt/ros/humble/share/eigen3_cmake_module/cmake)
[2.272s] -- Found Eigen3: TRUE (found version "3.4.0")
[2.273s] -- Ensuring Eigen3 include directory is part of orocos-kdl CMake target
[2.289s] -- Found ament_lint_auto: 0.12.14 (/opt/ros/humble/share/ament_lint_auto/cmake)
[2.358s] -- Added test 'cppcheck' to perform static code analysis on C / C++ code
[2.359s] -- Configured cppcheck include dirs: /home/basestation/ros2_ws/src/sjtu_drone/sjtu_drone_description/include;$<BUILD_INTERFACE:/home/basestation/ros2_ws/src/sjtu_drone/sjtu_drone_description/include>
[2.359s] -- Configured cppcheck exclude dirs and/or files: 
[2.360s] -- Added test 'lint_cmake' to check CMake code style
[2.361s] -- Added test 'uncrustify' to check C / C++ code style
[2.361s] -- Configured uncrustify additional arguments: 
[2.362s] -- Added test 'xmllint' to check XML markup files
[2.364s] -- Configuring done (2.1s)
[2.394s] -- Generating done (0.0s)
[2.417s] -- Build files have been written to: /home/basestation/ros2_ws/build/sjtu_drone_description
[2.425s] Invoked command in '/home/basestation/ros2_ws/build/sjtu_drone_description' returned '0': CMAKE_PREFIX_PATH=${CMAKE_PREFIX_PATH}:/home/basestation/ros2_ws/install/sjtu_drone_control:/home/basestation/ros2_ws/install/sjtu_drone_bringup:/home/basestation/ros2_ws/install/mml_guidance:/home/basestation/base_ws/install/ros2_shared:/home/basestation/base_ws/install/robot_pid:/home/basestation/base_ws/install/mocap_fake_radar:/home/basestation/base_ws/install/magnav_viz:/home/basestation/base_ws/install/magnav_pf:/home/basestation/base_ws/install/magnav_entmap:/home/basestation/base_ws/install/mag_mapping:/home/basestation/base_ws/install/info_magnav:/home/basestation/base_ws/install/homography_node:/home/basestation/base_ws/install/drone_launch:/home/basestation/base_ws/install/camera_detector:/home/basestation/base_ws/install/base_launch:/home/basestation/magnav_sim_ws/install/nn_data_collector:/home/basestation/magnav_sim_ws/install/magnav_nn_sim:/opt/ros/humble /usr/bin/cmake /home/basestation/ros2_ws/src/sjtu_drone/sjtu_drone_description -DCMAKE_INSTALL_PREFIX=/home/basestation/ros2_ws/install/sjtu_drone_description
[2.427s] Invoking command in '/home/basestation/ros2_ws/build/sjtu_drone_description': CMAKE_PREFIX_PATH=${CMAKE_PREFIX_PATH}:/home/basestation/ros2_ws/install/sjtu_drone_control:/home/basestation/ros2_ws/install/sjtu_drone_bringup:/home/basestation/ros2_ws/install/mml_guidance:/home/basestation/base_ws/install/ros2_shared:/home/basestation/base_ws/install/robot_pid:/home/basestation/base_ws/install/mocap_fake_radar:/home/basestation/base_ws/install/magnav_viz:/home/basestation/base_ws/install/magnav_pf:/home/basestation/base_ws/install/magnav_entmap:/home/basestation/base_ws/install/mag_mapping:/home/basestation/base_ws/install/info_magnav:/home/basestation/base_ws/install/homography_node:/home/basestation/base_ws/install/drone_launch:/home/basestation/base_ws/install/camera_detector:/home/basestation/base_ws/install/base_launch:/home/basestation/magnav_sim_ws/install/nn_data_collector:/home/basestation/magnav_sim_ws/install/magnav_nn_sim:/opt/ros/humble /usr/bin/cmake --build /home/basestation/ros2_ws/build/sjtu_drone_description -- -j24 -l24
[2.447s] [ 25%] [32mBuilding CXX object CMakeFiles/plugin_drone.dir/src/plugin_drone.cpp.o[0m
[2.448s] [ 75%] [32mBuilding CXX object CMakeFiles/plugin_drone.dir/src/pid_controller.cpp.o[0m
[2.448s] [ 75%] [32mBuilding CXX object CMakeFiles/plugin_drone.dir/src/plugin_drone_private.cpp.o[0m
[15.968s] [100%] [1m[32mLinking CXX shared library /home/basestation/ros2_ws/src/sjtu_drone/sjtu_drone_description/plugins/libplugin_drone.so[0m
[16.897s] [100%] Built target plugin_drone
[16.901s] Invoked command in '/home/basestation/ros2_ws/build/sjtu_drone_description' returned '0': CMAKE_PREFIX_PATH=${CMAKE_PREFIX_PATH}:/home/basestation/ros2_ws/install/sjtu_drone_control:/home/basestation/ros2_ws/install/sjtu_drone_bringup:/home/basestation/ros2_ws/install/mml_guidance:/home/basestation/base_ws/install/ros2_shared:/home/basestation/base_ws/install/robot_pid:/home/basestation/base_ws/install/mocap_fake_radar:/home/basestation/base_ws/install/magnav_viz:/home/basestation/base_ws/install/magnav_pf:/home/basestation/base_ws/install/magnav_entmap:/home/basestation/base_ws/install/mag_mapping:/home/basestation/base_ws/install/info_magnav:/home/basestation/base_ws/install/homography_node:/home/basestation/base_ws/install/drone_launch:/home/basestation/base_ws/install/camera_detector:/home/basestation/base_ws/install/base_launch:/home/basestation/magnav_sim_ws/install/nn_data_collector:/home/basestation/magnav_sim_ws/install/magnav_nn_sim:/opt/ros/humble /usr/bin/cmake --build /home/basestation/ros2_ws/build/sjtu_drone_description -- -j24 -l24
[16.905s] Invoking command in '/home/basestation/ros2_ws/build/sjtu_drone_description': CMAKE_PREFIX_PATH=${CMAKE_PREFIX_PATH}:/home/basestation/ros2_ws/install/sjtu_drone_control:/home/basestation/ros2_ws/install/sjtu_drone_bringup:/home/basestation/ros2_ws/install/mml_guidance:/home/basestation/base_ws/install/ros2_shared:/home/basestation/base_ws/install/robot_pid:/home/basestation/base_ws/install/mocap_fake_radar:/home/basestation/base_ws/install/magnav_viz:/home/basestation/base_ws/install/magnav_pf:/home/basestation/base_ws/install/magnav_entmap:/home/basestation/base_ws/install/mag_mapping:/home/basestation/base_ws/install/info_magnav:/home/basestation/base_ws/install/homography_node:/home/basestation/base_ws/install/drone_launch:/home/basestation/base_ws/install/camera_detector:/home/basestation/base_ws/install/base_launch:/home/basestation/magnav_sim_ws/install/nn_data_collector:/home/basestation/magnav_sim_ws/install/magnav_nn_sim:/opt/ros/humble /usr/bin/cmake --install /home/basestation/ros2_ws/build/sjtu_drone_description
[16.907s] -- Install configuration: ""
[16.907s] -- Installing: /home/basestation/ros2_ws/install/sjtu_drone_description/include
[16.907s] -- Installing: /home/basestation/ros2_ws/install/sjtu_drone_description/include/sjtu_drone_description
[16.907s] -- Installing: /home/basestation/ros2_ws/install/sjtu_drone_description/include/sjtu_drone_description/pid_controller.h
[16.907s] -- Installing: /home/basestation/ros2_ws/install/sjtu_drone_description/include/sjtu_drone_description/plugin_drone.h
[16.908s] -- Installing: /home/basestation/ros2_ws/install/sjtu_drone_description/include/sjtu_drone_description/plugin_drone_private.h
[16.908s] -- Installing: /home/basestation/ros2_ws/install/sjtu_drone_description/lib/libplugin_drone.so
[16.919s] -- Set non-toolchain portion of runtime path of "/home/basestation/ros2_ws/install/sjtu_drone_description/lib/libplugin_drone.so" to ""
[16.919s] -- Installing: /home/basestation/ros2_ws/install/sjtu_drone_description/share/sjtu_drone_description/environment/library_path.sh
[16.919s] -- Installing: /home/basestation/ros2_ws/install/sjtu_drone_description/share/sjtu_drone_description/environment/library_path.dsv
[16.919s] -- Installing: /home/basestation/ros2_ws/install/sjtu_drone_description/share/sjtu_drone_description/models
[16.919s] -- Installing: /home/basestation/ros2_ws/install/sjtu_drone_description/share/sjtu_drone_description/models/sjtu_drone
[16.919s] -- Installing: /home/basestation/ros2_ws/install/sjtu_drone_description/share/sjtu_drone_description/models/sjtu_drone/sjtu_drone.sdf
[16.919s] -- Installing: /home/basestation/ros2_ws/install/sjtu_drone_description/share/sjtu_drone_description/models/sjtu_drone/quadrotor_4.dae
[16.919s] -- Installing: /home/basestation/ros2_ws/install/sjtu_drone_description/share/sjtu_drone_description/models/sjtu_drone/quadrotor_4.stl
[16.919s] -- Installing: /home/basestation/ros2_ws/install/sjtu_drone_description/share/sjtu_drone_description/models/sjtu_drone/model.config
[16.919s] -- Installing: /home/basestation/ros2_ws/install/sjtu_drone_description/share/sjtu_drone_description/models/database.config
[16.919s] -- Installing: /home/basestation/ros2_ws/install/sjtu_drone_description/share/sjtu_drone_description/urdf
[16.919s] -- Installing: /home/basestation/ros2_ws/install/sjtu_drone_description/share/sjtu_drone_description/urdf/sjtu_drone.urdf
[16.919s] -- Installing: /home/basestation/ros2_ws/install/sjtu_drone_description/share/sjtu_drone_description/urdf/sjtu_drone.urdf.xacro
[16.919s] -- Installing: /home/basestation/ros2_ws/install/sjtu_drone_description/share/sjtu_drone_description/worlds
[16.919s] -- Installing: /home/basestation/ros2_ws/install/sjtu_drone_description/share/sjtu_drone_description/worlds/playground.world
[16.919s] -- Installing: /home/basestation/ros2_ws/install/sjtu_drone_description/share/ament_index/resource_index/package_run_dependencies/sjtu_drone_description
[16.919s] -- Installing: /home/basestation/ros2_ws/install/sjtu_drone_description/share/ament_index/resource_index/parent_prefix_path/sjtu_drone_description
[16.919s] -- Installing: /home/basestation/ros2_ws/install/sjtu_drone_description/share/sjtu_drone_description/environment/ament_prefix_path.sh
[16.919s] -- Installing: /home/basestation/ros2_ws/install/sjtu_drone_description/share/sjtu_drone_description/environment/ament_prefix_path.dsv
[16.919s] -- Installing: /home/basestation/ros2_ws/install/sjtu_drone_description/share/sjtu_drone_description/environment/path.sh
[16.919s] -- Installing: /home/basestation/ros2_ws/install/sjtu_drone_description/share/sjtu_drone_description/environment/path.dsv
[16.920s] -- Installing: /home/basestation/ros2_ws/install/sjtu_drone_description/share/sjtu_drone_description/local_setup.bash
[16.920s] -- Installing: /home/basestation/ros2_ws/install/sjtu_drone_description/share/sjtu_drone_description/local_setup.sh
[16.920s] -- Installing: /home/basestation/ros2_ws/install/sjtu_drone_description/share/sjtu_drone_description/local_setup.zsh
[16.920s] -- Installing: /home/basestation/ros2_ws/install/sjtu_drone_description/share/sjtu_drone_description/local_setup.dsv
[16.920s] -- Installing: /home/basestation/ros2_ws/install/sjtu_drone_description/share/sjtu_drone_description/package.dsv
[16.920s] -- Installing: /home/basestation/ros2_ws/install/sjtu_drone_description/share/ament_index/resource_index/packages/sjtu_drone_description
[16.920s] -- Installing: /home/basestation/ros2_ws/install/sjtu_drone_description/share/sjtu_drone_description/cmake/export_sjtu_drone_descriptionExport.cmake
[16.920s] -- Installing: /home/basestation/ros2_ws/install/sjtu_drone_description/share/sjtu_drone_description/cmake/export_sjtu_drone_descriptionExport-noconfig.cmake
[16.920s] -- Installing: /home/basestation/ros2_ws/install/sjtu_drone_description/share/sjtu_drone_description/cmake/ament_cmake_export_include_directories-extras.cmake
[16.920s] -- Installing: /home/basestation/ros2_ws/install/sjtu_drone_description/share/sjtu_drone_description/cmake/ament_cmake_export_libraries-extras.cmake
[16.920s] -- Installing: /home/basestation/ros2_ws/install/sjtu_drone_description/share/sjtu_drone_description/cmake/ament_cmake_export_targets-extras.cmake
[16.920s] -- Installing: /home/basestation/ros2_ws/install/sjtu_drone_description/share/sjtu_drone_description/cmake/sjtu_drone_descriptionConfig.cmake
[16.920s] -- Installing: /home/basestation/ros2_ws/install/sjtu_drone_description/share/sjtu_drone_description/cmake/sjtu_drone_descriptionConfig-version.cmake
[16.920s] -- Installing: /home/basestation/ros2_ws/install/sjtu_drone_description/share/sjtu_drone_description/package.xml
[16.921s] Invoked command in '/home/basestation/ros2_ws/build/sjtu_drone_description' returned '0': CMAKE_PREFIX_PATH=${CMAKE_PREFIX_PATH}:/home/basestation/ros2_ws/install/sjtu_drone_control:/home/basestation/ros2_ws/install/sjtu_drone_bringup:/home/basestation/ros2_ws/install/mml_guidance:/home/basestation/base_ws/install/ros2_shared:/home/basestation/base_ws/install/robot_pid:/home/basestation/base_ws/install/mocap_fake_radar:/home/basestation/base_ws/install/magnav_viz:/home/basestation/base_ws/install/magnav_pf:/home/basestation/base_ws/install/magnav_entmap:/home/basestation/base_ws/install/mag_mapping:/home/basestation/base_ws/install/info_magnav:/home/basestation/base_ws/install/homography_node:/home/basestation/base_ws/install/drone_launch:/home/basestation/base_ws/install/camera_detector:/home/basestation/base_ws/install/base_launch:/home/basestation/magnav_sim_ws/install/nn_data_collector:/home/basestation/magnav_sim_ws/install/magnav_nn_sim:/opt/ros/humble /usr/bin/cmake --install /home/basestation/ros2_ws/build/sjtu_drone_description
