[3.862s] Invoking command in '/home/user/PPO_drone_Gazebo_ROS2/build/sjtu_drone_description': CMAKE_PREFIX_PATH=${CMAKE_PREFIX_PATH}:/home/user/PPO_drone_Gazebo_ROS2/src/install/sjtu_drone_control:/home/user/PPO_drone_Gazebo_ROS2/src/install/sjtu_drone_bringup:/home/user/PPO_drone_Gazebo_ROS2/install/sjtu_drone_control:/home/user/PPO_drone_Gazebo_ROS2/install/sjtu_drone_bringup:/home/user/PPO_drone_Gazebo_ROS2/install/mml_guidance:/opt/ros/humble:/opt/ros/jazzy /usr/bin/cmake /home/user/PPO_drone_Gazebo_ROS2/src/sjtu_drone/sjtu_drone_description -DAMENT_CMAKE_SYMLINK_INSTALL=1 -DCMAKE_INSTALL_PREFIX=/home/user/PPO_drone_Gazebo_ROS2/install/sjtu_drone_description
[4.265s] -- The C compiler identification is GNU 11.4.0
[4.646s] -- The CXX compiler identification is GNU 11.4.0
[4.697s] -- Detecting C compiler ABI info
[5.081s] -- Detecting C compiler ABI info - done
[5.144s] -- Check for working C compiler: /usr/bin/cc - skipped
[5.146s] -- Detecting C compile features
[5.149s] -- Detecting C compile features - done
[5.171s] -- Detecting CXX compiler ABI info
[5.714s] -- Detecting CXX compiler ABI info - done
[5.780s] -- Check for working CXX compiler: /usr/bin/c++ - skipped
[5.781s] -- Detecting CXX compile features
[5.785s] -- Detecting CXX compile features - done
[5.819s] -- Found PkgConfig: /usr/bin/pkg-config (found version "0.29.2") 
[5.827s] -- Checking for module 'OGRE'
[5.930s] --   Found OGRE, version 1.9.0
[6.224s] -- Checking for module 'OGRE-Terrain'
[6.325s] --   Found OGRE-Terrain, version 1.9.0
[6.545s] -- Found ament_cmake: 1.3.12 (/opt/ros/humble/share/ament_cmake/cmake)
[7.333s] -- Found Python3: /usr/bin/python3 (found version "3.10.12") found components: Interpreter 
[7.718s] -- Override CMake install command with custom implementation using symlinks instead of copying resources
[8.027s] -- Found ament_cmake_ros: 0.10.0 (/opt/ros/humble/share/ament_cmake_ros/cmake)
[8.119s] -- Found rclcpp: 16.0.15 (/opt/ros/humble/share/rclcpp/cmake)
[8.397s] -- Found rosidl_generator_c: 3.1.7 (/opt/ros/humble/share/rosidl_generator_c/cmake)
[8.443s] -- Found rosidl_adapter: 3.1.7 (/opt/ros/humble/share/rosidl_adapter/cmake)
[8.511s] -- Found rosidl_generator_cpp: 3.1.7 (/opt/ros/humble/share/rosidl_generator_cpp/cmake)
[8.599s] -- Using all available rosidl_typesupport_c: rosidl_typesupport_fastrtps_c;rosidl_typesupport_introspection_c
[8.717s] -- Using all available rosidl_typesupport_cpp: rosidl_typesupport_fastrtps_cpp;rosidl_typesupport_introspection_cpp
[9.050s] -- Found rmw_implementation_cmake: 6.1.2 (/opt/ros/humble/share/rmw_implementation_cmake/cmake)
[9.072s] -- Found rmw_fastrtps_cpp: 6.2.9 (/opt/ros/humble/share/rmw_fastrtps_cpp/cmake)
[9.674s] -- Found OpenSSL: /usr/lib/x86_64-linux-gnu/libcrypto.so (found version "3.0.2")  
[9.879s] -- Found FastRTPS: /opt/ros/humble/include  
[10.205s] -- Using RMW implementation 'rmw_fastrtps_cpp' as default
[10.276s] -- Looking for pthread.h
[10.676s] -- Looking for pthread.h - found
[10.677s] -- Performing Test CMAKE_HAVE_LIBC_PTHREAD
[11.081s] -- Performing Test CMAKE_HAVE_LIBC_PTHREAD - Success
[11.087s] -- Found Threads: TRUE  
[11.389s] -- Found gazebo_ros: 3.9.0 (/opt/ros/humble/share/gazebo_ros/cmake)
[11.470s] -- Checking for module 'bullet>=2.82'
[11.563s] --   Found bullet, version 3.05
[12.439s] -- Found fcl: /usr/include (found suitable version "0.7.0", minimum required is "0.5.0") 
[12.792s] -- Found assimp: /usr/include (found version "5.2.0") 
[12.967s] -- Found DART: /usr/include (Required is at least version "6.6") found components: dart 
[13.182s] -- Found Boost: /usr/lib/x86_64-linux-gnu/cmake/Boost-1.74.0/BoostConfig.cmake (found suitable version "1.74.0", minimum required is "1.40.0") found components: thread system filesystem program_options regex iostreams date_time 
[13.260s] -- Found Protobuf: /usr/lib/x86_64-linux-gnu/libprotobuf.so (found version "3.12.4") 
[13.313s] -- Looking for ignition-math6 -- found version 6.15.1
[13.356s] -- Searching for dependencies of ignition-math6
[13.363s] -- Looking for OGRE...
[13.365s] -- OGRE_PREFIX_WATCH changed.
[13.395s] -- Checking for module 'OGRE'
[13.485s] --   Found OGRE, version 1.9.0
[13.715s] -- Found Ogre Ghadamon (1.9.0)
[13.809s] -- Looking for OGRE_Paging...
[13.847s] -- Found OGRE_Paging: optimized;/usr/lib/x86_64-linux-gnu/libOgrePaging.so;debug;/usr/lib/x86_64-linux-gnu/libOgrePaging.so
[13.847s] -- Looking for OGRE_Terrain...
[13.884s] -- Found OGRE_Terrain: optimized;/usr/lib/x86_64-linux-gnu/libOgreTerrain.so;debug;/usr/lib/x86_64-linux-gnu/libOgreTerrain.so
[13.885s] -- Looking for OGRE_Property...
[13.921s] -- Found OGRE_Property: optimized;/usr/lib/x86_64-linux-gnu/libOgreProperty.so;debug;/usr/lib/x86_64-linux-gnu/libOgreProperty.so
[13.922s] -- Looking for OGRE_RTShaderSystem...
[13.958s] -- Found OGRE_RTShaderSystem: optimized;/usr/lib/x86_64-linux-gnu/libOgreRTShaderSystem.so;debug;/usr/lib/x86_64-linux-gnu/libOgreRTShaderSystem.so
[13.959s] -- Looking for OGRE_Volume...
[13.998s] -- Found OGRE_Volume: optimized;/usr/lib/x86_64-linux-gnu/libOgreVolume.so;debug;/usr/lib/x86_64-linux-gnu/libOgreVolume.so
[13.998s] -- Looking for OGRE_Overlay...
[14.036s] -- Found OGRE_Overlay: optimized;/usr/lib/x86_64-linux-gnu/libOgreOverlay.so;debug;/usr/lib/x86_64-linux-gnu/libOgreOverlay.so
[15.021s] -- Looking for ignition-math6 -- found version 6.15.1
[15.045s] -- Looking for ignition-transport8 -- found version 8.2.1
[15.047s] -- Searching for dependencies of ignition-transport8
[15.201s] -- Found Protobuf: /usr/lib/x86_64-linux-gnu/libprotobuf.so (found suitable version "3.12.4", minimum required is "3") 
[15.322s] -- Config-file not installed for ZeroMQ -- checking for pkg-config
[15.352s] -- Checking for module 'libzmq >= 4'
[15.445s] --   Found libzmq , version 4.3.4
[15.703s] -- Found ZeroMQ: TRUE (Required is at least version "4") 
[15.737s] -- Checking for module 'uuid'
[15.827s] --   Found uuid, version 2.37.2
[16.057s] -- Found UUID: TRUE  
[16.081s] -- Looking for ignition-msgs5 -- found version 5.8.1
[16.085s] -- Searching for dependencies of ignition-msgs5
[16.251s] -- Looking for ignition-math6 -- found version 6.15.1
[16.283s] -- Checking for module 'tinyxml2'
[16.377s] --   Found tinyxml2, version 9.0.0
[16.612s] -- Looking for ignition-msgs5 -- found version 5.8.1
[16.636s] -- Looking for ignition-common3 -- found version 3.14.0
[16.639s] -- Searching for dependencies of ignition-common3
[16.641s] -- Looking for dlfcn.h - found
[16.645s] -- Looking for libdl - found
[16.651s] -- Found DL: TRUE  
[16.722s] -- Found tinyobjloader: /usr/lib/x86_64-linux-gnu/cmake/tinyobjloader/tinyobjloader-config.cmake (found version "2.0.0") 
[16.725s] -- Searching for <ignition-common3> component [graphics]
[16.748s] -- Looking for ignition-common3-graphics -- found version 3.14.0
[16.751s] -- Searching for dependencies of ignition-common3-graphics
[16.753s] -- Looking for ignition-math6 -- found version 6.15.1
[16.780s] -- Looking for ignition-fuel_tools4 -- found version 4.4.0
[16.782s] -- Searching for dependencies of ignition-fuel_tools4
[17.409s] -- Found CURL: /usr/lib/x86_64-linux-gnu/libcurl.so (found version "7.81.0")  
[17.483s] -- Checking for module 'jsoncpp'
[17.605s] --   Found jsoncpp, version 1.9.5
[17.857s] -- Found JSONCPP: TRUE  
[17.897s] -- Checking for module 'libzip'
[17.993s] --   Found libzip, version 1.7.3
[18.203s] -- Found ZIP: TRUE  
[18.206s] -- Looking for ignition-common3 -- found version 3.14.0
[18.208s] -- Looking for ignition-math6 -- found version 6.15.1
[18.210s] -- Looking for ignition-msgs5 -- found version 5.8.1
[18.237s] -- Gazebo version: 11.10
[18.238s] -- Checking for module 'tbb'
[18.331s] --   Found tbb, version 2021.5.0
[18.657s] [31mCMake Error at CMakeLists.txt:19 (find_package):
[18.658s]   By not providing "Findgazebo_plugins.cmake" in CMAKE_MODULE_PATH this
[18.659s]   project has asked CMake to find a package configuration file provided by
[18.659s]   "gazebo_plugins", but CMake did not find one.
[18.659s] 
[18.660s]   Could not find a package configuration file provided by "gazebo_plugins"
[18.660s]   with any of the following names:
[18.661s] 
[18.661s]     gazebo_pluginsConfig.cmake
[18.662s]     gazebo_plugins-config.cmake
[18.662s] 
[18.663s]   Add the installation prefix of "gazebo_plugins" to CMAKE_PREFIX_PATH or set
[18.663s]   "gazebo_plugins_DIR" to a directory containing one of the above files.  If
[18.664s]   "gazebo_plugins" provides a separate development package or SDK, be sure it
[18.664s]   has been installed.
[18.665s] 
[18.665s] [0m
[18.666s] -- Configuring incomplete, errors occurred!
[18.666s] See also "/home/user/PPO_drone_Gazebo_ROS2/build/sjtu_drone_description/CMakeFiles/CMakeOutput.log".
