[3.425s] Invoking command in '/home/user/PPO_drone_Gazebo_ROS2/build/mml_guidance': PYTHONPATH=/home/user/PPO_drone_Gazebo_ROS2/build/mml_guidance/prefix_override:/usr/lib/python3/dist-packages/colcon_core/task/python/colcon_distutils_commands:/home/user/PPO_drone_Gazebo_ROS2/install/mml_guidance/lib/python3.10/site-packages:${PYTHONPATH} /usr/bin/python3 -W ignore:setup.py install is deprecated -W ignore:easy_install command is deprecated setup.py develop --editable --build-directory /home/user/PPO_drone_Gazebo_ROS2/build/mml_guidance/build --no-deps symlink_data
[4.786s] running develop
[5.692s] running egg_info
[5.693s] creating mml_guidance.egg-info
[5.693s] writing mml_guidance.egg-info/PKG-INFO
[5.695s] writing dependency_links to mml_guidance.egg-info/dependency_links.txt
[5.696s] writing entry points to mml_guidance.egg-info/entry_points.txt
[5.696s] writing requirements to mml_guidance.egg-info/requires.txt
[5.697s] writing top-level names to mml_guidance.egg-info/top_level.txt
[5.697s] writing manifest file 'mml_guidance.egg-info/SOURCES.txt'
[5.706s] reading manifest file 'mml_guidance.egg-info/SOURCES.txt'
[5.709s] writing manifest file 'mml_guidance.egg-info/SOURCES.txt'
[5.716s] running build_ext
[5.716s] Creating /home/user/PPO_drone_Gazebo_ROS2/install/mml_guidance/lib/python3.10/site-packages/mml-guidance.egg-link (link to .)
[5.720s] Installing guidance script to /home/user/PPO_drone_Gazebo_ROS2/install/mml_guidance/lib/mml_guidance
[5.720s] Installing markov_goal_pose script to /home/user/PPO_drone_Gazebo_ROS2/install/mml_guidance/lib/mml_guidance
[5.721s] Installing mml_pf_visualization script to /home/user/PPO_drone_Gazebo_ROS2/install/mml_guidance/lib/mml_guidance
[5.722s] Installing rl_gazebo_multi_tracker script to /home/user/PPO_drone_Gazebo_ROS2/install/mml_guidance/lib/mml_guidance
[5.723s] 
[5.723s] Installed /home/user/PPO_drone_Gazebo_ROS2/build/mml_guidance
[5.724s] running symlink_data
[5.724s] creating /home/user/PPO_drone_Gazebo_ROS2/install/mml_guidance/share/ament_index
[5.724s] creating /home/user/PPO_drone_Gazebo_ROS2/install/mml_guidance/share/ament_index/resource_index
[5.725s] creating /home/user/PPO_drone_Gazebo_ROS2/install/mml_guidance/share/ament_index/resource_index/packages
[5.725s] symbolically linking /home/user/PPO_drone_Gazebo_ROS2/build/mml_guidance/resource/mml_guidance -> /home/user/PPO_drone_Gazebo_ROS2/install/mml_guidance/share/ament_index/resource_index/packages
[5.725s] symbolically linking /home/user/PPO_drone_Gazebo_ROS2/build/mml_guidance/package.xml -> /home/user/PPO_drone_Gazebo_ROS2/install/mml_guidance/share/mml_guidance
[5.726s] creating /home/user/PPO_drone_Gazebo_ROS2/install/mml_guidance/share/mml_guidance/launch
[5.726s] symbolically linking /home/user/PPO_drone_Gazebo_ROS2/build/mml_guidance/launch/boundary_test.launch.py -> /home/user/PPO_drone_Gazebo_ROS2/install/mml_guidance/share/mml_guidance/launch
[5.727s] symbolically linking /home/user/PPO_drone_Gazebo_ROS2/build/mml_guidance/launch/april_hardware.launch.py -> /home/user/PPO_drone_Gazebo_ROS2/install/mml_guidance/share/mml_guidance/launch
[5.727s] symbolically linking /home/user/PPO_drone_Gazebo_ROS2/build/mml_guidance/launch/rl_tracker.launch.py -> /home/user/PPO_drone_Gazebo_ROS2/install/mml_guidance/share/mml_guidance/launch
[5.727s] symbolically linking /home/user/PPO_drone_Gazebo_ROS2/build/mml_guidance/launch/track_hardware.launch.py -> /home/user/PPO_drone_Gazebo_ROS2/install/mml_guidance/share/mml_guidance/launch
[5.728s] symbolically linking /home/user/PPO_drone_Gazebo_ROS2/build/mml_guidance/launch/sim_experiments.launch.py -> /home/user/PPO_drone_Gazebo_ROS2/install/mml_guidance/share/mml_guidance/launch
[5.728s] symbolically linking /home/user/PPO_drone_Gazebo_ROS2/build/mml_guidance/launch/mml_sim_estimator.launch.py -> /home/user/PPO_drone_Gazebo_ROS2/install/mml_guidance/share/mml_guidance/launch
[5.729s] creating /home/user/PPO_drone_Gazebo_ROS2/install/mml_guidance/share/mml_guidance/config
[5.832s] Invoked command in '/home/user/PPO_drone_Gazebo_ROS2/build/mml_guidance' returned '0': PYTHONPATH=/home/user/PPO_drone_Gazebo_ROS2/build/mml_guidance/prefix_override:/usr/lib/python3/dist-packages/colcon_core/task/python/colcon_distutils_commands:/home/user/PPO_drone_Gazebo_ROS2/install/mml_guidance/lib/python3.10/site-packages:${PYTHONPATH} /usr/bin/python3 -W ignore:setup.py install is deprecated -W ignore:easy_install command is deprecated setup.py develop --editable --build-directory /home/user/PPO_drone_Gazebo_ROS2/build/mml_guidance/build --no-deps symlink_data
