[4.252s] Invoking command in '/home/user/PPO_drone_Gazebo_ROS2/build/sjtu_drone_description': CMAKE_PREFIX_PATH=${CMAKE_PREFIX_PATH}:/home/user/PPO_drone_Gazebo_ROS2/src/install/sjtu_drone_control:/home/user/PPO_drone_Gazebo_ROS2/src/install/sjtu_drone_bringup:/home/user/PPO_drone_Gazebo_ROS2/install/sjtu_drone_control:/home/user/PPO_drone_Gazebo_ROS2/install/sjtu_drone_bringup:/home/user/PPO_drone_Gazebo_ROS2/install/mml_guidance:/opt/ros/humble:/opt/ros/jazzy /usr/bin/cmake /home/user/PPO_drone_Gazebo_ROS2/src/sjtu_drone/sjtu_drone_description -DAMENT_CMAKE_SYMLINK_INSTALL=1 -DCMAKE_INSTALL_PREFIX=/home/user/PPO_drone_Gazebo_ROS2/install/sjtu_drone_description
[4.748s] -- The C compiler identification is GNU 11.4.0
[5.175s] -- The CXX compiler identification is GNU 11.4.0
[5.241s] -- Detecting C compiler ABI info
[5.806s] -- Detecting C compiler ABI info - done
[5.865s] -- Check for working C compiler: /usr/bin/cc - skipped
[5.866s] -- Detecting C compile features
[5.869s] -- Detecting C compile features - done
[5.882s] -- Detecting CXX compiler ABI info
[6.488s] -- Detecting CXX compiler ABI info - done
[6.586s] -- Check for working CXX compiler: /usr/bin/c++ - skipped
[6.588s] -- Detecting CXX compile features
[6.591s] -- Detecting CXX compile features - done
[6.636s] -- Found PkgConfig: /usr/bin/pkg-config (found version "0.29.2") 
[6.636s] -- Checking for module 'OGRE'
[6.793s] --   Found OGRE, version 1.9.0
[7.121s] -- Checking for module 'OGRE-Terrain'
[7.311s] --   Found OGRE-Terrain, version 1.9.0
[7.667s] -- Found ament_cmake: 1.3.12 (/opt/ros/humble/share/ament_cmake/cmake)
[8.876s] -- Found Python3: /usr/bin/python3 (found version "3.10.12") found components: Interpreter 
[9.381s] -- Override CMake install command with custom implementation using symlinks instead of copying resources
[9.804s] -- Found ament_cmake_ros: 0.10.0 (/opt/ros/humble/share/ament_cmake_ros/cmake)
[9.917s] -- Found rclcpp: 16.0.15 (/opt/ros/humble/share/rclcpp/cmake)
[10.466s] -- Found rosidl_generator_c: 3.1.7 (/opt/ros/humble/share/rosidl_generator_c/cmake)
[10.649s] -- Found rosidl_adapter: 3.1.7 (/opt/ros/humble/share/rosidl_adapter/cmake)
[10.686s] -- Found rosidl_generator_cpp: 3.1.7 (/opt/ros/humble/share/rosidl_generator_cpp/cmake)
[10.839s] -- Using all available rosidl_typesupport_c: rosidl_typesupport_fastrtps_c;rosidl_typesupport_introspection_c
[11.097s] -- Using all available rosidl_typesupport_cpp: rosidl_typesupport_fastrtps_cpp;rosidl_typesupport_introspection_cpp
[11.723s] -- Found rmw_implementation_cmake: 6.1.2 (/opt/ros/humble/share/rmw_implementation_cmake/cmake)
[11.724s] -- Found rmw_fastrtps_cpp: 6.2.9 (/opt/ros/humble/share/rmw_fastrtps_cpp/cmake)
[12.538s] -- Found OpenSSL: /usr/lib/x86_64-linux-gnu/libcrypto.so (found version "3.0.2")  
[12.802s] -- Found FastRTPS: /opt/ros/humble/include  
[13.315s] -- Using RMW implementation 'rmw_fastrtps_cpp' as default
[13.408s] -- Looking for pthread.h
[13.865s] -- Looking for pthread.h - found
[13.866s] -- Performing Test CMAKE_HAVE_LIBC_PTHREAD
[14.262s] -- Performing Test CMAKE_HAVE_LIBC_PTHREAD - Success
[14.270s] -- Found Threads: TRUE  
[14.569s] -- Found gazebo_ros: 3.9.0 (/opt/ros/humble/share/gazebo_ros/cmake)
[14.648s] -- Checking for module 'bullet>=2.82'
[14.737s] --   Found bullet, version 3.05
[15.489s] -- Found fcl: /usr/include (found suitable version "0.7.0", minimum required is "0.5.0") 
[15.839s] -- Found assimp: /usr/include (found version "5.2.0") 
[16.002s] -- Found DART: /usr/include (Required is at least version "6.6") found components: dart 
[16.201s] -- Found Boost: /usr/lib/x86_64-linux-gnu/cmake/Boost-1.74.0/BoostConfig.cmake (found suitable version "1.74.0", minimum required is "1.40.0") found components: thread system filesystem program_options regex iostreams date_time 
[16.281s] -- Found Protobuf: /usr/lib/x86_64-linux-gnu/libprotobuf.so (found version "3.12.4") 
[16.327s] -- Looking for ignition-math6 -- found version 6.15.1
[16.366s] -- Searching for dependencies of ignition-math6
[16.374s] -- Looking for OGRE...
[16.376s] -- OGRE_PREFIX_WATCH changed.
[16.410s] -- Checking for module 'OGRE'
[16.493s] --   Found OGRE, version 1.9.0
[16.703s] -- Found Ogre Ghadamon (1.9.0)
[16.798s] -- Looking for OGRE_Paging...
[16.831s] -- Found OGRE_Paging: optimized;/usr/lib/x86_64-linux-gnu/libOgrePaging.so;debug;/usr/lib/x86_64-linux-gnu/libOgrePaging.so
[16.832s] -- Looking for OGRE_Terrain...
[16.867s] -- Found OGRE_Terrain: optimized;/usr/lib/x86_64-linux-gnu/libOgreTerrain.so;debug;/usr/lib/x86_64-linux-gnu/libOgreTerrain.so
[16.867s] -- Looking for OGRE_Property...
[16.907s] -- Found OGRE_Property: optimized;/usr/lib/x86_64-linux-gnu/libOgreProperty.so;debug;/usr/lib/x86_64-linux-gnu/libOgreProperty.so
[16.908s] -- Looking for OGRE_RTShaderSystem...
[16.940s] -- Found OGRE_RTShaderSystem: optimized;/usr/lib/x86_64-linux-gnu/libOgreRTShaderSystem.so;debug;/usr/lib/x86_64-linux-gnu/libOgreRTShaderSystem.so
[16.941s] -- Looking for OGRE_Volume...
[16.979s] -- Found OGRE_Volume: optimized;/usr/lib/x86_64-linux-gnu/libOgreVolume.so;debug;/usr/lib/x86_64-linux-gnu/libOgreVolume.so
[16.980s] -- Looking for OGRE_Overlay...
[17.018s] -- Found OGRE_Overlay: optimized;/usr/lib/x86_64-linux-gnu/libOgreOverlay.so;debug;/usr/lib/x86_64-linux-gnu/libOgreOverlay.so
[18.003s] -- Looking for ignition-math6 -- found version 6.15.1
[18.024s] -- Looking for ignition-transport8 -- found version 8.2.1
[18.026s] -- Searching for dependencies of ignition-transport8
[18.168s] -- Found Protobuf: /usr/lib/x86_64-linux-gnu/libprotobuf.so (found suitable version "3.12.4", minimum required is "3") 
[18.288s] -- Config-file not installed for ZeroMQ -- checking for pkg-config
[18.314s] -- Checking for module 'libzmq >= 4'
[18.397s] --   Found libzmq , version 4.3.4
[18.632s] -- Found ZeroMQ: TRUE (Required is at least version "4") 
[18.664s] -- Checking for module 'uuid'
[18.754s] --   Found uuid, version 2.37.2
[18.960s] -- Found UUID: TRUE  
[18.989s] -- Looking for ignition-msgs5 -- found version 5.8.1
[18.993s] -- Searching for dependencies of ignition-msgs5
[19.148s] -- Looking for ignition-math6 -- found version 6.15.1
[19.176s] -- Checking for module 'tinyxml2'
[19.266s] --   Found tinyxml2, version 9.0.0
[19.478s] -- Looking for ignition-msgs5 -- found version 5.8.1
[19.502s] -- Looking for ignition-common3 -- found version 3.14.0
[19.505s] -- Searching for dependencies of ignition-common3
[19.507s] -- Looking for dlfcn.h - found
[19.510s] -- Looking for libdl - found
[19.516s] -- Found DL: TRUE  
[19.598s] -- Found tinyobjloader: /usr/lib/x86_64-linux-gnu/cmake/tinyobjloader/tinyobjloader-config.cmake (found version "2.0.0") 
[19.600s] -- Searching for <ignition-common3> component [graphics]
[19.621s] -- Looking for ignition-common3-graphics -- found version 3.14.0
[19.623s] -- Searching for dependencies of ignition-common3-graphics
[19.625s] -- Looking for ignition-math6 -- found version 6.15.1
[19.648s] -- Looking for ignition-fuel_tools4 -- found version 4.4.0
[19.650s] -- Searching for dependencies of ignition-fuel_tools4
[20.170s] -- Found CURL: /usr/lib/x86_64-linux-gnu/libcurl.so (found version "7.81.0")  
[20.226s] -- Checking for module 'jsoncpp'
[20.311s] --   Found jsoncpp, version 1.9.5
[20.526s] -- Found JSONCPP: TRUE  
[20.562s] -- Checking for module 'libzip'
[20.645s] --   Found libzip, version 1.7.3
[20.854s] -- Found ZIP: TRUE  
[20.856s] -- Looking for ignition-common3 -- found version 3.14.0
[20.857s] -- Looking for ignition-math6 -- found version 6.15.1
[20.859s] -- Looking for ignition-msgs5 -- found version 5.8.1
[20.885s] -- Gazebo version: 11.10
[20.887s] -- Checking for module 'tbb'
[20.972s] --   Found tbb, version 2021.5.0
[21.192s] -- Found gazebo_plugins: 3.9.0 (/opt/ros/humble/share/gazebo_plugins/cmake)
[21.513s] -- Found sensor_msgs: 4.9.0 (/opt/ros/humble/share/sensor_msgs/cmake)
[21.603s] -- Found nav_msgs: 4.9.0 (/opt/ros/humble/share/nav_msgs/cmake)
[21.692s] -- Found tf2: 0.25.16 (/opt/ros/humble/share/tf2/cmake)
[21.784s] -- Found tf2_ros: 0.25.16 (/opt/ros/humble/share/tf2_ros/cmake)
[22.341s] -- Found tf2_geometry_msgs: 0.25.16 (/opt/ros/humble/share/tf2_geometry_msgs/cmake)
[22.408s] -- Found eigen3_cmake_module: 0.1.1 (/opt/ros/humble/share/eigen3_cmake_module/cmake)
[22.414s] -- Found Eigen3: TRUE (found version "3.4.0") 
[22.414s] -- Ensuring Eigen3 include directory is part of orocos-kdl CMake target
[22.495s] -- Found ament_lint_auto: 0.12.14 (/opt/ros/humble/share/ament_lint_auto/cmake)
[23.088s] -- Added test 'cppcheck' to perform static code analysis on C / C++ code
[23.092s] -- Configured cppcheck include dirs: /home/user/PPO_drone_Gazebo_ROS2/src/sjtu_drone/sjtu_drone_description/include;$<BUILD_INTERFACE:/home/user/PPO_drone_Gazebo_ROS2/src/sjtu_drone/sjtu_drone_description/include>
[23.092s] -- Configured cppcheck exclude dirs and/or files: 
[23.100s] -- Added test 'lint_cmake' to check CMake code style
[23.114s] -- Added test 'uncrustify' to check C / C++ code style
[23.114s] -- Configured uncrustify additional arguments: 
[23.119s] -- Added test 'xmllint' to check XML markup files
[23.136s] -- Configuring done
[23.444s] -- Generating done
[23.472s] -- Build files have been written to: /home/user/PPO_drone_Gazebo_ROS2/build/sjtu_drone_description
[23.528s] Invoked command in '/home/user/PPO_drone_Gazebo_ROS2/build/sjtu_drone_description' returned '0': CMAKE_PREFIX_PATH=${CMAKE_PREFIX_PATH}:/home/user/PPO_drone_Gazebo_ROS2/src/install/sjtu_drone_control:/home/user/PPO_drone_Gazebo_ROS2/src/install/sjtu_drone_bringup:/home/user/PPO_drone_Gazebo_ROS2/install/sjtu_drone_control:/home/user/PPO_drone_Gazebo_ROS2/install/sjtu_drone_bringup:/home/user/PPO_drone_Gazebo_ROS2/install/mml_guidance:/opt/ros/humble:/opt/ros/jazzy /usr/bin/cmake /home/user/PPO_drone_Gazebo_ROS2/src/sjtu_drone/sjtu_drone_description -DAMENT_CMAKE_SYMLINK_INSTALL=1 -DCMAKE_INSTALL_PREFIX=/home/user/PPO_drone_Gazebo_ROS2/install/sjtu_drone_description
[23.539s] Invoking command in '/home/user/PPO_drone_Gazebo_ROS2/build/sjtu_drone_description': CMAKE_PREFIX_PATH=${CMAKE_PREFIX_PATH}:/home/user/PPO_drone_Gazebo_ROS2/src/install/sjtu_drone_control:/home/user/PPO_drone_Gazebo_ROS2/src/install/sjtu_drone_bringup:/home/user/PPO_drone_Gazebo_ROS2/install/sjtu_drone_control:/home/user/PPO_drone_Gazebo_ROS2/install/sjtu_drone_bringup:/home/user/PPO_drone_Gazebo_ROS2/install/mml_guidance:/opt/ros/humble:/opt/ros/jazzy /usr/bin/cmake --build /home/user/PPO_drone_Gazebo_ROS2/build/sjtu_drone_description -- -j8 -l8
[23.820s] [35m[1mConsolidate compiler generated dependencies of target plugin_drone[0m
[24.161s] [100%] Built target plugin_drone
[24.218s] Invoked command in '/home/user/PPO_drone_Gazebo_ROS2/build/sjtu_drone_description' returned '0': CMAKE_PREFIX_PATH=${CMAKE_PREFIX_PATH}:/home/user/PPO_drone_Gazebo_ROS2/src/install/sjtu_drone_control:/home/user/PPO_drone_Gazebo_ROS2/src/install/sjtu_drone_bringup:/home/user/PPO_drone_Gazebo_ROS2/install/sjtu_drone_control:/home/user/PPO_drone_Gazebo_ROS2/install/sjtu_drone_bringup:/home/user/PPO_drone_Gazebo_ROS2/install/mml_guidance:/opt/ros/humble:/opt/ros/jazzy /usr/bin/cmake --build /home/user/PPO_drone_Gazebo_ROS2/build/sjtu_drone_description -- -j8 -l8
[24.227s] Invoking command in '/home/user/PPO_drone_Gazebo_ROS2/build/sjtu_drone_description': CMAKE_PREFIX_PATH=${CMAKE_PREFIX_PATH}:/home/user/PPO_drone_Gazebo_ROS2/src/install/sjtu_drone_control:/home/user/PPO_drone_Gazebo_ROS2/src/install/sjtu_drone_bringup:/home/user/PPO_drone_Gazebo_ROS2/install/sjtu_drone_control:/home/user/PPO_drone_Gazebo_ROS2/install/sjtu_drone_bringup:/home/user/PPO_drone_Gazebo_ROS2/install/mml_guidance:/opt/ros/humble:/opt/ros/jazzy /usr/bin/cmake --install /home/user/PPO_drone_Gazebo_ROS2/build/sjtu_drone_description
[24.266s] -- Install configuration: ""
[24.269s] -- Execute custom install script
[24.272s] -- Up-to-date symlink: /home/user/PPO_drone_Gazebo_ROS2/install/sjtu_drone_description/include/sjtu_drone_description/pid_controller.h
[24.273s] -- Up-to-date symlink: /home/user/PPO_drone_Gazebo_ROS2/install/sjtu_drone_description/include/sjtu_drone_description/plugin_drone.h
[24.273s] -- Up-to-date symlink: /home/user/PPO_drone_Gazebo_ROS2/install/sjtu_drone_description/include/sjtu_drone_description/plugin_drone_private.h
[24.275s] -- Up-to-date symlink: /home/user/PPO_drone_Gazebo_ROS2/install/sjtu_drone_description/share/sjtu_drone_description/environment/library_path.sh
[24.276s] -- Up-to-date symlink: /home/user/PPO_drone_Gazebo_ROS2/install/sjtu_drone_description/share/sjtu_drone_description/environment/library_path.dsv
[24.278s] -- Up-to-date symlink: /home/user/PPO_drone_Gazebo_ROS2/install/sjtu_drone_description/share/sjtu_drone_description/models/database.config
[24.279s] -- Up-to-date symlink: /home/user/PPO_drone_Gazebo_ROS2/install/sjtu_drone_description/share/sjtu_drone_description/models/sjtu_drone/model.config
[24.280s] -- Up-to-date symlink: /home/user/PPO_drone_Gazebo_ROS2/install/sjtu_drone_description/share/sjtu_drone_description/models/sjtu_drone/quadrotor_4.dae
[24.281s] -- Up-to-date symlink: /home/user/PPO_drone_Gazebo_ROS2/install/sjtu_drone_description/share/sjtu_drone_description/models/sjtu_drone/quadrotor_4.stl
[24.282s] -- Up-to-date symlink: /home/user/PPO_drone_Gazebo_ROS2/install/sjtu_drone_description/share/sjtu_drone_description/models/sjtu_drone/sjtu_drone.sdf
[24.284s] -- Up-to-date symlink: /home/user/PPO_drone_Gazebo_ROS2/install/sjtu_drone_description/share/sjtu_drone_description/urdf/sjtu_drone.urdf
[24.285s] -- Up-to-date symlink: /home/user/PPO_drone_Gazebo_ROS2/install/sjtu_drone_description/share/sjtu_drone_description/urdf/sjtu_drone.urdf.xacro
[24.286s] -- Up-to-date symlink: /home/user/PPO_drone_Gazebo_ROS2/install/sjtu_drone_description/share/sjtu_drone_description/worlds/playground.world
[24.288s] -- Up-to-date symlink: /home/user/PPO_drone_Gazebo_ROS2/install/sjtu_drone_description/share/ament_index/resource_index/package_run_dependencies/sjtu_drone_description
[24.289s] -- Up-to-date symlink: /home/user/PPO_drone_Gazebo_ROS2/install/sjtu_drone_description/share/ament_index/resource_index/parent_prefix_path/sjtu_drone_description
[24.290s] -- Up-to-date symlink: /home/user/PPO_drone_Gazebo_ROS2/install/sjtu_drone_description/share/sjtu_drone_description/environment/ament_prefix_path.sh
[24.291s] -- Up-to-date symlink: /home/user/PPO_drone_Gazebo_ROS2/install/sjtu_drone_description/share/sjtu_drone_description/environment/ament_prefix_path.dsv
[24.293s] -- Up-to-date symlink: /home/user/PPO_drone_Gazebo_ROS2/install/sjtu_drone_description/share/sjtu_drone_description/environment/path.sh
[24.294s] -- Up-to-date symlink: /home/user/PPO_drone_Gazebo_ROS2/install/sjtu_drone_description/share/sjtu_drone_description/environment/path.dsv
[24.295s] -- Up-to-date symlink: /home/user/PPO_drone_Gazebo_ROS2/install/sjtu_drone_description/share/sjtu_drone_description/local_setup.bash
[24.296s] -- Up-to-date symlink: /home/user/PPO_drone_Gazebo_ROS2/install/sjtu_drone_description/share/sjtu_drone_description/local_setup.sh
[24.297s] -- Up-to-date symlink: /home/user/PPO_drone_Gazebo_ROS2/install/sjtu_drone_description/share/sjtu_drone_description/local_setup.zsh
[24.299s] -- Up-to-date symlink: /home/user/PPO_drone_Gazebo_ROS2/install/sjtu_drone_description/share/sjtu_drone_description/local_setup.dsv
[24.299s] -- Symlinking: /home/user/PPO_drone_Gazebo_ROS2/install/sjtu_drone_description/share/sjtu_drone_description/package.dsv
[24.346s] -- Up-to-date symlink: /home/user/PPO_drone_Gazebo_ROS2/install/sjtu_drone_description/share/ament_index/resource_index/packages/sjtu_drone_description
[24.347s] -- Up-to-date symlink: /home/user/PPO_drone_Gazebo_ROS2/install/sjtu_drone_description/share/sjtu_drone_description/cmake/ament_cmake_export_include_directories-extras.cmake
[24.348s] -- Up-to-date symlink: /home/user/PPO_drone_Gazebo_ROS2/install/sjtu_drone_description/share/sjtu_drone_description/cmake/ament_cmake_export_libraries-extras.cmake
[24.349s] -- Up-to-date symlink: /home/user/PPO_drone_Gazebo_ROS2/install/sjtu_drone_description/share/sjtu_drone_description/cmake/ament_cmake_export_targets-extras.cmake
[24.349s] -- Up-to-date symlink: /home/user/PPO_drone_Gazebo_ROS2/install/sjtu_drone_description/share/sjtu_drone_description/cmake/sjtu_drone_descriptionConfig.cmake
[24.350s] -- Up-to-date symlink: /home/user/PPO_drone_Gazebo_ROS2/install/sjtu_drone_description/share/sjtu_drone_description/cmake/sjtu_drone_descriptionConfig-version.cmake
[24.351s] -- Up-to-date symlink: /home/user/PPO_drone_Gazebo_ROS2/install/sjtu_drone_description/share/sjtu_drone_description/package.xml
[24.352s] -- Up-to-date: /home/user/PPO_drone_Gazebo_ROS2/install/sjtu_drone_description/lib/libplugin_drone.so
[24.354s] -- Up-to-date: /home/user/PPO_drone_Gazebo_ROS2/install/sjtu_drone_description/share/sjtu_drone_description/cmake/export_sjtu_drone_descriptionExport.cmake
[24.355s] -- Up-to-date: /home/user/PPO_drone_Gazebo_ROS2/install/sjtu_drone_description/share/sjtu_drone_description/cmake/export_sjtu_drone_descriptionExport-noconfig.cmake
[24.366s] Invoked command in '/home/user/PPO_drone_Gazebo_ROS2/build/sjtu_drone_description' returned '0': CMAKE_PREFIX_PATH=${CMAKE_PREFIX_PATH}:/home/user/PPO_drone_Gazebo_ROS2/src/install/sjtu_drone_control:/home/user/PPO_drone_Gazebo_ROS2/src/install/sjtu_drone_bringup:/home/user/PPO_drone_Gazebo_ROS2/install/sjtu_drone_control:/home/user/PPO_drone_Gazebo_ROS2/install/sjtu_drone_bringup:/home/user/PPO_drone_Gazebo_ROS2/install/mml_guidance:/opt/ros/humble:/opt/ros/jazzy /usr/bin/cmake --install /home/user/PPO_drone_Gazebo_ROS2/build/sjtu_drone_description
