[0.007s] Invoking command in '/home/basestation/ros2_ws/build/drive_drone': CMAKE_PREFIX_PATH=${CMAKE_PREFIX_PATH}:/home/basestation/base_ws/install/ros2_shared:/home/basestation/base_ws/install/robot_pid:/home/basestation/base_ws/install/mocap_fake_radar:/home/basestation/base_ws/install/magnav_viz:/home/basestation/base_ws/install/magnav_pf:/home/basestation/base_ws/install/magnav_entmap:/home/basestation/base_ws/install/mag_mapping:/home/basestation/base_ws/install/info_magnav:/home/basestation/base_ws/install/homography_node:/home/basestation/base_ws/install/drone_launch:/home/basestation/base_ws/install/camera_detector:/home/basestation/base_ws/install/base_launch:/home/basestation/magnav_sim_ws/install/nn_data_collector:/home/basestation/magnav_sim_ws/install/magnav_nn_sim:/opt/ros/humble /usr/bin/cmake /home/basestation/ros2_ws/src/drive_drone -DCMAKE_INSTALL_PREFIX=/home/basestation/ros2_ws/install/drive_drone
[0.123s] -- The C compiler identification is GNU 11.4.0
[0.167s] -- The CXX compiler identification is GNU 11.4.0
[0.173s] -- Detecting C compiler ABI info
[0.215s] -- Detecting C compiler ABI info - done
[0.224s] -- Check for working C compiler: /usr/bin/cc - skipped
[0.225s] -- Detecting C compile features
[0.226s] -- Detecting C compile features - done
[0.234s] -- Detecting CXX compiler ABI info
[0.279s] -- Detecting CXX compiler ABI info - done
[0.288s] -- Check for working CXX compiler: /usr/bin/c++ - skipped
[0.288s] -- Detecting CXX compile features
[0.289s] -- Detecting CXX compile features - done
[0.297s] -- Found ament_cmake: 1.3.12 (/opt/ros/humble/share/ament_cmake/cmake)
[0.416s] -- Found Python3: /usr/bin/python3 (found version "3.10.12") found components: Interpreter
[0.504s] -- Found rclcpp: 16.0.15 (/opt/ros/humble/share/rclcpp/cmake)
[0.551s] -- Found rosidl_generator_c: 3.1.7 (/opt/ros/humble/share/rosidl_generator_c/cmake)
[0.557s] -- Found rosidl_adapter: 3.1.7 (/opt/ros/humble/share/rosidl_adapter/cmake)
[0.565s] -- Found rosidl_generator_cpp: 3.1.7 (/opt/ros/humble/share/rosidl_generator_cpp/cmake)
[0.578s] -- Using all available rosidl_typesupport_c: rosidl_typesupport_fastrtps_c;rosidl_typesupport_introspection_c
[0.594s] -- Using all available rosidl_typesupport_cpp: rosidl_typesupport_fastrtps_cpp;rosidl_typesupport_introspection_cpp
[0.641s] -- Found rmw_implementation_cmake: 6.1.2 (/opt/ros/humble/share/rmw_implementation_cmake/cmake)
[0.644s] -- Found rmw_fastrtps_cpp: 6.2.8 (/opt/ros/humble/share/rmw_fastrtps_cpp/cmake)
[0.721s] -- Found OpenSSL: /usr/lib/x86_64-linux-gnu/libcrypto.so (found version "3.0.2")
[0.749s] -- Found FastRTPS: /opt/ros/humble/include
[0.784s] -- Using RMW implementation 'rmw_fastrtps_cpp' as default
[0.795s] -- Performing Test CMAKE_HAVE_LIBC_PTHREAD
[0.838s] -- Performing Test CMAKE_HAVE_LIBC_PTHREAD - Success
[0.839s] -- Found Threads: TRUE
[0.892s] -- Found geometry_msgs: 4.9.0 (/opt/ros/humble/share/geometry_msgs/cmake)
[0.904s] -- Found sensor_msgs: 4.9.0 (/opt/ros/humble/share/sensor_msgs/cmake)
[0.920s] -- Found nav_msgs: 4.9.0 (/opt/ros/humble/share/nav_msgs/cmake)
[0.937s] -- Found cv_bridge: 3.2.1 (/opt/ros/humble/share/cv_bridge/cmake)
[0.951s] -- Found OpenCV: /usr (found version "4.5.4")
[1.008s] -- Configuring done (1.0s)
[1.024s] -- Generating done (0.0s)
[1.043s] -- Build files have been written to: /home/basestation/ros2_ws/build/drive_drone
[1.049s] Invoked command in '/home/basestation/ros2_ws/build/drive_drone' returned '0': CMAKE_PREFIX_PATH=${CMAKE_PREFIX_PATH}:/home/basestation/base_ws/install/ros2_shared:/home/basestation/base_ws/install/robot_pid:/home/basestation/base_ws/install/mocap_fake_radar:/home/basestation/base_ws/install/magnav_viz:/home/basestation/base_ws/install/magnav_pf:/home/basestation/base_ws/install/magnav_entmap:/home/basestation/base_ws/install/mag_mapping:/home/basestation/base_ws/install/info_magnav:/home/basestation/base_ws/install/homography_node:/home/basestation/base_ws/install/drone_launch:/home/basestation/base_ws/install/camera_detector:/home/basestation/base_ws/install/base_launch:/home/basestation/magnav_sim_ws/install/nn_data_collector:/home/basestation/magnav_sim_ws/install/magnav_nn_sim:/opt/ros/humble /usr/bin/cmake /home/basestation/ros2_ws/src/drive_drone -DCMAKE_INSTALL_PREFIX=/home/basestation/ros2_ws/install/drive_drone
[1.051s] Invoking command in '/home/basestation/ros2_ws/build/drive_drone': CMAKE_PREFIX_PATH=${CMAKE_PREFIX_PATH}:/home/basestation/base_ws/install/ros2_shared:/home/basestation/base_ws/install/robot_pid:/home/basestation/base_ws/install/mocap_fake_radar:/home/basestation/base_ws/install/magnav_viz:/home/basestation/base_ws/install/magnav_pf:/home/basestation/base_ws/install/magnav_entmap:/home/basestation/base_ws/install/mag_mapping:/home/basestation/base_ws/install/info_magnav:/home/basestation/base_ws/install/homography_node:/home/basestation/base_ws/install/drone_launch:/home/basestation/base_ws/install/camera_detector:/home/basestation/base_ws/install/base_launch:/home/basestation/magnav_sim_ws/install/nn_data_collector:/home/basestation/magnav_sim_ws/install/magnav_nn_sim:/opt/ros/humble /usr/bin/cmake --build /home/basestation/ros2_ws/build/drive_drone -- -j24 -l24
[1.076s] [ 25%] Built target p1_b_tb3_follower
[1.077s] [ 37%] [32mBuilding CXX object CMakeFiles/tb3_road_network_mover.dir/src/tb3_road_network_mover.cpp.o[0m
[1.078s] [ 62%] Built target tb3_follower_node
[1.078s] [ 87%] Built target p1_a_drive_node
[5.816s] [100%] [1m[32mLinking CXX executable tb3_road_network_mover[0m
[6.037s] [100%] Built target tb3_road_network_mover
[6.042s] Invoked command in '/home/basestation/ros2_ws/build/drive_drone' returned '0': CMAKE_PREFIX_PATH=${CMAKE_PREFIX_PATH}:/home/basestation/base_ws/install/ros2_shared:/home/basestation/base_ws/install/robot_pid:/home/basestation/base_ws/install/mocap_fake_radar:/home/basestation/base_ws/install/magnav_viz:/home/basestation/base_ws/install/magnav_pf:/home/basestation/base_ws/install/magnav_entmap:/home/basestation/base_ws/install/mag_mapping:/home/basestation/base_ws/install/info_magnav:/home/basestation/base_ws/install/homography_node:/home/basestation/base_ws/install/drone_launch:/home/basestation/base_ws/install/camera_detector:/home/basestation/base_ws/install/base_launch:/home/basestation/magnav_sim_ws/install/nn_data_collector:/home/basestation/magnav_sim_ws/install/magnav_nn_sim:/opt/ros/humble /usr/bin/cmake --build /home/basestation/ros2_ws/build/drive_drone -- -j24 -l24
[6.046s] Invoking command in '/home/basestation/ros2_ws/build/drive_drone': CMAKE_PREFIX_PATH=${CMAKE_PREFIX_PATH}:/home/basestation/base_ws/install/ros2_shared:/home/basestation/base_ws/install/robot_pid:/home/basestation/base_ws/install/mocap_fake_radar:/home/basestation/base_ws/install/magnav_viz:/home/basestation/base_ws/install/magnav_pf:/home/basestation/base_ws/install/magnav_entmap:/home/basestation/base_ws/install/mag_mapping:/home/basestation/base_ws/install/info_magnav:/home/basestation/base_ws/install/homography_node:/home/basestation/base_ws/install/drone_launch:/home/basestation/base_ws/install/camera_detector:/home/basestation/base_ws/install/base_launch:/home/basestation/magnav_sim_ws/install/nn_data_collector:/home/basestation/magnav_sim_ws/install/magnav_nn_sim:/opt/ros/humble /usr/bin/cmake --install /home/basestation/ros2_ws/build/drive_drone
[6.049s] -- Install configuration: ""
[6.049s] -- Up-to-date: /home/basestation/ros2_ws/install/drive_drone/lib/drive_drone/p1_a_drive_node
[6.049s] -- Up-to-date: /home/basestation/ros2_ws/install/drive_drone/lib/drive_drone/p1_b_tb3_follower
[6.049s] -- Up-to-date: /home/basestation/ros2_ws/install/drive_drone/lib/drive_drone/tb3_follower_node
[6.049s] -- Installing: /home/basestation/ros2_ws/install/drive_drone/lib/drive_drone/tb3_road_network_mover
[6.052s] -- Set non-toolchain portion of runtime path of "/home/basestation/ros2_ws/install/drive_drone/lib/drive_drone/tb3_road_network_mover" to ""
[6.052s] -- Up-to-date: /home/basestation/ros2_ws/install/drive_drone/share/drive_drone//launch
[6.052s] -- Up-to-date: /home/basestation/ros2_ws/install/drive_drone/share/drive_drone//launch/p1_b_tb3_drone_gazebo.launch.py
[6.052s] -- Up-to-date: /home/basestation/ros2_ws/install/drive_drone/share/drive_drone//launch/p1_a_drone_fly_gazebo_rviz.launch.py
[6.052s] -- Up-to-date: /home/basestation/ros2_ws/install/drive_drone/share/ament_index/resource_index/package_run_dependencies/drive_drone
[6.052s] -- Up-to-date: /home/basestation/ros2_ws/install/drive_drone/share/ament_index/resource_index/parent_prefix_path/drive_drone
[6.052s] -- Up-to-date: /home/basestation/ros2_ws/install/drive_drone/share/drive_drone/environment/ament_prefix_path.sh
[6.052s] -- Installing: /home/basestation/ros2_ws/install/drive_drone/share/drive_drone/environment/ament_prefix_path.dsv
[6.052s] -- Up-to-date: /home/basestation/ros2_ws/install/drive_drone/share/drive_drone/environment/path.sh
[6.052s] -- Installing: /home/basestation/ros2_ws/install/drive_drone/share/drive_drone/environment/path.dsv
[6.052s] -- Up-to-date: /home/basestation/ros2_ws/install/drive_drone/share/drive_drone/local_setup.bash
[6.052s] -- Up-to-date: /home/basestation/ros2_ws/install/drive_drone/share/drive_drone/local_setup.sh
[6.052s] -- Up-to-date: /home/basestation/ros2_ws/install/drive_drone/share/drive_drone/local_setup.zsh
[6.052s] -- Installing: /home/basestation/ros2_ws/install/drive_drone/share/drive_drone/local_setup.dsv
[6.052s] -- Installing: /home/basestation/ros2_ws/install/drive_drone/share/drive_drone/package.dsv
[6.052s] -- Up-to-date: /home/basestation/ros2_ws/install/drive_drone/share/ament_index/resource_index/packages/drive_drone
[6.052s] -- Up-to-date: /home/basestation/ros2_ws/install/drive_drone/share/drive_drone/cmake/drive_droneConfig.cmake
[6.052s] -- Up-to-date: /home/basestation/ros2_ws/install/drive_drone/share/drive_drone/cmake/drive_droneConfig-version.cmake
[6.052s] -- Up-to-date: /home/basestation/ros2_ws/install/drive_drone/share/drive_drone/package.xml
[6.053s] Invoked command in '/home/basestation/ros2_ws/build/drive_drone' returned '0': CMAKE_PREFIX_PATH=${CMAKE_PREFIX_PATH}:/home/basestation/base_ws/install/ros2_shared:/home/basestation/base_ws/install/robot_pid:/home/basestation/base_ws/install/mocap_fake_radar:/home/basestation/base_ws/install/magnav_viz:/home/basestation/base_ws/install/magnav_pf:/home/basestation/base_ws/install/magnav_entmap:/home/basestation/base_ws/install/mag_mapping:/home/basestation/base_ws/install/info_magnav:/home/basestation/base_ws/install/homography_node:/home/basestation/base_ws/install/drone_launch:/home/basestation/base_ws/install/camera_detector:/home/basestation/base_ws/install/base_launch:/home/basestation/magnav_sim_ws/install/nn_data_collector:/home/basestation/magnav_sim_ws/install/magnav_nn_sim:/opt/ros/humble /usr/bin/cmake --install /home/basestation/ros2_ws/build/drive_drone
