[0.547s] Invoking command in '/home/basestation/ros2_ws/src/sjtu_drone/sjtu_drone_bringup': PYTHONPATH=/home/basestation/ros2_ws/build/sjtu_drone_bringup/prefix_override:/usr/lib/python3/dist-packages/colcon_core/task/python/colcon_distutils_commands:/home/basestation/ros2_ws/install/sjtu_drone_bringup/lib/python3.10/site-packages:${PYTHONPATH} /usr/bin/python3 -W ignore:setup.py install is deprecated -W ignore:easy_install command is deprecated setup.py egg_info --egg-base ../../../build/sjtu_drone_bringup build --build-base /home/basestation/ros2_ws/build/sjtu_drone_bringup/build install --record /home/basestation/ros2_ws/build/sjtu_drone_bringup/install.log --single-version-externally-managed install_data
[0.636s] /home/basestation/.local/lib/python3.10/site-packages/setuptools/_distutils/dist.py:289: UserWarning: Unknown distribution option: 'tests_require'
[0.636s]   warnings.warn(msg)
[0.705s] running egg_info
[0.715s] creating ../../../build/sjtu_drone_bringup/sjtu_drone_bringup.egg-info
[0.716s] writing ../../../build/sjtu_drone_bringup/sjtu_drone_bringup.egg-info/PKG-INFO
[0.716s] writing dependency_links to ../../../build/sjtu_drone_bringup/sjtu_drone_bringup.egg-info/dependency_links.txt
[0.716s] writing entry points to ../../../build/sjtu_drone_bringup/sjtu_drone_bringup.egg-info/entry_points.txt
[0.716s] writing requirements to ../../../build/sjtu_drone_bringup/sjtu_drone_bringup.egg-info/requires.txt
[0.716s] writing top-level names to ../../../build/sjtu_drone_bringup/sjtu_drone_bringup.egg-info/top_level.txt
[0.716s] writing manifest file '../../../build/sjtu_drone_bringup/sjtu_drone_bringup.egg-info/SOURCES.txt'
[0.776s] writing manifest file '../../../build/sjtu_drone_bringup/sjtu_drone_bringup.egg-info/SOURCES.txt'
[0.776s] running build
[0.776s] running build_py
[0.776s] creating /home/basestation/ros2_ws/build/sjtu_drone_bringup/build/lib/sjtu_drone_bringup
[0.776s] copying sjtu_drone_bringup/spawn_drone.py -> /home/basestation/ros2_ws/build/sjtu_drone_bringup/build/lib/sjtu_drone_bringup
[0.776s] copying sjtu_drone_bringup/__init__.py -> /home/basestation/ros2_ws/build/sjtu_drone_bringup/build/lib/sjtu_drone_bringup
[0.776s] running install
[0.779s] running install_lib
[0.789s] creating /home/basestation/ros2_ws/install/sjtu_drone_bringup/lib/python3.10/site-packages/sjtu_drone_bringup
[0.789s] copying /home/basestation/ros2_ws/build/sjtu_drone_bringup/build/lib/sjtu_drone_bringup/spawn_drone.py -> /home/basestation/ros2_ws/install/sjtu_drone_bringup/lib/python3.10/site-packages/sjtu_drone_bringup
[0.789s] copying /home/basestation/ros2_ws/build/sjtu_drone_bringup/build/lib/sjtu_drone_bringup/__init__.py -> /home/basestation/ros2_ws/install/sjtu_drone_bringup/lib/python3.10/site-packages/sjtu_drone_bringup
[0.790s] byte-compiling /home/basestation/ros2_ws/install/sjtu_drone_bringup/lib/python3.10/site-packages/sjtu_drone_bringup/spawn_drone.py to spawn_drone.cpython-310.pyc
[0.790s] byte-compiling /home/basestation/ros2_ws/install/sjtu_drone_bringup/lib/python3.10/site-packages/sjtu_drone_bringup/__init__.py to __init__.cpython-310.pyc
[0.790s] running install_data
[0.790s] creating /home/basestation/ros2_ws/install/sjtu_drone_bringup/share/ament_index/resource_index/packages
[0.790s] copying resource/sjtu_drone_bringup -> /home/basestation/ros2_ws/install/sjtu_drone_bringup/share/ament_index/resource_index/packages
[0.790s] copying package.xml -> /home/basestation/ros2_ws/install/sjtu_drone_bringup/share/sjtu_drone_bringup
[0.790s] creating /home/basestation/ros2_ws/install/sjtu_drone_bringup/share/sjtu_drone_bringup/launch
[0.790s] copying launch/sjtu_drone_bringup.launch.py -> /home/basestation/ros2_ws/install/sjtu_drone_bringup/share/sjtu_drone_bringup/launch
[0.790s] copying launch/sjtu_drone_gazebo.launch.py -> /home/basestation/ros2_ws/install/sjtu_drone_bringup/share/sjtu_drone_bringup/launch
[0.790s] creating /home/basestation/ros2_ws/install/sjtu_drone_bringup/share/sjtu_drone_bringup/rviz
[0.790s] copying rviz/rviz.rviz -> /home/basestation/ros2_ws/install/sjtu_drone_bringup/share/sjtu_drone_bringup/rviz
[0.790s] creating /home/basestation/ros2_ws/install/sjtu_drone_bringup/share/sjtu_drone_bringup/config
[0.790s] copying config/drone.yaml -> /home/basestation/ros2_ws/install/sjtu_drone_bringup/share/sjtu_drone_bringup/config
[0.790s] running install_egg_info
[0.801s] Copying ../../../build/sjtu_drone_bringup/sjtu_drone_bringup.egg-info to /home/basestation/ros2_ws/install/sjtu_drone_bringup/lib/python3.10/site-packages/sjtu_drone_bringup-0.0.0-py3.10.egg-info
[0.801s] running install_scripts
[0.823s] Installing spawn_drone script to /home/basestation/ros2_ws/install/sjtu_drone_bringup/lib/sjtu_drone_bringup
[0.823s] writing list of installed files to '/home/basestation/ros2_ws/build/sjtu_drone_bringup/install.log'
[0.835s] Invoked command in '/home/basestation/ros2_ws/src/sjtu_drone/sjtu_drone_bringup' returned '0': PYTHONPATH=/home/basestation/ros2_ws/build/sjtu_drone_bringup/prefix_override:/usr/lib/python3/dist-packages/colcon_core/task/python/colcon_distutils_commands:/home/basestation/ros2_ws/install/sjtu_drone_bringup/lib/python3.10/site-packages:${PYTHONPATH} /usr/bin/python3 -W ignore:setup.py install is deprecated -W ignore:easy_install command is deprecated setup.py egg_info --egg-base ../../../build/sjtu_drone_bringup build --build-base /home/basestation/ros2_ws/build/sjtu_drone_bringup/build install --record /home/basestation/ros2_ws/build/sjtu_drone_bringup/install.log --single-version-externally-managed install_data
