[0.167s] Invoking command in '/home/user/PPO_drone_Gazebo_ROS2/build/drive_drone': CMAKE_PREFIX_PATH=${CMAKE_PREFIX_PATH}:/home/user/PPO_drone_Gazebo_ROS2/src/install/sjtu_drone_control:/home/user/PPO_drone_Gazebo_ROS2/src/install/sjtu_drone_bringup:/home/user/PPO_drone_Gazebo_ROS2/install/sjtu_drone_control:/home/user/PPO_drone_Gazebo_ROS2/install/sjtu_drone_bringup:/home/user/PPO_drone_Gazebo_ROS2/install/mml_guidance:/opt/ros/humble:/opt/ros/jazzy /usr/bin/cmake /home/user/PPO_drone_Gazebo_ROS2/src/drive_drone -DAMENT_CMAKE_SYMLINK_INSTALL=1 -DCMAKE_INSTALL_PREFIX=/home/user/PPO_drone_Gazebo_ROS2/install/drive_drone
[4.863s] -- The C compiler identification is GNU 11.4.0
[4.865s] -- The CXX compiler identification is GNU 11.4.0
[4.865s] -- Detecting C compiler ABI info
[4.867s] -- Detecting C compiler ABI info - done
[4.870s] -- Check for working C compiler: /usr/bin/cc - skipped
[4.871s] -- Detecting C compile features
[4.876s] -- Detecting C compile features - done
[4.877s] -- Detecting CXX compiler ABI info
[4.877s] -- Detecting CXX compiler ABI info - done
[4.878s] -- Check for working CXX compiler: /usr/bin/c++ - skipped
[4.879s] -- Detecting CXX compile features
[4.880s] -- Detecting CXX compile features - done
[4.883s] -- Found ament_cmake: 1.3.12 (/opt/ros/humble/share/ament_cmake/cmake)
[4.884s] -- Found Python3: /usr/bin/python3 (found version "3.10.12") found components: Interpreter 
[4.889s] -- Override CMake install command with custom implementation using symlinks instead of copying resources
[4.890s] -- Found rclcpp: 16.0.15 (/opt/ros/humble/share/rclcpp/cmake)
[4.891s] -- Found rosidl_generator_c: 3.1.7 (/opt/ros/humble/share/rosidl_generator_c/cmake)
[4.891s] -- Found rosidl_adapter: 3.1.7 (/opt/ros/humble/share/rosidl_adapter/cmake)
[4.899s] -- Found rosidl_generator_cpp: 3.1.7 (/opt/ros/humble/share/rosidl_generator_cpp/cmake)
[4.900s] -- Using all available rosidl_typesupport_c: rosidl_typesupport_fastrtps_c;rosidl_typesupport_introspection_c
[4.901s] -- Using all available rosidl_typesupport_cpp: rosidl_typesupport_fastrtps_cpp;rosidl_typesupport_introspection_cpp
[5.235s] -- Found rmw_implementation_cmake: 6.1.2 (/opt/ros/humble/share/rmw_implementation_cmake/cmake)
[5.298s] -- Found rmw_fastrtps_cpp: 6.2.9 (/opt/ros/humble/share/rmw_fastrtps_cpp/cmake)
[6.781s] -- Found OpenSSL: /usr/lib/x86_64-linux-gnu/libcrypto.so (found version "3.0.2")  
[7.313s] -- Found FastRTPS: /opt/ros/humble/include  
[8.156s] -- Using RMW implementation 'rmw_fastrtps_cpp' as default
[8.402s] -- Looking for pthread.h
[9.445s] -- Looking for pthread.h - found
[9.450s] -- Performing Test CMAKE_HAVE_LIBC_PTHREAD
[10.317s] -- Performing Test CMAKE_HAVE_LIBC_PTHREAD - Success
[10.325s] -- Found Threads: TRUE  
[11.544s] -- Found geometry_msgs: 4.9.0 (/opt/ros/humble/share/geometry_msgs/cmake)
[11.841s] -- Found sensor_msgs: 4.9.0 (/opt/ros/humble/share/sensor_msgs/cmake)
[12.499s] -- Found nav_msgs: 4.9.0 (/opt/ros/humble/share/nav_msgs/cmake)
[13.002s] [31mCMake Error at CMakeLists.txt:15 (find_package):
[13.002s]   By not providing "Findcv_bridge.cmake" in CMAKE_MODULE_PATH this project
[13.003s]   has asked CMake to find a package configuration file provided by
[13.003s]   "cv_bridge", but CMake did not find one.
[13.004s] 
[13.008s]   Could not find a package configuration file provided by "cv_bridge" with
[13.008s]   any of the following names:
[13.009s] 
[13.009s]     cv_bridgeConfig.cmake
[13.010s]     cv_bridge-config.cmake
[13.013s] 
[13.014s]   Add the installation prefix of "cv_bridge" to CMAKE_PREFIX_PATH or set
[13.014s]   "cv_bridge_DIR" to a directory containing one of the above files.  If
[13.015s]   "cv_bridge" provides a separate development package or SDK, be sure it has
[13.018s]   been installed.
[13.019s] 
[13.020s] [0m
[13.020s] -- Configuring incomplete, errors occurred!
[13.021s] See also "/home/user/PPO_drone_Gazebo_ROS2/build/drive_drone/CMakeFiles/CMakeOutput.log".
[13.209s] Invoked command in '/home/user/PPO_drone_Gazebo_ROS2/build/drive_drone' returned '1': CMAKE_PREFIX_PATH=${CMAKE_PREFIX_PATH}:/home/user/PPO_drone_Gazebo_ROS2/src/install/sjtu_drone_control:/home/user/PPO_drone_Gazebo_ROS2/src/install/sjtu_drone_bringup:/home/user/PPO_drone_Gazebo_ROS2/install/sjtu_drone_control:/home/user/PPO_drone_Gazebo_ROS2/install/sjtu_drone_bringup:/home/user/PPO_drone_Gazebo_ROS2/install/mml_guidance:/opt/ros/humble:/opt/ros/jazzy /usr/bin/cmake /home/user/PPO_drone_Gazebo_ROS2/src/drive_drone -DAMENT_CMAKE_SYMLINK_INSTALL=1 -DCMAKE_INSTALL_PREFIX=/home/user/PPO_drone_Gazebo_ROS2/install/drive_drone
