[7.497s] Invoking command in '/home/user/PPO_drone_Gazebo_ROS2/build/sjtu_drone_control': PYTHONPATH=/home/user/PPO_drone_Gazebo_ROS2/build/sjtu_drone_control/prefix_override:/usr/lib/python3/dist-packages/colcon_core/task/python/colcon_distutils_commands:/home/user/PPO_drone_Gazebo_ROS2/install/sjtu_drone_control/lib/python3.10/site-packages:${PYTHONPATH} /usr/bin/python3 -W ignore:setup.py install is deprecated -W ignore:easy_install command is deprecated setup.py develop --editable --build-directory /home/user/PPO_drone_Gazebo_ROS2/build/sjtu_drone_control/build --no-deps symlink_data
[9.725s] running develop
[11.632s] running egg_info
[11.634s] creating sjtu_drone_control.egg-info
[11.634s] writing sjtu_drone_control.egg-info/PKG-INFO
[11.635s] writing dependency_links to sjtu_drone_control.egg-info/dependency_links.txt
[11.635s] writing entry points to sjtu_drone_control.egg-info/entry_points.txt
[11.636s] writing requirements to sjtu_drone_control.egg-info/requires.txt
[11.639s] writing top-level names to sjtu_drone_control.egg-info/top_level.txt
[11.641s] writing manifest file 'sjtu_drone_control.egg-info/SOURCES.txt'
[11.643s] reading manifest file 'sjtu_drone_control.egg-info/SOURCES.txt'
[11.643s] writing manifest file 'sjtu_drone_control.egg-info/SOURCES.txt'
[11.646s] running build_ext
[11.646s] Creating /home/user/PPO_drone_Gazebo_ROS2/install/sjtu_drone_control/lib/python3.10/site-packages/sjtu-drone-control.egg-link (link to .)
[11.658s] Installing drone_position_control script to /home/user/PPO_drone_Gazebo_ROS2/install/sjtu_drone_control/lib/sjtu_drone_control
[11.659s] Installing open_loop_control script to /home/user/PPO_drone_Gazebo_ROS2/install/sjtu_drone_control/lib/sjtu_drone_control
[11.663s] Installing teleop script to /home/user/PPO_drone_Gazebo_ROS2/install/sjtu_drone_control/lib/sjtu_drone_control
[11.668s] Installing teleop_joystick script to /home/user/PPO_drone_Gazebo_ROS2/install/sjtu_drone_control/lib/sjtu_drone_control
[11.670s] 
[11.672s] Installed /home/user/PPO_drone_Gazebo_ROS2/build/sjtu_drone_control
[11.673s] running symlink_data
[11.676s] creating /home/user/PPO_drone_Gazebo_ROS2/install/sjtu_drone_control/share/ament_index
[11.677s] creating /home/user/PPO_drone_Gazebo_ROS2/install/sjtu_drone_control/share/ament_index/resource_index
[11.677s] creating /home/user/PPO_drone_Gazebo_ROS2/install/sjtu_drone_control/share/ament_index/resource_index/packages
[11.681s] symbolically linking /home/user/PPO_drone_Gazebo_ROS2/build/sjtu_drone_control/resource/sjtu_drone_control -> /home/user/PPO_drone_Gazebo_ROS2/install/sjtu_drone_control/share/ament_index/resource_index/packages
[11.682s] symbolically linking /home/user/PPO_drone_Gazebo_ROS2/build/sjtu_drone_control/package.xml -> /home/user/PPO_drone_Gazebo_ROS2/install/sjtu_drone_control/share/sjtu_drone_control
[12.220s] Invoked command in '/home/user/PPO_drone_Gazebo_ROS2/build/sjtu_drone_control' returned '0': PYTHONPATH=/home/user/PPO_drone_Gazebo_ROS2/build/sjtu_drone_control/prefix_override:/usr/lib/python3/dist-packages/colcon_core/task/python/colcon_distutils_commands:/home/user/PPO_drone_Gazebo_ROS2/install/sjtu_drone_control/lib/python3.10/site-packages:${PYTHONPATH} /usr/bin/python3 -W ignore:setup.py install is deprecated -W ignore:easy_install command is deprecated setup.py develop --editable --build-directory /home/user/PPO_drone_Gazebo_ROS2/build/sjtu_drone_control/build --no-deps symlink_data
