[3.413s] Invoking command in '/home/user/PPO_drone_Gazebo_ROS2/build/mml_guidance': PYTHONPATH=/home/user/PPO_drone_Gazebo_ROS2/build/mml_guidance/prefix_override:/usr/lib/python3/dist-packages/colcon_core/task/python/colcon_distutils_commands:/home/user/PPO_drone_Gazebo_ROS2/install/mml_guidance/lib/python3.10/site-packages:${PYTHONPATH} /usr/bin/python3 -W ignore:setup.py install is deprecated -W ignore:easy_install command is deprecated setup.py develop --editable --build-directory /home/user/PPO_drone_Gazebo_ROS2/build/mml_guidance/build --no-deps symlink_data
[4.937s] running develop
[6.017s] running egg_info
[6.018s] writing mml_guidance.egg-info/PKG-INFO
[6.019s] writing dependency_links to mml_guidance.egg-info/dependency_links.txt
[6.020s] writing entry points to mml_guidance.egg-info/entry_points.txt
[6.021s] writing requirements to mml_guidance.egg-info/requires.txt
[6.022s] writing top-level names to mml_guidance.egg-info/top_level.txt
[6.032s] reading manifest file 'mml_guidance.egg-info/SOURCES.txt'
[6.042s] writing manifest file 'mml_guidance.egg-info/SOURCES.txt'
[6.050s] running build_ext
[6.051s] Creating /home/user/PPO_drone_Gazebo_ROS2/install/mml_guidance/lib/python3.10/site-packages/mml-guidance.egg-link (link to .)
[6.056s] Installing guidance script to /home/user/PPO_drone_Gazebo_ROS2/install/mml_guidance/lib/mml_guidance
[6.057s] Installing markov_goal_pose script to /home/user/PPO_drone_Gazebo_ROS2/install/mml_guidance/lib/mml_guidance
[6.059s] Installing mml_pf_visualization script to /home/user/PPO_drone_Gazebo_ROS2/install/mml_guidance/lib/mml_guidance
[6.062s] Installing rl_gazebo_multi_tracker script to /home/user/PPO_drone_Gazebo_ROS2/install/mml_guidance/lib/mml_guidance
[6.062s] 
[6.063s] Installed /home/user/PPO_drone_Gazebo_ROS2/build/mml_guidance
[6.064s] running symlink_data
[6.217s] Invoked command in '/home/user/PPO_drone_Gazebo_ROS2/build/mml_guidance' returned '0': PYTHONPATH=/home/user/PPO_drone_Gazebo_ROS2/build/mml_guidance/prefix_override:/usr/lib/python3/dist-packages/colcon_core/task/python/colcon_distutils_commands:/home/user/PPO_drone_Gazebo_ROS2/install/mml_guidance/lib/python3.10/site-packages:${PYTHONPATH} /usr/bin/python3 -W ignore:setup.py install is deprecated -W ignore:easy_install command is deprecated setup.py develop --editable --build-directory /home/user/PPO_drone_Gazebo_ROS2/build/mml_guidance/build --no-deps symlink_data
