[0.064s] [34mcolcon[0m [1;30mDEBUG[0m [32mCommand line arguments: ['/usr/bin/colcon', 'build', '--symlink-install', '--packages-select-regex', 'sjtu*'][0m
[0.065s] [34mcolcon[0m [1;30mDEBUG[0m [32mParsed command line arguments: Namespace(log_base=None, log_level=None, verb_name='build', build_base='build', install_base='install', merge_install=False, symlink_install=True, test_result_base=None, continue_on_error=False, executor='parallel', parallel_workers=24, event_handlers=None, ignore_user_meta=False, metas=['./colcon.meta'], base_paths=['.'], packages_ignore=None, packages_ignore_regex=None, paths=None, packages_up_to=None, packages_up_to_regex=None, packages_above=None, packages_above_and_dependencies=None, packages_above_depth=None, packages_select_by_dep=None, packages_skip_by_dep=None, packages_skip_up_to=None, packages_select_build_failed=False, packages_skip_build_finished=False, packages_select_test_failures=False, packages_skip_test_passed=False, packages_select=None, packages_skip=None, packages_select_regex=[re.compile('sjtu*')], packages_skip_regex=None, packages_start=None, packages_end=None, allow_overriding=[], cmake_args=None, cmake_target=None, cmake_target_skip_unavailable=False, cmake_clean_cache=False, cmake_clean_first=False, cmake_force_configure=False, ament_cmake_args=None, catkin_cmake_args=None, catkin_skip_building_tests=False, verb_parser=<colcon_defaults.argument_parser.defaults.DefaultArgumentsDecorator object at 0x72ddee7764d0>, verb_extension=<colcon_core.verb.build.BuildVerb object at 0x72ddee775f60>, main=<bound method BuildVerb.main of <colcon_core.verb.build.BuildVerb object at 0x72ddee775f60>>)[0m
[0.205s] [34mcolcon.colcon_core.package_discovery[0m [1;30mLevel 1[0m discover_packages(colcon_meta) check parameters
[0.205s] [34mcolcon.colcon_core.package_discovery[0m [1;30mLevel 1[0m discover_packages(recursive) check parameters
[0.205s] [34mcolcon.colcon_core.package_discovery[0m [1;30mLevel 1[0m discover_packages(ignore) check parameters
[0.205s] [34mcolcon.colcon_core.package_discovery[0m [1;30mLevel 1[0m discover_packages(path) check parameters
[0.205s] [34mcolcon.colcon_core.package_discovery[0m [1;30mLevel 1[0m discover_packages(colcon_meta) discover
[0.205s] [34mcolcon.colcon_core.package_discovery[0m [1;30mLevel 1[0m discover_packages(recursive) discover
[0.205s] [34mcolcon.colcon_core.package_discovery[0m [1;30mINFO[0m Crawling recursively for packages in '/home/basestation/ros2_ws'
[0.206s] [34mcolcon.colcon_core.package_identification[0m [1;30mLevel 1[0m _identify(.) by extensions ['ignore', 'ignore_ament_install']
[0.206s] [34mcolcon.colcon_core.package_identification[0m [1;30mLevel 1[0m _identify(.) by extension 'ignore'
[0.206s] [34mcolcon.colcon_core.package_identification[0m [1;30mLevel 1[0m _identify(.) by extension 'ignore_ament_install'
[0.206s] [34mcolcon.colcon_core.package_identification[0m [1;30mLevel 1[0m _identify(.) by extensions ['colcon_pkg']
[0.206s] [34mcolcon.colcon_core.package_identification[0m [1;30mLevel 1[0m _identify(.) by extension 'colcon_pkg'
[0.206s] [34mcolcon.colcon_core.package_identification[0m [1;30mLevel 1[0m _identify(.) by extensions ['colcon_meta']
[0.206s] [34mcolcon.colcon_core.package_identification[0m [1;30mLevel 1[0m _identify(.) by extension 'colcon_meta'
[0.206s] [34mcolcon.colcon_core.package_identification[0m [1;30mLevel 1[0m _identify(.) by extensions ['ros']
[0.206s] [34mcolcon.colcon_core.package_identification[0m [1;30mLevel 1[0m _identify(.) by extension 'ros'
[0.217s] [34mcolcon.colcon_core.package_identification[0m [1;30mLevel 1[0m _identify(.) by extensions ['cmake', 'python']
[0.217s] [34mcolcon.colcon_core.package_identification[0m [1;30mLevel 1[0m _identify(.) by extension 'cmake'
[0.217s] [34mcolcon.colcon_core.package_identification[0m [1;30mLevel 1[0m _identify(.) by extension 'python'
[0.217s] [34mcolcon.colcon_core.package_identification[0m [1;30mLevel 1[0m _identify(.) by extensions ['python_setup_py']
[0.217s] [34mcolcon.colcon_core.package_identification[0m [1;30mLevel 1[0m _identify(.) by extension 'python_setup_py'
[0.217s] [34mcolcon.colcon_core.package_identification[0m [1;30mLevel 1[0m _identify(build) by extensions ['ignore', 'ignore_ament_install']
[0.217s] [34mcolcon.colcon_core.package_identification[0m [1;30mLevel 1[0m _identify(build) by extension 'ignore'
[0.217s] [34mcolcon.colcon_core.package_identification[0m [1;30mLevel 1[0m _identify(build) ignored
[0.217s] [34mcolcon.colcon_core.package_identification[0m [1;30mLevel 1[0m _identify(install) by extensions ['ignore', 'ignore_ament_install']
[0.217s] [34mcolcon.colcon_core.package_identification[0m [1;30mLevel 1[0m _identify(install) by extension 'ignore'
[0.217s] [34mcolcon.colcon_core.package_identification[0m [1;30mLevel 1[0m _identify(install) ignored
[0.217s] [34mcolcon.colcon_core.package_identification[0m [1;30mLevel 1[0m _identify(log) by extensions ['ignore', 'ignore_ament_install']
[0.217s] [34mcolcon.colcon_core.package_identification[0m [1;30mLevel 1[0m _identify(log) by extension 'ignore'
[0.217s] [34mcolcon.colcon_core.package_identification[0m [1;30mLevel 1[0m _identify(log) ignored
[0.217s] [34mcolcon.colcon_core.package_identification[0m [1;30mLevel 1[0m _identify(src) by extensions ['ignore', 'ignore_ament_install']
[0.217s] [34mcolcon.colcon_core.package_identification[0m [1;30mLevel 1[0m _identify(src) by extension 'ignore'
[0.217s] [34mcolcon.colcon_core.package_identification[0m [1;30mLevel 1[0m _identify(src) by extension 'ignore_ament_install'
[0.217s] [34mcolcon.colcon_core.package_identification[0m [1;30mLevel 1[0m _identify(src) by extensions ['colcon_pkg']
[0.217s] [34mcolcon.colcon_core.package_identification[0m [1;30mLevel 1[0m _identify(src) by extension 'colcon_pkg'
[0.217s] [34mcolcon.colcon_core.package_identification[0m [1;30mLevel 1[0m _identify(src) by extensions ['colcon_meta']
[0.217s] [34mcolcon.colcon_core.package_identification[0m [1;30mLevel 1[0m _identify(src) by extension 'colcon_meta'
[0.217s] [34mcolcon.colcon_core.package_identification[0m [1;30mLevel 1[0m _identify(src) by extensions ['ros']
[0.217s] [34mcolcon.colcon_core.package_identification[0m [1;30mLevel 1[0m _identify(src) by extension 'ros'
[0.217s] [34mcolcon.colcon_core.package_identification[0m [1;30mLevel 1[0m _identify(src) by extensions ['cmake', 'python']
[0.217s] [34mcolcon.colcon_core.package_identification[0m [1;30mLevel 1[0m _identify(src) by extension 'cmake'
[0.217s] [34mcolcon.colcon_core.package_identification[0m [1;30mLevel 1[0m _identify(src) by extension 'python'
[0.217s] [34mcolcon.colcon_core.package_identification[0m [1;30mLevel 1[0m _identify(src) by extensions ['python_setup_py']
[0.217s] [34mcolcon.colcon_core.package_identification[0m [1;30mLevel 1[0m _identify(src) by extension 'python_setup_py'
[0.217s] [34mcolcon.colcon_core.package_identification[0m [1;30mLevel 1[0m _identify(src/sjtu_drone) by extensions ['ignore', 'ignore_ament_install']
[0.217s] [34mcolcon.colcon_core.package_identification[0m [1;30mLevel 1[0m _identify(src/sjtu_drone) by extension 'ignore'
[0.217s] [34mcolcon.colcon_core.package_identification[0m [1;30mLevel 1[0m _identify(src/sjtu_drone) by extension 'ignore_ament_install'
[0.217s] [34mcolcon.colcon_core.package_identification[0m [1;30mLevel 1[0m _identify(src/sjtu_drone) by extensions ['colcon_pkg']
[0.217s] [34mcolcon.colcon_core.package_identification[0m [1;30mLevel 1[0m _identify(src/sjtu_drone) by extension 'colcon_pkg'
[0.217s] [34mcolcon.colcon_core.package_identification[0m [1;30mLevel 1[0m _identify(src/sjtu_drone) by extensions ['colcon_meta']
[0.217s] [34mcolcon.colcon_core.package_identification[0m [1;30mLevel 1[0m _identify(src/sjtu_drone) by extension 'colcon_meta'
[0.217s] [34mcolcon.colcon_core.package_identification[0m [1;30mLevel 1[0m _identify(src/sjtu_drone) by extensions ['ros']
[0.217s] [34mcolcon.colcon_core.package_identification[0m [1;30mLevel 1[0m _identify(src/sjtu_drone) by extension 'ros'
[0.217s] [34mcolcon.colcon_core.package_identification[0m [1;30mLevel 1[0m _identify(src/sjtu_drone) by extensions ['cmake', 'python']
[0.218s] [34mcolcon.colcon_core.package_identification[0m [1;30mLevel 1[0m _identify(src/sjtu_drone) by extension 'cmake'
[0.218s] [34mcolcon.colcon_core.package_identification[0m [1;30mLevel 1[0m _identify(src/sjtu_drone) by extension 'python'
[0.218s] [34mcolcon.colcon_core.package_identification[0m [1;30mLevel 1[0m _identify(src/sjtu_drone) by extensions ['python_setup_py']
[0.218s] [34mcolcon.colcon_core.package_identification[0m [1;30mLevel 1[0m _identify(src/sjtu_drone) by extension 'python_setup_py'
[0.218s] [34mcolcon.colcon_core.package_identification[0m [1;30mLevel 1[0m _identify(src/sjtu_drone/imgs) by extensions ['ignore', 'ignore_ament_install']
[0.218s] [34mcolcon.colcon_core.package_identification[0m [1;30mLevel 1[0m _identify(src/sjtu_drone/imgs) by extension 'ignore'
[0.218s] [34mcolcon.colcon_core.package_identification[0m [1;30mLevel 1[0m _identify(src/sjtu_drone/imgs) by extension 'ignore_ament_install'
[0.218s] [34mcolcon.colcon_core.package_identification[0m [1;30mLevel 1[0m _identify(src/sjtu_drone/imgs) by extensions ['colcon_pkg']
[0.218s] [34mcolcon.colcon_core.package_identification[0m [1;30mLevel 1[0m _identify(src/sjtu_drone/imgs) by extension 'colcon_pkg'
[0.218s] [34mcolcon.colcon_core.package_identification[0m [1;30mLevel 1[0m _identify(src/sjtu_drone/imgs) by extensions ['colcon_meta']
[0.218s] [34mcolcon.colcon_core.package_identification[0m [1;30mLevel 1[0m _identify(src/sjtu_drone/imgs) by extension 'colcon_meta'
[0.218s] [34mcolcon.colcon_core.package_identification[0m [1;30mLevel 1[0m _identify(src/sjtu_drone/imgs) by extensions ['ros']
[0.218s] [34mcolcon.colcon_core.package_identification[0m [1;30mLevel 1[0m _identify(src/sjtu_drone/imgs) by extension 'ros'
[0.218s] [34mcolcon.colcon_core.package_identification[0m [1;30mLevel 1[0m _identify(src/sjtu_drone/imgs) by extensions ['cmake', 'python']
[0.218s] [34mcolcon.colcon_core.package_identification[0m [1;30mLevel 1[0m _identify(src/sjtu_drone/imgs) by extension 'cmake'
[0.218s] [34mcolcon.colcon_core.package_identification[0m [1;30mLevel 1[0m _identify(src/sjtu_drone/imgs) by extension 'python'
[0.218s] [34mcolcon.colcon_core.package_identification[0m [1;30mLevel 1[0m _identify(src/sjtu_drone/imgs) by extensions ['python_setup_py']
[0.218s] [34mcolcon.colcon_core.package_identification[0m [1;30mLevel 1[0m _identify(src/sjtu_drone/imgs) by extension 'python_setup_py'
[0.218s] [34mcolcon.colcon_core.package_identification[0m [1;30mLevel 1[0m _identify(src/sjtu_drone/sjtu_drone_bringup) by extensions ['ignore', 'ignore_ament_install']
[0.218s] [34mcolcon.colcon_core.package_identification[0m [1;30mLevel 1[0m _identify(src/sjtu_drone/sjtu_drone_bringup) by extension 'ignore'
[0.218s] [34mcolcon.colcon_core.package_identification[0m [1;30mLevel 1[0m _identify(src/sjtu_drone/sjtu_drone_bringup) by extension 'ignore_ament_install'
[0.218s] [34mcolcon.colcon_core.package_identification[0m [1;30mLevel 1[0m _identify(src/sjtu_drone/sjtu_drone_bringup) by extensions ['colcon_pkg']
[0.218s] [34mcolcon.colcon_core.package_identification[0m [1;30mLevel 1[0m _identify(src/sjtu_drone/sjtu_drone_bringup) by extension 'colcon_pkg'
[0.218s] [34mcolcon.colcon_core.package_identification[0m [1;30mLevel 1[0m _identify(src/sjtu_drone/sjtu_drone_bringup) by extensions ['colcon_meta']
[0.218s] [34mcolcon.colcon_core.package_identification[0m [1;30mLevel 1[0m _identify(src/sjtu_drone/sjtu_drone_bringup) by extension 'colcon_meta'
[0.218s] [34mcolcon.colcon_core.package_identification[0m [1;30mLevel 1[0m _identify(src/sjtu_drone/sjtu_drone_bringup) by extensions ['ros']
[0.218s] [34mcolcon.colcon_core.package_identification[0m [1;30mLevel 1[0m _identify(src/sjtu_drone/sjtu_drone_bringup) by extension 'ros'
[0.219s] [34mcolcon.colcon_core.package_identification[0m [1;30mDEBUG[0m [32mPackage 'src/sjtu_drone/sjtu_drone_bringup' with type 'ros.ament_python' and name 'sjtu_drone_bringup'[0m
[0.219s] [34mcolcon.colcon_core.package_identification[0m [1;30mLevel 1[0m _identify(src/sjtu_drone/sjtu_drone_control) by extensions ['ignore', 'ignore_ament_install']
[0.220s] [34mcolcon.colcon_core.package_identification[0m [1;30mLevel 1[0m _identify(src/sjtu_drone/sjtu_drone_control) by extension 'ignore'
[0.220s] [34mcolcon.colcon_core.package_identification[0m [1;30mLevel 1[0m _identify(src/sjtu_drone/sjtu_drone_control) by extension 'ignore_ament_install'
[0.220s] [34mcolcon.colcon_core.package_identification[0m [1;30mLevel 1[0m _identify(src/sjtu_drone/sjtu_drone_control) by extensions ['colcon_pkg']
[0.220s] [34mcolcon.colcon_core.package_identification[0m [1;30mLevel 1[0m _identify(src/sjtu_drone/sjtu_drone_control) by extension 'colcon_pkg'
[0.220s] [34mcolcon.colcon_core.package_identification[0m [1;30mLevel 1[0m _identify(src/sjtu_drone/sjtu_drone_control) by extensions ['colcon_meta']
[0.220s] [34mcolcon.colcon_core.package_identification[0m [1;30mLevel 1[0m _identify(src/sjtu_drone/sjtu_drone_control) by extension 'colcon_meta'
[0.220s] [34mcolcon.colcon_core.package_identification[0m [1;30mLevel 1[0m _identify(src/sjtu_drone/sjtu_drone_control) by extensions ['ros']
[0.220s] [34mcolcon.colcon_core.package_identification[0m [1;30mLevel 1[0m _identify(src/sjtu_drone/sjtu_drone_control) by extension 'ros'
[0.220s] [34mcolcon.colcon_core.package_identification[0m [1;30mDEBUG[0m [32mPackage 'src/sjtu_drone/sjtu_drone_control' with type 'ros.ament_python' and name 'sjtu_drone_control'[0m
[0.220s] [34mcolcon.colcon_core.package_identification[0m [1;30mLevel 1[0m _identify(src/sjtu_drone/sjtu_drone_description) by extensions ['ignore', 'ignore_ament_install']
[0.220s] [34mcolcon.colcon_core.package_identification[0m [1;30mLevel 1[0m _identify(src/sjtu_drone/sjtu_drone_description) by extension 'ignore'
[0.220s] [34mcolcon.colcon_core.package_identification[0m [1;30mLevel 1[0m _identify(src/sjtu_drone/sjtu_drone_description) by extension 'ignore_ament_install'
[0.220s] [34mcolcon.colcon_core.package_identification[0m [1;30mLevel 1[0m _identify(src/sjtu_drone/sjtu_drone_description) by extensions ['colcon_pkg']
[0.220s] [34mcolcon.colcon_core.package_identification[0m [1;30mLevel 1[0m _identify(src/sjtu_drone/sjtu_drone_description) by extension 'colcon_pkg'
[0.220s] [34mcolcon.colcon_core.package_identification[0m [1;30mLevel 1[0m _identify(src/sjtu_drone/sjtu_drone_description) by extensions ['colcon_meta']
[0.220s] [34mcolcon.colcon_core.package_identification[0m [1;30mLevel 1[0m _identify(src/sjtu_drone/sjtu_drone_description) by extension 'colcon_meta'
[0.220s] [34mcolcon.colcon_core.package_identification[0m [1;30mLevel 1[0m _identify(src/sjtu_drone/sjtu_drone_description) by extensions ['ros']
[0.220s] [34mcolcon.colcon_core.package_identification[0m [1;30mLevel 1[0m _identify(src/sjtu_drone/sjtu_drone_description) by extension 'ros'
[0.221s] [34mcolcon.colcon_core.package_identification[0m [1;30mDEBUG[0m [32mPackage 'src/sjtu_drone/sjtu_drone_description' with type 'ros.ament_cmake' and name 'sjtu_drone_description'[0m
[0.221s] [34mcolcon.colcon_core.package_discovery[0m [1;30mLevel 1[0m discover_packages(recursive) using defaults
[0.221s] [34mcolcon.colcon_core.package_discovery[0m [1;30mLevel 1[0m discover_packages(ignore) discover
[0.221s] [34mcolcon.colcon_core.package_discovery[0m [1;30mLevel 1[0m discover_packages(ignore) using defaults
[0.221s] [34mcolcon.colcon_core.package_discovery[0m [1;30mLevel 1[0m discover_packages(path) discover
[0.221s] [34mcolcon.colcon_core.package_discovery[0m [1;30mLevel 1[0m discover_packages(path) using defaults
[0.229s] [34mcolcon.colcon_core.package_discovery[0m [1;30mLevel 1[0m discover_packages(prefix_path) check parameters
[0.229s] [34mcolcon.colcon_core.package_discovery[0m [1;30mLevel 1[0m discover_packages(prefix_path) discover
[0.230s] [34mcolcon.colcon_installed_package_information.package_discovery[0m [1;30mDEBUG[0m [32mFound 17 installed packages in /home/basestation/base_ws/install[0m
[0.230s] [34mcolcon.colcon_installed_package_information.package_discovery[0m [1;30mDEBUG[0m [32mFound 2 installed packages in /home/basestation/workspaces/dp_solver_ws/install[0m
[0.230s] [34mcolcon.colcon_installed_package_information.package_discovery[0m [1;30mDEBUG[0m [32mFound 2 installed packages in /home/basestation/magnav_sim_ws/install[0m
[0.231s] [34mcolcon.colcon_installed_package_information.package_discovery[0m [1;30mDEBUG[0m [32mFound 396 installed packages in /opt/ros/humble[0m
[0.232s] [34mcolcon.colcon_core.package_discovery[0m [1;30mLevel 1[0m discover_packages(prefix_path) using defaults
[0.253s] [34mcolcon.colcon_core.verb[0m [1;30mLevel 5[0m set package 'sjtu_drone_bringup' build argument 'cmake_args' from command line to 'None'
[0.253s] [34mcolcon.colcon_core.verb[0m [1;30mLevel 5[0m set package 'sjtu_drone_bringup' build argument 'cmake_target' from command line to 'None'
[0.253s] [34mcolcon.colcon_core.verb[0m [1;30mLevel 5[0m set package 'sjtu_drone_bringup' build argument 'cmake_target_skip_unavailable' from command line to 'False'
[0.253s] [34mcolcon.colcon_core.verb[0m [1;30mLevel 5[0m set package 'sjtu_drone_bringup' build argument 'cmake_clean_cache' from command line to 'False'
[0.253s] [34mcolcon.colcon_core.verb[0m [1;30mLevel 5[0m set package 'sjtu_drone_bringup' build argument 'cmake_clean_first' from command line to 'False'
[0.253s] [34mcolcon.colcon_core.verb[0m [1;30mLevel 5[0m set package 'sjtu_drone_bringup' build argument 'cmake_force_configure' from command line to 'False'
[0.253s] [34mcolcon.colcon_core.verb[0m [1;30mLevel 5[0m set package 'sjtu_drone_bringup' build argument 'ament_cmake_args' from command line to 'None'
[0.253s] [34mcolcon.colcon_core.verb[0m [1;30mLevel 5[0m set package 'sjtu_drone_bringup' build argument 'catkin_cmake_args' from command line to 'None'
[0.253s] [34mcolcon.colcon_core.verb[0m [1;30mLevel 5[0m set package 'sjtu_drone_bringup' build argument 'catkin_skip_building_tests' from command line to 'False'
[0.253s] [34mcolcon.colcon_core.verb[0m [1;30mDEBUG[0m [32mBuilding package 'sjtu_drone_bringup' with the following arguments: {'ament_cmake_args': None, 'build_base': '/home/basestation/ros2_ws/build/sjtu_drone_bringup', 'catkin_cmake_args': None, 'catkin_skip_building_tests': False, 'cmake_args': None, 'cmake_clean_cache': False, 'cmake_clean_first': False, 'cmake_force_configure': False, 'cmake_target': None, 'cmake_target_skip_unavailable': False, 'install_base': '/home/basestation/ros2_ws/install/sjtu_drone_bringup', 'merge_install': False, 'path': '/home/basestation/ros2_ws/src/sjtu_drone/sjtu_drone_bringup', 'symlink_install': True, 'test_result_base': None}[0m
[0.253s] [34mcolcon.colcon_core.verb[0m [1;30mLevel 5[0m set package 'sjtu_drone_control' build argument 'cmake_args' from command line to 'None'
[0.253s] [34mcolcon.colcon_core.verb[0m [1;30mLevel 5[0m set package 'sjtu_drone_control' build argument 'cmake_target' from command line to 'None'
[0.253s] [34mcolcon.colcon_core.verb[0m [1;30mLevel 5[0m set package 'sjtu_drone_control' build argument 'cmake_target_skip_unavailable' from command line to 'False'
[0.253s] [34mcolcon.colcon_core.verb[0m [1;30mLevel 5[0m set package 'sjtu_drone_control' build argument 'cmake_clean_cache' from command line to 'False'
[0.253s] [34mcolcon.colcon_core.verb[0m [1;30mLevel 5[0m set package 'sjtu_drone_control' build argument 'cmake_clean_first' from command line to 'False'
[0.253s] [34mcolcon.colcon_core.verb[0m [1;30mLevel 5[0m set package 'sjtu_drone_control' build argument 'cmake_force_configure' from command line to 'False'
[0.253s] [34mcolcon.colcon_core.verb[0m [1;30mLevel 5[0m set package 'sjtu_drone_control' build argument 'ament_cmake_args' from command line to 'None'
[0.253s] [34mcolcon.colcon_core.verb[0m [1;30mLevel 5[0m set package 'sjtu_drone_control' build argument 'catkin_cmake_args' from command line to 'None'
[0.253s] [34mcolcon.colcon_core.verb[0m [1;30mLevel 5[0m set package 'sjtu_drone_control' build argument 'catkin_skip_building_tests' from command line to 'False'
[0.253s] [34mcolcon.colcon_core.verb[0m [1;30mDEBUG[0m [32mBuilding package 'sjtu_drone_control' with the following arguments: {'ament_cmake_args': None, 'build_base': '/home/basestation/ros2_ws/build/sjtu_drone_control', 'catkin_cmake_args': None, 'catkin_skip_building_tests': False, 'cmake_args': None, 'cmake_clean_cache': False, 'cmake_clean_first': False, 'cmake_force_configure': False, 'cmake_target': None, 'cmake_target_skip_unavailable': False, 'install_base': '/home/basestation/ros2_ws/install/sjtu_drone_control', 'merge_install': False, 'path': '/home/basestation/ros2_ws/src/sjtu_drone/sjtu_drone_control', 'symlink_install': True, 'test_result_base': None}[0m
[0.253s] [34mcolcon.colcon_core.verb[0m [1;30mLevel 5[0m set package 'sjtu_drone_description' build argument 'cmake_args' from command line to 'None'
[0.253s] [34mcolcon.colcon_core.verb[0m [1;30mLevel 5[0m set package 'sjtu_drone_description' build argument 'cmake_target' from command line to 'None'
[0.253s] [34mcolcon.colcon_core.verb[0m [1;30mLevel 5[0m set package 'sjtu_drone_description' build argument 'cmake_target_skip_unavailable' from command line to 'False'
[0.253s] [34mcolcon.colcon_core.verb[0m [1;30mLevel 5[0m set package 'sjtu_drone_description' build argument 'cmake_clean_cache' from command line to 'False'
[0.253s] [34mcolcon.colcon_core.verb[0m [1;30mLevel 5[0m set package 'sjtu_drone_description' build argument 'cmake_clean_first' from command line to 'False'
[0.253s] [34mcolcon.colcon_core.verb[0m [1;30mLevel 5[0m set package 'sjtu_drone_description' build argument 'cmake_force_configure' from command line to 'False'
[0.253s] [34mcolcon.colcon_core.verb[0m [1;30mLevel 5[0m set package 'sjtu_drone_description' build argument 'ament_cmake_args' from command line to 'None'
[0.253s] [34mcolcon.colcon_core.verb[0m [1;30mLevel 5[0m set package 'sjtu_drone_description' build argument 'catkin_cmake_args' from command line to 'None'
[0.253s] [34mcolcon.colcon_core.verb[0m [1;30mLevel 5[0m set package 'sjtu_drone_description' build argument 'catkin_skip_building_tests' from command line to 'False'
[0.253s] [34mcolcon.colcon_core.verb[0m [1;30mDEBUG[0m [32mBuilding package 'sjtu_drone_description' with the following arguments: {'ament_cmake_args': None, 'build_base': '/home/basestation/ros2_ws/build/sjtu_drone_description', 'catkin_cmake_args': None, 'catkin_skip_building_tests': False, 'cmake_args': None, 'cmake_clean_cache': False, 'cmake_clean_first': False, 'cmake_force_configure': False, 'cmake_target': None, 'cmake_target_skip_unavailable': False, 'install_base': '/home/basestation/ros2_ws/install/sjtu_drone_description', 'merge_install': False, 'path': '/home/basestation/ros2_ws/src/sjtu_drone/sjtu_drone_description', 'symlink_install': True, 'test_result_base': None}[0m
[0.254s] [34mcolcon.colcon_core.executor[0m [1;30mINFO[0m Executing jobs using 'parallel' executor
[0.254s] [34mcolcon.colcon_parallel_executor.executor.parallel[0m [1;30mDEBUG[0m [32mrun_until_complete[0m
[0.254s] [34mcolcon.colcon_ros.task.ament_python.build[0m [1;30mINFO[0m Building ROS package in '/home/basestation/ros2_ws/src/sjtu_drone/sjtu_drone_bringup' with build type 'ament_python'
[0.254s] [34mcolcon.colcon_core.shell[0m [1;30mLevel 1[0m create_environment_hook('sjtu_drone_bringup', 'ament_prefix_path')
[0.255s] [34mcolcon.colcon_core.plugin_system[0m [1;30mINFO[0m Skipping extension 'colcon_core.shell.bat': Not used on non-Windows systems
[0.255s] [34mcolcon.colcon_core.shell[0m [1;30mINFO[0m Creating environment hook '/home/basestation/ros2_ws/install/sjtu_drone_bringup/share/sjtu_drone_bringup/hook/ament_prefix_path.ps1'
[0.256s] [34mcolcon.colcon_core.shell[0m [1;30mINFO[0m Creating environment descriptor '/home/basestation/ros2_ws/install/sjtu_drone_bringup/share/sjtu_drone_bringup/hook/ament_prefix_path.dsv'
[0.256s] [34mcolcon.colcon_core.shell[0m [1;30mINFO[0m Creating environment hook '/home/basestation/ros2_ws/install/sjtu_drone_bringup/share/sjtu_drone_bringup/hook/ament_prefix_path.sh'
[0.256s] [34mcolcon.colcon_core.shell[0m [1;30mINFO[0m Skip shell extension 'powershell' for command environment: Not usable outside of PowerShell
[0.256s] [34mcolcon.colcon_core.shell[0m [1;30mDEBUG[0m [32mSkip shell extension 'dsv' for command environment[0m
[0.259s] [34mcolcon.colcon_ros.task.ament_python.build[0m [1;30mINFO[0m Building ROS package in '/home/basestation/ros2_ws/src/sjtu_drone/sjtu_drone_control' with build type 'ament_python'
[0.259s] [34mcolcon.colcon_core.shell[0m [1;30mLevel 1[0m create_environment_hook('sjtu_drone_control', 'ament_prefix_path')
[0.259s] [34mcolcon.colcon_core.shell[0m [1;30mINFO[0m Creating environment hook '/home/basestation/ros2_ws/install/sjtu_drone_control/share/sjtu_drone_control/hook/ament_prefix_path.ps1'
[0.259s] [34mcolcon.colcon_core.shell[0m [1;30mINFO[0m Creating environment descriptor '/home/basestation/ros2_ws/install/sjtu_drone_control/share/sjtu_drone_control/hook/ament_prefix_path.dsv'
[0.259s] [34mcolcon.colcon_core.shell[0m [1;30mINFO[0m Creating environment hook '/home/basestation/ros2_ws/install/sjtu_drone_control/share/sjtu_drone_control/hook/ament_prefix_path.sh'
[0.259s] [34mcolcon.colcon_core.shell[0m [1;30mINFO[0m Skip shell extension 'powershell' for command environment: Not usable outside of PowerShell
[0.259s] [34mcolcon.colcon_core.shell[0m [1;30mDEBUG[0m [32mSkip shell extension 'dsv' for command environment[0m
[0.261s] [34mcolcon.colcon_ros.task.ament_cmake.build[0m [1;30mINFO[0m Building ROS package in '/home/basestation/ros2_ws/src/sjtu_drone/sjtu_drone_description' with build type 'ament_cmake'
[0.262s] [34mcolcon.colcon_cmake.task.cmake.build[0m [1;30mINFO[0m Building CMake package in '/home/basestation/ros2_ws/src/sjtu_drone/sjtu_drone_description'
[0.262s] [34mcolcon.colcon_core.shell[0m [1;30mINFO[0m Skip shell extension 'powershell' for command environment: Not usable outside of PowerShell
[0.262s] [34mcolcon.colcon_core.shell[0m [1;30mDEBUG[0m [32mSkip shell extension 'dsv' for command environment[0m
[0.441s] [34mcolcon.colcon_core.task.python.build[0m [1;30mINFO[0m Building Python package in '/home/basestation/ros2_ws/src/sjtu_drone/sjtu_drone_bringup'
[0.441s] [34mcolcon.colcon_core.shell[0m [1;30mINFO[0m Skip shell extension 'powershell' for command environment: Not usable outside of PowerShell
[0.441s] [34mcolcon.colcon_core.shell[0m [1;30mDEBUG[0m [32mSkip shell extension 'dsv' for command environment[0m
[0.620s] [34mcolcon.colcon_core.task.python.build[0m [1;30mINFO[0m Building Python package in '/home/basestation/ros2_ws/src/sjtu_drone/sjtu_drone_control'
[0.620s] [34mcolcon.colcon_core.shell[0m [1;30mINFO[0m Skip shell extension 'powershell' for command environment: Not usable outside of PowerShell
[0.620s] [34mcolcon.colcon_core.shell[0m [1;30mDEBUG[0m [32mSkip shell extension 'dsv' for command environment[0m
[0.624s] [34mcolcon.colcon_core.event_handler.log_command[0m [1;30mDEBUG[0m [32mInvoking command in '/home/basestation/ros2_ws/build/sjtu_drone_description': CMAKE_PREFIX_PATH=${CMAKE_PREFIX_PATH}:/home/basestation/base_ws/install/ros2_shared:/home/basestation/base_ws/install/robot_pid:/home/basestation/base_ws/install/mocap_fake_radar:/home/basestation/base_ws/install/magnav_viz:/home/basestation/base_ws/install/magnav_pf:/home/basestation/base_ws/install/magnav_entmap:/home/basestation/base_ws/install/mag_mapping:/home/basestation/base_ws/install/info_magnav:/home/basestation/base_ws/install/homography_node:/home/basestation/base_ws/install/drone_launch:/home/basestation/base_ws/install/camera_detector:/home/basestation/base_ws/install/base_launch:/home/basestation/magnav_sim_ws/install/nn_data_collector:/home/basestation/magnav_sim_ws/install/magnav_nn_sim:/opt/ros/humble /usr/bin/cmake /home/basestation/ros2_ws/src/sjtu_drone/sjtu_drone_description -DAMENT_CMAKE_SYMLINK_INSTALL=1 -DCMAKE_INSTALL_PREFIX=/home/basestation/ros2_ws/install/sjtu_drone_description[0m
[0.884s] [34mcolcon.colcon_core.event_handler.log_command[0m [1;30mDEBUG[0m [32mInvoking command in '/home/basestation/ros2_ws/build/sjtu_drone_control': PYTHONPATH=/home/basestation/ros2_ws/build/sjtu_drone_control/prefix_override:/usr/lib/python3/dist-packages/colcon_core/task/python/colcon_distutils_commands:/home/basestation/ros2_ws/install/sjtu_drone_control/lib/python3.10/site-packages:${PYTHONPATH} /usr/bin/python3 -W ignore:setup.py install is deprecated -W ignore:easy_install command is deprecated setup.py develop --editable --build-directory /home/basestation/ros2_ws/build/sjtu_drone_control/build --no-deps symlink_data[0m
[0.885s] [34mcolcon.colcon_core.event_handler.log_command[0m [1;30mDEBUG[0m [32mInvoking command in '/home/basestation/ros2_ws/build/sjtu_drone_bringup': PYTHONPATH=/home/basestation/ros2_ws/build/sjtu_drone_bringup/prefix_override:/usr/lib/python3/dist-packages/colcon_core/task/python/colcon_distutils_commands:/home/basestation/ros2_ws/install/sjtu_drone_bringup/lib/python3.10/site-packages:${PYTHONPATH} /usr/bin/python3 -W ignore:setup.py install is deprecated -W ignore:easy_install command is deprecated setup.py develop --editable --build-directory /home/basestation/ros2_ws/build/sjtu_drone_bringup/build --no-deps symlink_data[0m
[1.257s] [34mcolcon.colcon_core.shell[0m [1;30mLevel 1[0m create_environment_hook('sjtu_drone_control', 'pythonpath_develop')
[1.257s] [34mcolcon.colcon_core.event_handler.log_command[0m [1;30mDEBUG[0m [32mInvoked command in '/home/basestation/ros2_ws/build/sjtu_drone_control' returned '0': PYTHONPATH=/home/basestation/ros2_ws/build/sjtu_drone_control/prefix_override:/usr/lib/python3/dist-packages/colcon_core/task/python/colcon_distutils_commands:/home/basestation/ros2_ws/install/sjtu_drone_control/lib/python3.10/site-packages:${PYTHONPATH} /usr/bin/python3 -W ignore:setup.py install is deprecated -W ignore:easy_install command is deprecated setup.py develop --editable --build-directory /home/basestation/ros2_ws/build/sjtu_drone_control/build --no-deps symlink_data[0m
[1.257s] [34mcolcon.colcon_core.shell[0m [1;30mINFO[0m Creating environment hook '/home/basestation/ros2_ws/build/sjtu_drone_control/share/sjtu_drone_control/hook/pythonpath_develop.ps1'
[1.258s] [34mcolcon.colcon_core.shell[0m [1;30mINFO[0m Creating environment descriptor '/home/basestation/ros2_ws/build/sjtu_drone_control/share/sjtu_drone_control/hook/pythonpath_develop.dsv'
[1.258s] [34mcolcon.colcon_core.shell[0m [1;30mINFO[0m Creating environment hook '/home/basestation/ros2_ws/build/sjtu_drone_control/share/sjtu_drone_control/hook/pythonpath_develop.sh'
[1.260s] [34mcolcon.colcon_core.environment[0m [1;30mLevel 1[0m checking '/home/basestation/ros2_ws/install/sjtu_drone_control' for CMake module files
[1.260s] [34mcolcon.colcon_core.environment[0m [1;30mLevel 1[0m checking '/home/basestation/ros2_ws/install/sjtu_drone_control' for CMake config files
[1.260s] [34mcolcon.colcon_core.environment[0m [1;30mLevel 1[0m checking '/home/basestation/ros2_ws/install/sjtu_drone_control/lib'
[1.260s] [34mcolcon.colcon_core.environment[0m [1;30mLevel 1[0m checking '/home/basestation/ros2_ws/install/sjtu_drone_control/bin'
[1.260s] [34mcolcon.colcon_core.environment[0m [1;30mLevel 1[0m checking '/home/basestation/ros2_ws/install/sjtu_drone_control/lib/pkgconfig/sjtu_drone_control.pc'
[1.260s] [34mcolcon.colcon_core.environment[0m [1;30mLevel 1[0m checking '/home/basestation/ros2_ws/install/sjtu_drone_control/lib/python3.10/site-packages'
[1.260s] [34mcolcon.colcon_core.shell[0m [1;30mLevel 1[0m create_environment_hook('sjtu_drone_control', 'pythonpath')
[1.261s] [34mcolcon.colcon_core.shell[0m [1;30mINFO[0m Creating environment hook '/home/basestation/ros2_ws/install/sjtu_drone_control/share/sjtu_drone_control/hook/pythonpath.ps1'
[1.261s] [34mcolcon.colcon_core.shell[0m [1;30mINFO[0m Creating environment descriptor '/home/basestation/ros2_ws/install/sjtu_drone_control/share/sjtu_drone_control/hook/pythonpath.dsv'
[1.261s] [34mcolcon.colcon_core.shell[0m [1;30mINFO[0m Creating environment hook '/home/basestation/ros2_ws/install/sjtu_drone_control/share/sjtu_drone_control/hook/pythonpath.sh'
[1.261s] [34mcolcon.colcon_core.environment[0m [1;30mLevel 1[0m checking '/home/basestation/ros2_ws/install/sjtu_drone_control/bin'
[1.261s] [34mcolcon.colcon_core.environment[0m [1;30mLevel 1[0m create_environment_scripts_only(sjtu_drone_control)
[1.261s] [34mcolcon.colcon_core.shell[0m [1;30mINFO[0m Creating package script '/home/basestation/ros2_ws/install/sjtu_drone_control/share/sjtu_drone_control/package.ps1'
[1.262s] [34mcolcon.colcon_core.shell[0m [1;30mINFO[0m Creating package descriptor '/home/basestation/ros2_ws/install/sjtu_drone_control/share/sjtu_drone_control/package.dsv'
[1.262s] [34mcolcon.colcon_core.shell[0m [1;30mINFO[0m Creating package script '/home/basestation/ros2_ws/install/sjtu_drone_control/share/sjtu_drone_control/package.sh'
[1.262s] [34mcolcon.colcon_core.shell[0m [1;30mINFO[0m Creating package script '/home/basestation/ros2_ws/install/sjtu_drone_control/share/sjtu_drone_control/package.bash'
[1.263s] [34mcolcon.colcon_core.shell[0m [1;30mINFO[0m Creating package script '/home/basestation/ros2_ws/install/sjtu_drone_control/share/sjtu_drone_control/package.zsh'
[1.263s] [34mcolcon.colcon_core.environment[0m [1;30mLevel 1[0m create_file_with_runtime_dependencies(/home/basestation/ros2_ws/install/sjtu_drone_control/share/colcon-core/packages/sjtu_drone_control)
[1.263s] [34mcolcon.colcon_core.shell[0m [1;30mLevel 1[0m create_environment_hook('sjtu_drone_bringup', 'pythonpath_develop')
[1.264s] [34mcolcon.colcon_core.shell[0m [1;30mINFO[0m Creating environment hook '/home/basestation/ros2_ws/build/sjtu_drone_bringup/share/sjtu_drone_bringup/hook/pythonpath_develop.ps1'
[1.264s] [34mcolcon.colcon_core.event_handler.log_command[0m [1;30mDEBUG[0m [32mInvoked command in '/home/basestation/ros2_ws/build/sjtu_drone_bringup' returned '0': PYTHONPATH=/home/basestation/ros2_ws/build/sjtu_drone_bringup/prefix_override:/usr/lib/python3/dist-packages/colcon_core/task/python/colcon_distutils_commands:/home/basestation/ros2_ws/install/sjtu_drone_bringup/lib/python3.10/site-packages:${PYTHONPATH} /usr/bin/python3 -W ignore:setup.py install is deprecated -W ignore:easy_install command is deprecated setup.py develop --editable --build-directory /home/basestation/ros2_ws/build/sjtu_drone_bringup/build --no-deps symlink_data[0m
[1.264s] [34mcolcon.colcon_core.shell[0m [1;30mINFO[0m Creating environment descriptor '/home/basestation/ros2_ws/build/sjtu_drone_bringup/share/sjtu_drone_bringup/hook/pythonpath_develop.dsv'
[1.264s] [34mcolcon.colcon_core.shell[0m [1;30mINFO[0m Creating environment hook '/home/basestation/ros2_ws/build/sjtu_drone_bringup/share/sjtu_drone_bringup/hook/pythonpath_develop.sh'
[1.265s] [34mcolcon.colcon_core.environment[0m [1;30mLevel 1[0m checking '/home/basestation/ros2_ws/install/sjtu_drone_bringup' for CMake module files
[1.265s] [34mcolcon.colcon_core.environment[0m [1;30mLevel 1[0m checking '/home/basestation/ros2_ws/install/sjtu_drone_bringup' for CMake config files
[1.265s] [34mcolcon.colcon_core.environment[0m [1;30mLevel 1[0m checking '/home/basestation/ros2_ws/install/sjtu_drone_bringup/lib'
[1.265s] [34mcolcon.colcon_core.environment[0m [1;30mLevel 1[0m checking '/home/basestation/ros2_ws/install/sjtu_drone_bringup/bin'
[1.265s] [34mcolcon.colcon_core.environment[0m [1;30mLevel 1[0m checking '/home/basestation/ros2_ws/install/sjtu_drone_bringup/lib/pkgconfig/sjtu_drone_bringup.pc'
[1.265s] [34mcolcon.colcon_core.environment[0m [1;30mLevel 1[0m checking '/home/basestation/ros2_ws/install/sjtu_drone_bringup/lib/python3.10/site-packages'
[1.265s] [34mcolcon.colcon_core.shell[0m [1;30mLevel 1[0m create_environment_hook('sjtu_drone_bringup', 'pythonpath')
[1.265s] [34mcolcon.colcon_core.shell[0m [1;30mINFO[0m Creating environment hook '/home/basestation/ros2_ws/install/sjtu_drone_bringup/share/sjtu_drone_bringup/hook/pythonpath.ps1'
[1.265s] [34mcolcon.colcon_core.shell[0m [1;30mINFO[0m Creating environment descriptor '/home/basestation/ros2_ws/install/sjtu_drone_bringup/share/sjtu_drone_bringup/hook/pythonpath.dsv'
[1.265s] [34mcolcon.colcon_core.shell[0m [1;30mINFO[0m Creating environment hook '/home/basestation/ros2_ws/install/sjtu_drone_bringup/share/sjtu_drone_bringup/hook/pythonpath.sh'
[1.266s] [34mcolcon.colcon_core.environment[0m [1;30mLevel 1[0m checking '/home/basestation/ros2_ws/install/sjtu_drone_bringup/bin'
[1.266s] [34mcolcon.colcon_core.environment[0m [1;30mLevel 1[0m create_environment_scripts_only(sjtu_drone_bringup)
[1.266s] [34mcolcon.colcon_core.shell[0m [1;30mINFO[0m Creating package script '/home/basestation/ros2_ws/install/sjtu_drone_bringup/share/sjtu_drone_bringup/package.ps1'
[1.266s] [34mcolcon.colcon_core.shell[0m [1;30mINFO[0m Creating package descriptor '/home/basestation/ros2_ws/install/sjtu_drone_bringup/share/sjtu_drone_bringup/package.dsv'
[1.266s] [34mcolcon.colcon_core.shell[0m [1;30mINFO[0m Creating package script '/home/basestation/ros2_ws/install/sjtu_drone_bringup/share/sjtu_drone_bringup/package.sh'
[1.266s] [34mcolcon.colcon_core.shell[0m [1;30mINFO[0m Creating package script '/home/basestation/ros2_ws/install/sjtu_drone_bringup/share/sjtu_drone_bringup/package.bash'
[1.266s] [34mcolcon.colcon_core.shell[0m [1;30mINFO[0m Creating package script '/home/basestation/ros2_ws/install/sjtu_drone_bringup/share/sjtu_drone_bringup/package.zsh'
[1.267s] [34mcolcon.colcon_core.environment[0m [1;30mLevel 1[0m create_file_with_runtime_dependencies(/home/basestation/ros2_ws/install/sjtu_drone_bringup/share/colcon-core/packages/sjtu_drone_bringup)
[2.458s] [34mcolcon.colcon_core.event_handler.log_command[0m [1;30mDEBUG[0m [32mInvoked command in '/home/basestation/ros2_ws/build/sjtu_drone_description' returned '0': CMAKE_PREFIX_PATH=${CMAKE_PREFIX_PATH}:/home/basestation/base_ws/install/ros2_shared:/home/basestation/base_ws/install/robot_pid:/home/basestation/base_ws/install/mocap_fake_radar:/home/basestation/base_ws/install/magnav_viz:/home/basestation/base_ws/install/magnav_pf:/home/basestation/base_ws/install/magnav_entmap:/home/basestation/base_ws/install/mag_mapping:/home/basestation/base_ws/install/info_magnav:/home/basestation/base_ws/install/homography_node:/home/basestation/base_ws/install/drone_launch:/home/basestation/base_ws/install/camera_detector:/home/basestation/base_ws/install/base_launch:/home/basestation/magnav_sim_ws/install/nn_data_collector:/home/basestation/magnav_sim_ws/install/magnav_nn_sim:/opt/ros/humble /usr/bin/cmake /home/basestation/ros2_ws/src/sjtu_drone/sjtu_drone_description -DAMENT_CMAKE_SYMLINK_INSTALL=1 -DCMAKE_INSTALL_PREFIX=/home/basestation/ros2_ws/install/sjtu_drone_description[0m
[2.459s] [34mcolcon.colcon_core.event_handler.log_command[0m [1;30mDEBUG[0m [32mInvoking command in '/home/basestation/ros2_ws/build/sjtu_drone_description': CMAKE_PREFIX_PATH=${CMAKE_PREFIX_PATH}:/home/basestation/base_ws/install/ros2_shared:/home/basestation/base_ws/install/robot_pid:/home/basestation/base_ws/install/mocap_fake_radar:/home/basestation/base_ws/install/magnav_viz:/home/basestation/base_ws/install/magnav_pf:/home/basestation/base_ws/install/magnav_entmap:/home/basestation/base_ws/install/mag_mapping:/home/basestation/base_ws/install/info_magnav:/home/basestation/base_ws/install/homography_node:/home/basestation/base_ws/install/drone_launch:/home/basestation/base_ws/install/camera_detector:/home/basestation/base_ws/install/base_launch:/home/basestation/magnav_sim_ws/install/nn_data_collector:/home/basestation/magnav_sim_ws/install/magnav_nn_sim:/opt/ros/humble /usr/bin/cmake --build /home/basestation/ros2_ws/build/sjtu_drone_description -- -j24 -l24[0m
[17.494s] [34mcolcon.colcon_core.event_handler.log_command[0m [1;30mDEBUG[0m [32mInvoked command in '/home/basestation/ros2_ws/build/sjtu_drone_description' returned '0': CMAKE_PREFIX_PATH=${CMAKE_PREFIX_PATH}:/home/basestation/base_ws/install/ros2_shared:/home/basestation/base_ws/install/robot_pid:/home/basestation/base_ws/install/mocap_fake_radar:/home/basestation/base_ws/install/magnav_viz:/home/basestation/base_ws/install/magnav_pf:/home/basestation/base_ws/install/magnav_entmap:/home/basestation/base_ws/install/mag_mapping:/home/basestation/base_ws/install/info_magnav:/home/basestation/base_ws/install/homography_node:/home/basestation/base_ws/install/drone_launch:/home/basestation/base_ws/install/camera_detector:/home/basestation/base_ws/install/base_launch:/home/basestation/magnav_sim_ws/install/nn_data_collector:/home/basestation/magnav_sim_ws/install/magnav_nn_sim:/opt/ros/humble /usr/bin/cmake --build /home/basestation/ros2_ws/build/sjtu_drone_description -- -j24 -l24[0m
[17.498s] [34mcolcon.colcon_core.event_handler.log_command[0m [1;30mDEBUG[0m [32mInvoking command in '/home/basestation/ros2_ws/build/sjtu_drone_description': CMAKE_PREFIX_PATH=${CMAKE_PREFIX_PATH}:/home/basestation/base_ws/install/ros2_shared:/home/basestation/base_ws/install/robot_pid:/home/basestation/base_ws/install/mocap_fake_radar:/home/basestation/base_ws/install/magnav_viz:/home/basestation/base_ws/install/magnav_pf:/home/basestation/base_ws/install/magnav_entmap:/home/basestation/base_ws/install/mag_mapping:/home/basestation/base_ws/install/info_magnav:/home/basestation/base_ws/install/homography_node:/home/basestation/base_ws/install/drone_launch:/home/basestation/base_ws/install/camera_detector:/home/basestation/base_ws/install/base_launch:/home/basestation/magnav_sim_ws/install/nn_data_collector:/home/basestation/magnav_sim_ws/install/magnav_nn_sim:/opt/ros/humble /usr/bin/cmake --install /home/basestation/ros2_ws/build/sjtu_drone_description[0m
[17.580s] [34mcolcon.colcon_core.environment[0m [1;30mLevel 1[0m create_environment_scripts_only(sjtu_drone_description)
[17.580s] [34mcolcon.colcon_core.environment[0m [1;30mLevel 1[0m checking '/home/basestation/ros2_ws/install/sjtu_drone_description' for CMake module files
[17.580s] [34mcolcon.colcon_core.event_handler.log_command[0m [1;30mDEBUG[0m [32mInvoked command in '/home/basestation/ros2_ws/build/sjtu_drone_description' returned '0': CMAKE_PREFIX_PATH=${CMAKE_PREFIX_PATH}:/home/basestation/base_ws/install/ros2_shared:/home/basestation/base_ws/install/robot_pid:/home/basestation/base_ws/install/mocap_fake_radar:/home/basestation/base_ws/install/magnav_viz:/home/basestation/base_ws/install/magnav_pf:/home/basestation/base_ws/install/magnav_entmap:/home/basestation/base_ws/install/mag_mapping:/home/basestation/base_ws/install/info_magnav:/home/basestation/base_ws/install/homography_node:/home/basestation/base_ws/install/drone_launch:/home/basestation/base_ws/install/camera_detector:/home/basestation/base_ws/install/base_launch:/home/basestation/magnav_sim_ws/install/nn_data_collector:/home/basestation/magnav_sim_ws/install/magnav_nn_sim:/opt/ros/humble /usr/bin/cmake --install /home/basestation/ros2_ws/build/sjtu_drone_description[0m
[17.580s] [34mcolcon.colcon_core.environment[0m [1;30mLevel 1[0m checking '/home/basestation/ros2_ws/install/sjtu_drone_description' for CMake config files
[17.581s] [34mcolcon.colcon_core.shell[0m [1;30mLevel 1[0m create_environment_hook('sjtu_drone_description', 'cmake_prefix_path')
[17.581s] [34mcolcon.colcon_core.shell[0m [1;30mINFO[0m Creating environment hook '/home/basestation/ros2_ws/install/sjtu_drone_description/share/sjtu_drone_description/hook/cmake_prefix_path.ps1'
[17.581s] [34mcolcon.colcon_core.shell[0m [1;30mINFO[0m Creating environment descriptor '/home/basestation/ros2_ws/install/sjtu_drone_description/share/sjtu_drone_description/hook/cmake_prefix_path.dsv'
[17.581s] [34mcolcon.colcon_core.shell[0m [1;30mINFO[0m Creating environment hook '/home/basestation/ros2_ws/install/sjtu_drone_description/share/sjtu_drone_description/hook/cmake_prefix_path.sh'
[17.581s] [34mcolcon.colcon_core.environment[0m [1;30mLevel 1[0m checking '/home/basestation/ros2_ws/install/sjtu_drone_description/lib'
[17.581s] [34mcolcon.colcon_core.shell[0m [1;30mLevel 1[0m create_environment_hook('sjtu_drone_description', 'ld_library_path_lib')
[17.581s] [34mcolcon.colcon_core.shell[0m [1;30mINFO[0m Creating environment hook '/home/basestation/ros2_ws/install/sjtu_drone_description/share/sjtu_drone_description/hook/ld_library_path_lib.ps1'
[17.582s] [34mcolcon.colcon_core.shell[0m [1;30mINFO[0m Creating environment descriptor '/home/basestation/ros2_ws/install/sjtu_drone_description/share/sjtu_drone_description/hook/ld_library_path_lib.dsv'
[17.582s] [34mcolcon.colcon_core.shell[0m [1;30mINFO[0m Creating environment hook '/home/basestation/ros2_ws/install/sjtu_drone_description/share/sjtu_drone_description/hook/ld_library_path_lib.sh'
[17.582s] [34mcolcon.colcon_core.environment[0m [1;30mLevel 1[0m checking '/home/basestation/ros2_ws/install/sjtu_drone_description/bin'
[17.582s] [34mcolcon.colcon_core.environment[0m [1;30mLevel 1[0m checking '/home/basestation/ros2_ws/install/sjtu_drone_description/lib/pkgconfig/sjtu_drone_description.pc'
[17.582s] [34mcolcon.colcon_core.environment[0m [1;30mLevel 1[0m checking '/home/basestation/ros2_ws/install/sjtu_drone_description/lib/python3.10/site-packages'
[17.582s] [34mcolcon.colcon_core.environment[0m [1;30mLevel 1[0m checking '/home/basestation/ros2_ws/install/sjtu_drone_description/bin'
[17.582s] [34mcolcon.colcon_core.shell[0m [1;30mINFO[0m Creating package script '/home/basestation/ros2_ws/install/sjtu_drone_description/share/sjtu_drone_description/package.ps1'
[17.582s] [34mcolcon.colcon_core.shell[0m [1;30mINFO[0m Creating package descriptor '/home/basestation/ros2_ws/install/sjtu_drone_description/share/sjtu_drone_description/package.dsv'
[17.583s] [34mcolcon.colcon_core.shell[0m [1;30mINFO[0m Creating package script '/home/basestation/ros2_ws/install/sjtu_drone_description/share/sjtu_drone_description/package.sh'
[17.583s] [34mcolcon.colcon_core.shell[0m [1;30mINFO[0m Creating package script '/home/basestation/ros2_ws/install/sjtu_drone_description/share/sjtu_drone_description/package.bash'
[17.583s] [34mcolcon.colcon_core.shell[0m [1;30mINFO[0m Creating package script '/home/basestation/ros2_ws/install/sjtu_drone_description/share/sjtu_drone_description/package.zsh'
[17.583s] [34mcolcon.colcon_core.environment[0m [1;30mLevel 1[0m create_file_with_runtime_dependencies(/home/basestation/ros2_ws/install/sjtu_drone_description/share/colcon-core/packages/sjtu_drone_description)
[17.584s] [34mcolcon.colcon_core.environment[0m [1;30mLevel 1[0m create_environment_scripts_only(sjtu_drone_description)
[17.584s] [34mcolcon.colcon_core.environment[0m [1;30mLevel 1[0m checking '/home/basestation/ros2_ws/install/sjtu_drone_description' for CMake module files
[17.584s] [34mcolcon.colcon_core.environment[0m [1;30mLevel 1[0m checking '/home/basestation/ros2_ws/install/sjtu_drone_description' for CMake config files
[17.584s] [34mcolcon.colcon_core.shell[0m [1;30mLevel 1[0m create_environment_hook('sjtu_drone_description', 'cmake_prefix_path')
[17.584s] [34mcolcon.colcon_core.shell[0m [1;30mINFO[0m Creating environment hook '/home/basestation/ros2_ws/install/sjtu_drone_description/share/sjtu_drone_description/hook/cmake_prefix_path.ps1'
[17.584s] [34mcolcon.colcon_core.shell[0m [1;30mINFO[0m Creating environment descriptor '/home/basestation/ros2_ws/install/sjtu_drone_description/share/sjtu_drone_description/hook/cmake_prefix_path.dsv'
[17.584s] [34mcolcon.colcon_core.shell[0m [1;30mINFO[0m Creating environment hook '/home/basestation/ros2_ws/install/sjtu_drone_description/share/sjtu_drone_description/hook/cmake_prefix_path.sh'
[17.585s] [34mcolcon.colcon_core.environment[0m [1;30mLevel 1[0m checking '/home/basestation/ros2_ws/install/sjtu_drone_description/lib'
[17.585s] [34mcolcon.colcon_core.shell[0m [1;30mLevel 1[0m create_environment_hook('sjtu_drone_description', 'ld_library_path_lib')
[17.585s] [34mcolcon.colcon_core.shell[0m [1;30mINFO[0m Creating environment hook '/home/basestation/ros2_ws/install/sjtu_drone_description/share/sjtu_drone_description/hook/ld_library_path_lib.ps1'
[17.585s] [34mcolcon.colcon_core.shell[0m [1;30mINFO[0m Creating environment descriptor '/home/basestation/ros2_ws/install/sjtu_drone_description/share/sjtu_drone_description/hook/ld_library_path_lib.dsv'
[17.585s] [34mcolcon.colcon_core.shell[0m [1;30mINFO[0m Creating environment hook '/home/basestation/ros2_ws/install/sjtu_drone_description/share/sjtu_drone_description/hook/ld_library_path_lib.sh'
[17.585s] [34mcolcon.colcon_core.environment[0m [1;30mLevel 1[0m checking '/home/basestation/ros2_ws/install/sjtu_drone_description/bin'
[17.585s] [34mcolcon.colcon_core.environment[0m [1;30mLevel 1[0m checking '/home/basestation/ros2_ws/install/sjtu_drone_description/lib/pkgconfig/sjtu_drone_description.pc'
[17.585s] [34mcolcon.colcon_core.environment[0m [1;30mLevel 1[0m checking '/home/basestation/ros2_ws/install/sjtu_drone_description/lib/python3.10/site-packages'
[17.585s] [34mcolcon.colcon_core.environment[0m [1;30mLevel 1[0m checking '/home/basestation/ros2_ws/install/sjtu_drone_description/bin'
[17.586s] [34mcolcon.colcon_core.shell[0m [1;30mINFO[0m Creating package script '/home/basestation/ros2_ws/install/sjtu_drone_description/share/sjtu_drone_description/package.ps1'
[17.586s] [34mcolcon.colcon_core.shell[0m [1;30mINFO[0m Creating package descriptor '/home/basestation/ros2_ws/install/sjtu_drone_description/share/sjtu_drone_description/package.dsv'
[17.586s] [34mcolcon.colcon_core.shell[0m [1;30mINFO[0m Creating package script '/home/basestation/ros2_ws/install/sjtu_drone_description/share/sjtu_drone_description/package.sh'
[17.586s] [34mcolcon.colcon_core.shell[0m [1;30mINFO[0m Creating package script '/home/basestation/ros2_ws/install/sjtu_drone_description/share/sjtu_drone_description/package.bash'
[17.586s] [34mcolcon.colcon_core.shell[0m [1;30mINFO[0m Creating package script '/home/basestation/ros2_ws/install/sjtu_drone_description/share/sjtu_drone_description/package.zsh'
[17.586s] [34mcolcon.colcon_core.environment[0m [1;30mLevel 1[0m create_file_with_runtime_dependencies(/home/basestation/ros2_ws/install/sjtu_drone_description/share/colcon-core/packages/sjtu_drone_description)
[17.587s] [34mcolcon.colcon_parallel_executor.executor.parallel[0m [1;30mDEBUG[0m [32mclosing loop[0m
[17.587s] [34mcolcon.colcon_parallel_executor.executor.parallel[0m [1;30mDEBUG[0m [32mloop closed[0m
[17.587s] [34mcolcon.colcon_parallel_executor.executor.parallel[0m [1;30mDEBUG[0m [32mrun_until_complete finished with '0'[0m
[17.587s] [34mcolcon.colcon_core.event_reactor[0m [1;30mDEBUG[0m [32mjoining thread[0m
[17.591s] [34mcolcon.colcon_core.plugin_system[0m [1;30mINFO[0m Skipping extension 'colcon_notification.desktop_notification.terminal_notifier': Not used on non-Darwin systems
[17.591s] [34mcolcon.colcon_core.plugin_system[0m [1;30mINFO[0m Skipping extension 'colcon_notification.desktop_notification.win32': Not used on non-Windows systems
[17.591s] [34mcolcon.colcon_notification.desktop_notification[0m [1;30mINFO[0m Sending desktop notification using 'notify2'
[17.609s] [34mcolcon.colcon_core.event_reactor[0m [1;30mDEBUG[0m [32mjoined thread[0m
[17.609s] [34mcolcon.colcon_core.shell[0m [1;30mINFO[0m Creating prefix script '/home/basestation/ros2_ws/install/local_setup.ps1'
[17.610s] [34mcolcon.colcon_core.shell[0m [1;30mINFO[0m Creating prefix util module '/home/basestation/ros2_ws/install/_local_setup_util_ps1.py'
[17.610s] [34mcolcon.colcon_core.shell[0m [1;30mINFO[0m Creating prefix chain script '/home/basestation/ros2_ws/install/setup.ps1'
[17.611s] [34mcolcon.colcon_core.shell[0m [1;30mINFO[0m Creating prefix script '/home/basestation/ros2_ws/install/local_setup.sh'
[17.611s] [34mcolcon.colcon_core.shell[0m [1;30mINFO[0m Creating prefix util module '/home/basestation/ros2_ws/install/_local_setup_util_sh.py'
[17.612s] [34mcolcon.colcon_core.shell[0m [1;30mINFO[0m Creating prefix chain script '/home/basestation/ros2_ws/install/setup.sh'
[17.612s] [34mcolcon.colcon_core.shell[0m [1;30mINFO[0m Creating prefix script '/home/basestation/ros2_ws/install/local_setup.bash'
[17.612s] [34mcolcon.colcon_core.shell[0m [1;30mINFO[0m Creating prefix chain script '/home/basestation/ros2_ws/install/setup.bash'
[17.613s] [34mcolcon.colcon_core.shell[0m [1;30mINFO[0m Creating prefix script '/home/basestation/ros2_ws/install/local_setup.zsh'
[17.613s] [34mcolcon.colcon_core.shell[0m [1;30mINFO[0m Creating prefix chain script '/home/basestation/ros2_ws/install/setup.zsh'
