[0.553s] DEBUG:colcon:Command line arguments: ['/usr/bin/colcon', 'build', '--symlink-install', '--cmake-clean-cache']
[0.554s] DEBUG:colcon:Parsed command line arguments: Namespace(log_base=None, log_level=None, verb_name='build', build_base='build', install_base='install', merge_install=False, symlink_install=True, test_result_base=None, continue_on_error=False, executor='parallel', parallel_workers=8, event_handlers=None, ignore_user_meta=False, metas=['./colcon.meta'], base_paths=['.'], packages_ignore=None, packages_ignore_regex=None, paths=None, packages_up_to=None, packages_up_to_regex=None, packages_above=None, packages_above_and_dependencies=None, packages_above_depth=None, packages_select_by_dep=None, packages_skip_by_dep=None, packages_skip_up_to=None, packages_select_build_failed=False, packages_skip_build_finished=False, packages_select_test_failures=False, packages_skip_test_passed=False, packages_select=None, packages_skip=None, packages_select_regex=None, packages_skip_regex=None, packages_start=None, packages_end=None, cmake_args=None, cmake_target=None, cmake_target_skip_unavailable=False, cmake_clean_cache=True, cmake_clean_first=False, cmake_force_configure=False, ament_cmake_args=None, catkin_cmake_args=None, catkin_skip_building_tests=False, mixin_files=None, mixin=None, verb_parser=<colcon_mixin.mixin.mixin_argument.MixinArgumentDecorator object at 0x79a552f63a90>, verb_extension=<colcon_core.verb.build.BuildVerb object at 0x79a553134a30>, main=<bound method BuildVerb.main of <colcon_core.verb.build.BuildVerb object at 0x79a553134a30>>, mixin_verb=('build',))
[1.340s] Level 1:colcon.colcon_core.package_discovery:discover_packages(colcon_meta) check parameters
[1.341s] Level 1:colcon.colcon_core.package_discovery:discover_packages(recursive) check parameters
[1.341s] Level 1:colcon.colcon_core.package_discovery:discover_packages(ignore) check parameters
[1.341s] Level 1:colcon.colcon_core.package_discovery:discover_packages(path) check parameters
[1.341s] Level 1:colcon.colcon_core.package_discovery:discover_packages(colcon_meta) discover
[1.341s] Level 1:colcon.colcon_core.package_discovery:discover_packages(recursive) discover
[1.342s] INFO:colcon.colcon_core.package_discovery:Crawling recursively for packages in '/home/user/PPO_drone_Gazebo_ROS2'
[1.342s] Level 1:colcon.colcon_core.package_identification:_identify(.) by extensions ['ignore', 'ignore_ament_install']
[1.342s] Level 1:colcon.colcon_core.package_identification:_identify(.) by extension 'ignore'
[1.343s] Level 1:colcon.colcon_core.package_identification:_identify(.) by extension 'ignore_ament_install'
[1.343s] Level 1:colcon.colcon_core.package_identification:_identify(.) by extensions ['colcon_pkg']
[1.343s] Level 1:colcon.colcon_core.package_identification:_identify(.) by extension 'colcon_pkg'
[1.343s] Level 1:colcon.colcon_core.package_identification:_identify(.) by extensions ['colcon_meta']
[1.343s] Level 1:colcon.colcon_core.package_identification:_identify(.) by extension 'colcon_meta'
[1.343s] Level 1:colcon.colcon_core.package_identification:_identify(.) by extensions ['ros']
[1.344s] Level 1:colcon.colcon_core.package_identification:_identify(.) by extension 'ros'
[1.511s] Level 1:colcon.colcon_core.package_identification:_identify(.) by extensions ['cmake', 'python']
[1.512s] Level 1:colcon.colcon_core.package_identification:_identify(.) by extension 'cmake'
[1.512s] Level 1:colcon.colcon_core.package_identification:_identify(.) by extension 'python'
[1.512s] Level 1:colcon.colcon_core.package_identification:_identify(.) by extensions ['python_setup_py']
[1.512s] Level 1:colcon.colcon_core.package_identification:_identify(.) by extension 'python_setup_py'
[1.513s] Level 1:colcon.colcon_core.package_identification:_identify(build) by extensions ['ignore', 'ignore_ament_install']
[1.514s] Level 1:colcon.colcon_core.package_identification:_identify(build) by extension 'ignore'
[1.514s] Level 1:colcon.colcon_core.package_identification:_identify(build) ignored
[1.515s] Level 1:colcon.colcon_core.package_identification:_identify(install) by extensions ['ignore', 'ignore_ament_install']
[1.515s] Level 1:colcon.colcon_core.package_identification:_identify(install) by extension 'ignore'
[1.515s] Level 1:colcon.colcon_core.package_identification:_identify(install) ignored
[1.516s] Level 1:colcon.colcon_core.package_identification:_identify(log) by extensions ['ignore', 'ignore_ament_install']
[1.516s] Level 1:colcon.colcon_core.package_identification:_identify(log) by extension 'ignore'
[1.516s] Level 1:colcon.colcon_core.package_identification:_identify(log) ignored
[1.517s] Level 1:colcon.colcon_core.package_identification:_identify(src) by extensions ['ignore', 'ignore_ament_install']
[1.517s] Level 1:colcon.colcon_core.package_identification:_identify(src) by extension 'ignore'
[1.517s] Level 1:colcon.colcon_core.package_identification:_identify(src) by extension 'ignore_ament_install'
[1.518s] Level 1:colcon.colcon_core.package_identification:_identify(src) by extensions ['colcon_pkg']
[1.518s] Level 1:colcon.colcon_core.package_identification:_identify(src) by extension 'colcon_pkg'
[1.518s] Level 1:colcon.colcon_core.package_identification:_identify(src) by extensions ['colcon_meta']
[1.518s] Level 1:colcon.colcon_core.package_identification:_identify(src) by extension 'colcon_meta'
[1.518s] Level 1:colcon.colcon_core.package_identification:_identify(src) by extensions ['ros']
[1.519s] Level 1:colcon.colcon_core.package_identification:_identify(src) by extension 'ros'
[1.519s] Level 1:colcon.colcon_core.package_identification:_identify(src) by extensions ['cmake', 'python']
[1.519s] Level 1:colcon.colcon_core.package_identification:_identify(src) by extension 'cmake'
[1.519s] Level 1:colcon.colcon_core.package_identification:_identify(src) by extension 'python'
[1.520s] Level 1:colcon.colcon_core.package_identification:_identify(src) by extensions ['python_setup_py']
[1.520s] Level 1:colcon.colcon_core.package_identification:_identify(src) by extension 'python_setup_py'
[1.520s] Level 1:colcon.colcon_core.package_identification:_identify(src/drive_drone) by extensions ['ignore', 'ignore_ament_install']
[1.521s] Level 1:colcon.colcon_core.package_identification:_identify(src/drive_drone) by extension 'ignore'
[1.521s] Level 1:colcon.colcon_core.package_identification:_identify(src/drive_drone) by extension 'ignore_ament_install'
[1.521s] Level 1:colcon.colcon_core.package_identification:_identify(src/drive_drone) by extensions ['colcon_pkg']
[1.522s] Level 1:colcon.colcon_core.package_identification:_identify(src/drive_drone) by extension 'colcon_pkg'
[1.522s] Level 1:colcon.colcon_core.package_identification:_identify(src/drive_drone) by extensions ['colcon_meta']
[1.522s] Level 1:colcon.colcon_core.package_identification:_identify(src/drive_drone) by extension 'colcon_meta'
[1.522s] Level 1:colcon.colcon_core.package_identification:_identify(src/drive_drone) by extensions ['ros']
[1.522s] Level 1:colcon.colcon_core.package_identification:_identify(src/drive_drone) by extension 'ros'
[1.531s] DEBUG:colcon.colcon_core.package_identification:Package 'src/drive_drone' with type 'ros.ament_cmake' and name 'drive_drone'
[1.532s] Level 1:colcon.colcon_core.package_identification:_identify(src/mml_python_sim) by extensions ['ignore', 'ignore_ament_install']
[1.532s] Level 1:colcon.colcon_core.package_identification:_identify(src/mml_python_sim) by extension 'ignore'
[1.532s] Level 1:colcon.colcon_core.package_identification:_identify(src/mml_python_sim) by extension 'ignore_ament_install'
[1.533s] Level 1:colcon.colcon_core.package_identification:_identify(src/mml_python_sim) by extensions ['colcon_pkg']
[1.533s] Level 1:colcon.colcon_core.package_identification:_identify(src/mml_python_sim) by extension 'colcon_pkg'
[1.533s] Level 1:colcon.colcon_core.package_identification:_identify(src/mml_python_sim) by extensions ['colcon_meta']
[1.533s] Level 1:colcon.colcon_core.package_identification:_identify(src/mml_python_sim) by extension 'colcon_meta'
[1.533s] Level 1:colcon.colcon_core.package_identification:_identify(src/mml_python_sim) by extensions ['ros']
[1.533s] Level 1:colcon.colcon_core.package_identification:_identify(src/mml_python_sim) by extension 'ros'
[1.534s] Level 1:colcon.colcon_core.package_identification:_identify(src/mml_python_sim) by extensions ['cmake', 'python']
[1.534s] Level 1:colcon.colcon_core.package_identification:_identify(src/mml_python_sim) by extension 'cmake'
[1.534s] Level 1:colcon.colcon_core.package_identification:_identify(src/mml_python_sim) by extension 'python'
[1.534s] Level 1:colcon.colcon_core.package_identification:_identify(src/mml_python_sim) by extensions ['python_setup_py']
[1.534s] Level 1:colcon.colcon_core.package_identification:_identify(src/mml_python_sim) by extension 'python_setup_py'
[1.535s] Level 1:colcon.colcon_core.package_identification:_identify(src/mml_python_sim/README) by extensions ['ignore', 'ignore_ament_install']
[1.535s] Level 1:colcon.colcon_core.package_identification:_identify(src/mml_python_sim/README) by extension 'ignore'
[1.535s] Level 1:colcon.colcon_core.package_identification:_identify(src/mml_python_sim/README) ignored
[1.536s] Level 1:colcon.colcon_core.package_identification:_identify(src/mml_python_sim/__pycache__) by extensions ['ignore', 'ignore_ament_install']
[1.536s] Level 1:colcon.colcon_core.package_identification:_identify(src/mml_python_sim/__pycache__) by extension 'ignore'
[1.536s] Level 1:colcon.colcon_core.package_identification:_identify(src/mml_python_sim/__pycache__) by extension 'ignore_ament_install'
[1.537s] Level 1:colcon.colcon_core.package_identification:_identify(src/mml_python_sim/__pycache__) by extensions ['colcon_pkg']
[1.537s] Level 1:colcon.colcon_core.package_identification:_identify(src/mml_python_sim/__pycache__) by extension 'colcon_pkg'
[1.537s] Level 1:colcon.colcon_core.package_identification:_identify(src/mml_python_sim/__pycache__) by extensions ['colcon_meta']
[1.537s] Level 1:colcon.colcon_core.package_identification:_identify(src/mml_python_sim/__pycache__) by extension 'colcon_meta'
[1.537s] Level 1:colcon.colcon_core.package_identification:_identify(src/mml_python_sim/__pycache__) by extensions ['ros']
[1.537s] Level 1:colcon.colcon_core.package_identification:_identify(src/mml_python_sim/__pycache__) by extension 'ros'
[1.538s] Level 1:colcon.colcon_core.package_identification:_identify(src/mml_python_sim/__pycache__) by extensions ['cmake', 'python']
[1.538s] Level 1:colcon.colcon_core.package_identification:_identify(src/mml_python_sim/__pycache__) by extension 'cmake'
[1.538s] Level 1:colcon.colcon_core.package_identification:_identify(src/mml_python_sim/__pycache__) by extension 'python'
[1.538s] Level 1:colcon.colcon_core.package_identification:_identify(src/mml_python_sim/__pycache__) by extensions ['python_setup_py']
[1.538s] Level 1:colcon.colcon_core.package_identification:_identify(src/mml_python_sim/__pycache__) by extension 'python_setup_py'
[1.539s] Level 1:colcon.colcon_core.package_identification:_identify(src/mml_python_sim/adp) by extensions ['ignore', 'ignore_ament_install']
[1.539s] Level 1:colcon.colcon_core.package_identification:_identify(src/mml_python_sim/adp) by extension 'ignore'
[1.539s] Level 1:colcon.colcon_core.package_identification:_identify(src/mml_python_sim/adp) ignored
[1.540s] Level 1:colcon.colcon_core.package_identification:_identify(src/mml_python_sim/build) by extensions ['ignore', 'ignore_ament_install']
[1.540s] Level 1:colcon.colcon_core.package_identification:_identify(src/mml_python_sim/build) by extension 'ignore'
[1.540s] Level 1:colcon.colcon_core.package_identification:_identify(src/mml_python_sim/build) ignored
[1.541s] Level 1:colcon.colcon_core.package_identification:_identify(src/mml_python_sim/env_images) by extensions ['ignore', 'ignore_ament_install']
[1.541s] Level 1:colcon.colcon_core.package_identification:_identify(src/mml_python_sim/env_images) by extension 'ignore'
[1.541s] Level 1:colcon.colcon_core.package_identification:_identify(src/mml_python_sim/env_images) ignored
[1.541s] Level 1:colcon.colcon_core.package_identification:_identify(src/mml_python_sim/environments) by extensions ['ignore', 'ignore_ament_install']
[1.542s] Level 1:colcon.colcon_core.package_identification:_identify(src/mml_python_sim/environments) by extension 'ignore'
[1.542s] Level 1:colcon.colcon_core.package_identification:_identify(src/mml_python_sim/environments) ignored
[1.543s] Level 1:colcon.colcon_core.package_identification:_identify(src/mml_python_sim/install) by extensions ['ignore', 'ignore_ament_install']
[1.543s] Level 1:colcon.colcon_core.package_identification:_identify(src/mml_python_sim/install) by extension 'ignore'
[1.543s] Level 1:colcon.colcon_core.package_identification:_identify(src/mml_python_sim/install) ignored
[1.544s] Level 1:colcon.colcon_core.package_identification:_identify(src/mml_python_sim/log) by extensions ['ignore', 'ignore_ament_install']
[1.544s] Level 1:colcon.colcon_core.package_identification:_identify(src/mml_python_sim/log) by extension 'ignore'
[1.544s] Level 1:colcon.colcon_core.package_identification:_identify(src/mml_python_sim/log) ignored
[1.544s] Level 1:colcon.colcon_core.package_identification:_identify(src/mml_python_sim/logs) by extensions ['ignore', 'ignore_ament_install']
[1.545s] Level 1:colcon.colcon_core.package_identification:_identify(src/mml_python_sim/logs) by extension 'ignore'
[1.545s] Level 1:colcon.colcon_core.package_identification:_identify(src/mml_python_sim/logs) by extension 'ignore_ament_install'
[1.545s] Level 1:colcon.colcon_core.package_identification:_identify(src/mml_python_sim/logs) by extensions ['colcon_pkg']
[1.545s] Level 1:colcon.colcon_core.package_identification:_identify(src/mml_python_sim/logs) by extension 'colcon_pkg'
[1.546s] Level 1:colcon.colcon_core.package_identification:_identify(src/mml_python_sim/logs) by extensions ['colcon_meta']
[1.546s] Level 1:colcon.colcon_core.package_identification:_identify(src/mml_python_sim/logs) by extension 'colcon_meta'
[1.546s] Level 1:colcon.colcon_core.package_identification:_identify(src/mml_python_sim/logs) by extensions ['ros']
[1.546s] Level 1:colcon.colcon_core.package_identification:_identify(src/mml_python_sim/logs) by extension 'ros'
[1.546s] Level 1:colcon.colcon_core.package_identification:_identify(src/mml_python_sim/logs) by extensions ['cmake', 'python']
[1.547s] Level 1:colcon.colcon_core.package_identification:_identify(src/mml_python_sim/logs) by extension 'cmake'
[1.547s] Level 1:colcon.colcon_core.package_identification:_identify(src/mml_python_sim/logs) by extension 'python'
[1.547s] Level 1:colcon.colcon_core.package_identification:_identify(src/mml_python_sim/logs) by extensions ['python_setup_py']
[1.547s] Level 1:colcon.colcon_core.package_identification:_identify(src/mml_python_sim/logs) by extension 'python_setup_py'
[1.548s] Level 1:colcon.colcon_core.package_identification:_identify(src/mml_python_sim/logs_recurrent) by extensions ['ignore', 'ignore_ament_install']
[1.548s] Level 1:colcon.colcon_core.package_identification:_identify(src/mml_python_sim/logs_recurrent) by extension 'ignore'
[1.548s] Level 1:colcon.colcon_core.package_identification:_identify(src/mml_python_sim/logs_recurrent) by extension 'ignore_ament_install'
[1.549s] Level 1:colcon.colcon_core.package_identification:_identify(src/mml_python_sim/logs_recurrent) by extensions ['colcon_pkg']
[1.549s] Level 1:colcon.colcon_core.package_identification:_identify(src/mml_python_sim/logs_recurrent) by extension 'colcon_pkg'
[1.549s] Level 1:colcon.colcon_core.package_identification:_identify(src/mml_python_sim/logs_recurrent) by extensions ['colcon_meta']
[1.549s] Level 1:colcon.colcon_core.package_identification:_identify(src/mml_python_sim/logs_recurrent) by extension 'colcon_meta'
[1.549s] Level 1:colcon.colcon_core.package_identification:_identify(src/mml_python_sim/logs_recurrent) by extensions ['ros']
[1.549s] Level 1:colcon.colcon_core.package_identification:_identify(src/mml_python_sim/logs_recurrent) by extension 'ros'
[1.550s] Level 1:colcon.colcon_core.package_identification:_identify(src/mml_python_sim/logs_recurrent) by extensions ['cmake', 'python']
[1.550s] Level 1:colcon.colcon_core.package_identification:_identify(src/mml_python_sim/logs_recurrent) by extension 'cmake'
[1.550s] Level 1:colcon.colcon_core.package_identification:_identify(src/mml_python_sim/logs_recurrent) by extension 'python'
[1.550s] Level 1:colcon.colcon_core.package_identification:_identify(src/mml_python_sim/logs_recurrent) by extensions ['python_setup_py']
[1.550s] Level 1:colcon.colcon_core.package_identification:_identify(src/mml_python_sim/logs_recurrent) by extension 'python_setup_py'
[1.551s] Level 1:colcon.colcon_core.package_identification:_identify(src/mml_python_sim/models) by extensions ['ignore', 'ignore_ament_install']
[1.551s] Level 1:colcon.colcon_core.package_identification:_identify(src/mml_python_sim/models) by extension 'ignore'
[1.551s] Level 1:colcon.colcon_core.package_identification:_identify(src/mml_python_sim/models) ignored
[1.552s] Level 1:colcon.colcon_core.package_identification:_identify(src/mml_python_sim/models_offline) by extensions ['ignore', 'ignore_ament_install']
[1.552s] Level 1:colcon.colcon_core.package_identification:_identify(src/mml_python_sim/models_offline) by extension 'ignore'
[1.552s] Level 1:colcon.colcon_core.package_identification:_identify(src/mml_python_sim/models_offline) ignored
[1.553s] Level 1:colcon.colcon_core.package_identification:_identify(src/mml_python_sim/models_recurrent) by extensions ['ignore', 'ignore_ament_install']
[1.553s] Level 1:colcon.colcon_core.package_identification:_identify(src/mml_python_sim/models_recurrent) by extension 'ignore'
[1.553s] Level 1:colcon.colcon_core.package_identification:_identify(src/mml_python_sim/models_recurrent) ignored
[1.554s] Level 1:colcon.colcon_core.package_identification:_identify(src/mml_python_sim/pdf_resource) by extensions ['ignore', 'ignore_ament_install']
[1.554s] Level 1:colcon.colcon_core.package_identification:_identify(src/mml_python_sim/pdf_resource) by extension 'ignore'
[1.554s] Level 1:colcon.colcon_core.package_identification:_identify(src/mml_python_sim/pdf_resource) ignored
[1.554s] Level 1:colcon.colcon_core.package_identification:_identify(src/mml_python_sim/scripts) by extensions ['ignore', 'ignore_ament_install']
[1.555s] Level 1:colcon.colcon_core.package_identification:_identify(src/mml_python_sim/scripts) by extension 'ignore'
[1.555s] Level 1:colcon.colcon_core.package_identification:_identify(src/mml_python_sim/scripts) ignored
[1.555s] Level 1:colcon.colcon_core.package_identification:_identify(src/mml_python_sim/simulation_utils) by extensions ['ignore', 'ignore_ament_install']
[1.556s] Level 1:colcon.colcon_core.package_identification:_identify(src/mml_python_sim/simulation_utils) by extension 'ignore'
[1.556s] Level 1:colcon.colcon_core.package_identification:_identify(src/mml_python_sim/simulation_utils) ignored
[1.556s] Level 1:colcon.colcon_core.package_identification:_identify(src/mml_python_sim/src) by extensions ['ignore', 'ignore_ament_install']
[1.556s] Level 1:colcon.colcon_core.package_identification:_identify(src/mml_python_sim/src) by extension 'ignore'
[1.557s] Level 1:colcon.colcon_core.package_identification:_identify(src/mml_python_sim/src) by extension 'ignore_ament_install'
[1.557s] Level 1:colcon.colcon_core.package_identification:_identify(src/mml_python_sim/src) by extensions ['colcon_pkg']
[1.557s] Level 1:colcon.colcon_core.package_identification:_identify(src/mml_python_sim/src) by extension 'colcon_pkg'
[1.557s] Level 1:colcon.colcon_core.package_identification:_identify(src/mml_python_sim/src) by extensions ['colcon_meta']
[1.557s] Level 1:colcon.colcon_core.package_identification:_identify(src/mml_python_sim/src) by extension 'colcon_meta'
[1.558s] Level 1:colcon.colcon_core.package_identification:_identify(src/mml_python_sim/src) by extensions ['ros']
[1.558s] Level 1:colcon.colcon_core.package_identification:_identify(src/mml_python_sim/src) by extension 'ros'
[1.558s] Level 1:colcon.colcon_core.package_identification:_identify(src/mml_python_sim/src) by extensions ['cmake', 'python']
[1.558s] Level 1:colcon.colcon_core.package_identification:_identify(src/mml_python_sim/src) by extension 'cmake'
[1.558s] Level 1:colcon.colcon_core.package_identification:_identify(src/mml_python_sim/src) by extension 'python'
[1.559s] Level 1:colcon.colcon_core.package_identification:_identify(src/mml_python_sim/src) by extensions ['python_setup_py']
[1.559s] Level 1:colcon.colcon_core.package_identification:_identify(src/mml_python_sim/src) by extension 'python_setup_py'
[1.559s] Level 1:colcon.colcon_core.package_identification:_identify(src/mml_python_sim/src/mml_guidance) by extensions ['ignore', 'ignore_ament_install']
[1.559s] Level 1:colcon.colcon_core.package_identification:_identify(src/mml_python_sim/src/mml_guidance) by extension 'ignore'
[1.560s] Level 1:colcon.colcon_core.package_identification:_identify(src/mml_python_sim/src/mml_guidance) by extension 'ignore_ament_install'
[1.560s] Level 1:colcon.colcon_core.package_identification:_identify(src/mml_python_sim/src/mml_guidance) by extensions ['colcon_pkg']
[1.560s] Level 1:colcon.colcon_core.package_identification:_identify(src/mml_python_sim/src/mml_guidance) by extension 'colcon_pkg'
[1.560s] Level 1:colcon.colcon_core.package_identification:_identify(src/mml_python_sim/src/mml_guidance) by extensions ['colcon_meta']
[1.560s] Level 1:colcon.colcon_core.package_identification:_identify(src/mml_python_sim/src/mml_guidance) by extension 'colcon_meta'
[1.561s] Level 1:colcon.colcon_core.package_identification:_identify(src/mml_python_sim/src/mml_guidance) by extensions ['ros']
[1.561s] Level 1:colcon.colcon_core.package_identification:_identify(src/mml_python_sim/src/mml_guidance) by extension 'ros'
[1.563s] DEBUG:colcon.colcon_core.package_identification:Package 'src/mml_python_sim/src/mml_guidance' with type 'ros.ament_python' and name 'mml_guidance'
[1.563s] Level 1:colcon.colcon_core.package_identification:_identify(src/mml_python_sim/training) by extensions ['ignore', 'ignore_ament_install']
[1.564s] Level 1:colcon.colcon_core.package_identification:_identify(src/mml_python_sim/training) by extension 'ignore'
[1.564s] Level 1:colcon.colcon_core.package_identification:_identify(src/mml_python_sim/training) ignored
[1.565s] Level 1:colcon.colcon_core.package_identification:_identify(src/sjtu_drone) by extensions ['ignore', 'ignore_ament_install']
[1.565s] Level 1:colcon.colcon_core.package_identification:_identify(src/sjtu_drone) by extension 'ignore'
[1.565s] Level 1:colcon.colcon_core.package_identification:_identify(src/sjtu_drone) by extension 'ignore_ament_install'
[1.566s] Level 1:colcon.colcon_core.package_identification:_identify(src/sjtu_drone) by extensions ['colcon_pkg']
[1.566s] Level 1:colcon.colcon_core.package_identification:_identify(src/sjtu_drone) by extension 'colcon_pkg'
[1.566s] Level 1:colcon.colcon_core.package_identification:_identify(src/sjtu_drone) by extensions ['colcon_meta']
[1.566s] Level 1:colcon.colcon_core.package_identification:_identify(src/sjtu_drone) by extension 'colcon_meta'
[1.567s] Level 1:colcon.colcon_core.package_identification:_identify(src/sjtu_drone) by extensions ['ros']
[1.567s] Level 1:colcon.colcon_core.package_identification:_identify(src/sjtu_drone) by extension 'ros'
[1.568s] Level 1:colcon.colcon_core.package_identification:_identify(src/sjtu_drone) by extensions ['cmake', 'python']
[1.568s] Level 1:colcon.colcon_core.package_identification:_identify(src/sjtu_drone) by extension 'cmake'
[1.568s] Level 1:colcon.colcon_core.package_identification:_identify(src/sjtu_drone) by extension 'python'
[1.569s] Level 1:colcon.colcon_core.package_identification:_identify(src/sjtu_drone) by extensions ['python_setup_py']
[1.569s] Level 1:colcon.colcon_core.package_identification:_identify(src/sjtu_drone) by extension 'python_setup_py'
[1.569s] Level 1:colcon.colcon_core.package_identification:_identify(src/sjtu_drone/imgs) by extensions ['ignore', 'ignore_ament_install']
[1.570s] Level 1:colcon.colcon_core.package_identification:_identify(src/sjtu_drone/imgs) by extension 'ignore'
[1.570s] Level 1:colcon.colcon_core.package_identification:_identify(src/sjtu_drone/imgs) by extension 'ignore_ament_install'
[1.570s] Level 1:colcon.colcon_core.package_identification:_identify(src/sjtu_drone/imgs) by extensions ['colcon_pkg']
[1.570s] Level 1:colcon.colcon_core.package_identification:_identify(src/sjtu_drone/imgs) by extension 'colcon_pkg'
[1.571s] Level 1:colcon.colcon_core.package_identification:_identify(src/sjtu_drone/imgs) by extensions ['colcon_meta']
[1.571s] Level 1:colcon.colcon_core.package_identification:_identify(src/sjtu_drone/imgs) by extension 'colcon_meta'
[1.571s] Level 1:colcon.colcon_core.package_identification:_identify(src/sjtu_drone/imgs) by extensions ['ros']
[1.571s] Level 1:colcon.colcon_core.package_identification:_identify(src/sjtu_drone/imgs) by extension 'ros'
[1.571s] Level 1:colcon.colcon_core.package_identification:_identify(src/sjtu_drone/imgs) by extensions ['cmake', 'python']
[1.572s] Level 1:colcon.colcon_core.package_identification:_identify(src/sjtu_drone/imgs) by extension 'cmake'
[1.572s] Level 1:colcon.colcon_core.package_identification:_identify(src/sjtu_drone/imgs) by extension 'python'
[1.572s] Level 1:colcon.colcon_core.package_identification:_identify(src/sjtu_drone/imgs) by extensions ['python_setup_py']
[1.572s] Level 1:colcon.colcon_core.package_identification:_identify(src/sjtu_drone/imgs) by extension 'python_setup_py'
[1.572s] Level 1:colcon.colcon_core.package_identification:_identify(src/sjtu_drone/sjtu_drone_bringup) by extensions ['ignore', 'ignore_ament_install']
[1.573s] Level 1:colcon.colcon_core.package_identification:_identify(src/sjtu_drone/sjtu_drone_bringup) by extension 'ignore'
[1.573s] Level 1:colcon.colcon_core.package_identification:_identify(src/sjtu_drone/sjtu_drone_bringup) by extension 'ignore_ament_install'
[1.573s] Level 1:colcon.colcon_core.package_identification:_identify(src/sjtu_drone/sjtu_drone_bringup) by extensions ['colcon_pkg']
[1.573s] Level 1:colcon.colcon_core.package_identification:_identify(src/sjtu_drone/sjtu_drone_bringup) by extension 'colcon_pkg'
[1.574s] Level 1:colcon.colcon_core.package_identification:_identify(src/sjtu_drone/sjtu_drone_bringup) by extensions ['colcon_meta']
[1.574s] Level 1:colcon.colcon_core.package_identification:_identify(src/sjtu_drone/sjtu_drone_bringup) by extension 'colcon_meta'
[1.574s] Level 1:colcon.colcon_core.package_identification:_identify(src/sjtu_drone/sjtu_drone_bringup) by extensions ['ros']
[1.574s] Level 1:colcon.colcon_core.package_identification:_identify(src/sjtu_drone/sjtu_drone_bringup) by extension 'ros'
[1.578s] DEBUG:colcon.colcon_core.package_identification:Package 'src/sjtu_drone/sjtu_drone_bringup' with type 'ros.ament_python' and name 'sjtu_drone_bringup'
[1.579s] Level 1:colcon.colcon_core.package_identification:_identify(src/sjtu_drone/sjtu_drone_control) by extensions ['ignore', 'ignore_ament_install']
[1.579s] Level 1:colcon.colcon_core.package_identification:_identify(src/sjtu_drone/sjtu_drone_control) by extension 'ignore'
[1.579s] Level 1:colcon.colcon_core.package_identification:_identify(src/sjtu_drone/sjtu_drone_control) by extension 'ignore_ament_install'
[1.580s] Level 1:colcon.colcon_core.package_identification:_identify(src/sjtu_drone/sjtu_drone_control) by extensions ['colcon_pkg']
[1.580s] Level 1:colcon.colcon_core.package_identification:_identify(src/sjtu_drone/sjtu_drone_control) by extension 'colcon_pkg'
[1.580s] Level 1:colcon.colcon_core.package_identification:_identify(src/sjtu_drone/sjtu_drone_control) by extensions ['colcon_meta']
[1.580s] Level 1:colcon.colcon_core.package_identification:_identify(src/sjtu_drone/sjtu_drone_control) by extension 'colcon_meta'
[1.580s] Level 1:colcon.colcon_core.package_identification:_identify(src/sjtu_drone/sjtu_drone_control) by extensions ['ros']
[1.580s] Level 1:colcon.colcon_core.package_identification:_identify(src/sjtu_drone/sjtu_drone_control) by extension 'ros'
[1.585s] DEBUG:colcon.colcon_core.package_identification:Package 'src/sjtu_drone/sjtu_drone_control' with type 'ros.ament_python' and name 'sjtu_drone_control'
[1.586s] Level 1:colcon.colcon_core.package_identification:_identify(src/sjtu_drone/sjtu_drone_description) by extensions ['ignore', 'ignore_ament_install']
[1.586s] Level 1:colcon.colcon_core.package_identification:_identify(src/sjtu_drone/sjtu_drone_description) by extension 'ignore'
[1.586s] Level 1:colcon.colcon_core.package_identification:_identify(src/sjtu_drone/sjtu_drone_description) by extension 'ignore_ament_install'
[1.587s] Level 1:colcon.colcon_core.package_identification:_identify(src/sjtu_drone/sjtu_drone_description) by extensions ['colcon_pkg']
[1.587s] Level 1:colcon.colcon_core.package_identification:_identify(src/sjtu_drone/sjtu_drone_description) by extension 'colcon_pkg'
[1.587s] Level 1:colcon.colcon_core.package_identification:_identify(src/sjtu_drone/sjtu_drone_description) by extensions ['colcon_meta']
[1.587s] Level 1:colcon.colcon_core.package_identification:_identify(src/sjtu_drone/sjtu_drone_description) by extension 'colcon_meta'
[1.587s] Level 1:colcon.colcon_core.package_identification:_identify(src/sjtu_drone/sjtu_drone_description) by extensions ['ros']
[1.587s] Level 1:colcon.colcon_core.package_identification:_identify(src/sjtu_drone/sjtu_drone_description) by extension 'ros'
[1.591s] DEBUG:colcon.colcon_core.package_identification:Package 'src/sjtu_drone/sjtu_drone_description' with type 'ros.ament_cmake' and name 'sjtu_drone_description'
[1.592s] Level 1:colcon.colcon_core.package_discovery:discover_packages(recursive) using defaults
[1.592s] Level 1:colcon.colcon_core.package_discovery:discover_packages(ignore) discover
[1.592s] Level 1:colcon.colcon_core.package_discovery:discover_packages(ignore) using defaults
[1.592s] Level 1:colcon.colcon_core.package_discovery:discover_packages(path) discover
[1.592s] Level 1:colcon.colcon_core.package_discovery:discover_packages(path) using defaults
[1.680s] Level 5:colcon.colcon_core.verb:set package 'drive_drone' build argument 'cmake_args' from command line to 'None'
[1.680s] Level 5:colcon.colcon_core.verb:set package 'drive_drone' build argument 'cmake_target' from command line to 'None'
[1.680s] Level 5:colcon.colcon_core.verb:set package 'drive_drone' build argument 'cmake_target_skip_unavailable' from command line to 'False'
[1.680s] Level 5:colcon.colcon_core.verb:set package 'drive_drone' build argument 'cmake_clean_cache' from command line to 'True'
[1.680s] Level 5:colcon.colcon_core.verb:set package 'drive_drone' build argument 'cmake_clean_first' from command line to 'False'
[1.680s] Level 5:colcon.colcon_core.verb:set package 'drive_drone' build argument 'cmake_force_configure' from command line to 'False'
[1.681s] Level 5:colcon.colcon_core.verb:set package 'drive_drone' build argument 'ament_cmake_args' from command line to 'None'
[1.681s] Level 5:colcon.colcon_core.verb:set package 'drive_drone' build argument 'catkin_cmake_args' from command line to 'None'
[1.681s] Level 5:colcon.colcon_core.verb:set package 'drive_drone' build argument 'catkin_skip_building_tests' from command line to 'False'
[1.681s] DEBUG:colcon.colcon_core.verb:Building package 'drive_drone' with the following arguments: {'ament_cmake_args': None, 'build_base': '/home/user/PPO_drone_Gazebo_ROS2/build/drive_drone', 'catkin_cmake_args': None, 'catkin_skip_building_tests': False, 'cmake_args': None, 'cmake_clean_cache': True, 'cmake_clean_first': False, 'cmake_force_configure': False, 'cmake_target': None, 'cmake_target_skip_unavailable': False, 'install_base': '/home/user/PPO_drone_Gazebo_ROS2/install/drive_drone', 'merge_install': False, 'path': '/home/user/PPO_drone_Gazebo_ROS2/src/drive_drone', 'symlink_install': True, 'test_result_base': None}
[1.683s] Level 5:colcon.colcon_core.verb:set package 'mml_guidance' build argument 'cmake_args' from command line to 'None'
[1.683s] Level 5:colcon.colcon_core.verb:set package 'mml_guidance' build argument 'cmake_target' from command line to 'None'
[1.683s] Level 5:colcon.colcon_core.verb:set package 'mml_guidance' build argument 'cmake_target_skip_unavailable' from command line to 'False'
[1.683s] Level 5:colcon.colcon_core.verb:set package 'mml_guidance' build argument 'cmake_clean_cache' from command line to 'True'
[1.683s] Level 5:colcon.colcon_core.verb:set package 'mml_guidance' build argument 'cmake_clean_first' from command line to 'False'
[1.684s] Level 5:colcon.colcon_core.verb:set package 'mml_guidance' build argument 'cmake_force_configure' from command line to 'False'
[1.684s] Level 5:colcon.colcon_core.verb:set package 'mml_guidance' build argument 'ament_cmake_args' from command line to 'None'
[1.684s] Level 5:colcon.colcon_core.verb:set package 'mml_guidance' build argument 'catkin_cmake_args' from command line to 'None'
[1.684s] Level 5:colcon.colcon_core.verb:set package 'mml_guidance' build argument 'catkin_skip_building_tests' from command line to 'False'
[1.684s] DEBUG:colcon.colcon_core.verb:Building package 'mml_guidance' with the following arguments: {'ament_cmake_args': None, 'build_base': '/home/user/PPO_drone_Gazebo_ROS2/build/mml_guidance', 'catkin_cmake_args': None, 'catkin_skip_building_tests': False, 'cmake_args': None, 'cmake_clean_cache': True, 'cmake_clean_first': False, 'cmake_force_configure': False, 'cmake_target': None, 'cmake_target_skip_unavailable': False, 'install_base': '/home/user/PPO_drone_Gazebo_ROS2/install/mml_guidance', 'merge_install': False, 'path': '/home/user/PPO_drone_Gazebo_ROS2/src/mml_python_sim/src/mml_guidance', 'symlink_install': True, 'test_result_base': None}
[1.685s] Level 5:colcon.colcon_core.verb:set package 'sjtu_drone_bringup' build argument 'cmake_args' from command line to 'None'
[1.686s] Level 5:colcon.colcon_core.verb:set package 'sjtu_drone_bringup' build argument 'cmake_target' from command line to 'None'
[1.686s] Level 5:colcon.colcon_core.verb:set package 'sjtu_drone_bringup' build argument 'cmake_target_skip_unavailable' from command line to 'False'
[1.686s] Level 5:colcon.colcon_core.verb:set package 'sjtu_drone_bringup' build argument 'cmake_clean_cache' from command line to 'True'
[1.686s] Level 5:colcon.colcon_core.verb:set package 'sjtu_drone_bringup' build argument 'cmake_clean_first' from command line to 'False'
[1.686s] Level 5:colcon.colcon_core.verb:set package 'sjtu_drone_bringup' build argument 'cmake_force_configure' from command line to 'False'
[1.686s] Level 5:colcon.colcon_core.verb:set package 'sjtu_drone_bringup' build argument 'ament_cmake_args' from command line to 'None'
[1.686s] Level 5:colcon.colcon_core.verb:set package 'sjtu_drone_bringup' build argument 'catkin_cmake_args' from command line to 'None'
[1.686s] Level 5:colcon.colcon_core.verb:set package 'sjtu_drone_bringup' build argument 'catkin_skip_building_tests' from command line to 'False'
[1.686s] DEBUG:colcon.colcon_core.verb:Building package 'sjtu_drone_bringup' with the following arguments: {'ament_cmake_args': None, 'build_base': '/home/user/PPO_drone_Gazebo_ROS2/build/sjtu_drone_bringup', 'catkin_cmake_args': None, 'catkin_skip_building_tests': False, 'cmake_args': None, 'cmake_clean_cache': True, 'cmake_clean_first': False, 'cmake_force_configure': False, 'cmake_target': None, 'cmake_target_skip_unavailable': False, 'install_base': '/home/user/PPO_drone_Gazebo_ROS2/install/sjtu_drone_bringup', 'merge_install': False, 'path': '/home/user/PPO_drone_Gazebo_ROS2/src/sjtu_drone/sjtu_drone_bringup', 'symlink_install': True, 'test_result_base': None}
[1.688s] Level 5:colcon.colcon_core.verb:set package 'sjtu_drone_control' build argument 'cmake_args' from command line to 'None'
[1.688s] Level 5:colcon.colcon_core.verb:set package 'sjtu_drone_control' build argument 'cmake_target' from command line to 'None'
[1.688s] Level 5:colcon.colcon_core.verb:set package 'sjtu_drone_control' build argument 'cmake_target_skip_unavailable' from command line to 'False'
[1.688s] Level 5:colcon.colcon_core.verb:set package 'sjtu_drone_control' build argument 'cmake_clean_cache' from command line to 'True'
[1.688s] Level 5:colcon.colcon_core.verb:set package 'sjtu_drone_control' build argument 'cmake_clean_first' from command line to 'False'
[1.688s] Level 5:colcon.colcon_core.verb:set package 'sjtu_drone_control' build argument 'cmake_force_configure' from command line to 'False'
[1.688s] Level 5:colcon.colcon_core.verb:set package 'sjtu_drone_control' build argument 'ament_cmake_args' from command line to 'None'
[1.688s] Level 5:colcon.colcon_core.verb:set package 'sjtu_drone_control' build argument 'catkin_cmake_args' from command line to 'None'
[1.689s] Level 5:colcon.colcon_core.verb:set package 'sjtu_drone_control' build argument 'catkin_skip_building_tests' from command line to 'False'
[1.689s] DEBUG:colcon.colcon_core.verb:Building package 'sjtu_drone_control' with the following arguments: {'ament_cmake_args': None, 'build_base': '/home/user/PPO_drone_Gazebo_ROS2/build/sjtu_drone_control', 'catkin_cmake_args': None, 'catkin_skip_building_tests': False, 'cmake_args': None, 'cmake_clean_cache': True, 'cmake_clean_first': False, 'cmake_force_configure': False, 'cmake_target': None, 'cmake_target_skip_unavailable': False, 'install_base': '/home/user/PPO_drone_Gazebo_ROS2/install/sjtu_drone_control', 'merge_install': False, 'path': '/home/user/PPO_drone_Gazebo_ROS2/src/sjtu_drone/sjtu_drone_control', 'symlink_install': True, 'test_result_base': None}
[1.690s] Level 5:colcon.colcon_core.verb:set package 'sjtu_drone_description' build argument 'cmake_args' from command line to 'None'
[1.690s] Level 5:colcon.colcon_core.verb:set package 'sjtu_drone_description' build argument 'cmake_target' from command line to 'None'
[1.690s] Level 5:colcon.colcon_core.verb:set package 'sjtu_drone_description' build argument 'cmake_target_skip_unavailable' from command line to 'False'
[1.690s] Level 5:colcon.colcon_core.verb:set package 'sjtu_drone_description' build argument 'cmake_clean_cache' from command line to 'True'
[1.690s] Level 5:colcon.colcon_core.verb:set package 'sjtu_drone_description' build argument 'cmake_clean_first' from command line to 'False'
[1.691s] Level 5:colcon.colcon_core.verb:set package 'sjtu_drone_description' build argument 'cmake_force_configure' from command line to 'False'
[1.691s] Level 5:colcon.colcon_core.verb:set package 'sjtu_drone_description' build argument 'ament_cmake_args' from command line to 'None'
[1.691s] Level 5:colcon.colcon_core.verb:set package 'sjtu_drone_description' build argument 'catkin_cmake_args' from command line to 'None'
[1.691s] Level 5:colcon.colcon_core.verb:set package 'sjtu_drone_description' build argument 'catkin_skip_building_tests' from command line to 'False'
[1.691s] DEBUG:colcon.colcon_core.verb:Building package 'sjtu_drone_description' with the following arguments: {'ament_cmake_args': None, 'build_base': '/home/user/PPO_drone_Gazebo_ROS2/build/sjtu_drone_description', 'catkin_cmake_args': None, 'catkin_skip_building_tests': False, 'cmake_args': None, 'cmake_clean_cache': True, 'cmake_clean_first': False, 'cmake_force_configure': False, 'cmake_target': None, 'cmake_target_skip_unavailable': False, 'install_base': '/home/user/PPO_drone_Gazebo_ROS2/install/sjtu_drone_description', 'merge_install': False, 'path': '/home/user/PPO_drone_Gazebo_ROS2/src/sjtu_drone/sjtu_drone_description', 'symlink_install': True, 'test_result_base': None}
[1.692s] INFO:colcon.colcon_core.executor:Executing jobs using 'parallel' executor
[1.697s] DEBUG:colcon.colcon_parallel_executor.executor.parallel:run_until_complete
[1.698s] INFO:colcon.colcon_ros.task.ament_cmake.build:Building ROS package in '/home/user/PPO_drone_Gazebo_ROS2/src/drive_drone' with build type 'ament_cmake'
[1.699s] INFO:colcon.colcon_cmake.task.cmake.build:Building CMake package in '/home/user/PPO_drone_Gazebo_ROS2/src/drive_drone'
[1.709s] INFO:colcon.colcon_core.plugin_system:Skipping extension 'colcon_core.shell.bat': Not used on non-Windows systems
[1.709s] INFO:colcon.colcon_core.shell:Skip shell extension 'powershell' for command environment: Not usable outside of PowerShell
[1.710s] DEBUG:colcon.colcon_core.shell:Skip shell extension 'dsv' for command environment
[1.714s] WARNING:colcon.colcon_core.prefix_path.colcon:The path '/home/user/PPO_drone_Gazebo_ROS2/src/install' in the environment variable COLCON_PREFIX_PATH doesn't exist
[1.714s] WARNING:colcon.colcon_ros.prefix_path.ament:The path '/home/user/PPO_drone_Gazebo_ROS2/src/install/sjtu_drone_description' in the environment variable AMENT_PREFIX_PATH doesn't exist
[1.715s] WARNING:colcon.colcon_ros.prefix_path.ament:The path '/home/user/PPO_drone_Gazebo_ROS2/src/install/sjtu_drone_control' in the environment variable AMENT_PREFIX_PATH doesn't exist
[1.715s] WARNING:colcon.colcon_ros.prefix_path.ament:The path '/home/user/PPO_drone_Gazebo_ROS2/src/install/sjtu_drone_bringup' in the environment variable AMENT_PREFIX_PATH doesn't exist
[1.715s] WARNING:colcon.colcon_ros.prefix_path.ament:The path '/home/user/PPO_drone_Gazebo_ROS2/src/install/drive_drone' in the environment variable AMENT_PREFIX_PATH doesn't exist
[1.717s] WARNING:colcon.colcon_ros.prefix_path.ament:The path '/opt/ros/jazzy' in the environment variable AMENT_PREFIX_PATH doesn't exist
[1.717s] WARNING:colcon.colcon_ros.prefix_path.catkin:The path '/home/user/PPO_drone_Gazebo_ROS2/src/install/sjtu_drone_description' in the environment variable CMAKE_PREFIX_PATH doesn't exist
[1.718s] WARNING:colcon.colcon_ros.prefix_path.catkin:The path '/home/user/PPO_drone_Gazebo_ROS2/src/install/drive_drone' in the environment variable CMAKE_PREFIX_PATH doesn't exist
[1.718s] WARNING:colcon.colcon_ros.prefix_path.catkin:The path '/opt/ros/jazzy/opt/gz_sim_vendor' in the environment variable CMAKE_PREFIX_PATH doesn't exist
[1.718s] WARNING:colcon.colcon_ros.prefix_path.catkin:The path '/opt/ros/jazzy/opt/gz_sensors_vendor' in the environment variable CMAKE_PREFIX_PATH doesn't exist
[1.718s] WARNING:colcon.colcon_ros.prefix_path.catkin:The path '/opt/ros/jazzy/opt/gz_physics_vendor' in the environment variable CMAKE_PREFIX_PATH doesn't exist
[1.719s] WARNING:colcon.colcon_ros.prefix_path.catkin:The path '/opt/ros/jazzy/opt/sdformat_vendor' in the environment variable CMAKE_PREFIX_PATH doesn't exist
[1.719s] WARNING:colcon.colcon_ros.prefix_path.catkin:The path '/opt/ros/jazzy/opt/gz_gui_vendor' in the environment variable CMAKE_PREFIX_PATH doesn't exist
[1.719s] WARNING:colcon.colcon_ros.prefix_path.catkin:The path '/opt/ros/jazzy/opt/gz_transport_vendor' in the environment variable CMAKE_PREFIX_PATH doesn't exist
[1.720s] WARNING:colcon.colcon_ros.prefix_path.catkin:The path '/opt/ros/jazzy/opt/gz_rendering_vendor' in the environment variable CMAKE_PREFIX_PATH doesn't exist
[1.720s] WARNING:colcon.colcon_ros.prefix_path.catkin:The path '/opt/ros/jazzy/opt/gz_plugin_vendor' in the environment variable CMAKE_PREFIX_PATH doesn't exist
[1.720s] WARNING:colcon.colcon_ros.prefix_path.catkin:The path '/opt/ros/jazzy/opt/gz_fuel_tools_vendor' in the environment variable CMAKE_PREFIX_PATH doesn't exist
[1.721s] WARNING:colcon.colcon_ros.prefix_path.catkin:The path '/opt/ros/jazzy/opt/gz_msgs_vendor' in the environment variable CMAKE_PREFIX_PATH doesn't exist
[1.721s] WARNING:colcon.colcon_ros.prefix_path.catkin:The path '/opt/ros/jazzy/opt/gz_common_vendor' in the environment variable CMAKE_PREFIX_PATH doesn't exist
[1.721s] WARNING:colcon.colcon_ros.prefix_path.catkin:The path '/opt/ros/jazzy/opt/gz_math_vendor' in the environment variable CMAKE_PREFIX_PATH doesn't exist
[1.722s] WARNING:colcon.colcon_ros.prefix_path.catkin:The path '/opt/ros/jazzy/opt/gz_utils_vendor' in the environment variable CMAKE_PREFIX_PATH doesn't exist
[1.722s] WARNING:colcon.colcon_ros.prefix_path.catkin:The path '/opt/ros/jazzy/opt/gz_tools_vendor' in the environment variable CMAKE_PREFIX_PATH doesn't exist
[1.722s] WARNING:colcon.colcon_ros.prefix_path.catkin:The path '/opt/ros/jazzy/opt/gz_ogre_next_vendor' in the environment variable CMAKE_PREFIX_PATH doesn't exist
[1.722s] WARNING:colcon.colcon_ros.prefix_path.catkin:The path '/opt/ros/jazzy/opt/gz_dartsim_vendor' in the environment variable CMAKE_PREFIX_PATH doesn't exist
[1.723s] WARNING:colcon.colcon_ros.prefix_path.catkin:The path '/opt/ros/jazzy/opt/gz_cmake_vendor' in the environment variable CMAKE_PREFIX_PATH doesn't exist
[1.742s] INFO:colcon.colcon_ros.task.ament_python.build:Building ROS package in '/home/user/PPO_drone_Gazebo_ROS2/src/mml_python_sim/src/mml_guidance' with build type 'ament_python'
[1.743s] Level 1:colcon.colcon_core.shell:create_environment_hook('mml_guidance', 'ament_prefix_path')
[1.744s] INFO:colcon.colcon_core.shell:Creating environment hook '/home/user/PPO_drone_Gazebo_ROS2/install/mml_guidance/share/mml_guidance/hook/ament_prefix_path.ps1'
[1.746s] INFO:colcon.colcon_core.shell:Creating environment descriptor '/home/user/PPO_drone_Gazebo_ROS2/install/mml_guidance/share/mml_guidance/hook/ament_prefix_path.dsv'
[1.749s] INFO:colcon.colcon_core.shell:Creating environment hook '/home/user/PPO_drone_Gazebo_ROS2/install/mml_guidance/share/mml_guidance/hook/ament_prefix_path.sh'
[1.752s] INFO:colcon.colcon_core.shell:Skip shell extension 'powershell' for command environment: Not usable outside of PowerShell
[1.753s] DEBUG:colcon.colcon_core.shell:Skip shell extension 'dsv' for command environment
[1.771s] INFO:colcon.colcon_ros.task.ament_python.build:Building ROS package in '/home/user/PPO_drone_Gazebo_ROS2/src/sjtu_drone/sjtu_drone_bringup' with build type 'ament_python'
[1.771s] Level 1:colcon.colcon_core.shell:create_environment_hook('sjtu_drone_bringup', 'ament_prefix_path')
[1.773s] INFO:colcon.colcon_core.shell:Creating environment hook '/home/user/PPO_drone_Gazebo_ROS2/install/sjtu_drone_bringup/share/sjtu_drone_bringup/hook/ament_prefix_path.ps1'
[1.776s] INFO:colcon.colcon_core.shell:Creating environment descriptor '/home/user/PPO_drone_Gazebo_ROS2/install/sjtu_drone_bringup/share/sjtu_drone_bringup/hook/ament_prefix_path.dsv'
[1.778s] INFO:colcon.colcon_core.shell:Creating environment hook '/home/user/PPO_drone_Gazebo_ROS2/install/sjtu_drone_bringup/share/sjtu_drone_bringup/hook/ament_prefix_path.sh'
[1.782s] INFO:colcon.colcon_core.shell:Skip shell extension 'powershell' for command environment: Not usable outside of PowerShell
[1.782s] DEBUG:colcon.colcon_core.shell:Skip shell extension 'dsv' for command environment
[1.802s] INFO:colcon.colcon_ros.task.ament_python.build:Building ROS package in '/home/user/PPO_drone_Gazebo_ROS2/src/sjtu_drone/sjtu_drone_control' with build type 'ament_python'
[1.802s] Level 1:colcon.colcon_core.shell:create_environment_hook('sjtu_drone_control', 'ament_prefix_path')
[1.804s] INFO:colcon.colcon_core.shell:Creating environment hook '/home/user/PPO_drone_Gazebo_ROS2/install/sjtu_drone_control/share/sjtu_drone_control/hook/ament_prefix_path.ps1'
[1.807s] INFO:colcon.colcon_core.shell:Creating environment descriptor '/home/user/PPO_drone_Gazebo_ROS2/install/sjtu_drone_control/share/sjtu_drone_control/hook/ament_prefix_path.dsv'
[1.809s] INFO:colcon.colcon_core.shell:Creating environment hook '/home/user/PPO_drone_Gazebo_ROS2/install/sjtu_drone_control/share/sjtu_drone_control/hook/ament_prefix_path.sh'
[1.813s] INFO:colcon.colcon_core.shell:Skip shell extension 'powershell' for command environment: Not usable outside of PowerShell
[1.813s] DEBUG:colcon.colcon_core.shell:Skip shell extension 'dsv' for command environment
[1.832s] INFO:colcon.colcon_ros.task.ament_cmake.build:Building ROS package in '/home/user/PPO_drone_Gazebo_ROS2/src/sjtu_drone/sjtu_drone_description' with build type 'ament_cmake'
[1.832s] INFO:colcon.colcon_cmake.task.cmake.build:Building CMake package in '/home/user/PPO_drone_Gazebo_ROS2/src/sjtu_drone/sjtu_drone_description'
[1.833s] INFO:colcon.colcon_core.shell:Skip shell extension 'powershell' for command environment: Not usable outside of PowerShell
[1.833s] DEBUG:colcon.colcon_core.shell:Skip shell extension 'dsv' for command environment
[1.874s] DEBUG:colcon.colcon_core.event_handler.log_command:Invoking command in '/home/user/PPO_drone_Gazebo_ROS2/build/drive_drone': CMAKE_PREFIX_PATH=${CMAKE_PREFIX_PATH}:/home/user/PPO_drone_Gazebo_ROS2/src/install/sjtu_drone_control:/home/user/PPO_drone_Gazebo_ROS2/src/install/sjtu_drone_bringup:/home/user/PPO_drone_Gazebo_ROS2/install/sjtu_drone_control:/home/user/PPO_drone_Gazebo_ROS2/install/sjtu_drone_bringup:/home/user/PPO_drone_Gazebo_ROS2/install/mml_guidance:/opt/ros/humble:/opt/ros/jazzy /usr/bin/cmake /home/user/PPO_drone_Gazebo_ROS2/src/drive_drone -DAMENT_CMAKE_SYMLINK_INSTALL=1 -DCMAKE_INSTALL_PREFIX=/home/user/PPO_drone_Gazebo_ROS2/install/drive_drone
[3.107s] INFO:colcon.colcon_core.task.python.build:Building Python package in '/home/user/PPO_drone_Gazebo_ROS2/src/mml_python_sim/src/mml_guidance'
[3.108s] INFO:colcon.colcon_core.shell:Skip shell extension 'powershell' for command environment: Not usable outside of PowerShell
[3.109s] DEBUG:colcon.colcon_core.shell:Skip shell extension 'dsv' for command environment
[4.398s] INFO:colcon.colcon_core.task.python.build:Building Python package in '/home/user/PPO_drone_Gazebo_ROS2/src/sjtu_drone/sjtu_drone_bringup'
[4.400s] INFO:colcon.colcon_core.shell:Skip shell extension 'powershell' for command environment: Not usable outside of PowerShell
[4.400s] DEBUG:colcon.colcon_core.shell:Skip shell extension 'dsv' for command environment
[5.643s] INFO:colcon.colcon_core.task.python.build:Building Python package in '/home/user/PPO_drone_Gazebo_ROS2/src/sjtu_drone/sjtu_drone_control'
[5.644s] INFO:colcon.colcon_core.shell:Skip shell extension 'powershell' for command environment: Not usable outside of PowerShell
[5.645s] DEBUG:colcon.colcon_core.shell:Skip shell extension 'dsv' for command environment
[5.698s] DEBUG:colcon.colcon_core.event_handler.log_command:Invoking command in '/home/user/PPO_drone_Gazebo_ROS2/build/sjtu_drone_description': CMAKE_PREFIX_PATH=${CMAKE_PREFIX_PATH}:/home/user/PPO_drone_Gazebo_ROS2/src/install/sjtu_drone_control:/home/user/PPO_drone_Gazebo_ROS2/src/install/sjtu_drone_bringup:/home/user/PPO_drone_Gazebo_ROS2/install/sjtu_drone_control:/home/user/PPO_drone_Gazebo_ROS2/install/sjtu_drone_bringup:/home/user/PPO_drone_Gazebo_ROS2/install/mml_guidance:/opt/ros/humble:/opt/ros/jazzy /usr/bin/cmake /home/user/PPO_drone_Gazebo_ROS2/src/sjtu_drone/sjtu_drone_description -DAMENT_CMAKE_SYMLINK_INSTALL=1 -DCMAKE_INSTALL_PREFIX=/home/user/PPO_drone_Gazebo_ROS2/install/sjtu_drone_description
[7.832s] DEBUG:colcon.colcon_core.event_handler.log_command:Invoking command in '/home/user/PPO_drone_Gazebo_ROS2/build/sjtu_drone_control': PYTHONPATH=/home/user/PPO_drone_Gazebo_ROS2/build/sjtu_drone_control/prefix_override:/usr/lib/python3/dist-packages/colcon_core/task/python/colcon_distutils_commands:/home/user/PPO_drone_Gazebo_ROS2/install/sjtu_drone_control/lib/python3.10/site-packages:${PYTHONPATH} /usr/bin/python3 -W ignore:setup.py install is deprecated -W ignore:easy_install command is deprecated setup.py develop --editable --build-directory /home/user/PPO_drone_Gazebo_ROS2/build/sjtu_drone_control/build --no-deps symlink_data
[7.996s] DEBUG:colcon.colcon_core.event_handler.log_command:Invoking command in '/home/user/PPO_drone_Gazebo_ROS2/build/sjtu_drone_bringup': PYTHONPATH=/home/user/PPO_drone_Gazebo_ROS2/build/sjtu_drone_bringup/prefix_override:/usr/lib/python3/dist-packages/colcon_core/task/python/colcon_distutils_commands:/home/user/PPO_drone_Gazebo_ROS2/install/sjtu_drone_bringup/lib/python3.10/site-packages:${PYTHONPATH} /usr/bin/python3 -W ignore:setup.py install is deprecated -W ignore:easy_install command is deprecated setup.py develop --editable --build-directory /home/user/PPO_drone_Gazebo_ROS2/build/sjtu_drone_bringup/build --no-deps symlink_data
[8.122s] DEBUG:colcon.colcon_core.event_handler.log_command:Invoking command in '/home/user/PPO_drone_Gazebo_ROS2/build/mml_guidance': PYTHONPATH=/home/user/PPO_drone_Gazebo_ROS2/build/mml_guidance/prefix_override:/usr/lib/python3/dist-packages/colcon_core/task/python/colcon_distutils_commands:/home/user/PPO_drone_Gazebo_ROS2/install/mml_guidance/lib/python3.10/site-packages:${PYTHONPATH} /usr/bin/python3 -W ignore:setup.py install is deprecated -W ignore:easy_install command is deprecated setup.py develop --editable --build-directory /home/user/PPO_drone_Gazebo_ROS2/build/mml_guidance/build --no-deps symlink_data
[9.261s] DEBUG:colcon.colcon_core.event_handler.log_command:Invoked command in '/home/user/PPO_drone_Gazebo_ROS2/build/drive_drone' returned '1': CMAKE_PREFIX_PATH=${CMAKE_PREFIX_PATH}:/home/user/PPO_drone_Gazebo_ROS2/src/install/sjtu_drone_control:/home/user/PPO_drone_Gazebo_ROS2/src/install/sjtu_drone_bringup:/home/user/PPO_drone_Gazebo_ROS2/install/sjtu_drone_control:/home/user/PPO_drone_Gazebo_ROS2/install/sjtu_drone_bringup:/home/user/PPO_drone_Gazebo_ROS2/install/mml_guidance:/opt/ros/humble:/opt/ros/jazzy /usr/bin/cmake /home/user/PPO_drone_Gazebo_ROS2/src/drive_drone -DAMENT_CMAKE_SYMLINK_INSTALL=1 -DCMAKE_INSTALL_PREFIX=/home/user/PPO_drone_Gazebo_ROS2/install/drive_drone
[9.266s] Level 1:colcon.colcon_core.environment:create_environment_scripts_only(drive_drone)
[9.283s] Level 1:colcon.colcon_core.environment:checking '/home/user/PPO_drone_Gazebo_ROS2/install/drive_drone' for CMake module files
[9.288s] Level 1:colcon.colcon_core.environment:checking '/home/user/PPO_drone_Gazebo_ROS2/install/drive_drone' for CMake config files
[9.291s] Level 1:colcon.colcon_core.shell:create_environment_hook('drive_drone', 'cmake_prefix_path')
[9.292s] INFO:colcon.colcon_core.shell:Creating environment hook '/home/user/PPO_drone_Gazebo_ROS2/install/drive_drone/share/drive_drone/hook/cmake_prefix_path.ps1'
[9.295s] INFO:colcon.colcon_core.shell:Creating environment descriptor '/home/user/PPO_drone_Gazebo_ROS2/install/drive_drone/share/drive_drone/hook/cmake_prefix_path.dsv'
[9.297s] INFO:colcon.colcon_core.shell:Creating environment hook '/home/user/PPO_drone_Gazebo_ROS2/install/drive_drone/share/drive_drone/hook/cmake_prefix_path.sh'
[9.301s] Level 1:colcon.colcon_core.environment:checking '/home/user/PPO_drone_Gazebo_ROS2/install/drive_drone/lib'
[9.302s] Level 1:colcon.colcon_core.environment:checking '/home/user/PPO_drone_Gazebo_ROS2/install/drive_drone/bin'
[9.302s] Level 1:colcon.colcon_core.environment:checking '/home/user/PPO_drone_Gazebo_ROS2/install/drive_drone/lib/pkgconfig/drive_drone.pc'
[9.304s] Level 1:colcon.colcon_core.environment:checking '/home/user/PPO_drone_Gazebo_ROS2/install/drive_drone/lib/python3.10/site-packages'
[9.306s] Level 1:colcon.colcon_core.environment:checking '/home/user/PPO_drone_Gazebo_ROS2/install/drive_drone/bin'
[9.308s] INFO:colcon.colcon_core.shell:Creating package script '/home/user/PPO_drone_Gazebo_ROS2/install/drive_drone/share/drive_drone/package.ps1'
[9.313s] INFO:colcon.colcon_core.shell:Creating package descriptor '/home/user/PPO_drone_Gazebo_ROS2/install/drive_drone/share/drive_drone/package.dsv'
[9.318s] INFO:colcon.colcon_core.shell:Creating package script '/home/user/PPO_drone_Gazebo_ROS2/install/drive_drone/share/drive_drone/package.sh'
[9.324s] INFO:colcon.colcon_core.shell:Creating package script '/home/user/PPO_drone_Gazebo_ROS2/install/drive_drone/share/drive_drone/package.bash'
[9.330s] INFO:colcon.colcon_core.shell:Creating package script '/home/user/PPO_drone_Gazebo_ROS2/install/drive_drone/share/drive_drone/package.zsh'
[9.336s] Level 1:colcon.colcon_core.environment:create_file_with_runtime_dependencies(/home/user/PPO_drone_Gazebo_ROS2/install/drive_drone/share/colcon-core/packages/drive_drone)
[20.553s] DEBUG:colcon.colcon_parallel_executor.executor.parallel:closing loop
[20.554s] DEBUG:colcon.colcon_parallel_executor.executor.parallel:loop closed
[20.555s] DEBUG:colcon.colcon_parallel_executor.executor.parallel:run_until_complete finished with '1'
[20.555s] DEBUG:colcon.colcon_core.event_reactor:joining thread
[20.584s] INFO:colcon.colcon_core.plugin_system:Skipping extension 'colcon_notification.desktop_notification.notify_send': Could not find 'notify-send'
[20.584s] INFO:colcon.colcon_core.plugin_system:Skipping extension 'colcon_notification.desktop_notification.terminal_notifier': Not used on non-Darwin systems
[20.584s] INFO:colcon.colcon_core.plugin_system:Skipping extension 'colcon_notification.desktop_notification.win32': Not used on non-Windows systems
[20.585s] INFO:colcon.colcon_notification.desktop_notification:Sending desktop notification using 'notify2'
[20.639s] DEBUG:colcon.colcon_core.event_reactor:joined thread
[20.641s] INFO:colcon.colcon_core.shell:Creating prefix script '/home/user/PPO_drone_Gazebo_ROS2/install/local_setup.ps1'
[20.646s] INFO:colcon.colcon_core.shell:Creating prefix util module '/home/user/PPO_drone_Gazebo_ROS2/install/_local_setup_util_ps1.py'
[20.655s] INFO:colcon.colcon_core.shell:Creating prefix chain script '/home/user/PPO_drone_Gazebo_ROS2/install/setup.ps1'
[20.664s] INFO:colcon.colcon_core.shell:Creating prefix script '/home/user/PPO_drone_Gazebo_ROS2/install/local_setup.sh'
[20.668s] INFO:colcon.colcon_core.shell:Creating prefix util module '/home/user/PPO_drone_Gazebo_ROS2/install/_local_setup_util_sh.py'
[20.673s] INFO:colcon.colcon_core.shell:Creating prefix chain script '/home/user/PPO_drone_Gazebo_ROS2/install/setup.sh'
[20.680s] INFO:colcon.colcon_core.shell:Creating prefix script '/home/user/PPO_drone_Gazebo_ROS2/install/local_setup.bash'
[20.683s] INFO:colcon.colcon_core.shell:Creating prefix chain script '/home/user/PPO_drone_Gazebo_ROS2/install/setup.bash'
[20.689s] INFO:colcon.colcon_core.shell:Creating prefix script '/home/user/PPO_drone_Gazebo_ROS2/install/local_setup.zsh'
[20.692s] INFO:colcon.colcon_core.shell:Creating prefix chain script '/home/user/PPO_drone_Gazebo_ROS2/install/setup.zsh'
