[7.340s] Invoking command in '/home/user/PPO_drone_Gazebo_ROS2/build/mml_guidance': PYTHONPATH=/home/user/PPO_drone_Gazebo_ROS2/build/mml_guidance/prefix_override:/usr/lib/python3/dist-packages/colcon_core/task/python/colcon_distutils_commands:/home/user/PPO_drone_Gazebo_ROS2/install/mml_guidance/lib/python3.10/site-packages:${PYTHONPATH} /usr/bin/python3 -W ignore:setup.py install is deprecated -W ignore:easy_install command is deprecated setup.py develop --editable --build-directory /home/user/PPO_drone_Gazebo_ROS2/build/mml_guidance/build --no-deps symlink_data
[9.576s] running develop
[11.249s] running egg_info
[11.250s] writing mml_guidance.egg-info/PKG-INFO
[11.253s] writing dependency_links to mml_guidance.egg-info/dependency_links.txt
[11.254s] writing entry points to mml_guidance.egg-info/entry_points.txt
[11.258s] writing requirements to mml_guidance.egg-info/requires.txt
[11.258s] writing top-level names to mml_guidance.egg-info/top_level.txt
[11.259s] reading manifest file 'mml_guidance.egg-info/SOURCES.txt'
[11.291s] writing manifest file 'mml_guidance.egg-info/SOURCES.txt'
[11.292s] running build_ext
[11.292s] Creating /home/user/PPO_drone_Gazebo_ROS2/install/mml_guidance/lib/python3.10/site-packages/mml-guidance.egg-link (link to .)
[11.296s] Installing guidance script to /home/user/PPO_drone_Gazebo_ROS2/install/mml_guidance/lib/mml_guidance
[11.392s] Installing markov_goal_pose script to /home/user/PPO_drone_Gazebo_ROS2/install/mml_guidance/lib/mml_guidance
[11.399s] Installing mml_pf_visualization script to /home/user/PPO_drone_Gazebo_ROS2/install/mml_guidance/lib/mml_guidance
[11.403s] Installing rl_gazebo_multi_tracker script to /home/user/PPO_drone_Gazebo_ROS2/install/mml_guidance/lib/mml_guidance
[11.403s] 
[11.404s] Installed /home/user/PPO_drone_Gazebo_ROS2/build/mml_guidance
[11.404s] running symlink_data
[11.497s] Invoked command in '/home/user/PPO_drone_Gazebo_ROS2/build/mml_guidance' returned '0': PYTHONPATH=/home/user/PPO_drone_Gazebo_ROS2/build/mml_guidance/prefix_override:/usr/lib/python3/dist-packages/colcon_core/task/python/colcon_distutils_commands:/home/user/PPO_drone_Gazebo_ROS2/install/mml_guidance/lib/python3.10/site-packages:${PYTHONPATH} /usr/bin/python3 -W ignore:setup.py install is deprecated -W ignore:easy_install command is deprecated setup.py develop --editable --build-directory /home/user/PPO_drone_Gazebo_ROS2/build/mml_guidance/build --no-deps symlink_data
