[0.008s] Invoking command in '/home/basestation/ros2_ws/build/sjtu_drone_description': CMAKE_PREFIX_PATH=${CMAKE_PREFIX_PATH}:/home/basestation/base_ws/install/ros2_shared:/home/basestation/base_ws/install/robot_pid:/home/basestation/base_ws/install/mocap_fake_radar:/home/basestation/base_ws/install/magnav_viz:/home/basestation/base_ws/install/magnav_pf:/home/basestation/base_ws/install/magnav_entmap:/home/basestation/base_ws/install/mag_mapping:/home/basestation/base_ws/install/info_magnav:/home/basestation/base_ws/install/homography_node:/home/basestation/base_ws/install/drone_launch:/home/basestation/base_ws/install/camera_detector:/home/basestation/base_ws/install/base_launch:/home/basestation/magnav_sim_ws/install/nn_data_collector:/home/basestation/magnav_sim_ws/install/magnav_nn_sim:/opt/ros/humble /usr/bin/cmake /home/basestation/ros2_ws/src/sjtu_drone/sjtu_drone_description -DCMAKE_INSTALL_PREFIX=/home/basestation/ros2_ws/install/sjtu_drone_description
[0.015s] [0mCMake Deprecation Warning at CMakeLists.txt:1 (cmake_minimum_required):
[0.015s]   Compatibility with CMake < 3.10 will be removed from a future version of
[0.015s]   CMake.
[0.015s] 
[0.015s]   Update the VERSION argument <min> value.  Or, use the <min>...<max> syntax
[0.015s]   to tell CMake that the project requires at least <min> but has been updated
[0.015s]   to work with policies introduced by <max> or earlier.
[0.015s] 
[0.015s] [0m
[0.022s] -- Found ament_cmake: 1.3.12 (/opt/ros/humble/share/ament_cmake/cmake)
[0.180s] -- Override CMake install command with custom implementation using symlinks instead of copying resources
[0.184s] -- Found ament_cmake_ros: 0.10.0 (/opt/ros/humble/share/ament_cmake_ros/cmake)
[0.186s] -- Found rclcpp: 16.0.15 (/opt/ros/humble/share/rclcpp/cmake)
[0.207s] -- Found rosidl_generator_c: 3.1.7 (/opt/ros/humble/share/rosidl_generator_c/cmake)
[0.208s] -- Found rosidl_adapter: 3.1.7 (/opt/ros/humble/share/rosidl_adapter/cmake)
[0.213s] -- Found rosidl_generator_cpp: 3.1.7 (/opt/ros/humble/share/rosidl_generator_cpp/cmake)
[0.220s] -- Using all available rosidl_typesupport_c: rosidl_typesupport_fastrtps_c;rosidl_typesupport_introspection_c
[0.228s] -- Using all available rosidl_typesupport_cpp: rosidl_typesupport_fastrtps_cpp;rosidl_typesupport_introspection_cpp
[0.254s] -- Found rmw_implementation_cmake: 6.1.2 (/opt/ros/humble/share/rmw_implementation_cmake/cmake)
[0.255s] -- Found rmw_fastrtps_cpp: 6.2.8 (/opt/ros/humble/share/rmw_fastrtps_cpp/cmake)
[0.340s] -- Using RMW implementation 'rmw_fastrtps_cpp' as default
[0.377s] -- Found gazebo_ros: 3.9.0 (/opt/ros/humble/share/gazebo_ros/cmake)
[0.393s] [33mCMake Warning (dev) at /usr/share/dart/cmake/DARTFindBoost.cmake:20 (find_package):
[0.393s]   Policy CMP0167 is not set: The FindBoost module is removed.  Run "cmake
[0.393s]   --help-policy CMP0167" for policy details.  Use the cmake_policy command to
[0.393s]   set the policy and suppress this warning.
[0.393s] 
[0.393s] Call Stack (most recent call first):
[0.393s]   /usr/share/dart/cmake/dart_dartComponent.cmake:6 (include)
[0.393s]   /usr/share/dart/cmake/DARTConfig.cmake:73 (include)
[0.393s]   /usr/share/dart/cmake/DARTConfig.cmake:133 (dart_traverse_components)
[0.393s]   /usr/share/dart/cmake/DARTConfig.cmake:181 (dart_package_init)
[0.393s]   /usr/lib/x86_64-linux-gnu/cmake/gazebo/gazebo-config.cmake:166 (find_package)
[0.393s]   /opt/ros/humble/share/gazebo_dev/cmake/gazebo_dev-extras.cmake:3 (find_package)
[0.393s]   /opt/ros/humble/share/gazebo_dev/cmake/gazebo_devConfig.cmake:41 (include)
[0.393s]   /opt/ros/humble/share/gazebo_ros/cmake/ament_cmake_export_dependencies-extras.cmake:21 (find_package)
[0.393s]   /opt/ros/humble/share/gazebo_ros/cmake/gazebo_rosConfig.cmake:41 (include)
[0.393s]   CMakeLists.txt:18 (find_package)
[0.393s] This warning is for project developers.  Use -Wno-dev to suppress it.
[0.393s] [0m
[0.399s] -- Found DART: /usr/include (Required is at least version "6.6") found components: dart
[0.406s] [33mCMake Warning (dev) at /usr/lib/x86_64-linux-gnu/cmake/gazebo/gazebo-config.cmake:197 (find_package):
[0.406s]   Policy CMP0167 is not set: The FindBoost module is removed.  Run "cmake
[0.406s]   --help-policy CMP0167" for policy details.  Use the cmake_policy command to
[0.406s]   set the policy and suppress this warning.
[0.406s] 
[0.406s] Call Stack (most recent call first):
[0.407s]   /opt/ros/humble/share/gazebo_dev/cmake/gazebo_dev-extras.cmake:3 (find_package)
[0.407s]   /opt/ros/humble/share/gazebo_dev/cmake/gazebo_devConfig.cmake:41 (include)
[0.407s]   /opt/ros/humble/share/gazebo_ros/cmake/ament_cmake_export_dependencies-extras.cmake:21 (find_package)
[0.407s]   /opt/ros/humble/share/gazebo_ros/cmake/gazebo_rosConfig.cmake:41 (include)
[0.407s]   CMakeLists.txt:18 (find_package)
[0.407s] This warning is for project developers.  Use -Wno-dev to suppress it.
[0.407s] [0m
[0.421s] -- Found Protobuf: /usr/lib/x86_64-linux-gnu/libprotobuf.so (found version "3.12.4")
[0.422s] -- Looking for ignition-math6 -- found version 6.15.1
[0.425s] -- Searching for dependencies of ignition-math6
[0.426s] -- Looking for OGRE...
[0.430s] -- Found Ogre Ghadamon (1.9.0)
[0.430s] [33mCMake Warning (dev) at /usr/share/OGRE/cmake/modules/FindOGRE.cmake:309 (find_package):
[0.430s]   Policy CMP0167 is not set: The FindBoost module is removed.  Run "cmake
[0.431s]   --help-policy CMP0167" for policy details.  Use the cmake_policy command to
[0.431s]   set the policy and suppress this warning.
[0.431s] 
[0.431s] Call Stack (most recent call first):
[0.431s]   /usr/lib/x86_64-linux-gnu/cmake/gazebo/gazebo-config.cmake:213 (find_package)
[0.431s]   /opt/ros/humble/share/gazebo_dev/cmake/gazebo_dev-extras.cmake:3 (find_package)
[0.431s]   /opt/ros/humble/share/gazebo_dev/cmake/gazebo_devConfig.cmake:41 (include)
[0.431s]   /opt/ros/humble/share/gazebo_ros/cmake/ament_cmake_export_dependencies-extras.cmake:21 (find_package)
[0.431s]   /opt/ros/humble/share/gazebo_ros/cmake/gazebo_rosConfig.cmake:41 (include)
[0.431s]   CMakeLists.txt:18 (find_package)
[0.431s] This warning is for project developers.  Use -Wno-dev to suppress it.
[0.431s] [0m
[0.434s] [33mCMake Warning (dev) at /usr/share/OGRE/cmake/modules/FindOGRE.cmake:318 (find_package):
[0.434s]   Policy CMP0167 is not set: The FindBoost module is removed.  Run "cmake
[0.434s]   --help-policy CMP0167" for policy details.  Use the cmake_policy command to
[0.434s]   set the policy and suppress this warning.
[0.434s] 
[0.434s] Call Stack (most recent call first):
[0.434s]   /usr/lib/x86_64-linux-gnu/cmake/gazebo/gazebo-config.cmake:213 (find_package)
[0.434s]   /opt/ros/humble/share/gazebo_dev/cmake/gazebo_dev-extras.cmake:3 (find_package)
[0.434s]   /opt/ros/humble/share/gazebo_dev/cmake/gazebo_devConfig.cmake:41 (include)
[0.435s]   /opt/ros/humble/share/gazebo_ros/cmake/ament_cmake_export_dependencies-extras.cmake:21 (find_package)
[0.435s]   /opt/ros/humble/share/gazebo_ros/cmake/gazebo_rosConfig.cmake:41 (include)
[0.435s]   CMakeLists.txt:18 (find_package)
[0.435s] This warning is for project developers.  Use -Wno-dev to suppress it.
[0.435s] [0m
[0.437s] -- Looking for OGRE_Paging...
[0.437s] -- Found OGRE_Paging: optimized;/usr/lib/x86_64-linux-gnu/libOgrePaging.so;debug;/usr/lib/x86_64-linux-gnu/libOgrePaging.so
[0.437s] -- Looking for OGRE_Terrain...
[0.437s] -- Found OGRE_Terrain: optimized;/usr/lib/x86_64-linux-gnu/libOgreTerrain.so;debug;/usr/lib/x86_64-linux-gnu/libOgreTerrain.so
[0.437s] -- Looking for OGRE_Property...
[0.437s] -- Found OGRE_Property: optimized;/usr/lib/x86_64-linux-gnu/libOgreProperty.so;debug;/usr/lib/x86_64-linux-gnu/libOgreProperty.so
[0.437s] -- Looking for OGRE_RTShaderSystem...
[0.437s] -- Found OGRE_RTShaderSystem: optimized;/usr/lib/x86_64-linux-gnu/libOgreRTShaderSystem.so;debug;/usr/lib/x86_64-linux-gnu/libOgreRTShaderSystem.so
[0.437s] -- Looking for OGRE_Volume...
[0.437s] -- Found OGRE_Volume: optimized;/usr/lib/x86_64-linux-gnu/libOgreVolume.so;debug;/usr/lib/x86_64-linux-gnu/libOgreVolume.so
[0.437s] -- Looking for OGRE_Overlay...
[0.438s] -- Found OGRE_Overlay: optimized;/usr/lib/x86_64-linux-gnu/libOgreOverlay.so;debug;/usr/lib/x86_64-linux-gnu/libOgreOverlay.so
[0.629s] -- Looking for ignition-math6 -- found version 6.15.1
[0.629s] -- Looking for ignition-transport8 -- found version 8.2.1
[0.630s] -- Searching for dependencies of ignition-transport8
[0.646s] -- Found Protobuf: /usr/lib/x86_64-linux-gnu/libprotobuf.so (found suitable version "3.12.4", minimum required is "3")
[0.657s] -- Config-file not installed for ZeroMQ -- checking for pkg-config
[0.661s] -- Checking for module 'libzmq >= 4'
[0.669s] --   Found libzmq, version 4.3.4
[0.694s] -- Checking for module 'uuid'
[0.703s] --   Found uuid, version 2.37.2
[0.723s] -- Looking for ignition-msgs5 -- found version 5.8.1
[0.723s] -- Searching for dependencies of ignition-msgs5
[0.737s] -- Looking for ignition-math6 -- found version 6.15.1
[0.741s] -- Checking for module 'tinyxml2'
[0.751s] --   Found tinyxml2, version 9.0.0
[0.771s] -- Looking for ignition-msgs5 -- found version 5.8.1
[0.771s] -- Looking for ignition-common3 -- found version 3.14.0
[0.771s] -- Searching for dependencies of ignition-common3
[0.771s] -- Looking for dlfcn.h - found
[0.771s] -- Looking for libdl - found
[0.781s] -- Searching for <ignition-common3> component [graphics]
[0.781s] -- Looking for ignition-common3-graphics -- found version 3.14.0
[0.782s] -- Searching for dependencies of ignition-common3-graphics
[0.782s] -- Looking for ignition-math6 -- found version 6.15.1
[0.782s] -- Looking for ignition-fuel_tools4 -- found version 4.4.0
[0.783s] -- Searching for dependencies of ignition-fuel_tools4
[0.817s] -- Checking for module 'jsoncpp'
[0.826s] --   Found jsoncpp, version 1.9.5
[0.851s] -- Checking for module 'libzip'
[0.860s] --   Found libzip, version 1.7.3
[0.881s] -- Looking for ignition-common3 -- found version 3.14.0
[0.881s] -- Looking for ignition-math6 -- found version 6.15.1
[0.882s] -- Looking for ignition-msgs5 -- found version 5.8.1
[0.883s] -- Gazebo version: 11.10
[0.883s] -- Found gazebo_plugins: 3.9.0 (/opt/ros/humble/share/gazebo_plugins/cmake)
[0.929s] -- Found sensor_msgs: 4.9.0 (/opt/ros/humble/share/sensor_msgs/cmake)
[0.943s] -- Found nav_msgs: 4.9.0 (/opt/ros/humble/share/nav_msgs/cmake)
[0.956s] -- Found tf2: 0.25.16 (/opt/ros/humble/share/tf2/cmake)
[0.958s] -- Found tf2_ros: 0.25.16 (/opt/ros/humble/share/tf2_ros/cmake)
[1.019s] -- Found tf2_geometry_msgs: 0.25.16 (/opt/ros/humble/share/tf2_geometry_msgs/cmake)
[1.021s] -- Found eigen3_cmake_module: 0.1.1 (/opt/ros/humble/share/eigen3_cmake_module/cmake)
[1.022s] -- Ensuring Eigen3 include directory is part of orocos-kdl CMake target
[1.038s] -- Found ament_lint_auto: 0.12.14 (/opt/ros/humble/share/ament_lint_auto/cmake)
[1.103s] -- Added test 'cppcheck' to perform static code analysis on C / C++ code
[1.103s] -- Configured cppcheck include dirs: /home/basestation/ros2_ws/src/sjtu_drone/sjtu_drone_description/include;$<BUILD_INTERFACE:/home/basestation/ros2_ws/src/sjtu_drone/sjtu_drone_description/include>
[1.103s] -- Configured cppcheck exclude dirs and/or files: 
[1.104s] -- Added test 'lint_cmake' to check CMake code style
[1.105s] -- Added test 'uncrustify' to check C / C++ code style
[1.105s] -- Configured uncrustify additional arguments: 
[1.105s] -- Added test 'xmllint' to check XML markup files
[1.106s] -- Configuring done (1.1s)
[1.131s] -- Generating done (0.0s)
[1.163s] -- Build files have been written to: /home/basestation/ros2_ws/build/sjtu_drone_description
[1.175s] Invoked command in '/home/basestation/ros2_ws/build/sjtu_drone_description' returned '0': CMAKE_PREFIX_PATH=${CMAKE_PREFIX_PATH}:/home/basestation/base_ws/install/ros2_shared:/home/basestation/base_ws/install/robot_pid:/home/basestation/base_ws/install/mocap_fake_radar:/home/basestation/base_ws/install/magnav_viz:/home/basestation/base_ws/install/magnav_pf:/home/basestation/base_ws/install/magnav_entmap:/home/basestation/base_ws/install/mag_mapping:/home/basestation/base_ws/install/info_magnav:/home/basestation/base_ws/install/homography_node:/home/basestation/base_ws/install/drone_launch:/home/basestation/base_ws/install/camera_detector:/home/basestation/base_ws/install/base_launch:/home/basestation/magnav_sim_ws/install/nn_data_collector:/home/basestation/magnav_sim_ws/install/magnav_nn_sim:/opt/ros/humble /usr/bin/cmake /home/basestation/ros2_ws/src/sjtu_drone/sjtu_drone_description -DCMAKE_INSTALL_PREFIX=/home/basestation/ros2_ws/install/sjtu_drone_description
[1.176s] Invoking command in '/home/basestation/ros2_ws/build/sjtu_drone_description': CMAKE_PREFIX_PATH=${CMAKE_PREFIX_PATH}:/home/basestation/base_ws/install/ros2_shared:/home/basestation/base_ws/install/robot_pid:/home/basestation/base_ws/install/mocap_fake_radar:/home/basestation/base_ws/install/magnav_viz:/home/basestation/base_ws/install/magnav_pf:/home/basestation/base_ws/install/magnav_entmap:/home/basestation/base_ws/install/mag_mapping:/home/basestation/base_ws/install/info_magnav:/home/basestation/base_ws/install/homography_node:/home/basestation/base_ws/install/drone_launch:/home/basestation/base_ws/install/camera_detector:/home/basestation/base_ws/install/base_launch:/home/basestation/magnav_sim_ws/install/nn_data_collector:/home/basestation/magnav_sim_ws/install/magnav_nn_sim:/opt/ros/humble /usr/bin/cmake --build /home/basestation/ros2_ws/build/sjtu_drone_description -- -j24 -l24
[1.228s] [100%] Built target plugin_drone
[1.232s] Invoked command in '/home/basestation/ros2_ws/build/sjtu_drone_description' returned '0': CMAKE_PREFIX_PATH=${CMAKE_PREFIX_PATH}:/home/basestation/base_ws/install/ros2_shared:/home/basestation/base_ws/install/robot_pid:/home/basestation/base_ws/install/mocap_fake_radar:/home/basestation/base_ws/install/magnav_viz:/home/basestation/base_ws/install/magnav_pf:/home/basestation/base_ws/install/magnav_entmap:/home/basestation/base_ws/install/mag_mapping:/home/basestation/base_ws/install/info_magnav:/home/basestation/base_ws/install/homography_node:/home/basestation/base_ws/install/drone_launch:/home/basestation/base_ws/install/camera_detector:/home/basestation/base_ws/install/base_launch:/home/basestation/magnav_sim_ws/install/nn_data_collector:/home/basestation/magnav_sim_ws/install/magnav_nn_sim:/opt/ros/humble /usr/bin/cmake --build /home/basestation/ros2_ws/build/sjtu_drone_description -- -j24 -l24
[1.236s] Invoking command in '/home/basestation/ros2_ws/build/sjtu_drone_description': CMAKE_PREFIX_PATH=${CMAKE_PREFIX_PATH}:/home/basestation/base_ws/install/ros2_shared:/home/basestation/base_ws/install/robot_pid:/home/basestation/base_ws/install/mocap_fake_radar:/home/basestation/base_ws/install/magnav_viz:/home/basestation/base_ws/install/magnav_pf:/home/basestation/base_ws/install/magnav_entmap:/home/basestation/base_ws/install/mag_mapping:/home/basestation/base_ws/install/info_magnav:/home/basestation/base_ws/install/homography_node:/home/basestation/base_ws/install/drone_launch:/home/basestation/base_ws/install/camera_detector:/home/basestation/base_ws/install/base_launch:/home/basestation/magnav_sim_ws/install/nn_data_collector:/home/basestation/magnav_sim_ws/install/magnav_nn_sim:/opt/ros/humble /usr/bin/cmake --install /home/basestation/ros2_ws/build/sjtu_drone_description
[1.239s] -- Install configuration: ""
[1.239s] -- Execute custom install script
[1.239s] -- Up-to-date symlink: /home/basestation/ros2_ws/install/sjtu_drone_description/include/sjtu_drone_description/pid_controller.h
[1.239s] -- Up-to-date symlink: /home/basestation/ros2_ws/install/sjtu_drone_description/include/sjtu_drone_description/plugin_drone.h
[1.239s] -- Up-to-date symlink: /home/basestation/ros2_ws/install/sjtu_drone_description/include/sjtu_drone_description/plugin_drone_private.h
[1.240s] -- Up-to-date symlink: /home/basestation/ros2_ws/install/sjtu_drone_description/share/sjtu_drone_description/environment/library_path.sh
[1.240s] -- Up-to-date symlink: /home/basestation/ros2_ws/install/sjtu_drone_description/share/sjtu_drone_description/environment/library_path.dsv
[1.240s] -- Up-to-date symlink: /home/basestation/ros2_ws/install/sjtu_drone_description/share/sjtu_drone_description/models/database.config
[1.240s] -- Up-to-date symlink: /home/basestation/ros2_ws/install/sjtu_drone_description/share/sjtu_drone_description/models/sjtu_drone/model.config
[1.240s] -- Up-to-date symlink: /home/basestation/ros2_ws/install/sjtu_drone_description/share/sjtu_drone_description/models/sjtu_drone/quadrotor_4.dae
[1.240s] -- Up-to-date symlink: /home/basestation/ros2_ws/install/sjtu_drone_description/share/sjtu_drone_description/models/sjtu_drone/quadrotor_4.stl
[1.240s] -- Up-to-date symlink: /home/basestation/ros2_ws/install/sjtu_drone_description/share/sjtu_drone_description/models/sjtu_drone/sjtu_drone.sdf
[1.240s] -- Up-to-date symlink: /home/basestation/ros2_ws/install/sjtu_drone_description/share/sjtu_drone_description/urdf/sjtu_drone.urdf
[1.240s] -- Up-to-date symlink: /home/basestation/ros2_ws/install/sjtu_drone_description/share/sjtu_drone_description/urdf/sjtu_drone.urdf.xacro
[1.240s] -- Up-to-date symlink: /home/basestation/ros2_ws/install/sjtu_drone_description/share/sjtu_drone_description/worlds/playground.world
[1.240s] -- Up-to-date symlink: /home/basestation/ros2_ws/install/sjtu_drone_description/share/ament_index/resource_index/package_run_dependencies/sjtu_drone_description
[1.240s] -- Up-to-date symlink: /home/basestation/ros2_ws/install/sjtu_drone_description/share/ament_index/resource_index/parent_prefix_path/sjtu_drone_description
[1.240s] -- Up-to-date symlink: /home/basestation/ros2_ws/install/sjtu_drone_description/share/sjtu_drone_description/environment/ament_prefix_path.sh
[1.240s] -- Up-to-date symlink: /home/basestation/ros2_ws/install/sjtu_drone_description/share/sjtu_drone_description/environment/ament_prefix_path.dsv
[1.240s] -- Up-to-date symlink: /home/basestation/ros2_ws/install/sjtu_drone_description/share/sjtu_drone_description/environment/path.sh
[1.240s] -- Up-to-date symlink: /home/basestation/ros2_ws/install/sjtu_drone_description/share/sjtu_drone_description/environment/path.dsv
[1.240s] -- Up-to-date symlink: /home/basestation/ros2_ws/install/sjtu_drone_description/share/sjtu_drone_description/local_setup.bash
[1.241s] -- Up-to-date symlink: /home/basestation/ros2_ws/install/sjtu_drone_description/share/sjtu_drone_description/local_setup.sh
[1.241s] -- Up-to-date symlink: /home/basestation/ros2_ws/install/sjtu_drone_description/share/sjtu_drone_description/local_setup.zsh
[1.241s] -- Up-to-date symlink: /home/basestation/ros2_ws/install/sjtu_drone_description/share/sjtu_drone_description/local_setup.dsv
[1.241s] -- Symlinking: /home/basestation/ros2_ws/install/sjtu_drone_description/share/sjtu_drone_description/package.dsv
[1.243s] -- Up-to-date symlink: /home/basestation/ros2_ws/install/sjtu_drone_description/share/ament_index/resource_index/packages/sjtu_drone_description
[1.244s] -- Up-to-date symlink: /home/basestation/ros2_ws/install/sjtu_drone_description/share/sjtu_drone_description/cmake/ament_cmake_export_include_directories-extras.cmake
[1.244s] -- Up-to-date symlink: /home/basestation/ros2_ws/install/sjtu_drone_description/share/sjtu_drone_description/cmake/ament_cmake_export_libraries-extras.cmake
[1.244s] -- Up-to-date symlink: /home/basestation/ros2_ws/install/sjtu_drone_description/share/sjtu_drone_description/cmake/ament_cmake_export_targets-extras.cmake
[1.244s] -- Up-to-date symlink: /home/basestation/ros2_ws/install/sjtu_drone_description/share/sjtu_drone_description/cmake/sjtu_drone_descriptionConfig.cmake
[1.244s] -- Up-to-date symlink: /home/basestation/ros2_ws/install/sjtu_drone_description/share/sjtu_drone_description/cmake/sjtu_drone_descriptionConfig-version.cmake
[1.244s] -- Up-to-date symlink: /home/basestation/ros2_ws/install/sjtu_drone_description/share/sjtu_drone_description/package.xml
[1.244s] -- Up-to-date: /home/basestation/ros2_ws/install/sjtu_drone_description/lib/libplugin_drone.so
[1.244s] -- Up-to-date: /home/basestation/ros2_ws/install/sjtu_drone_description/share/sjtu_drone_description/cmake/export_sjtu_drone_descriptionExport.cmake
[1.244s] -- Up-to-date: /home/basestation/ros2_ws/install/sjtu_drone_description/share/sjtu_drone_description/cmake/export_sjtu_drone_descriptionExport-noconfig.cmake
[1.245s] Invoked command in '/home/basestation/ros2_ws/build/sjtu_drone_description' returned '0': CMAKE_PREFIX_PATH=${CMAKE_PREFIX_PATH}:/home/basestation/base_ws/install/ros2_shared:/home/basestation/base_ws/install/robot_pid:/home/basestation/base_ws/install/mocap_fake_radar:/home/basestation/base_ws/install/magnav_viz:/home/basestation/base_ws/install/magnav_pf:/home/basestation/base_ws/install/magnav_entmap:/home/basestation/base_ws/install/mag_mapping:/home/basestation/base_ws/install/info_magnav:/home/basestation/base_ws/install/homography_node:/home/basestation/base_ws/install/drone_launch:/home/basestation/base_ws/install/camera_detector:/home/basestation/base_ws/install/base_launch:/home/basestation/magnav_sim_ws/install/nn_data_collector:/home/basestation/magnav_sim_ws/install/magnav_nn_sim:/opt/ros/humble /usr/bin/cmake --install /home/basestation/ros2_ws/build/sjtu_drone_description
