[0.008s] Invoking command in '/home/basestation/ros2_ws/build/drive_drone': CMAKE_PREFIX_PATH=${CMAKE_PREFIX_PATH}:/home/basestation/ros2_ws/install/sjtu_drone_control:/home/basestation/ros2_ws/install/sjtu_drone_bringup:/home/basestation/base_ws/install/ros2_shared:/home/basestation/base_ws/install/robot_pid:/home/basestation/base_ws/install/mocap_fake_radar:/home/basestation/base_ws/install/magnav_viz:/home/basestation/base_ws/install/magnav_pf:/home/basestation/base_ws/install/magnav_entmap:/home/basestation/base_ws/install/mag_mapping:/home/basestation/base_ws/install/info_magnav:/home/basestation/base_ws/install/homography_node:/home/basestation/base_ws/install/drone_launch:/home/basestation/base_ws/install/camera_detector:/home/basestation/base_ws/install/base_launch:/home/basestation/magnav_sim_ws/install/nn_data_collector:/home/basestation/magnav_sim_ws/install/magnav_nn_sim:/opt/ros/humble /usr/bin/cmake --build /home/basestation/ros2_ws/build/drive_drone -- -j24 -l24
[0.022s] -- Found ament_cmake: 1.3.12 (/opt/ros/humble/share/ament_cmake/cmake)
[0.172s] -- Found rclcpp: 16.0.15 (/opt/ros/humble/share/rclcpp/cmake)
[0.192s] -- Found rosidl_generator_c: 3.1.7 (/opt/ros/humble/share/rosidl_generator_c/cmake)
[0.193s] -- Found rosidl_adapter: 3.1.7 (/opt/ros/humble/share/rosidl_adapter/cmake)
[0.197s] -- Found rosidl_generator_cpp: 3.1.7 (/opt/ros/humble/share/rosidl_generator_cpp/cmake)
[0.203s] -- Using all available rosidl_typesupport_c: rosidl_typesupport_fastrtps_c;rosidl_typesupport_introspection_c
[0.211s] -- Using all available rosidl_typesupport_cpp: rosidl_typesupport_fastrtps_cpp;rosidl_typesupport_introspection_cpp
[0.233s] -- Found rmw_implementation_cmake: 6.1.2 (/opt/ros/humble/share/rmw_implementation_cmake/cmake)
[0.234s] -- Found rmw_fastrtps_cpp: 6.2.8 (/opt/ros/humble/share/rmw_fastrtps_cpp/cmake)
[0.318s] -- Using RMW implementation 'rmw_fastrtps_cpp' as default
[0.353s] -- Found geometry_msgs: 4.9.0 (/opt/ros/humble/share/geometry_msgs/cmake)
[0.361s] -- Found sensor_msgs: 4.9.0 (/opt/ros/humble/share/sensor_msgs/cmake)
[0.374s] -- Found nav_msgs: 4.9.0 (/opt/ros/humble/share/nav_msgs/cmake)
[0.386s] -- Found cv_bridge: 3.2.1 (/opt/ros/humble/share/cv_bridge/cmake)
[0.457s] -- Configuring done (0.4s)
[0.471s] -- Generating done (0.0s)
[0.490s] -- Build files have been written to: /home/basestation/ros2_ws/build/drive_drone
[0.512s] [ 25%] Built target p1_a_drive_node
[0.512s] [ 37%] [32mBuilding CXX object CMakeFiles/tb3_circle_mover.dir/src/tb3_circle_mover.cpp.o[0m
[0.513s] [ 50%] [32mBuilding CXX object CMakeFiles/tb3_follower_node.dir/src/tb3_follower_node.cpp.o[0m
[0.514s] [ 75%] Built target p1_b_tb3_follower
[2.695s] [ 87%] [1m[32mLinking CXX executable tb3_circle_mover[0m
[2.790s] [ 87%] Built target tb3_circle_mover
[6.412s] [100%] [1m[32mLinking CXX executable tb3_follower_node[0m
[6.700s] [100%] Built target tb3_follower_node
[6.704s] Invoked command in '/home/basestation/ros2_ws/build/drive_drone' returned '0': CMAKE_PREFIX_PATH=${CMAKE_PREFIX_PATH}:/home/basestation/ros2_ws/install/sjtu_drone_control:/home/basestation/ros2_ws/install/sjtu_drone_bringup:/home/basestation/base_ws/install/ros2_shared:/home/basestation/base_ws/install/robot_pid:/home/basestation/base_ws/install/mocap_fake_radar:/home/basestation/base_ws/install/magnav_viz:/home/basestation/base_ws/install/magnav_pf:/home/basestation/base_ws/install/magnav_entmap:/home/basestation/base_ws/install/mag_mapping:/home/basestation/base_ws/install/info_magnav:/home/basestation/base_ws/install/homography_node:/home/basestation/base_ws/install/drone_launch:/home/basestation/base_ws/install/camera_detector:/home/basestation/base_ws/install/base_launch:/home/basestation/magnav_sim_ws/install/nn_data_collector:/home/basestation/magnav_sim_ws/install/magnav_nn_sim:/opt/ros/humble /usr/bin/cmake --build /home/basestation/ros2_ws/build/drive_drone -- -j24 -l24
[6.707s] Invoking command in '/home/basestation/ros2_ws/build/drive_drone': CMAKE_PREFIX_PATH=${CMAKE_PREFIX_PATH}:/home/basestation/ros2_ws/install/sjtu_drone_control:/home/basestation/ros2_ws/install/sjtu_drone_bringup:/home/basestation/base_ws/install/ros2_shared:/home/basestation/base_ws/install/robot_pid:/home/basestation/base_ws/install/mocap_fake_radar:/home/basestation/base_ws/install/magnav_viz:/home/basestation/base_ws/install/magnav_pf:/home/basestation/base_ws/install/magnav_entmap:/home/basestation/base_ws/install/mag_mapping:/home/basestation/base_ws/install/info_magnav:/home/basestation/base_ws/install/homography_node:/home/basestation/base_ws/install/drone_launch:/home/basestation/base_ws/install/camera_detector:/home/basestation/base_ws/install/base_launch:/home/basestation/magnav_sim_ws/install/nn_data_collector:/home/basestation/magnav_sim_ws/install/magnav_nn_sim:/opt/ros/humble /usr/bin/cmake --install /home/basestation/ros2_ws/build/drive_drone
[6.709s] -- Install configuration: ""
[6.709s] -- Up-to-date: /home/basestation/ros2_ws/install/drive_drone/lib/drive_drone/p1_a_drive_node
[6.709s] -- Up-to-date: /home/basestation/ros2_ws/install/drive_drone/lib/drive_drone/p1_b_tb3_follower
[6.709s] -- Installing: /home/basestation/ros2_ws/install/drive_drone/lib/drive_drone/tb3_follower_node
[6.715s] -- Set non-toolchain portion of runtime path of "/home/basestation/ros2_ws/install/drive_drone/lib/drive_drone/tb3_follower_node" to ""
[6.715s] -- Installing: /home/basestation/ros2_ws/install/drive_drone/lib/drive_drone/tb3_circle_mover
[6.715s] -- Set non-toolchain portion of runtime path of "/home/basestation/ros2_ws/install/drive_drone/lib/drive_drone/tb3_circle_mover" to ""
[6.715s] -- Up-to-date: /home/basestation/ros2_ws/install/drive_drone/share/drive_drone//launch
[6.715s] -- Up-to-date: /home/basestation/ros2_ws/install/drive_drone/share/drive_drone//launch/p1_b_tb3_drone_gazebo.launch.py
[6.715s] -- Up-to-date: /home/basestation/ros2_ws/install/drive_drone/share/drive_drone//launch/p1_a_drone_fly_gazebo_rviz.launch.py
[6.715s] -- Up-to-date: /home/basestation/ros2_ws/install/drive_drone/share/ament_index/resource_index/package_run_dependencies/drive_drone
[6.716s] -- Up-to-date: /home/basestation/ros2_ws/install/drive_drone/share/ament_index/resource_index/parent_prefix_path/drive_drone
[6.716s] -- Up-to-date: /home/basestation/ros2_ws/install/drive_drone/share/drive_drone/environment/ament_prefix_path.sh
[6.716s] -- Installing: /home/basestation/ros2_ws/install/drive_drone/share/drive_drone/environment/ament_prefix_path.dsv
[6.716s] -- Up-to-date: /home/basestation/ros2_ws/install/drive_drone/share/drive_drone/environment/path.sh
[6.716s] -- Installing: /home/basestation/ros2_ws/install/drive_drone/share/drive_drone/environment/path.dsv
[6.716s] -- Up-to-date: /home/basestation/ros2_ws/install/drive_drone/share/drive_drone/local_setup.bash
[6.716s] -- Up-to-date: /home/basestation/ros2_ws/install/drive_drone/share/drive_drone/local_setup.sh
[6.716s] -- Up-to-date: /home/basestation/ros2_ws/install/drive_drone/share/drive_drone/local_setup.zsh
[6.716s] -- Installing: /home/basestation/ros2_ws/install/drive_drone/share/drive_drone/local_setup.dsv
[6.716s] -- Installing: /home/basestation/ros2_ws/install/drive_drone/share/drive_drone/package.dsv
[6.716s] -- Up-to-date: /home/basestation/ros2_ws/install/drive_drone/share/ament_index/resource_index/packages/drive_drone
[6.717s] -- Up-to-date: /home/basestation/ros2_ws/install/drive_drone/share/drive_drone/cmake/drive_droneConfig.cmake
[6.717s] -- Up-to-date: /home/basestation/ros2_ws/install/drive_drone/share/drive_drone/cmake/drive_droneConfig-version.cmake
[6.717s] -- Up-to-date: /home/basestation/ros2_ws/install/drive_drone/share/drive_drone/package.xml
[6.717s] Invoked command in '/home/basestation/ros2_ws/build/drive_drone' returned '0': CMAKE_PREFIX_PATH=${CMAKE_PREFIX_PATH}:/home/basestation/ros2_ws/install/sjtu_drone_control:/home/basestation/ros2_ws/install/sjtu_drone_bringup:/home/basestation/base_ws/install/ros2_shared:/home/basestation/base_ws/install/robot_pid:/home/basestation/base_ws/install/mocap_fake_radar:/home/basestation/base_ws/install/magnav_viz:/home/basestation/base_ws/install/magnav_pf:/home/basestation/base_ws/install/magnav_entmap:/home/basestation/base_ws/install/mag_mapping:/home/basestation/base_ws/install/info_magnav:/home/basestation/base_ws/install/homography_node:/home/basestation/base_ws/install/drone_launch:/home/basestation/base_ws/install/camera_detector:/home/basestation/base_ws/install/base_launch:/home/basestation/magnav_sim_ws/install/nn_data_collector:/home/basestation/magnav_sim_ws/install/magnav_nn_sim:/opt/ros/humble /usr/bin/cmake --install /home/basestation/ros2_ws/build/drive_drone
