[0.007s] Invoking command in '/home/basestation/ros2_ws/build/drive_drone': CMAKE_PREFIX_PATH=${CMAKE_PREFIX_PATH}:/home/basestation/ros2_ws/install/sjtu_drone_control:/home/basestation/ros2_ws/install/sjtu_drone_bringup:/home/basestation/base_ws/install/ros2_shared:/home/basestation/base_ws/install/robot_pid:/home/basestation/base_ws/install/mocap_fake_radar:/home/basestation/base_ws/install/magnav_viz:/home/basestation/base_ws/install/magnav_pf:/home/basestation/base_ws/install/magnav_entmap:/home/basestation/base_ws/install/mag_mapping:/home/basestation/base_ws/install/info_magnav:/home/basestation/base_ws/install/homography_node:/home/basestation/base_ws/install/drone_launch:/home/basestation/base_ws/install/camera_detector:/home/basestation/base_ws/install/base_launch:/home/basestation/magnav_sim_ws/install/nn_data_collector:/home/basestation/magnav_sim_ws/install/magnav_nn_sim:/opt/ros/humble /usr/bin/cmake --build /home/basestation/ros2_ws/build/drive_drone -- -j24 -l24
[0.020s] -- Found ament_cmake: 1.3.12 (/opt/ros/humble/share/ament_cmake/cmake)
[0.181s] -- Found rclcpp: 16.0.15 (/opt/ros/humble/share/rclcpp/cmake)
[0.208s] -- Found rosidl_generator_c: 3.1.7 (/opt/ros/humble/share/rosidl_generator_c/cmake)
[0.210s] -- Found rosidl_adapter: 3.1.7 (/opt/ros/humble/share/rosidl_adapter/cmake)
[0.215s] -- Found rosidl_generator_cpp: 3.1.7 (/opt/ros/humble/share/rosidl_generator_cpp/cmake)
[0.222s] -- Using all available rosidl_typesupport_c: rosidl_typesupport_fastrtps_c;rosidl_typesupport_introspection_c
[0.232s] -- Using all available rosidl_typesupport_cpp: rosidl_typesupport_fastrtps_cpp;rosidl_typesupport_introspection_cpp
[0.262s] -- Found rmw_implementation_cmake: 6.1.2 (/opt/ros/humble/share/rmw_implementation_cmake/cmake)
[0.264s] -- Found rmw_fastrtps_cpp: 6.2.8 (/opt/ros/humble/share/rmw_fastrtps_cpp/cmake)
[0.343s] -- Using RMW implementation 'rmw_fastrtps_cpp' as default
[0.377s] -- Found geometry_msgs: 4.9.0 (/opt/ros/humble/share/geometry_msgs/cmake)
[0.389s] -- Found sensor_msgs: 4.9.0 (/opt/ros/humble/share/sensor_msgs/cmake)
[0.402s] -- Found cv_bridge: 3.2.1 (/opt/ros/humble/share/cv_bridge/cmake)
[0.468s] -- Configuring done (0.5s)
[0.478s] -- Generating done (0.0s)
[0.498s] -- Build files have been written to: /home/basestation/ros2_ws/build/drive_drone
[0.520s] [ 50%] Built target p1_a_drive_node
[0.522s] [ 75%] [32mBuilding CXX object CMakeFiles/p1_b_tb3_follower.dir/src/p1_b_tb3_follower.cpp.o[0m
[5.278s] [100%] [1m[32mLinking CXX executable p1_b_tb3_follower[0m
[5.669s] [100%] Built target p1_b_tb3_follower
[5.673s] Invoked command in '/home/basestation/ros2_ws/build/drive_drone' returned '0': CMAKE_PREFIX_PATH=${CMAKE_PREFIX_PATH}:/home/basestation/ros2_ws/install/sjtu_drone_control:/home/basestation/ros2_ws/install/sjtu_drone_bringup:/home/basestation/base_ws/install/ros2_shared:/home/basestation/base_ws/install/robot_pid:/home/basestation/base_ws/install/mocap_fake_radar:/home/basestation/base_ws/install/magnav_viz:/home/basestation/base_ws/install/magnav_pf:/home/basestation/base_ws/install/magnav_entmap:/home/basestation/base_ws/install/mag_mapping:/home/basestation/base_ws/install/info_magnav:/home/basestation/base_ws/install/homography_node:/home/basestation/base_ws/install/drone_launch:/home/basestation/base_ws/install/camera_detector:/home/basestation/base_ws/install/base_launch:/home/basestation/magnav_sim_ws/install/nn_data_collector:/home/basestation/magnav_sim_ws/install/magnav_nn_sim:/opt/ros/humble /usr/bin/cmake --build /home/basestation/ros2_ws/build/drive_drone -- -j24 -l24
[5.677s] Invoking command in '/home/basestation/ros2_ws/build/drive_drone': CMAKE_PREFIX_PATH=${CMAKE_PREFIX_PATH}:/home/basestation/ros2_ws/install/sjtu_drone_control:/home/basestation/ros2_ws/install/sjtu_drone_bringup:/home/basestation/base_ws/install/ros2_shared:/home/basestation/base_ws/install/robot_pid:/home/basestation/base_ws/install/mocap_fake_radar:/home/basestation/base_ws/install/magnav_viz:/home/basestation/base_ws/install/magnav_pf:/home/basestation/base_ws/install/magnav_entmap:/home/basestation/base_ws/install/mag_mapping:/home/basestation/base_ws/install/info_magnav:/home/basestation/base_ws/install/homography_node:/home/basestation/base_ws/install/drone_launch:/home/basestation/base_ws/install/camera_detector:/home/basestation/base_ws/install/base_launch:/home/basestation/magnav_sim_ws/install/nn_data_collector:/home/basestation/magnav_sim_ws/install/magnav_nn_sim:/opt/ros/humble /usr/bin/cmake --install /home/basestation/ros2_ws/build/drive_drone
[5.679s] -- Install configuration: ""
[5.679s] -- Up-to-date: /home/basestation/ros2_ws/install/drive_drone/lib/drive_drone/p1_a_drive_node
[5.679s] -- Installing: /home/basestation/ros2_ws/install/drive_drone/lib/drive_drone/p1_b_tb3_follower
[5.681s] -- Set non-toolchain portion of runtime path of "/home/basestation/ros2_ws/install/drive_drone/lib/drive_drone/p1_b_tb3_follower" to ""
[5.681s] -- Up-to-date: /home/basestation/ros2_ws/install/drive_drone/share/drive_drone//launch
[5.681s] -- Up-to-date: /home/basestation/ros2_ws/install/drive_drone/share/drive_drone//launch/p1_b_tb3_drone_gazebo.launch.py
[5.681s] -- Up-to-date: /home/basestation/ros2_ws/install/drive_drone/share/drive_drone//launch/p1_a_drone_fly_gazebo_rviz.launch.py
[5.681s] -- Up-to-date: /home/basestation/ros2_ws/install/drive_drone/share/ament_index/resource_index/package_run_dependencies/drive_drone
[5.681s] -- Installing: /home/basestation/ros2_ws/install/drive_drone/share/ament_index/resource_index/parent_prefix_path/drive_drone
[5.681s] -- Up-to-date: /home/basestation/ros2_ws/install/drive_drone/share/drive_drone/environment/ament_prefix_path.sh
[5.682s] -- Installing: /home/basestation/ros2_ws/install/drive_drone/share/drive_drone/environment/ament_prefix_path.dsv
[5.682s] -- Up-to-date: /home/basestation/ros2_ws/install/drive_drone/share/drive_drone/environment/path.sh
[5.682s] -- Installing: /home/basestation/ros2_ws/install/drive_drone/share/drive_drone/environment/path.dsv
[5.682s] -- Up-to-date: /home/basestation/ros2_ws/install/drive_drone/share/drive_drone/local_setup.bash
[5.682s] -- Up-to-date: /home/basestation/ros2_ws/install/drive_drone/share/drive_drone/local_setup.sh
[5.682s] -- Up-to-date: /home/basestation/ros2_ws/install/drive_drone/share/drive_drone/local_setup.zsh
[5.682s] -- Installing: /home/basestation/ros2_ws/install/drive_drone/share/drive_drone/local_setup.dsv
[5.682s] -- Installing: /home/basestation/ros2_ws/install/drive_drone/share/drive_drone/package.dsv
[5.682s] -- Up-to-date: /home/basestation/ros2_ws/install/drive_drone/share/ament_index/resource_index/packages/drive_drone
[5.682s] -- Up-to-date: /home/basestation/ros2_ws/install/drive_drone/share/drive_drone/cmake/drive_droneConfig.cmake
[5.682s] -- Up-to-date: /home/basestation/ros2_ws/install/drive_drone/share/drive_drone/cmake/drive_droneConfig-version.cmake
[5.682s] -- Up-to-date: /home/basestation/ros2_ws/install/drive_drone/share/drive_drone/package.xml
[5.683s] Invoked command in '/home/basestation/ros2_ws/build/drive_drone' returned '0': CMAKE_PREFIX_PATH=${CMAKE_PREFIX_PATH}:/home/basestation/ros2_ws/install/sjtu_drone_control:/home/basestation/ros2_ws/install/sjtu_drone_bringup:/home/basestation/base_ws/install/ros2_shared:/home/basestation/base_ws/install/robot_pid:/home/basestation/base_ws/install/mocap_fake_radar:/home/basestation/base_ws/install/magnav_viz:/home/basestation/base_ws/install/magnav_pf:/home/basestation/base_ws/install/magnav_entmap:/home/basestation/base_ws/install/mag_mapping:/home/basestation/base_ws/install/info_magnav:/home/basestation/base_ws/install/homography_node:/home/basestation/base_ws/install/drone_launch:/home/basestation/base_ws/install/camera_detector:/home/basestation/base_ws/install/base_launch:/home/basestation/magnav_sim_ws/install/nn_data_collector:/home/basestation/magnav_sim_ws/install/magnav_nn_sim:/opt/ros/humble /usr/bin/cmake --install /home/basestation/ros2_ws/build/drive_drone
