/home/basestation/.local/lib/python3.10/site-packages/setuptools/_distutils/dist.py:289: UserWarning: Unknown distribution option: 'tests_require'
  warnings.warn(msg)
running egg_info
writing ../../../../build/mml_guidance/mml_guidance.egg-info/PKG-INFO
writing dependency_links to ../../../../build/mml_guidance/mml_guidance.egg-info/dependency_links.txt
writing entry points to ../../../../build/mml_guidance/mml_guidance.egg-info/entry_points.txt
writing requirements to ../../../../build/mml_guidance/mml_guidance.egg-info/requires.txt
writing top-level names to ../../../../build/mml_guidance/mml_guidance.egg-info/top_level.txt
writing manifest file '../../../../build/mml_guidance/mml_guidance.egg-info/SOURCES.txt'
running build
running build_py
copying mml_guidance/rl_gazebo_tracker.py -> /home/basestation/ros2_ws/build/mml_guidance/build/lib/mml_guidance
copying mml_guidance/guidance.py -> /home/basestation/ros2_ws/build/mml_guidance/build/lib/mml_guidance
copying mml_guidance/rl_offboard_tracker.py -> /home/basestation/ros2_ws/build/mml_guidance/build/lib/mml_guidance
copying mml_guidance/particle_filter_gnn_associator.py -> /home/basestation/ros2_ws/build/mml_guidance/build/lib/mml_guidance
copying mml_guidance/kf.py -> /home/basestation/ros2_ws/build/mml_guidance/build/lib/mml_guidance
copying mml_guidance/particle_filter_ros_wrapper.py -> /home/basestation/ros2_ws/build/mml_guidance/build/lib/mml_guidance
copying mml_guidance/gnn_associator.py -> /home/basestation/ros2_ws/build/mml_guidance/build/lib/mml_guidance
copying mml_guidance/ParticleFilter.py -> /home/basestation/ros2_ws/build/mml_guidance/build/lib/mml_guidance
copying mml_guidance/plot_data_run.py -> /home/basestation/ros2_ws/build/mml_guidance/build/lib/mml_guidance
copying mml_guidance/turtlebot_pid_controller.py -> /home/basestation/ros2_ws/build/mml_guidance/build/lib/mml_guidance
copying mml_guidance/spaguetti.py -> /home/basestation/ros2_ws/build/mml_guidance/build/lib/mml_guidance
copying mml_guidance/mml_pf_visualization.py -> /home/basestation/ros2_ws/build/mml_guidance/build/lib/mml_guidance
copying mml_guidance/summarize_joined_runs.py -> /home/basestation/ros2_ws/build/mml_guidance/build/lib/mml_guidance
copying mml_guidance/main_guidance_node.py -> /home/basestation/ros2_ws/build/mml_guidance/build/lib/mml_guidance
copying mml_guidance/ppo_guidance.py -> /home/basestation/ros2_ws/build/mml_guidance/build/lib/mml_guidance
copying mml_guidance/analyze_hardware_data.py -> /home/basestation/ros2_ws/build/mml_guidance/build/lib/mml_guidance
copying mml_guidance/boundary_safety_test.py -> /home/basestation/ros2_ws/build/mml_guidance/build/lib/mml_guidance
copying mml_guidance/plot_data_all_runs.py -> /home/basestation/ros2_ws/build/mml_guidance/build/lib/mml_guidance
copying mml_guidance/ros2bag_csv.py -> /home/basestation/ros2_ws/build/mml_guidance/build/lib/mml_guidance
copying mml_guidance/__init__.py -> /home/basestation/ros2_ws/build/mml_guidance/build/lib/mml_guidance
copying mml_guidance/lawnmower.py -> /home/basestation/ros2_ws/build/mml_guidance/build/lib/mml_guidance
copying mml_guidance/boundary_visualization.py -> /home/basestation/ros2_ws/build/mml_guidance/build/lib/mml_guidance
copying mml_guidance/markov_goal_pose.py -> /home/basestation/ros2_ws/build/mml_guidance/build/lib/mml_guidance
copying mml_guidance/mml_network/train.py -> /home/basestation/ros2_ws/build/mml_guidance/build/lib/mml_guidance/mml_network
copying mml_guidance/mml_network/transformer.py -> /home/basestation/ros2_ws/build/mml_guidance/build/lib/mml_guidance/mml_network
copying mml_guidance/mml_network/convert_data.py -> /home/basestation/ros2_ws/build/mml_guidance/build/lib/mml_guidance/mml_network
copying mml_guidance/mml_network/simple_dnn.py -> /home/basestation/ros2_ws/build/mml_guidance/build/lib/mml_guidance/mml_network
copying mml_guidance/mml_network/scratch_transformer.py -> /home/basestation/ros2_ws/build/mml_guidance/build/lib/mml_guidance/mml_network
copying mml_guidance/mml_network/__init__.py -> /home/basestation/ros2_ws/build/mml_guidance/build/lib/mml_guidance/mml_network
copying mml_guidance/mml_network/motion_model_network.py -> /home/basestation/ros2_ws/build/mml_guidance/build/lib/mml_guidance/mml_network
copying mml_guidance/mml_network/visualize_graph.py -> /home/basestation/ros2_ws/build/mml_guidance/build/lib/mml_guidance/mml_network
running install
running install_lib
running install_data
copying resource/mml_guidance -> /home/basestation/ros2_ws/install/mml_guidance/share/ament_index/resource_index/packages
copying package.xml -> /home/basestation/ros2_ws/install/mml_guidance/share/mml_guidance
copying launch/boundary_test.launch.py -> /home/basestation/ros2_ws/install/mml_guidance/share/mml_guidance/launch
copying launch/track_hardware.launch.py -> /home/basestation/ros2_ws/install/mml_guidance/share/mml_guidance/launch
copying launch/april_hardware.launch.py -> /home/basestation/ros2_ws/install/mml_guidance/share/mml_guidance/launch
copying launch/rl_tracker.launch.py -> /home/basestation/ros2_ws/install/mml_guidance/share/mml_guidance/launch
copying launch/mml_sim_estimator.launch.py -> /home/basestation/ros2_ws/install/mml_guidance/share/mml_guidance/launch
running install_egg_info
removing '/home/basestation/ros2_ws/install/mml_guidance/lib/python3.10/site-packages/mml_guidance-0.0.1-py3.10.egg-info' (and everything under it)
Copying ../../../../build/mml_guidance/mml_guidance.egg-info to /home/basestation/ros2_ws/install/mml_guidance/lib/python3.10/site-packages/mml_guidance-0.0.1-py3.10.egg-info
running install_scripts
Installing boundary_safety_test script to /home/basestation/ros2_ws/install/mml_guidance/lib/mml_guidance
Installing boundary_visualization script to /home/basestation/ros2_ws/install/mml_guidance/lib/mml_guidance
Installing guidance script to /home/basestation/ros2_ws/install/mml_guidance/lib/mml_guidance
Installing markov_goal_pose script to /home/basestation/ros2_ws/install/mml_guidance/lib/mml_guidance
Installing mml_pf_visualization script to /home/basestation/ros2_ws/install/mml_guidance/lib/mml_guidance
Installing rl_gazebo_tracker script to /home/basestation/ros2_ws/install/mml_guidance/lib/mml_guidance
Installing rl_tracker script to /home/basestation/ros2_ws/install/mml_guidance/lib/mml_guidance
Installing turtlebot_pid_controller script to /home/basestation/ros2_ws/install/mml_guidance/lib/mml_guidance
writing list of installed files to '/home/basestation/ros2_ws/build/mml_guidance/install.log'
