[0.433s] Invoking command in '/home/basestation/ros2_ws/build/sjtu_drone_description': CMAKE_PREFIX_PATH=${CMAKE_PREFIX_PATH}:/home/basestation/ros2_ws/install/sjtu_drone_control:/home/basestation/ros2_ws/install/sjtu_drone_bringup:/home/basestation/ros2_ws/install/mml_guidance:/home/basestation/base_ws/install/ros2_shared:/home/basestation/base_ws/install/robot_pid:/home/basestation/base_ws/install/mocap_fake_radar:/home/basestation/base_ws/install/magnav_viz:/home/basestation/base_ws/install/magnav_pf:/home/basestation/base_ws/install/magnav_entmap:/home/basestation/base_ws/install/mag_mapping:/home/basestation/base_ws/install/info_magnav:/home/basestation/base_ws/install/homography_node:/home/basestation/base_ws/install/drone_launch:/home/basestation/base_ws/install/camera_detector:/home/basestation/base_ws/install/base_launch:/home/basestation/magnav_sim_ws/install/nn_data_collector:/home/basestation/magnav_sim_ws/install/magnav_nn_sim:/opt/ros/humble /usr/bin/cmake --build /home/basestation/ros2_ws/build/sjtu_drone_description -- -j24 -l24
[0.513s] [100%] Built target plugin_drone
[0.517s] Invoked command in '/home/basestation/ros2_ws/build/sjtu_drone_description' returned '0': CMAKE_PREFIX_PATH=${CMAKE_PREFIX_PATH}:/home/basestation/ros2_ws/install/sjtu_drone_control:/home/basestation/ros2_ws/install/sjtu_drone_bringup:/home/basestation/ros2_ws/install/mml_guidance:/home/basestation/base_ws/install/ros2_shared:/home/basestation/base_ws/install/robot_pid:/home/basestation/base_ws/install/mocap_fake_radar:/home/basestation/base_ws/install/magnav_viz:/home/basestation/base_ws/install/magnav_pf:/home/basestation/base_ws/install/magnav_entmap:/home/basestation/base_ws/install/mag_mapping:/home/basestation/base_ws/install/info_magnav:/home/basestation/base_ws/install/homography_node:/home/basestation/base_ws/install/drone_launch:/home/basestation/base_ws/install/camera_detector:/home/basestation/base_ws/install/base_launch:/home/basestation/magnav_sim_ws/install/nn_data_collector:/home/basestation/magnav_sim_ws/install/magnav_nn_sim:/opt/ros/humble /usr/bin/cmake --build /home/basestation/ros2_ws/build/sjtu_drone_description -- -j24 -l24
[0.518s] Invoking command in '/home/basestation/ros2_ws/build/sjtu_drone_description': CMAKE_PREFIX_PATH=${CMAKE_PREFIX_PATH}:/home/basestation/ros2_ws/install/sjtu_drone_control:/home/basestation/ros2_ws/install/sjtu_drone_bringup:/home/basestation/ros2_ws/install/mml_guidance:/home/basestation/base_ws/install/ros2_shared:/home/basestation/base_ws/install/robot_pid:/home/basestation/base_ws/install/mocap_fake_radar:/home/basestation/base_ws/install/magnav_viz:/home/basestation/base_ws/install/magnav_pf:/home/basestation/base_ws/install/magnav_entmap:/home/basestation/base_ws/install/mag_mapping:/home/basestation/base_ws/install/info_magnav:/home/basestation/base_ws/install/homography_node:/home/basestation/base_ws/install/drone_launch:/home/basestation/base_ws/install/camera_detector:/home/basestation/base_ws/install/base_launch:/home/basestation/magnav_sim_ws/install/nn_data_collector:/home/basestation/magnav_sim_ws/install/magnav_nn_sim:/opt/ros/humble /usr/bin/cmake --install /home/basestation/ros2_ws/build/sjtu_drone_description
[0.521s] -- Install configuration: ""
[0.521s] -- Execute custom install script
[0.523s] -- Up-to-date symlink: /home/basestation/ros2_ws/install/sjtu_drone_description/include/sjtu_drone_description/pid_controller.h
[0.523s] -- Up-to-date symlink: /home/basestation/ros2_ws/install/sjtu_drone_description/include/sjtu_drone_description/plugin_drone.h
[0.523s] -- Up-to-date symlink: /home/basestation/ros2_ws/install/sjtu_drone_description/include/sjtu_drone_description/plugin_drone_private.h
[0.523s] -- Up-to-date symlink: /home/basestation/ros2_ws/install/sjtu_drone_description/share/sjtu_drone_description/environment/library_path.sh
[0.523s] -- Up-to-date symlink: /home/basestation/ros2_ws/install/sjtu_drone_description/share/sjtu_drone_description/environment/library_path.dsv
[0.523s] -- Up-to-date symlink: /home/basestation/ros2_ws/install/sjtu_drone_description/share/sjtu_drone_description/models/database.config
[0.523s] -- Up-to-date symlink: /home/basestation/ros2_ws/install/sjtu_drone_description/share/sjtu_drone_description/models/sjtu_drone/model.config
[0.523s] -- Up-to-date symlink: /home/basestation/ros2_ws/install/sjtu_drone_description/share/sjtu_drone_description/models/sjtu_drone/quadrotor_4.dae
[0.523s] -- Up-to-date symlink: /home/basestation/ros2_ws/install/sjtu_drone_description/share/sjtu_drone_description/models/sjtu_drone/quadrotor_4.stl
[0.523s] -- Up-to-date symlink: /home/basestation/ros2_ws/install/sjtu_drone_description/share/sjtu_drone_description/models/sjtu_drone/sjtu_drone.sdf
[0.523s] -- Up-to-date symlink: /home/basestation/ros2_ws/install/sjtu_drone_description/share/sjtu_drone_description/urdf/sjtu_drone.urdf
[0.523s] -- Up-to-date symlink: /home/basestation/ros2_ws/install/sjtu_drone_description/share/sjtu_drone_description/urdf/sjtu_drone.urdf.xacro
[0.524s] -- Up-to-date symlink: /home/basestation/ros2_ws/install/sjtu_drone_description/share/sjtu_drone_description/worlds/playground.world
[0.524s] -- Up-to-date symlink: /home/basestation/ros2_ws/install/sjtu_drone_description/share/ament_index/resource_index/package_run_dependencies/sjtu_drone_description
[0.524s] -- Up-to-date symlink: /home/basestation/ros2_ws/install/sjtu_drone_description/share/ament_index/resource_index/parent_prefix_path/sjtu_drone_description
[0.524s] -- Up-to-date symlink: /home/basestation/ros2_ws/install/sjtu_drone_description/share/sjtu_drone_description/environment/ament_prefix_path.sh
[0.524s] -- Up-to-date symlink: /home/basestation/ros2_ws/install/sjtu_drone_description/share/sjtu_drone_description/environment/ament_prefix_path.dsv
[0.524s] -- Up-to-date symlink: /home/basestation/ros2_ws/install/sjtu_drone_description/share/sjtu_drone_description/environment/path.sh
[0.524s] -- Up-to-date symlink: /home/basestation/ros2_ws/install/sjtu_drone_description/share/sjtu_drone_description/environment/path.dsv
[0.524s] -- Up-to-date symlink: /home/basestation/ros2_ws/install/sjtu_drone_description/share/sjtu_drone_description/local_setup.bash
[0.524s] -- Up-to-date symlink: /home/basestation/ros2_ws/install/sjtu_drone_description/share/sjtu_drone_description/local_setup.sh
[0.524s] -- Up-to-date symlink: /home/basestation/ros2_ws/install/sjtu_drone_description/share/sjtu_drone_description/local_setup.zsh
[0.524s] -- Up-to-date symlink: /home/basestation/ros2_ws/install/sjtu_drone_description/share/sjtu_drone_description/local_setup.dsv
[0.524s] -- Symlinking: /home/basestation/ros2_ws/install/sjtu_drone_description/share/sjtu_drone_description/package.dsv
[0.527s] -- Up-to-date symlink: /home/basestation/ros2_ws/install/sjtu_drone_description/share/ament_index/resource_index/packages/sjtu_drone_description
[0.527s] -- Up-to-date symlink: /home/basestation/ros2_ws/install/sjtu_drone_description/share/sjtu_drone_description/cmake/ament_cmake_export_include_directories-extras.cmake
[0.527s] -- Up-to-date symlink: /home/basestation/ros2_ws/install/sjtu_drone_description/share/sjtu_drone_description/cmake/ament_cmake_export_libraries-extras.cmake
[0.527s] -- Up-to-date symlink: /home/basestation/ros2_ws/install/sjtu_drone_description/share/sjtu_drone_description/cmake/ament_cmake_export_targets-extras.cmake
[0.527s] -- Up-to-date symlink: /home/basestation/ros2_ws/install/sjtu_drone_description/share/sjtu_drone_description/cmake/sjtu_drone_descriptionConfig.cmake
[0.527s] -- Up-to-date symlink: /home/basestation/ros2_ws/install/sjtu_drone_description/share/sjtu_drone_description/cmake/sjtu_drone_descriptionConfig-version.cmake
[0.527s] -- Up-to-date symlink: /home/basestation/ros2_ws/install/sjtu_drone_description/share/sjtu_drone_description/package.xml
[0.527s] -- Up-to-date: /home/basestation/ros2_ws/install/sjtu_drone_description/lib/libplugin_drone.so
[0.527s] -- Up-to-date: /home/basestation/ros2_ws/install/sjtu_drone_description/share/sjtu_drone_description/cmake/export_sjtu_drone_descriptionExport.cmake
[0.527s] -- Up-to-date: /home/basestation/ros2_ws/install/sjtu_drone_description/share/sjtu_drone_description/cmake/export_sjtu_drone_descriptionExport-noconfig.cmake
[0.528s] Invoked command in '/home/basestation/ros2_ws/build/sjtu_drone_description' returned '0': CMAKE_PREFIX_PATH=${CMAKE_PREFIX_PATH}:/home/basestation/ros2_ws/install/sjtu_drone_control:/home/basestation/ros2_ws/install/sjtu_drone_bringup:/home/basestation/ros2_ws/install/mml_guidance:/home/basestation/base_ws/install/ros2_shared:/home/basestation/base_ws/install/robot_pid:/home/basestation/base_ws/install/mocap_fake_radar:/home/basestation/base_ws/install/magnav_viz:/home/basestation/base_ws/install/magnav_pf:/home/basestation/base_ws/install/magnav_entmap:/home/basestation/base_ws/install/mag_mapping:/home/basestation/base_ws/install/info_magnav:/home/basestation/base_ws/install/homography_node:/home/basestation/base_ws/install/drone_launch:/home/basestation/base_ws/install/camera_detector:/home/basestation/base_ws/install/base_launch:/home/basestation/magnav_sim_ws/install/nn_data_collector:/home/basestation/magnav_sim_ws/install/magnav_nn_sim:/opt/ros/humble /usr/bin/cmake --install /home/basestation/ros2_ws/build/sjtu_drone_description
