[8.342s] Invoking command in '/home/user/PPO_drone_Gazebo_ROS2/build/sjtu_drone_control': PYTHONPATH=/home/user/PPO_drone_Gazebo_ROS2/build/sjtu_drone_control/prefix_override:/usr/lib/python3/dist-packages/colcon_core/task/python/colcon_distutils_commands:/home/user/PPO_drone_Gazebo_ROS2/install/sjtu_drone_control/lib/python3.10/site-packages:${PYTHONPATH} /usr/bin/python3 -W ignore:setup.py install is deprecated -W ignore:easy_install command is deprecated setup.py develop --editable --build-directory /home/user/PPO_drone_Gazebo_ROS2/build/sjtu_drone_control/build --no-deps symlink_data
[10.291s] running develop
[11.638s] running egg_info
[11.639s] writing sjtu_drone_control.egg-info/PKG-INFO
[11.640s] writing dependency_links to sjtu_drone_control.egg-info/dependency_links.txt
[11.692s] writing entry points to sjtu_drone_control.egg-info/entry_points.txt
[11.694s] writing requirements to sjtu_drone_control.egg-info/requires.txt
[11.695s] writing top-level names to sjtu_drone_control.egg-info/top_level.txt
[11.695s] reading manifest file 'sjtu_drone_control.egg-info/SOURCES.txt'
[11.696s] writing manifest file 'sjtu_drone_control.egg-info/SOURCES.txt'
[11.696s] running build_ext
[11.697s] Creating /home/user/PPO_drone_Gazebo_ROS2/install/sjtu_drone_control/lib/python3.10/site-packages/sjtu-drone-control.egg-link (link to .)
[11.697s] Installing drone_position_control script to /home/user/PPO_drone_Gazebo_ROS2/install/sjtu_drone_control/lib/sjtu_drone_control
[11.698s] Installing open_loop_control script to /home/user/PPO_drone_Gazebo_ROS2/install/sjtu_drone_control/lib/sjtu_drone_control
[11.698s] Installing teleop script to /home/user/PPO_drone_Gazebo_ROS2/install/sjtu_drone_control/lib/sjtu_drone_control
[11.699s] Installing teleop_joystick script to /home/user/PPO_drone_Gazebo_ROS2/install/sjtu_drone_control/lib/sjtu_drone_control
[11.699s] 
[11.700s] Installed /home/user/PPO_drone_Gazebo_ROS2/build/sjtu_drone_control
[11.700s] running symlink_data
[11.836s] Invoked command in '/home/user/PPO_drone_Gazebo_ROS2/build/sjtu_drone_control' returned '0': PYTHONPATH=/home/user/PPO_drone_Gazebo_ROS2/build/sjtu_drone_control/prefix_override:/usr/lib/python3/dist-packages/colcon_core/task/python/colcon_distutils_commands:/home/user/PPO_drone_Gazebo_ROS2/install/sjtu_drone_control/lib/python3.10/site-packages:${PYTHONPATH} /usr/bin/python3 -W ignore:setup.py install is deprecated -W ignore:easy_install command is deprecated setup.py develop --editable --build-directory /home/user/PPO_drone_Gazebo_ROS2/build/sjtu_drone_control/build --no-deps symlink_data
