[8.655s] Invoking command in '/home/user/PPO_drone_Gazebo_ROS2/build/mml_guidance': PYTHONPATH=/home/user/PPO_drone_Gazebo_ROS2/build/mml_guidance/prefix_override:/usr/lib/python3/dist-packages/colcon_core/task/python/colcon_distutils_commands:/home/user/PPO_drone_Gazebo_ROS2/install/mml_guidance/lib/python3.10/site-packages:${PYTHONPATH} /usr/bin/python3 -W ignore:setup.py install is deprecated -W ignore:easy_install command is deprecated setup.py develop --editable --build-directory /home/user/PPO_drone_Gazebo_ROS2/build/mml_guidance/build --no-deps symlink_data
[10.617s] running develop
[12.002s] running egg_info
[12.003s] writing mml_guidance.egg-info/PKG-INFO
[12.003s] writing dependency_links to mml_guidance.egg-info/dependency_links.txt
[12.004s] writing entry points to mml_guidance.egg-info/entry_points.txt
[12.004s] writing requirements to mml_guidance.egg-info/requires.txt
[12.009s] writing top-level names to mml_guidance.egg-info/top_level.txt
[12.016s] reading manifest file 'mml_guidance.egg-info/SOURCES.txt'
[12.017s] writing manifest file 'mml_guidance.egg-info/SOURCES.txt'
[12.026s] running build_ext
[12.027s] Creating /home/user/PPO_drone_Gazebo_ROS2/install/mml_guidance/lib/python3.10/site-packages/mml-guidance.egg-link (link to .)
[12.038s] Installing guidance script to /home/user/PPO_drone_Gazebo_ROS2/install/mml_guidance/lib/mml_guidance
[12.039s] Installing markov_goal_pose script to /home/user/PPO_drone_Gazebo_ROS2/install/mml_guidance/lib/mml_guidance
[12.039s] Installing mml_pf_visualization script to /home/user/PPO_drone_Gazebo_ROS2/install/mml_guidance/lib/mml_guidance
[12.040s] Installing rl_gazebo_multi_tracker script to /home/user/PPO_drone_Gazebo_ROS2/install/mml_guidance/lib/mml_guidance
[12.040s] 
[12.056s] Installed /home/user/PPO_drone_Gazebo_ROS2/build/mml_guidance
[12.056s] running symlink_data
[12.187s] Invoked command in '/home/user/PPO_drone_Gazebo_ROS2/build/mml_guidance' returned '0': PYTHONPATH=/home/user/PPO_drone_Gazebo_ROS2/build/mml_guidance/prefix_override:/usr/lib/python3/dist-packages/colcon_core/task/python/colcon_distutils_commands:/home/user/PPO_drone_Gazebo_ROS2/install/mml_guidance/lib/python3.10/site-packages:${PYTHONPATH} /usr/bin/python3 -W ignore:setup.py install is deprecated -W ignore:easy_install command is deprecated setup.py develop --editable --build-directory /home/user/PPO_drone_Gazebo_ROS2/build/mml_guidance/build --no-deps symlink_data
