[0.194s] Invoking command in '/home/user/PPO_drone_Gazebo_ROS2/build/drive_drone': CMAKE_PREFIX_PATH=${CMAKE_PREFIX_PATH}:/home/user/PPO_drone_Gazebo_ROS2/src/install/sjtu_drone_control:/home/user/PPO_drone_Gazebo_ROS2/src/install/sjtu_drone_bringup:/home/user/PPO_drone_Gazebo_ROS2/install/sjtu_drone_control:/home/user/PPO_drone_Gazebo_ROS2/install/sjtu_drone_bringup:/home/user/PPO_drone_Gazebo_ROS2/install/mml_guidance:/opt/ros/humble:/opt/ros/jazzy /usr/bin/cmake /home/user/PPO_drone_Gazebo_ROS2/src/drive_drone -DAMENT_CMAKE_SYMLINK_INSTALL=1 -DCMAKE_INSTALL_PREFIX=/home/user/PPO_drone_Gazebo_ROS2/install/drive_drone
[4.727s] -- The C compiler identification is GNU 11.4.0
[4.729s] -- The CXX compiler identification is GNU 11.4.0
[4.734s] -- Detecting C compiler ABI info
[4.735s] -- Detecting C compiler ABI info - done
[4.735s] -- Check for working C compiler: /usr/bin/cc - skipped
[4.736s] -- Detecting C compile features
[4.736s] -- Detecting C compile features - done
[4.737s] -- Detecting CXX compiler ABI info
[4.737s] -- Detecting CXX compiler ABI info - done
[4.738s] -- Check for working CXX compiler: /usr/bin/c++ - skipped
[4.740s] -- Detecting CXX compile features
[4.741s] -- Detecting CXX compile features - done
[4.742s] -- Found ament_cmake: 1.3.12 (/opt/ros/humble/share/ament_cmake/cmake)
[4.744s] -- Found Python3: /usr/bin/python3 (found version "3.10.12") found components: Interpreter 
[4.744s] -- Override CMake install command with custom implementation using symlinks instead of copying resources
[4.745s] -- Found rclcpp: 16.0.15 (/opt/ros/humble/share/rclcpp/cmake)
[4.746s] -- Found rosidl_generator_c: 3.1.7 (/opt/ros/humble/share/rosidl_generator_c/cmake)
[4.747s] -- Found rosidl_adapter: 3.1.7 (/opt/ros/humble/share/rosidl_adapter/cmake)
[4.747s] -- Found rosidl_generator_cpp: 3.1.7 (/opt/ros/humble/share/rosidl_generator_cpp/cmake)
[4.748s] -- Using all available rosidl_typesupport_c: rosidl_typesupport_fastrtps_c;rosidl_typesupport_introspection_c
[4.749s] -- Using all available rosidl_typesupport_cpp: rosidl_typesupport_fastrtps_cpp;rosidl_typesupport_introspection_cpp
[4.749s] -- Found rmw_implementation_cmake: 6.1.2 (/opt/ros/humble/share/rmw_implementation_cmake/cmake)
[4.750s] -- Found rmw_fastrtps_cpp: 6.2.9 (/opt/ros/humble/share/rmw_fastrtps_cpp/cmake)
[5.271s] -- Found OpenSSL: /usr/lib/x86_64-linux-gnu/libcrypto.so (found version "3.0.2")  
[5.595s] -- Found FastRTPS: /opt/ros/humble/include  
[6.106s] -- Using RMW implementation 'rmw_fastrtps_cpp' as default
[6.212s] -- Looking for pthread.h
[6.918s] -- Looking for pthread.h - found
[6.938s] -- Performing Test CMAKE_HAVE_LIBC_PTHREAD
[7.763s] -- Performing Test CMAKE_HAVE_LIBC_PTHREAD - Success
[7.781s] -- Found Threads: TRUE  
[8.401s] -- Found geometry_msgs: 4.9.0 (/opt/ros/humble/share/geometry_msgs/cmake)
[8.537s] -- Found sensor_msgs: 4.9.0 (/opt/ros/humble/share/sensor_msgs/cmake)
[8.719s] -- Found nav_msgs: 4.9.0 (/opt/ros/humble/share/nav_msgs/cmake)
[8.895s] -- Found cv_bridge: 3.2.1 (/opt/ros/humble/share/cv_bridge/cmake)
[9.036s] -- Found OpenCV: /usr (found version "4.5.4") 
[10.006s] -- Configuring done
[10.367s] -- Generating done
[10.501s] -- Build files have been written to: /home/user/PPO_drone_Gazebo_ROS2/build/drive_drone
[10.560s] Invoked command in '/home/user/PPO_drone_Gazebo_ROS2/build/drive_drone' returned '0': CMAKE_PREFIX_PATH=${CMAKE_PREFIX_PATH}:/home/user/PPO_drone_Gazebo_ROS2/src/install/sjtu_drone_control:/home/user/PPO_drone_Gazebo_ROS2/src/install/sjtu_drone_bringup:/home/user/PPO_drone_Gazebo_ROS2/install/sjtu_drone_control:/home/user/PPO_drone_Gazebo_ROS2/install/sjtu_drone_bringup:/home/user/PPO_drone_Gazebo_ROS2/install/mml_guidance:/opt/ros/humble:/opt/ros/jazzy /usr/bin/cmake /home/user/PPO_drone_Gazebo_ROS2/src/drive_drone -DAMENT_CMAKE_SYMLINK_INSTALL=1 -DCMAKE_INSTALL_PREFIX=/home/user/PPO_drone_Gazebo_ROS2/install/drive_drone
[10.570s] Invoking command in '/home/user/PPO_drone_Gazebo_ROS2/build/drive_drone': CMAKE_PREFIX_PATH=${CMAKE_PREFIX_PATH}:/home/user/PPO_drone_Gazebo_ROS2/src/install/sjtu_drone_control:/home/user/PPO_drone_Gazebo_ROS2/src/install/sjtu_drone_bringup:/home/user/PPO_drone_Gazebo_ROS2/install/sjtu_drone_control:/home/user/PPO_drone_Gazebo_ROS2/install/sjtu_drone_bringup:/home/user/PPO_drone_Gazebo_ROS2/install/mml_guidance:/opt/ros/humble:/opt/ros/jazzy /usr/bin/cmake --build /home/user/PPO_drone_Gazebo_ROS2/build/drive_drone -- -j8 -l8
[11.088s] [ 12%] [32mBuilding CXX object CMakeFiles/p1_a_drive_node.dir/src/p1_a_drive_node.cpp.o[0m
[11.155s] [ 25%] [32mBuilding CXX object CMakeFiles/tb3_follower_node.dir/src/tb3_follower_node.cpp.o[0m
[11.304s] [ 37%] [32mBuilding CXX object CMakeFiles/p1_b_tb3_follower.dir/src/p1_b_tb3_follower.cpp.o[0m
[11.305s] [ 50%] [32mBuilding CXX object CMakeFiles/tb3_road_network_mover.dir/src/tb3_road_network_mover.cpp.o[0m
[42.384s] [ 62%] [32m[1mLinking CXX executable p1_a_drive_node[0m
[44.006s] [ 62%] Built target p1_a_drive_node
[74.425s] [ 75%] [32m[1mLinking CXX executable tb3_road_network_mover[0m
[76.949s] [ 87%] [32m[1mLinking CXX executable p1_b_tb3_follower[0m
[77.500s] [ 87%] Built target tb3_road_network_mover
[81.554s] [ 87%] Built target p1_b_tb3_follower
[89.530s] [100%] [32m[1mLinking CXX executable tb3_follower_node[0m
[92.458s] [100%] Built target tb3_follower_node
[92.529s] Invoked command in '/home/user/PPO_drone_Gazebo_ROS2/build/drive_drone' returned '0': CMAKE_PREFIX_PATH=${CMAKE_PREFIX_PATH}:/home/user/PPO_drone_Gazebo_ROS2/src/install/sjtu_drone_control:/home/user/PPO_drone_Gazebo_ROS2/src/install/sjtu_drone_bringup:/home/user/PPO_drone_Gazebo_ROS2/install/sjtu_drone_control:/home/user/PPO_drone_Gazebo_ROS2/install/sjtu_drone_bringup:/home/user/PPO_drone_Gazebo_ROS2/install/mml_guidance:/opt/ros/humble:/opt/ros/jazzy /usr/bin/cmake --build /home/user/PPO_drone_Gazebo_ROS2/build/drive_drone -- -j8 -l8
[92.593s] Invoking command in '/home/user/PPO_drone_Gazebo_ROS2/build/drive_drone': CMAKE_PREFIX_PATH=${CMAKE_PREFIX_PATH}:/home/user/PPO_drone_Gazebo_ROS2/src/install/sjtu_drone_control:/home/user/PPO_drone_Gazebo_ROS2/src/install/sjtu_drone_bringup:/home/user/PPO_drone_Gazebo_ROS2/install/sjtu_drone_control:/home/user/PPO_drone_Gazebo_ROS2/install/sjtu_drone_bringup:/home/user/PPO_drone_Gazebo_ROS2/install/mml_guidance:/opt/ros/humble:/opt/ros/jazzy /usr/bin/cmake --install /home/user/PPO_drone_Gazebo_ROS2/build/drive_drone
[92.631s] -- Install configuration: ""
[92.634s] -- Execute custom install script
[92.636s] -- Symlinking: /home/user/PPO_drone_Gazebo_ROS2/install/drive_drone/lib/drive_drone/p1_a_drive_node
[92.683s] -- Symlinking: /home/user/PPO_drone_Gazebo_ROS2/install/drive_drone/lib/drive_drone/p1_b_tb3_follower
[92.728s] -- Symlinking: /home/user/PPO_drone_Gazebo_ROS2/install/drive_drone/lib/drive_drone/tb3_follower_node
[92.779s] -- Symlinking: /home/user/PPO_drone_Gazebo_ROS2/install/drive_drone/lib/drive_drone/tb3_road_network_mover
[92.836s] -- Symlinking: /home/user/PPO_drone_Gazebo_ROS2/install/drive_drone/share/drive_drone//launch/drone_dual_tb3_gazebo.launch.py
[92.884s] -- Symlinking: /home/user/PPO_drone_Gazebo_ROS2/install/drive_drone/share/drive_drone//launch/dual_tb3_road_network.launch.py
[92.931s] -- Symlinking: /home/user/PPO_drone_Gazebo_ROS2/install/drive_drone/share/drive_drone//launch/p1_a_drone_fly_gazebo_rviz.launch.py
[92.978s] -- Symlinking: /home/user/PPO_drone_Gazebo_ROS2/install/drive_drone/share/drive_drone//launch/p1_b_tb3_drone_gazebo.launch.py
[93.027s] -- Symlinking: /home/user/PPO_drone_Gazebo_ROS2/install/drive_drone/share/ament_index/resource_index/package_run_dependencies/drive_drone
[93.084s] -- Symlinking: /home/user/PPO_drone_Gazebo_ROS2/install/drive_drone/share/ament_index/resource_index/parent_prefix_path/drive_drone
[93.138s] -- Symlinking: /home/user/PPO_drone_Gazebo_ROS2/install/drive_drone/share/drive_drone/environment/ament_prefix_path.sh
[93.200s] -- Symlinking: /home/user/PPO_drone_Gazebo_ROS2/install/drive_drone/share/drive_drone/environment/ament_prefix_path.dsv
[93.263s] -- Symlinking: /home/user/PPO_drone_Gazebo_ROS2/install/drive_drone/share/drive_drone/environment/path.sh
[93.323s] -- Symlinking: /home/user/PPO_drone_Gazebo_ROS2/install/drive_drone/share/drive_drone/environment/path.dsv
[93.385s] -- Symlinking: /home/user/PPO_drone_Gazebo_ROS2/install/drive_drone/share/drive_drone/local_setup.bash
[93.436s] -- Symlinking: /home/user/PPO_drone_Gazebo_ROS2/install/drive_drone/share/drive_drone/local_setup.sh
[93.496s] -- Symlinking: /home/user/PPO_drone_Gazebo_ROS2/install/drive_drone/share/drive_drone/local_setup.zsh
[93.554s] -- Symlinking: /home/user/PPO_drone_Gazebo_ROS2/install/drive_drone/share/drive_drone/local_setup.dsv
[93.618s] -- Symlinking: /home/user/PPO_drone_Gazebo_ROS2/install/drive_drone/share/drive_drone/package.dsv
[93.668s] -- Symlinking: /home/user/PPO_drone_Gazebo_ROS2/install/drive_drone/share/ament_index/resource_index/packages/drive_drone
[93.718s] -- Symlinking: /home/user/PPO_drone_Gazebo_ROS2/install/drive_drone/share/drive_drone/cmake/drive_droneConfig.cmake
[93.769s] -- Symlinking: /home/user/PPO_drone_Gazebo_ROS2/install/drive_drone/share/drive_drone/cmake/drive_droneConfig-version.cmake
[93.817s] -- Symlinking: /home/user/PPO_drone_Gazebo_ROS2/install/drive_drone/share/drive_drone/package.xml
[93.877s] Invoked command in '/home/user/PPO_drone_Gazebo_ROS2/build/drive_drone' returned '0': CMAKE_PREFIX_PATH=${CMAKE_PREFIX_PATH}:/home/user/PPO_drone_Gazebo_ROS2/src/install/sjtu_drone_control:/home/user/PPO_drone_Gazebo_ROS2/src/install/sjtu_drone_bringup:/home/user/PPO_drone_Gazebo_ROS2/install/sjtu_drone_control:/home/user/PPO_drone_Gazebo_ROS2/install/sjtu_drone_bringup:/home/user/PPO_drone_Gazebo_ROS2/install/mml_guidance:/opt/ros/humble:/opt/ros/jazzy /usr/bin/cmake --install /home/user/PPO_drone_Gazebo_ROS2/build/drive_drone
