[0.172s] Invoking command in '/home/user/PPO_drone_Gazebo_ROS2/build/drive_drone': CMAKE_PREFIX_PATH=${CMAKE_PREFIX_PATH}:/home/user/PPO_drone_Gazebo_ROS2/src/install/sjtu_drone_control:/home/user/PPO_drone_Gazebo_ROS2/src/install/sjtu_drone_bringup:/home/user/PPO_drone_Gazebo_ROS2/install/sjtu_drone_control:/home/user/PPO_drone_Gazebo_ROS2/install/sjtu_drone_bringup:/home/user/PPO_drone_Gazebo_ROS2/install/mml_guidance:/opt/ros/humble:/opt/ros/jazzy /usr/bin/cmake /home/user/PPO_drone_Gazebo_ROS2/src/drive_drone -DAMENT_CMAKE_SYMLINK_INSTALL=1 -DCMAKE_INSTALL_PREFIX=/home/user/PPO_drone_Gazebo_ROS2/install/drive_drone
[3.969s] -- The C compiler identification is GNU 11.4.0
[3.971s] -- The CXX compiler identification is GNU 11.4.0
[3.971s] -- Detecting C compiler ABI info
[3.973s] -- Detecting C compiler ABI info - done
[3.975s] -- Check for working C compiler: /usr/bin/cc - skipped
[3.976s] -- Detecting C compile features
[3.978s] -- Detecting C compile features - done
[3.978s] -- Detecting CXX compiler ABI info
[3.979s] -- Detecting CXX compiler ABI info - done
[3.979s] -- Check for working CXX compiler: /usr/bin/c++ - skipped
[3.980s] -- Detecting CXX compile features
[3.980s] -- Detecting CXX compile features - done
[3.981s] -- Found ament_cmake: 1.3.12 (/opt/ros/humble/share/ament_cmake/cmake)
[3.981s] -- Found Python3: /usr/bin/python3 (found version "3.10.12") found components: Interpreter 
[3.982s] -- Override CMake install command with custom implementation using symlinks instead of copying resources
[3.983s] -- Found rclcpp: 16.0.15 (/opt/ros/humble/share/rclcpp/cmake)
[3.983s] -- Found rosidl_generator_c: 3.1.7 (/opt/ros/humble/share/rosidl_generator_c/cmake)
[3.984s] -- Found rosidl_adapter: 3.1.7 (/opt/ros/humble/share/rosidl_adapter/cmake)
[3.984s] -- Found rosidl_generator_cpp: 3.1.7 (/opt/ros/humble/share/rosidl_generator_cpp/cmake)
[3.984s] -- Using all available rosidl_typesupport_c: rosidl_typesupport_fastrtps_c;rosidl_typesupport_introspection_c
[3.985s] -- Using all available rosidl_typesupport_cpp: rosidl_typesupport_fastrtps_cpp;rosidl_typesupport_introspection_cpp
[3.985s] -- Found rmw_implementation_cmake: 6.1.2 (/opt/ros/humble/share/rmw_implementation_cmake/cmake)
[3.985s] -- Found rmw_fastrtps_cpp: 6.2.9 (/opt/ros/humble/share/rmw_fastrtps_cpp/cmake)
[4.625s] -- Found OpenSSL: /usr/lib/x86_64-linux-gnu/libcrypto.so (found version "3.0.2")  
[4.936s] -- Found FastRTPS: /opt/ros/humble/include  
[5.397s] -- Using RMW implementation 'rmw_fastrtps_cpp' as default
[5.499s] -- Looking for pthread.h
[5.990s] -- Looking for pthread.h - found
[5.991s] -- Performing Test CMAKE_HAVE_LIBC_PTHREAD
[6.488s] -- Performing Test CMAKE_HAVE_LIBC_PTHREAD - Success
[6.496s] -- Found Threads: TRUE  
[6.960s] -- Found geometry_msgs: 4.9.0 (/opt/ros/humble/share/geometry_msgs/cmake)
[7.082s] -- Found sensor_msgs: 4.9.0 (/opt/ros/humble/share/sensor_msgs/cmake)
[7.241s] -- Found nav_msgs: 4.9.0 (/opt/ros/humble/share/nav_msgs/cmake)
[7.518s] [31mCMake Error at CMakeLists.txt:15 (find_package):
[7.519s]   By not providing "Findcv_bridge.cmake" in CMAKE_MODULE_PATH this project
[7.519s]   has asked CMake to find a package configuration file provided by
[7.520s]   "cv_bridge", but CMake did not find one.
[7.521s] 
[7.521s]   Could not find a package configuration file provided by "cv_bridge" with
[7.522s]   any of the following names:
[7.522s] 
[7.523s]     cv_bridgeConfig.cmake
[7.523s]     cv_bridge-config.cmake
[7.524s] 
[7.524s]   Add the installation prefix of "cv_bridge" to CMAKE_PREFIX_PATH or set
[7.525s]   "cv_bridge_DIR" to a directory containing one of the above files.  If
[7.525s]   "cv_bridge" provides a separate development package or SDK, be sure it has
[7.526s]   been installed.
[7.526s] 
[7.527s] [0m
[7.528s] -- Configuring incomplete, errors occurred!
[7.528s] See also "/home/user/PPO_drone_Gazebo_ROS2/build/drive_drone/CMakeFiles/CMakeOutput.log".
[7.559s] Invoked command in '/home/user/PPO_drone_Gazebo_ROS2/build/drive_drone' returned '1': CMAKE_PREFIX_PATH=${CMAKE_PREFIX_PATH}:/home/user/PPO_drone_Gazebo_ROS2/src/install/sjtu_drone_control:/home/user/PPO_drone_Gazebo_ROS2/src/install/sjtu_drone_bringup:/home/user/PPO_drone_Gazebo_ROS2/install/sjtu_drone_control:/home/user/PPO_drone_Gazebo_ROS2/install/sjtu_drone_bringup:/home/user/PPO_drone_Gazebo_ROS2/install/mml_guidance:/opt/ros/humble:/opt/ros/jazzy /usr/bin/cmake /home/user/PPO_drone_Gazebo_ROS2/src/drive_drone -DAMENT_CMAKE_SYMLINK_INSTALL=1 -DCMAKE_INSTALL_PREFIX=/home/user/PPO_drone_Gazebo_ROS2/install/drive_drone
