[7.789s] Invoking command in '/home/user/PPO_drone_Gazebo_ROS2/build/mml_guidance': PYTHONPATH=/home/user/PPO_drone_Gazebo_ROS2/build/mml_guidance/prefix_override:/usr/lib/python3/dist-packages/colcon_core/task/python/colcon_distutils_commands:/home/user/PPO_drone_Gazebo_ROS2/install/mml_guidance/lib/python3.10/site-packages:${PYTHONPATH} /usr/bin/python3 -W ignore:setup.py install is deprecated -W ignore:easy_install command is deprecated setup.py develop --editable --build-directory /home/user/PPO_drone_Gazebo_ROS2/build/mml_guidance/build --no-deps symlink_data
[10.199s] running develop
[11.768s] running egg_info
[11.772s] creating mml_guidance.egg-info
[11.774s] writing mml_guidance.egg-info/PKG-INFO
[11.777s] writing dependency_links to mml_guidance.egg-info/dependency_links.txt
[11.780s] writing entry points to mml_guidance.egg-info/entry_points.txt
[11.784s] writing requirements to mml_guidance.egg-info/requires.txt
[11.788s] writing top-level names to mml_guidance.egg-info/top_level.txt
[11.790s] writing manifest file 'mml_guidance.egg-info/SOURCES.txt'
[11.822s] reading manifest file 'mml_guidance.egg-info/SOURCES.txt'
[11.827s] writing manifest file 'mml_guidance.egg-info/SOURCES.txt'
[11.838s] running build_ext
[11.838s] Creating /home/user/PPO_drone_Gazebo_ROS2/install/mml_guidance/lib/python3.10/site-packages/mml-guidance.egg-link (link to .)
[11.843s] Installing guidance script to /home/user/PPO_drone_Gazebo_ROS2/install/mml_guidance/lib/mml_guidance
[11.845s] Installing markov_goal_pose script to /home/user/PPO_drone_Gazebo_ROS2/install/mml_guidance/lib/mml_guidance
[11.849s] Installing mml_pf_visualization script to /home/user/PPO_drone_Gazebo_ROS2/install/mml_guidance/lib/mml_guidance
[11.850s] Installing rl_gazebo_multi_tracker script to /home/user/PPO_drone_Gazebo_ROS2/install/mml_guidance/lib/mml_guidance
[11.856s] 
[11.857s] Installed /home/user/PPO_drone_Gazebo_ROS2/build/mml_guidance
[11.859s] running symlink_data
[11.859s] creating /home/user/PPO_drone_Gazebo_ROS2/install/mml_guidance/share/ament_index
[11.860s] creating /home/user/PPO_drone_Gazebo_ROS2/install/mml_guidance/share/ament_index/resource_index
[11.860s] creating /home/user/PPO_drone_Gazebo_ROS2/install/mml_guidance/share/ament_index/resource_index/packages
[11.861s] symbolically linking /home/user/PPO_drone_Gazebo_ROS2/build/mml_guidance/resource/mml_guidance -> /home/user/PPO_drone_Gazebo_ROS2/install/mml_guidance/share/ament_index/resource_index/packages
[11.861s] symbolically linking /home/user/PPO_drone_Gazebo_ROS2/build/mml_guidance/package.xml -> /home/user/PPO_drone_Gazebo_ROS2/install/mml_guidance/share/mml_guidance
[11.865s] creating /home/user/PPO_drone_Gazebo_ROS2/install/mml_guidance/share/mml_guidance/launch
[11.866s] symbolically linking /home/user/PPO_drone_Gazebo_ROS2/build/mml_guidance/launch/boundary_test.launch.py -> /home/user/PPO_drone_Gazebo_ROS2/install/mml_guidance/share/mml_guidance/launch
[11.871s] symbolically linking /home/user/PPO_drone_Gazebo_ROS2/build/mml_guidance/launch/april_hardware.launch.py -> /home/user/PPO_drone_Gazebo_ROS2/install/mml_guidance/share/mml_guidance/launch
[11.877s] symbolically linking /home/user/PPO_drone_Gazebo_ROS2/build/mml_guidance/launch/rl_tracker.launch.py -> /home/user/PPO_drone_Gazebo_ROS2/install/mml_guidance/share/mml_guidance/launch
[11.877s] symbolically linking /home/user/PPO_drone_Gazebo_ROS2/build/mml_guidance/launch/track_hardware.launch.py -> /home/user/PPO_drone_Gazebo_ROS2/install/mml_guidance/share/mml_guidance/launch
[11.878s] symbolically linking /home/user/PPO_drone_Gazebo_ROS2/build/mml_guidance/launch/sim_experiments.launch.py -> /home/user/PPO_drone_Gazebo_ROS2/install/mml_guidance/share/mml_guidance/launch
[11.878s] symbolically linking /home/user/PPO_drone_Gazebo_ROS2/build/mml_guidance/launch/mml_sim_estimator.launch.py -> /home/user/PPO_drone_Gazebo_ROS2/install/mml_guidance/share/mml_guidance/launch
[11.879s] creating /home/user/PPO_drone_Gazebo_ROS2/install/mml_guidance/share/mml_guidance/config
[12.407s] Invoked command in '/home/user/PPO_drone_Gazebo_ROS2/build/mml_guidance' returned '0': PYTHONPATH=/home/user/PPO_drone_Gazebo_ROS2/build/mml_guidance/prefix_override:/usr/lib/python3/dist-packages/colcon_core/task/python/colcon_distutils_commands:/home/user/PPO_drone_Gazebo_ROS2/install/mml_guidance/lib/python3.10/site-packages:${PYTHONPATH} /usr/bin/python3 -W ignore:setup.py install is deprecated -W ignore:easy_install command is deprecated setup.py develop --editable --build-directory /home/user/PPO_drone_Gazebo_ROS2/build/mml_guidance/build --no-deps symlink_data
