running develop
running egg_info
creating mml_guidance.egg-info
writing mml_guidance.egg-info/PKG-INFO
writing dependency_links to mml_guidance.egg-info/dependency_links.txt
writing entry points to mml_guidance.egg-info/entry_points.txt
writing requirements to mml_guidance.egg-info/requires.txt
writing top-level names to mml_guidance.egg-info/top_level.txt
writing manifest file 'mml_guidance.egg-info/SOURCES.txt'
reading manifest file 'mml_guidance.egg-info/SOURCES.txt'
writing manifest file 'mml_guidance.egg-info/SOURCES.txt'
running build_ext
Creating /home/user/PPO_drone_Gazebo_ROS2/install/mml_guidance/lib/python3.10/site-packages/mml-guidance.egg-link (link to .)
Installing guidance script to /home/user/PPO_drone_Gazebo_ROS2/install/mml_guidance/lib/mml_guidance
Installing markov_goal_pose script to /home/user/PPO_drone_Gazebo_ROS2/install/mml_guidance/lib/mml_guidance
Installing mml_pf_visualization script to /home/user/PPO_drone_Gazebo_ROS2/install/mml_guidance/lib/mml_guidance
Installing rl_gazebo_multi_tracker script to /home/user/PPO_drone_Gazebo_ROS2/install/mml_guidance/lib/mml_guidance

Installed /home/user/PPO_drone_Gazebo_ROS2/build/mml_guidance
running symlink_data
creating /home/user/PPO_drone_Gazebo_ROS2/install/mml_guidance/share/ament_index
creating /home/user/PPO_drone_Gazebo_ROS2/install/mml_guidance/share/ament_index/resource_index
creating /home/user/PPO_drone_Gazebo_ROS2/install/mml_guidance/share/ament_index/resource_index/packages
symbolically linking /home/user/PPO_drone_Gazebo_ROS2/build/mml_guidance/resource/mml_guidance -> /home/user/PPO_drone_Gazebo_ROS2/install/mml_guidance/share/ament_index/resource_index/packages
symbolically linking /home/user/PPO_drone_Gazebo_ROS2/build/mml_guidance/package.xml -> /home/user/PPO_drone_Gazebo_ROS2/install/mml_guidance/share/mml_guidance
creating /home/user/PPO_drone_Gazebo_ROS2/install/mml_guidance/share/mml_guidance/launch
symbolically linking /home/user/PPO_drone_Gazebo_ROS2/build/mml_guidance/launch/boundary_test.launch.py -> /home/user/PPO_drone_Gazebo_ROS2/install/mml_guidance/share/mml_guidance/launch
symbolically linking /home/user/PPO_drone_Gazebo_ROS2/build/mml_guidance/launch/april_hardware.launch.py -> /home/user/PPO_drone_Gazebo_ROS2/install/mml_guidance/share/mml_guidance/launch
symbolically linking /home/user/PPO_drone_Gazebo_ROS2/build/mml_guidance/launch/rl_tracker.launch.py -> /home/user/PPO_drone_Gazebo_ROS2/install/mml_guidance/share/mml_guidance/launch
symbolically linking /home/user/PPO_drone_Gazebo_ROS2/build/mml_guidance/launch/track_hardware.launch.py -> /home/user/PPO_drone_Gazebo_ROS2/install/mml_guidance/share/mml_guidance/launch
symbolically linking /home/user/PPO_drone_Gazebo_ROS2/build/mml_guidance/launch/sim_experiments.launch.py -> /home/user/PPO_drone_Gazebo_ROS2/install/mml_guidance/share/mml_guidance/launch
symbolically linking /home/user/PPO_drone_Gazebo_ROS2/build/mml_guidance/launch/mml_sim_estimator.launch.py -> /home/user/PPO_drone_Gazebo_ROS2/install/mml_guidance/share/mml_guidance/launch
creating /home/user/PPO_drone_Gazebo_ROS2/install/mml_guidance/share/mml_guidance/config
