[3.522s] Invoking command in '/home/user/PPO_drone_Gazebo_ROS2/build/mml_guidance': PYTHONPATH=/home/user/PPO_drone_Gazebo_ROS2/build/mml_guidance/prefix_override:/usr/lib/python3/dist-packages/colcon_core/task/python/colcon_distutils_commands:/home/user/PPO_drone_Gazebo_ROS2/install/mml_guidance/lib/python3.10/site-packages:${PYTHONPATH} /usr/bin/python3 -W ignore:setup.py install is deprecated -W ignore:easy_install command is deprecated setup.py develop --editable --build-directory /home/user/PPO_drone_Gazebo_ROS2/build/mml_guidance/build --no-deps symlink_data
[5.097s] running develop
[6.081s] running egg_info
[6.082s] creating mml_guidance.egg-info
[6.084s] writing mml_guidance.egg-info/PKG-INFO
[6.085s] writing dependency_links to mml_guidance.egg-info/dependency_links.txt
[6.086s] writing entry points to mml_guidance.egg-info/entry_points.txt
[6.086s] writing requirements to mml_guidance.egg-info/requires.txt
[6.087s] writing top-level names to mml_guidance.egg-info/top_level.txt
[6.087s] writing manifest file 'mml_guidance.egg-info/SOURCES.txt'
[6.100s] reading manifest file 'mml_guidance.egg-info/SOURCES.txt'
[6.106s] writing manifest file 'mml_guidance.egg-info/SOURCES.txt'
[6.114s] running build_ext
[6.115s] Creating /home/user/PPO_drone_Gazebo_ROS2/install/mml_guidance/lib/python3.10/site-packages/mml-guidance.egg-link (link to .)
[6.121s] Installing guidance script to /home/user/PPO_drone_Gazebo_ROS2/install/mml_guidance/lib/mml_guidance
[6.125s] Installing markov_goal_pose script to /home/user/PPO_drone_Gazebo_ROS2/install/mml_guidance/lib/mml_guidance
[6.125s] Installing mml_pf_visualization script to /home/user/PPO_drone_Gazebo_ROS2/install/mml_guidance/lib/mml_guidance
[6.130s] Installing rl_gazebo_multi_tracker script to /home/user/PPO_drone_Gazebo_ROS2/install/mml_guidance/lib/mml_guidance
[6.130s] 
[6.131s] Installed /home/user/PPO_drone_Gazebo_ROS2/build/mml_guidance
[6.131s] running symlink_data
[6.132s] creating /home/user/PPO_drone_Gazebo_ROS2/install/mml_guidance/share/ament_index
[6.134s] creating /home/user/PPO_drone_Gazebo_ROS2/install/mml_guidance/share/ament_index/resource_index
[6.135s] creating /home/user/PPO_drone_Gazebo_ROS2/install/mml_guidance/share/ament_index/resource_index/packages
[6.135s] symbolically linking /home/user/PPO_drone_Gazebo_ROS2/build/mml_guidance/resource/mml_guidance -> /home/user/PPO_drone_Gazebo_ROS2/install/mml_guidance/share/ament_index/resource_index/packages
[6.136s] symbolically linking /home/user/PPO_drone_Gazebo_ROS2/build/mml_guidance/package.xml -> /home/user/PPO_drone_Gazebo_ROS2/install/mml_guidance/share/mml_guidance
[6.136s] creating /home/user/PPO_drone_Gazebo_ROS2/install/mml_guidance/share/mml_guidance/launch
[6.136s] symbolically linking /home/user/PPO_drone_Gazebo_ROS2/build/mml_guidance/launch/boundary_test.launch.py -> /home/user/PPO_drone_Gazebo_ROS2/install/mml_guidance/share/mml_guidance/launch
[6.137s] symbolically linking /home/user/PPO_drone_Gazebo_ROS2/build/mml_guidance/launch/april_hardware.launch.py -> /home/user/PPO_drone_Gazebo_ROS2/install/mml_guidance/share/mml_guidance/launch
[6.137s] symbolically linking /home/user/PPO_drone_Gazebo_ROS2/build/mml_guidance/launch/rl_tracker.launch.py -> /home/user/PPO_drone_Gazebo_ROS2/install/mml_guidance/share/mml_guidance/launch
[6.138s] symbolically linking /home/user/PPO_drone_Gazebo_ROS2/build/mml_guidance/launch/track_hardware.launch.py -> /home/user/PPO_drone_Gazebo_ROS2/install/mml_guidance/share/mml_guidance/launch
[6.138s] symbolically linking /home/user/PPO_drone_Gazebo_ROS2/build/mml_guidance/launch/sim_experiments.launch.py -> /home/user/PPO_drone_Gazebo_ROS2/install/mml_guidance/share/mml_guidance/launch
[6.139s] symbolically linking /home/user/PPO_drone_Gazebo_ROS2/build/mml_guidance/launch/mml_sim_estimator.launch.py -> /home/user/PPO_drone_Gazebo_ROS2/install/mml_guidance/share/mml_guidance/launch
[6.139s] creating /home/user/PPO_drone_Gazebo_ROS2/install/mml_guidance/share/mml_guidance/config
[6.283s] Invoked command in '/home/user/PPO_drone_Gazebo_ROS2/build/mml_guidance' returned '0': PYTHONPATH=/home/user/PPO_drone_Gazebo_ROS2/build/mml_guidance/prefix_override:/usr/lib/python3/dist-packages/colcon_core/task/python/colcon_distutils_commands:/home/user/PPO_drone_Gazebo_ROS2/install/mml_guidance/lib/python3.10/site-packages:${PYTHONPATH} /usr/bin/python3 -W ignore:setup.py install is deprecated -W ignore:easy_install command is deprecated setup.py develop --editable --build-directory /home/user/PPO_drone_Gazebo_ROS2/build/mml_guidance/build --no-deps symlink_data
