/home/basestation/.local/lib/python3.10/site-packages/setuptools_scm/_integration/setuptools.py:31: RuntimeWarning: 
ERROR: setuptools==59.6.0 is used in combination with setuptools_scm>=8.x

Your build configuration is incomplete and previously worked by accident!
setuptools_scm requires setuptools>=61

Suggested workaround if applicable:
 - migrating from the deprecated setup_requires mechanism to pep517/518
   and using a pyproject.toml to declare build dependencies
   which are reliably pre-installed before running the build tools

  warnings.warn(
running egg_info
creating ../../../../build/mml_guidance/mml_guidance.egg-info
writing ../../../../build/mml_guidance/mml_guidance.egg-info/PKG-INFO
writing dependency_links to ../../../../build/mml_guidance/mml_guidance.egg-info/dependency_links.txt
writing entry points to ../../../../build/mml_guidance/mml_guidance.egg-info/entry_points.txt
writing requirements to ../../../../build/mml_guidance/mml_guidance.egg-info/requires.txt
writing top-level names to ../../../../build/mml_guidance/mml_guidance.egg-info/top_level.txt
writing manifest file '../../../../build/mml_guidance/mml_guidance.egg-info/SOURCES.txt'
writing manifest file '../../../../build/mml_guidance/mml_guidance.egg-info/SOURCES.txt'
running build
running build_py
creating /home/basestation/ros2_ws/build/mml_guidance/build
creating /home/basestation/ros2_ws/build/mml_guidance/build/lib
creating /home/basestation/ros2_ws/build/mml_guidance/build/lib/mml_guidance
copying mml_guidance/rl_gazebo_tracker.py -> /home/basestation/ros2_ws/build/mml_guidance/build/lib/mml_guidance
copying mml_guidance/guidance.py -> /home/basestation/ros2_ws/build/mml_guidance/build/lib/mml_guidance
copying mml_guidance/rl_offboard_tracker.py -> /home/basestation/ros2_ws/build/mml_guidance/build/lib/mml_guidance
copying mml_guidance/particle_filter_gnn_associator.py -> /home/basestation/ros2_ws/build/mml_guidance/build/lib/mml_guidance
copying mml_guidance/kf.py -> /home/basestation/ros2_ws/build/mml_guidance/build/lib/mml_guidance
copying mml_guidance/particle_filter_ros_wrapper.py -> /home/basestation/ros2_ws/build/mml_guidance/build/lib/mml_guidance
copying mml_guidance/gnn_associator.py -> /home/basestation/ros2_ws/build/mml_guidance/build/lib/mml_guidance
copying mml_guidance/ParticleFilter.py -> /home/basestation/ros2_ws/build/mml_guidance/build/lib/mml_guidance
copying mml_guidance/plot_data_run.py -> /home/basestation/ros2_ws/build/mml_guidance/build/lib/mml_guidance
copying mml_guidance/turtlebot_pid_controller.py -> /home/basestation/ros2_ws/build/mml_guidance/build/lib/mml_guidance
copying mml_guidance/spaguetti.py -> /home/basestation/ros2_ws/build/mml_guidance/build/lib/mml_guidance
copying mml_guidance/mml_pf_visualization.py -> /home/basestation/ros2_ws/build/mml_guidance/build/lib/mml_guidance
copying mml_guidance/summarize_joined_runs.py -> /home/basestation/ros2_ws/build/mml_guidance/build/lib/mml_guidance
copying mml_guidance/main_guidance_node.py -> /home/basestation/ros2_ws/build/mml_guidance/build/lib/mml_guidance
copying mml_guidance/ppo_guidance.py -> /home/basestation/ros2_ws/build/mml_guidance/build/lib/mml_guidance
copying mml_guidance/analyze_hardware_data.py -> /home/basestation/ros2_ws/build/mml_guidance/build/lib/mml_guidance
copying mml_guidance/boundary_safety_test.py -> /home/basestation/ros2_ws/build/mml_guidance/build/lib/mml_guidance
copying mml_guidance/plot_data_all_runs.py -> /home/basestation/ros2_ws/build/mml_guidance/build/lib/mml_guidance
copying mml_guidance/ros2bag_csv.py -> /home/basestation/ros2_ws/build/mml_guidance/build/lib/mml_guidance
copying mml_guidance/__init__.py -> /home/basestation/ros2_ws/build/mml_guidance/build/lib/mml_guidance
copying mml_guidance/lawnmower.py -> /home/basestation/ros2_ws/build/mml_guidance/build/lib/mml_guidance
copying mml_guidance/boundary_visualization.py -> /home/basestation/ros2_ws/build/mml_guidance/build/lib/mml_guidance
copying mml_guidance/markov_goal_pose.py -> /home/basestation/ros2_ws/build/mml_guidance/build/lib/mml_guidance
creating /home/basestation/ros2_ws/build/mml_guidance/build/lib/mml_guidance/mml_network
copying mml_guidance/mml_network/train.py -> /home/basestation/ros2_ws/build/mml_guidance/build/lib/mml_guidance/mml_network
copying mml_guidance/mml_network/transformer.py -> /home/basestation/ros2_ws/build/mml_guidance/build/lib/mml_guidance/mml_network
copying mml_guidance/mml_network/convert_data.py -> /home/basestation/ros2_ws/build/mml_guidance/build/lib/mml_guidance/mml_network
copying mml_guidance/mml_network/simple_dnn.py -> /home/basestation/ros2_ws/build/mml_guidance/build/lib/mml_guidance/mml_network
copying mml_guidance/mml_network/scratch_transformer.py -> /home/basestation/ros2_ws/build/mml_guidance/build/lib/mml_guidance/mml_network
copying mml_guidance/mml_network/__init__.py -> /home/basestation/ros2_ws/build/mml_guidance/build/lib/mml_guidance/mml_network
copying mml_guidance/mml_network/motion_model_network.py -> /home/basestation/ros2_ws/build/mml_guidance/build/lib/mml_guidance/mml_network
copying mml_guidance/mml_network/visualize_graph.py -> /home/basestation/ros2_ws/build/mml_guidance/build/lib/mml_guidance/mml_network
running install
running install_lib
creating /home/basestation/ros2_ws/install/mml_guidance/lib/python3.10/site-packages/mml_guidance
copying /home/basestation/ros2_ws/build/mml_guidance/build/lib/mml_guidance/rl_gazebo_tracker.py -> /home/basestation/ros2_ws/install/mml_guidance/lib/python3.10/site-packages/mml_guidance
copying /home/basestation/ros2_ws/build/mml_guidance/build/lib/mml_guidance/guidance.py -> /home/basestation/ros2_ws/install/mml_guidance/lib/python3.10/site-packages/mml_guidance
copying /home/basestation/ros2_ws/build/mml_guidance/build/lib/mml_guidance/rl_offboard_tracker.py -> /home/basestation/ros2_ws/install/mml_guidance/lib/python3.10/site-packages/mml_guidance
copying /home/basestation/ros2_ws/build/mml_guidance/build/lib/mml_guidance/particle_filter_gnn_associator.py -> /home/basestation/ros2_ws/install/mml_guidance/lib/python3.10/site-packages/mml_guidance
copying /home/basestation/ros2_ws/build/mml_guidance/build/lib/mml_guidance/kf.py -> /home/basestation/ros2_ws/install/mml_guidance/lib/python3.10/site-packages/mml_guidance
copying /home/basestation/ros2_ws/build/mml_guidance/build/lib/mml_guidance/particle_filter_ros_wrapper.py -> /home/basestation/ros2_ws/install/mml_guidance/lib/python3.10/site-packages/mml_guidance
copying /home/basestation/ros2_ws/build/mml_guidance/build/lib/mml_guidance/gnn_associator.py -> /home/basestation/ros2_ws/install/mml_guidance/lib/python3.10/site-packages/mml_guidance
copying /home/basestation/ros2_ws/build/mml_guidance/build/lib/mml_guidance/ParticleFilter.py -> /home/basestation/ros2_ws/install/mml_guidance/lib/python3.10/site-packages/mml_guidance
copying /home/basestation/ros2_ws/build/mml_guidance/build/lib/mml_guidance/plot_data_run.py -> /home/basestation/ros2_ws/install/mml_guidance/lib/python3.10/site-packages/mml_guidance
copying /home/basestation/ros2_ws/build/mml_guidance/build/lib/mml_guidance/turtlebot_pid_controller.py -> /home/basestation/ros2_ws/install/mml_guidance/lib/python3.10/site-packages/mml_guidance
copying /home/basestation/ros2_ws/build/mml_guidance/build/lib/mml_guidance/spaguetti.py -> /home/basestation/ros2_ws/install/mml_guidance/lib/python3.10/site-packages/mml_guidance
copying /home/basestation/ros2_ws/build/mml_guidance/build/lib/mml_guidance/mml_pf_visualization.py -> /home/basestation/ros2_ws/install/mml_guidance/lib/python3.10/site-packages/mml_guidance
copying /home/basestation/ros2_ws/build/mml_guidance/build/lib/mml_guidance/summarize_joined_runs.py -> /home/basestation/ros2_ws/install/mml_guidance/lib/python3.10/site-packages/mml_guidance
copying /home/basestation/ros2_ws/build/mml_guidance/build/lib/mml_guidance/main_guidance_node.py -> /home/basestation/ros2_ws/install/mml_guidance/lib/python3.10/site-packages/mml_guidance
copying /home/basestation/ros2_ws/build/mml_guidance/build/lib/mml_guidance/ppo_guidance.py -> /home/basestation/ros2_ws/install/mml_guidance/lib/python3.10/site-packages/mml_guidance
copying /home/basestation/ros2_ws/build/mml_guidance/build/lib/mml_guidance/analyze_hardware_data.py -> /home/basestation/ros2_ws/install/mml_guidance/lib/python3.10/site-packages/mml_guidance
copying /home/basestation/ros2_ws/build/mml_guidance/build/lib/mml_guidance/boundary_safety_test.py -> /home/basestation/ros2_ws/install/mml_guidance/lib/python3.10/site-packages/mml_guidance
creating /home/basestation/ros2_ws/install/mml_guidance/lib/python3.10/site-packages/mml_guidance/mml_network
copying /home/basestation/ros2_ws/build/mml_guidance/build/lib/mml_guidance/mml_network/train.py -> /home/basestation/ros2_ws/install/mml_guidance/lib/python3.10/site-packages/mml_guidance/mml_network
copying /home/basestation/ros2_ws/build/mml_guidance/build/lib/mml_guidance/mml_network/transformer.py -> /home/basestation/ros2_ws/install/mml_guidance/lib/python3.10/site-packages/mml_guidance/mml_network
copying /home/basestation/ros2_ws/build/mml_guidance/build/lib/mml_guidance/mml_network/convert_data.py -> /home/basestation/ros2_ws/install/mml_guidance/lib/python3.10/site-packages/mml_guidance/mml_network
copying /home/basestation/ros2_ws/build/mml_guidance/build/lib/mml_guidance/mml_network/simple_dnn.py -> /home/basestation/ros2_ws/install/mml_guidance/lib/python3.10/site-packages/mml_guidance/mml_network
copying /home/basestation/ros2_ws/build/mml_guidance/build/lib/mml_guidance/mml_network/scratch_transformer.py -> /home/basestation/ros2_ws/install/mml_guidance/lib/python3.10/site-packages/mml_guidance/mml_network
copying /home/basestation/ros2_ws/build/mml_guidance/build/lib/mml_guidance/mml_network/__init__.py -> /home/basestation/ros2_ws/install/mml_guidance/lib/python3.10/site-packages/mml_guidance/mml_network
copying /home/basestation/ros2_ws/build/mml_guidance/build/lib/mml_guidance/mml_network/motion_model_network.py -> /home/basestation/ros2_ws/install/mml_guidance/lib/python3.10/site-packages/mml_guidance/mml_network
copying /home/basestation/ros2_ws/build/mml_guidance/build/lib/mml_guidance/mml_network/visualize_graph.py -> /home/basestation/ros2_ws/install/mml_guidance/lib/python3.10/site-packages/mml_guidance/mml_network
copying /home/basestation/ros2_ws/build/mml_guidance/build/lib/mml_guidance/plot_data_all_runs.py -> /home/basestation/ros2_ws/install/mml_guidance/lib/python3.10/site-packages/mml_guidance
copying /home/basestation/ros2_ws/build/mml_guidance/build/lib/mml_guidance/ros2bag_csv.py -> /home/basestation/ros2_ws/install/mml_guidance/lib/python3.10/site-packages/mml_guidance
copying /home/basestation/ros2_ws/build/mml_guidance/build/lib/mml_guidance/__init__.py -> /home/basestation/ros2_ws/install/mml_guidance/lib/python3.10/site-packages/mml_guidance
copying /home/basestation/ros2_ws/build/mml_guidance/build/lib/mml_guidance/lawnmower.py -> /home/basestation/ros2_ws/install/mml_guidance/lib/python3.10/site-packages/mml_guidance
copying /home/basestation/ros2_ws/build/mml_guidance/build/lib/mml_guidance/boundary_visualization.py -> /home/basestation/ros2_ws/install/mml_guidance/lib/python3.10/site-packages/mml_guidance
copying /home/basestation/ros2_ws/build/mml_guidance/build/lib/mml_guidance/markov_goal_pose.py -> /home/basestation/ros2_ws/install/mml_guidance/lib/python3.10/site-packages/mml_guidance
byte-compiling /home/basestation/ros2_ws/install/mml_guidance/lib/python3.10/site-packages/mml_guidance/rl_gazebo_tracker.py to rl_gazebo_tracker.cpython-310.pyc
byte-compiling /home/basestation/ros2_ws/install/mml_guidance/lib/python3.10/site-packages/mml_guidance/guidance.py to guidance.cpython-310.pyc
byte-compiling /home/basestation/ros2_ws/install/mml_guidance/lib/python3.10/site-packages/mml_guidance/rl_offboard_tracker.py to rl_offboard_tracker.cpython-310.pyc
byte-compiling /home/basestation/ros2_ws/install/mml_guidance/lib/python3.10/site-packages/mml_guidance/particle_filter_gnn_associator.py to particle_filter_gnn_associator.cpython-310.pyc
byte-compiling /home/basestation/ros2_ws/install/mml_guidance/lib/python3.10/site-packages/mml_guidance/kf.py to kf.cpython-310.pyc
byte-compiling /home/basestation/ros2_ws/install/mml_guidance/lib/python3.10/site-packages/mml_guidance/particle_filter_ros_wrapper.py to particle_filter_ros_wrapper.cpython-310.pyc
byte-compiling /home/basestation/ros2_ws/install/mml_guidance/lib/python3.10/site-packages/mml_guidance/gnn_associator.py to gnn_associator.cpython-310.pyc
byte-compiling /home/basestation/ros2_ws/install/mml_guidance/lib/python3.10/site-packages/mml_guidance/ParticleFilter.py to ParticleFilter.cpython-310.pyc
byte-compiling /home/basestation/ros2_ws/install/mml_guidance/lib/python3.10/site-packages/mml_guidance/plot_data_run.py to plot_data_run.cpython-310.pyc
byte-compiling /home/basestation/ros2_ws/install/mml_guidance/lib/python3.10/site-packages/mml_guidance/turtlebot_pid_controller.py to turtlebot_pid_controller.cpython-310.pyc
byte-compiling /home/basestation/ros2_ws/install/mml_guidance/lib/python3.10/site-packages/mml_guidance/spaguetti.py to spaguetti.cpython-310.pyc
byte-compiling /home/basestation/ros2_ws/install/mml_guidance/lib/python3.10/site-packages/mml_guidance/mml_pf_visualization.py to mml_pf_visualization.cpython-310.pyc
byte-compiling /home/basestation/ros2_ws/install/mml_guidance/lib/python3.10/site-packages/mml_guidance/summarize_joined_runs.py to summarize_joined_runs.cpython-310.pyc
byte-compiling /home/basestation/ros2_ws/install/mml_guidance/lib/python3.10/site-packages/mml_guidance/main_guidance_node.py to main_guidance_node.cpython-310.pyc
byte-compiling /home/basestation/ros2_ws/install/mml_guidance/lib/python3.10/site-packages/mml_guidance/ppo_guidance.py to ppo_guidance.cpython-310.pyc
byte-compiling /home/basestation/ros2_ws/install/mml_guidance/lib/python3.10/site-packages/mml_guidance/analyze_hardware_data.py to analyze_hardware_data.cpython-310.pyc
byte-compiling /home/basestation/ros2_ws/install/mml_guidance/lib/python3.10/site-packages/mml_guidance/boundary_safety_test.py to boundary_safety_test.cpython-310.pyc
byte-compiling /home/basestation/ros2_ws/install/mml_guidance/lib/python3.10/site-packages/mml_guidance/mml_network/train.py to train.cpython-310.pyc
byte-compiling /home/basestation/ros2_ws/install/mml_guidance/lib/python3.10/site-packages/mml_guidance/mml_network/transformer.py to transformer.cpython-310.pyc
byte-compiling /home/basestation/ros2_ws/install/mml_guidance/lib/python3.10/site-packages/mml_guidance/mml_network/convert_data.py to convert_data.cpython-310.pyc
byte-compiling /home/basestation/ros2_ws/install/mml_guidance/lib/python3.10/site-packages/mml_guidance/mml_network/simple_dnn.py to simple_dnn.cpython-310.pyc
byte-compiling /home/basestation/ros2_ws/install/mml_guidance/lib/python3.10/site-packages/mml_guidance/mml_network/scratch_transformer.py to scratch_transformer.cpython-310.pyc
byte-compiling /home/basestation/ros2_ws/install/mml_guidance/lib/python3.10/site-packages/mml_guidance/mml_network/__init__.py to __init__.cpython-310.pyc
byte-compiling /home/basestation/ros2_ws/install/mml_guidance/lib/python3.10/site-packages/mml_guidance/mml_network/motion_model_network.py to motion_model_network.cpython-310.pyc
byte-compiling /home/basestation/ros2_ws/install/mml_guidance/lib/python3.10/site-packages/mml_guidance/mml_network/visualize_graph.py to visualize_graph.cpython-310.pyc
byte-compiling /home/basestation/ros2_ws/install/mml_guidance/lib/python3.10/site-packages/mml_guidance/plot_data_all_runs.py to plot_data_all_runs.cpython-310.pyc
byte-compiling /home/basestation/ros2_ws/install/mml_guidance/lib/python3.10/site-packages/mml_guidance/ros2bag_csv.py to ros2bag_csv.cpython-310.pyc
byte-compiling /home/basestation/ros2_ws/install/mml_guidance/lib/python3.10/site-packages/mml_guidance/__init__.py to __init__.cpython-310.pyc
byte-compiling /home/basestation/ros2_ws/install/mml_guidance/lib/python3.10/site-packages/mml_guidance/lawnmower.py to lawnmower.cpython-310.pyc
byte-compiling /home/basestation/ros2_ws/install/mml_guidance/lib/python3.10/site-packages/mml_guidance/boundary_visualization.py to boundary_visualization.cpython-310.pyc
byte-compiling /home/basestation/ros2_ws/install/mml_guidance/lib/python3.10/site-packages/mml_guidance/markov_goal_pose.py to markov_goal_pose.cpython-310.pyc
running install_data
creating /home/basestation/ros2_ws/install/mml_guidance/share/ament_index
creating /home/basestation/ros2_ws/install/mml_guidance/share/ament_index/resource_index
creating /home/basestation/ros2_ws/install/mml_guidance/share/ament_index/resource_index/packages
copying resource/mml_guidance -> /home/basestation/ros2_ws/install/mml_guidance/share/ament_index/resource_index/packages
copying package.xml -> /home/basestation/ros2_ws/install/mml_guidance/share/mml_guidance
creating /home/basestation/ros2_ws/install/mml_guidance/share/mml_guidance/launch
copying launch/boundary_test.launch.py -> /home/basestation/ros2_ws/install/mml_guidance/share/mml_guidance/launch
copying launch/track_hardware.launch.py -> /home/basestation/ros2_ws/install/mml_guidance/share/mml_guidance/launch
copying launch/april_hardware.launch.py -> /home/basestation/ros2_ws/install/mml_guidance/share/mml_guidance/launch
copying launch/rl_tracker.launch.py -> /home/basestation/ros2_ws/install/mml_guidance/share/mml_guidance/launch
copying launch/mml_sim_estimator.launch.py -> /home/basestation/ros2_ws/install/mml_guidance/share/mml_guidance/launch
running install_egg_info
Copying ../../../../build/mml_guidance/mml_guidance.egg-info to /home/basestation/ros2_ws/install/mml_guidance/lib/python3.10/site-packages/mml_guidance-0.0.1-py3.10.egg-info
running install_scripts
Installing boundary_safety_test script to /home/basestation/ros2_ws/install/mml_guidance/lib/mml_guidance
Installing boundary_visualization script to /home/basestation/ros2_ws/install/mml_guidance/lib/mml_guidance
Installing guidance script to /home/basestation/ros2_ws/install/mml_guidance/lib/mml_guidance
Installing markov_goal_pose script to /home/basestation/ros2_ws/install/mml_guidance/lib/mml_guidance
Installing mml_pf_visualization script to /home/basestation/ros2_ws/install/mml_guidance/lib/mml_guidance
Installing rl_gazebo_tracker script to /home/basestation/ros2_ws/install/mml_guidance/lib/mml_guidance
Installing rl_tracker script to /home/basestation/ros2_ws/install/mml_guidance/lib/mml_guidance
Installing turtlebot_pid_controller script to /home/basestation/ros2_ws/install/mml_guidance/lib/mml_guidance
writing list of installed files to '/home/basestation/ros2_ws/build/mml_guidance/install.log'
