[0.600s] Invoking command in '/home/basestation/ros2_ws/src/mml_python_sim/src/mml_guidance': PYTHONPATH=/home/basestation/ros2_ws/build/mml_guidance/prefix_override:/usr/lib/python3/dist-packages/colcon_core/task/python/colcon_distutils_commands:/home/basestation/ros2_ws/install/mml_guidance/lib/python3.10/site-packages:${PYTHONPATH} /usr/bin/python3 -W ignore:setup.py install is deprecated -W ignore:easy_install command is deprecated setup.py egg_info --egg-base ../../../../build/mml_guidance build --build-base /home/basestation/ros2_ws/build/mml_guidance/build install --record /home/basestation/ros2_ws/build/mml_guidance/install.log --single-version-externally-managed install_data
[0.763s] /home/basestation/.local/lib/python3.10/site-packages/setuptools_scm/_integration/setuptools.py:31: RuntimeWarning: 
[0.763s] ERROR: setuptools==59.6.0 is used in combination with setuptools_scm>=8.x
[0.763s] 
[0.763s] Your build configuration is incomplete and previously worked by accident!
[0.763s] setuptools_scm requires setuptools>=61
[0.763s] 
[0.763s] Suggested workaround if applicable:
[0.763s]  - migrating from the deprecated setup_requires mechanism to pep517/518
[0.763s]    and using a pyproject.toml to declare build dependencies
[0.763s]    which are reliably pre-installed before running the build tools
[0.763s] 
[0.763s]   warnings.warn(
[0.773s] running egg_info
[0.773s] creating ../../../../build/mml_guidance/mml_guidance.egg-info
[0.774s] writing ../../../../build/mml_guidance/mml_guidance.egg-info/PKG-INFO
[0.774s] writing dependency_links to ../../../../build/mml_guidance/mml_guidance.egg-info/dependency_links.txt
[0.774s] writing entry points to ../../../../build/mml_guidance/mml_guidance.egg-info/entry_points.txt
[0.774s] writing requirements to ../../../../build/mml_guidance/mml_guidance.egg-info/requires.txt
[0.774s] writing top-level names to ../../../../build/mml_guidance/mml_guidance.egg-info/top_level.txt
[0.774s] writing manifest file '../../../../build/mml_guidance/mml_guidance.egg-info/SOURCES.txt'
[1.911s] writing manifest file '../../../../build/mml_guidance/mml_guidance.egg-info/SOURCES.txt'
[1.911s] running build
[1.911s] running build_py
[1.911s] creating /home/basestation/ros2_ws/build/mml_guidance/build
[1.911s] creating /home/basestation/ros2_ws/build/mml_guidance/build/lib
[1.911s] creating /home/basestation/ros2_ws/build/mml_guidance/build/lib/mml_guidance
[1.911s] copying mml_guidance/rl_gazebo_tracker.py -> /home/basestation/ros2_ws/build/mml_guidance/build/lib/mml_guidance
[1.911s] copying mml_guidance/guidance.py -> /home/basestation/ros2_ws/build/mml_guidance/build/lib/mml_guidance
[1.911s] copying mml_guidance/rl_offboard_tracker.py -> /home/basestation/ros2_ws/build/mml_guidance/build/lib/mml_guidance
[1.912s] copying mml_guidance/particle_filter_gnn_associator.py -> /home/basestation/ros2_ws/build/mml_guidance/build/lib/mml_guidance
[1.912s] copying mml_guidance/kf.py -> /home/basestation/ros2_ws/build/mml_guidance/build/lib/mml_guidance
[1.912s] copying mml_guidance/particle_filter_ros_wrapper.py -> /home/basestation/ros2_ws/build/mml_guidance/build/lib/mml_guidance
[1.912s] copying mml_guidance/gnn_associator.py -> /home/basestation/ros2_ws/build/mml_guidance/build/lib/mml_guidance
[1.912s] copying mml_guidance/ParticleFilter.py -> /home/basestation/ros2_ws/build/mml_guidance/build/lib/mml_guidance
[1.912s] copying mml_guidance/plot_data_run.py -> /home/basestation/ros2_ws/build/mml_guidance/build/lib/mml_guidance
[1.912s] copying mml_guidance/turtlebot_pid_controller.py -> /home/basestation/ros2_ws/build/mml_guidance/build/lib/mml_guidance
[1.912s] copying mml_guidance/spaguetti.py -> /home/basestation/ros2_ws/build/mml_guidance/build/lib/mml_guidance
[1.912s] copying mml_guidance/mml_pf_visualization.py -> /home/basestation/ros2_ws/build/mml_guidance/build/lib/mml_guidance
[1.912s] copying mml_guidance/summarize_joined_runs.py -> /home/basestation/ros2_ws/build/mml_guidance/build/lib/mml_guidance
[1.912s] copying mml_guidance/main_guidance_node.py -> /home/basestation/ros2_ws/build/mml_guidance/build/lib/mml_guidance
[1.912s] copying mml_guidance/ppo_guidance.py -> /home/basestation/ros2_ws/build/mml_guidance/build/lib/mml_guidance
[1.912s] copying mml_guidance/analyze_hardware_data.py -> /home/basestation/ros2_ws/build/mml_guidance/build/lib/mml_guidance
[1.912s] copying mml_guidance/boundary_safety_test.py -> /home/basestation/ros2_ws/build/mml_guidance/build/lib/mml_guidance
[1.912s] copying mml_guidance/plot_data_all_runs.py -> /home/basestation/ros2_ws/build/mml_guidance/build/lib/mml_guidance
[1.912s] copying mml_guidance/ros2bag_csv.py -> /home/basestation/ros2_ws/build/mml_guidance/build/lib/mml_guidance
[1.912s] copying mml_guidance/__init__.py -> /home/basestation/ros2_ws/build/mml_guidance/build/lib/mml_guidance
[1.912s] copying mml_guidance/lawnmower.py -> /home/basestation/ros2_ws/build/mml_guidance/build/lib/mml_guidance
[1.912s] copying mml_guidance/boundary_visualization.py -> /home/basestation/ros2_ws/build/mml_guidance/build/lib/mml_guidance
[1.912s] copying mml_guidance/markov_goal_pose.py -> /home/basestation/ros2_ws/build/mml_guidance/build/lib/mml_guidance
[1.912s] creating /home/basestation/ros2_ws/build/mml_guidance/build/lib/mml_guidance/mml_network
[1.912s] copying mml_guidance/mml_network/train.py -> /home/basestation/ros2_ws/build/mml_guidance/build/lib/mml_guidance/mml_network
[1.913s] copying mml_guidance/mml_network/transformer.py -> /home/basestation/ros2_ws/build/mml_guidance/build/lib/mml_guidance/mml_network
[1.913s] copying mml_guidance/mml_network/convert_data.py -> /home/basestation/ros2_ws/build/mml_guidance/build/lib/mml_guidance/mml_network
[1.913s] copying mml_guidance/mml_network/simple_dnn.py -> /home/basestation/ros2_ws/build/mml_guidance/build/lib/mml_guidance/mml_network
[1.913s] copying mml_guidance/mml_network/scratch_transformer.py -> /home/basestation/ros2_ws/build/mml_guidance/build/lib/mml_guidance/mml_network
[1.913s] copying mml_guidance/mml_network/__init__.py -> /home/basestation/ros2_ws/build/mml_guidance/build/lib/mml_guidance/mml_network
[1.913s] copying mml_guidance/mml_network/motion_model_network.py -> /home/basestation/ros2_ws/build/mml_guidance/build/lib/mml_guidance/mml_network
[1.913s] copying mml_guidance/mml_network/visualize_graph.py -> /home/basestation/ros2_ws/build/mml_guidance/build/lib/mml_guidance/mml_network
[1.913s] running install
[1.913s] running install_lib
[1.914s] creating /home/basestation/ros2_ws/install/mml_guidance/lib/python3.10/site-packages/mml_guidance
[1.914s] copying /home/basestation/ros2_ws/build/mml_guidance/build/lib/mml_guidance/rl_gazebo_tracker.py -> /home/basestation/ros2_ws/install/mml_guidance/lib/python3.10/site-packages/mml_guidance
[1.914s] copying /home/basestation/ros2_ws/build/mml_guidance/build/lib/mml_guidance/guidance.py -> /home/basestation/ros2_ws/install/mml_guidance/lib/python3.10/site-packages/mml_guidance
[1.914s] copying /home/basestation/ros2_ws/build/mml_guidance/build/lib/mml_guidance/rl_offboard_tracker.py -> /home/basestation/ros2_ws/install/mml_guidance/lib/python3.10/site-packages/mml_guidance
[1.914s] copying /home/basestation/ros2_ws/build/mml_guidance/build/lib/mml_guidance/particle_filter_gnn_associator.py -> /home/basestation/ros2_ws/install/mml_guidance/lib/python3.10/site-packages/mml_guidance
[1.914s] copying /home/basestation/ros2_ws/build/mml_guidance/build/lib/mml_guidance/kf.py -> /home/basestation/ros2_ws/install/mml_guidance/lib/python3.10/site-packages/mml_guidance
[1.914s] copying /home/basestation/ros2_ws/build/mml_guidance/build/lib/mml_guidance/particle_filter_ros_wrapper.py -> /home/basestation/ros2_ws/install/mml_guidance/lib/python3.10/site-packages/mml_guidance
[1.914s] copying /home/basestation/ros2_ws/build/mml_guidance/build/lib/mml_guidance/gnn_associator.py -> /home/basestation/ros2_ws/install/mml_guidance/lib/python3.10/site-packages/mml_guidance
[1.914s] copying /home/basestation/ros2_ws/build/mml_guidance/build/lib/mml_guidance/ParticleFilter.py -> /home/basestation/ros2_ws/install/mml_guidance/lib/python3.10/site-packages/mml_guidance
[1.914s] copying /home/basestation/ros2_ws/build/mml_guidance/build/lib/mml_guidance/plot_data_run.py -> /home/basestation/ros2_ws/install/mml_guidance/lib/python3.10/site-packages/mml_guidance
[1.914s] copying /home/basestation/ros2_ws/build/mml_guidance/build/lib/mml_guidance/turtlebot_pid_controller.py -> /home/basestation/ros2_ws/install/mml_guidance/lib/python3.10/site-packages/mml_guidance
[1.914s] copying /home/basestation/ros2_ws/build/mml_guidance/build/lib/mml_guidance/spaguetti.py -> /home/basestation/ros2_ws/install/mml_guidance/lib/python3.10/site-packages/mml_guidance
[1.914s] copying /home/basestation/ros2_ws/build/mml_guidance/build/lib/mml_guidance/mml_pf_visualization.py -> /home/basestation/ros2_ws/install/mml_guidance/lib/python3.10/site-packages/mml_guidance
[1.914s] copying /home/basestation/ros2_ws/build/mml_guidance/build/lib/mml_guidance/summarize_joined_runs.py -> /home/basestation/ros2_ws/install/mml_guidance/lib/python3.10/site-packages/mml_guidance
[1.914s] copying /home/basestation/ros2_ws/build/mml_guidance/build/lib/mml_guidance/main_guidance_node.py -> /home/basestation/ros2_ws/install/mml_guidance/lib/python3.10/site-packages/mml_guidance
[1.914s] copying /home/basestation/ros2_ws/build/mml_guidance/build/lib/mml_guidance/ppo_guidance.py -> /home/basestation/ros2_ws/install/mml_guidance/lib/python3.10/site-packages/mml_guidance
[1.914s] copying /home/basestation/ros2_ws/build/mml_guidance/build/lib/mml_guidance/analyze_hardware_data.py -> /home/basestation/ros2_ws/install/mml_guidance/lib/python3.10/site-packages/mml_guidance
[1.914s] copying /home/basestation/ros2_ws/build/mml_guidance/build/lib/mml_guidance/boundary_safety_test.py -> /home/basestation/ros2_ws/install/mml_guidance/lib/python3.10/site-packages/mml_guidance
[1.914s] creating /home/basestation/ros2_ws/install/mml_guidance/lib/python3.10/site-packages/mml_guidance/mml_network
[1.914s] copying /home/basestation/ros2_ws/build/mml_guidance/build/lib/mml_guidance/mml_network/train.py -> /home/basestation/ros2_ws/install/mml_guidance/lib/python3.10/site-packages/mml_guidance/mml_network
[1.914s] copying /home/basestation/ros2_ws/build/mml_guidance/build/lib/mml_guidance/mml_network/transformer.py -> /home/basestation/ros2_ws/install/mml_guidance/lib/python3.10/site-packages/mml_guidance/mml_network
[1.915s] copying /home/basestation/ros2_ws/build/mml_guidance/build/lib/mml_guidance/mml_network/convert_data.py -> /home/basestation/ros2_ws/install/mml_guidance/lib/python3.10/site-packages/mml_guidance/mml_network
[1.915s] copying /home/basestation/ros2_ws/build/mml_guidance/build/lib/mml_guidance/mml_network/simple_dnn.py -> /home/basestation/ros2_ws/install/mml_guidance/lib/python3.10/site-packages/mml_guidance/mml_network
[1.915s] copying /home/basestation/ros2_ws/build/mml_guidance/build/lib/mml_guidance/mml_network/scratch_transformer.py -> /home/basestation/ros2_ws/install/mml_guidance/lib/python3.10/site-packages/mml_guidance/mml_network
[1.915s] copying /home/basestation/ros2_ws/build/mml_guidance/build/lib/mml_guidance/mml_network/__init__.py -> /home/basestation/ros2_ws/install/mml_guidance/lib/python3.10/site-packages/mml_guidance/mml_network
[1.915s] copying /home/basestation/ros2_ws/build/mml_guidance/build/lib/mml_guidance/mml_network/motion_model_network.py -> /home/basestation/ros2_ws/install/mml_guidance/lib/python3.10/site-packages/mml_guidance/mml_network
[1.915s] copying /home/basestation/ros2_ws/build/mml_guidance/build/lib/mml_guidance/mml_network/visualize_graph.py -> /home/basestation/ros2_ws/install/mml_guidance/lib/python3.10/site-packages/mml_guidance/mml_network
[1.915s] copying /home/basestation/ros2_ws/build/mml_guidance/build/lib/mml_guidance/plot_data_all_runs.py -> /home/basestation/ros2_ws/install/mml_guidance/lib/python3.10/site-packages/mml_guidance
[1.915s] copying /home/basestation/ros2_ws/build/mml_guidance/build/lib/mml_guidance/ros2bag_csv.py -> /home/basestation/ros2_ws/install/mml_guidance/lib/python3.10/site-packages/mml_guidance
[1.915s] copying /home/basestation/ros2_ws/build/mml_guidance/build/lib/mml_guidance/__init__.py -> /home/basestation/ros2_ws/install/mml_guidance/lib/python3.10/site-packages/mml_guidance
[1.915s] copying /home/basestation/ros2_ws/build/mml_guidance/build/lib/mml_guidance/lawnmower.py -> /home/basestation/ros2_ws/install/mml_guidance/lib/python3.10/site-packages/mml_guidance
[1.915s] copying /home/basestation/ros2_ws/build/mml_guidance/build/lib/mml_guidance/boundary_visualization.py -> /home/basestation/ros2_ws/install/mml_guidance/lib/python3.10/site-packages/mml_guidance
[1.915s] copying /home/basestation/ros2_ws/build/mml_guidance/build/lib/mml_guidance/markov_goal_pose.py -> /home/basestation/ros2_ws/install/mml_guidance/lib/python3.10/site-packages/mml_guidance
[1.915s] byte-compiling /home/basestation/ros2_ws/install/mml_guidance/lib/python3.10/site-packages/mml_guidance/rl_gazebo_tracker.py to rl_gazebo_tracker.cpython-310.pyc
[1.915s] byte-compiling /home/basestation/ros2_ws/install/mml_guidance/lib/python3.10/site-packages/mml_guidance/guidance.py to guidance.cpython-310.pyc
[1.918s] byte-compiling /home/basestation/ros2_ws/install/mml_guidance/lib/python3.10/site-packages/mml_guidance/rl_offboard_tracker.py to rl_offboard_tracker.cpython-310.pyc
[1.920s] byte-compiling /home/basestation/ros2_ws/install/mml_guidance/lib/python3.10/site-packages/mml_guidance/particle_filter_gnn_associator.py to particle_filter_gnn_associator.cpython-310.pyc
[1.921s] byte-compiling /home/basestation/ros2_ws/install/mml_guidance/lib/python3.10/site-packages/mml_guidance/kf.py to kf.cpython-310.pyc
[1.922s] byte-compiling /home/basestation/ros2_ws/install/mml_guidance/lib/python3.10/site-packages/mml_guidance/particle_filter_ros_wrapper.py to particle_filter_ros_wrapper.cpython-310.pyc
[1.922s] byte-compiling /home/basestation/ros2_ws/install/mml_guidance/lib/python3.10/site-packages/mml_guidance/gnn_associator.py to gnn_associator.cpython-310.pyc
[1.923s] byte-compiling /home/basestation/ros2_ws/install/mml_guidance/lib/python3.10/site-packages/mml_guidance/ParticleFilter.py to ParticleFilter.cpython-310.pyc
[1.925s] byte-compiling /home/basestation/ros2_ws/install/mml_guidance/lib/python3.10/site-packages/mml_guidance/plot_data_run.py to plot_data_run.cpython-310.pyc
[1.926s] byte-compiling /home/basestation/ros2_ws/install/mml_guidance/lib/python3.10/site-packages/mml_guidance/turtlebot_pid_controller.py to turtlebot_pid_controller.cpython-310.pyc
[1.927s] byte-compiling /home/basestation/ros2_ws/install/mml_guidance/lib/python3.10/site-packages/mml_guidance/spaguetti.py to spaguetti.cpython-310.pyc
[1.927s] byte-compiling /home/basestation/ros2_ws/install/mml_guidance/lib/python3.10/site-packages/mml_guidance/mml_pf_visualization.py to mml_pf_visualization.cpython-310.pyc
[1.929s] byte-compiling /home/basestation/ros2_ws/install/mml_guidance/lib/python3.10/site-packages/mml_guidance/summarize_joined_runs.py to summarize_joined_runs.cpython-310.pyc
[1.929s] byte-compiling /home/basestation/ros2_ws/install/mml_guidance/lib/python3.10/site-packages/mml_guidance/main_guidance_node.py to main_guidance_node.cpython-310.pyc
[1.930s] byte-compiling /home/basestation/ros2_ws/install/mml_guidance/lib/python3.10/site-packages/mml_guidance/ppo_guidance.py to ppo_guidance.cpython-310.pyc
[1.931s] byte-compiling /home/basestation/ros2_ws/install/mml_guidance/lib/python3.10/site-packages/mml_guidance/analyze_hardware_data.py to analyze_hardware_data.cpython-310.pyc
[1.931s] byte-compiling /home/basestation/ros2_ws/install/mml_guidance/lib/python3.10/site-packages/mml_guidance/boundary_safety_test.py to boundary_safety_test.cpython-310.pyc
[1.932s] byte-compiling /home/basestation/ros2_ws/install/mml_guidance/lib/python3.10/site-packages/mml_guidance/mml_network/train.py to train.cpython-310.pyc
[1.933s] byte-compiling /home/basestation/ros2_ws/install/mml_guidance/lib/python3.10/site-packages/mml_guidance/mml_network/transformer.py to transformer.cpython-310.pyc
[1.934s] byte-compiling /home/basestation/ros2_ws/install/mml_guidance/lib/python3.10/site-packages/mml_guidance/mml_network/convert_data.py to convert_data.cpython-310.pyc
[1.934s] byte-compiling /home/basestation/ros2_ws/install/mml_guidance/lib/python3.10/site-packages/mml_guidance/mml_network/simple_dnn.py to simple_dnn.cpython-310.pyc
[1.935s] byte-compiling /home/basestation/ros2_ws/install/mml_guidance/lib/python3.10/site-packages/mml_guidance/mml_network/scratch_transformer.py to scratch_transformer.cpython-310.pyc
[1.935s] byte-compiling /home/basestation/ros2_ws/install/mml_guidance/lib/python3.10/site-packages/mml_guidance/mml_network/__init__.py to __init__.cpython-310.pyc
[1.935s] byte-compiling /home/basestation/ros2_ws/install/mml_guidance/lib/python3.10/site-packages/mml_guidance/mml_network/motion_model_network.py to motion_model_network.cpython-310.pyc
[1.936s] byte-compiling /home/basestation/ros2_ws/install/mml_guidance/lib/python3.10/site-packages/mml_guidance/mml_network/visualize_graph.py to visualize_graph.cpython-310.pyc
[1.937s] byte-compiling /home/basestation/ros2_ws/install/mml_guidance/lib/python3.10/site-packages/mml_guidance/plot_data_all_runs.py to plot_data_all_runs.cpython-310.pyc
[1.937s] byte-compiling /home/basestation/ros2_ws/install/mml_guidance/lib/python3.10/site-packages/mml_guidance/ros2bag_csv.py to ros2bag_csv.cpython-310.pyc
[1.938s] byte-compiling /home/basestation/ros2_ws/install/mml_guidance/lib/python3.10/site-packages/mml_guidance/__init__.py to __init__.cpython-310.pyc
[1.938s] byte-compiling /home/basestation/ros2_ws/install/mml_guidance/lib/python3.10/site-packages/mml_guidance/lawnmower.py to lawnmower.cpython-310.pyc
[1.939s] byte-compiling /home/basestation/ros2_ws/install/mml_guidance/lib/python3.10/site-packages/mml_guidance/boundary_visualization.py to boundary_visualization.cpython-310.pyc
[1.940s] byte-compiling /home/basestation/ros2_ws/install/mml_guidance/lib/python3.10/site-packages/mml_guidance/markov_goal_pose.py to markov_goal_pose.cpython-310.pyc
[1.941s] running install_data
[1.941s] creating /home/basestation/ros2_ws/install/mml_guidance/share/ament_index
[1.941s] creating /home/basestation/ros2_ws/install/mml_guidance/share/ament_index/resource_index
[1.941s] creating /home/basestation/ros2_ws/install/mml_guidance/share/ament_index/resource_index/packages
[1.941s] copying resource/mml_guidance -> /home/basestation/ros2_ws/install/mml_guidance/share/ament_index/resource_index/packages
[1.942s] copying package.xml -> /home/basestation/ros2_ws/install/mml_guidance/share/mml_guidance
[1.942s] creating /home/basestation/ros2_ws/install/mml_guidance/share/mml_guidance/launch
[1.942s] copying launch/boundary_test.launch.py -> /home/basestation/ros2_ws/install/mml_guidance/share/mml_guidance/launch
[1.942s] copying launch/track_hardware.launch.py -> /home/basestation/ros2_ws/install/mml_guidance/share/mml_guidance/launch
[1.942s] copying launch/april_hardware.launch.py -> /home/basestation/ros2_ws/install/mml_guidance/share/mml_guidance/launch
[1.942s] copying launch/rl_tracker.launch.py -> /home/basestation/ros2_ws/install/mml_guidance/share/mml_guidance/launch
[1.942s] copying launch/mml_sim_estimator.launch.py -> /home/basestation/ros2_ws/install/mml_guidance/share/mml_guidance/launch
[1.942s] running install_egg_info
[1.943s] Copying ../../../../build/mml_guidance/mml_guidance.egg-info to /home/basestation/ros2_ws/install/mml_guidance/lib/python3.10/site-packages/mml_guidance-0.0.1-py3.10.egg-info
[1.943s] running install_scripts
[1.957s] Installing boundary_safety_test script to /home/basestation/ros2_ws/install/mml_guidance/lib/mml_guidance
[1.957s] Installing boundary_visualization script to /home/basestation/ros2_ws/install/mml_guidance/lib/mml_guidance
[1.957s] Installing guidance script to /home/basestation/ros2_ws/install/mml_guidance/lib/mml_guidance
[1.957s] Installing markov_goal_pose script to /home/basestation/ros2_ws/install/mml_guidance/lib/mml_guidance
[1.957s] Installing mml_pf_visualization script to /home/basestation/ros2_ws/install/mml_guidance/lib/mml_guidance
[1.957s] Installing rl_gazebo_tracker script to /home/basestation/ros2_ws/install/mml_guidance/lib/mml_guidance
[1.957s] Installing rl_tracker script to /home/basestation/ros2_ws/install/mml_guidance/lib/mml_guidance
[1.957s] Installing turtlebot_pid_controller script to /home/basestation/ros2_ws/install/mml_guidance/lib/mml_guidance
[1.958s] writing list of installed files to '/home/basestation/ros2_ws/build/mml_guidance/install.log'
[1.970s] Invoked command in '/home/basestation/ros2_ws/src/mml_python_sim/src/mml_guidance' returned '0': PYTHONPATH=/home/basestation/ros2_ws/build/mml_guidance/prefix_override:/usr/lib/python3/dist-packages/colcon_core/task/python/colcon_distutils_commands:/home/basestation/ros2_ws/install/mml_guidance/lib/python3.10/site-packages:${PYTHONPATH} /usr/bin/python3 -W ignore:setup.py install is deprecated -W ignore:easy_install command is deprecated setup.py egg_info --egg-base ../../../../build/mml_guidance build --build-base /home/basestation/ros2_ws/build/mml_guidance/build install --record /home/basestation/ros2_ws/build/mml_guidance/install.log --single-version-externally-managed install_data
