[0.362s] Invoking command in '/home/basestation/ros2_ws/build/sjtu_drone_description': CMAKE_PREFIX_PATH=${CMAKE_PREFIX_PATH}:/home/basestation/base_ws/install/ros2_shared:/home/basestation/base_ws/install/robot_pid:/home/basestation/base_ws/install/mocap_fake_radar:/home/basestation/base_ws/install/magnav_viz:/home/basestation/base_ws/install/magnav_pf:/home/basestation/base_ws/install/magnav_entmap:/home/basestation/base_ws/install/mag_mapping:/home/basestation/base_ws/install/info_magnav:/home/basestation/base_ws/install/homography_node:/home/basestation/base_ws/install/drone_launch:/home/basestation/base_ws/install/camera_detector:/home/basestation/base_ws/install/base_launch:/home/basestation/magnav_sim_ws/install/nn_data_collector:/home/basestation/magnav_sim_ws/install/magnav_nn_sim:/opt/ros/humble /usr/bin/cmake /home/basestation/ros2_ws/src/sjtu_drone/sjtu_drone_description -DAMENT_CMAKE_SYMLINK_INSTALL=1 -DCMAKE_INSTALL_PREFIX=/home/basestation/ros2_ws/install/sjtu_drone_description
[0.368s] [0mCMake Deprecation Warning at CMakeLists.txt:1 (cmake_minimum_required):
[0.368s]   Compatibility with CMake < 3.10 will be removed from a future version of
[0.368s]   CMake.
[0.368s] 
[0.368s]   Update the VERSION argument <min> value.  Or, use the <min>...<max> syntax
[0.369s]   to tell CMake that the project requires at least <min> but has been updated
[0.369s]   to work with policies introduced by <max> or earlier.
[0.369s] 
[0.369s] [0m
[0.399s] -- The C compiler identification is GNU 11.4.0
[0.439s] -- The CXX compiler identification is GNU 11.4.0
[0.444s] -- Detecting C compiler ABI info
[0.479s] -- Detecting C compiler ABI info - done
[0.489s] -- Check for working C compiler: /usr/bin/cc - skipped
[0.489s] -- Detecting C compile features
[0.489s] -- Detecting C compile features - done
[0.496s] -- Detecting CXX compiler ABI info
[0.539s] -- Detecting CXX compiler ABI info - done
[0.550s] -- Check for working CXX compiler: /usr/bin/c++ - skipped
[0.550s] -- Detecting CXX compile features
[0.551s] -- Detecting CXX compile features - done
[0.558s] -- Found PkgConfig: /usr/bin/pkg-config (found version "0.29.2")
[0.558s] -- Checking for module 'OGRE'
[0.566s] --   Found OGRE, version 1.9.0
[0.584s] -- Checking for module 'OGRE-Terrain'
[0.591s] --   Found OGRE-Terrain, version 1.9.0
[0.612s] -- Found ament_cmake: 1.3.12 (/opt/ros/humble/share/ament_cmake/cmake)
[0.717s] -- Found Python3: /usr/bin/python3 (found version "3.10.12") found components: Interpreter
[0.756s] -- Override CMake install command with custom implementation using symlinks instead of copying resources
[0.785s] -- Found ament_cmake_ros: 0.10.0 (/opt/ros/humble/share/ament_cmake_ros/cmake)
[0.793s] -- Found rclcpp: 16.0.15 (/opt/ros/humble/share/rclcpp/cmake)
[0.827s] -- Found rosidl_generator_c: 3.1.7 (/opt/ros/humble/share/rosidl_generator_c/cmake)
[0.831s] -- Found rosidl_adapter: 3.1.7 (/opt/ros/humble/share/rosidl_adapter/cmake)
[0.838s] -- Found rosidl_generator_cpp: 3.1.7 (/opt/ros/humble/share/rosidl_generator_cpp/cmake)
[0.849s] -- Using all available rosidl_typesupport_c: rosidl_typesupport_fastrtps_c;rosidl_typesupport_introspection_c
[0.865s] -- Using all available rosidl_typesupport_cpp: rosidl_typesupport_fastrtps_cpp;rosidl_typesupport_introspection_cpp
[0.902s] -- Found rmw_implementation_cmake: 6.1.2 (/opt/ros/humble/share/rmw_implementation_cmake/cmake)
[0.904s] -- Found rmw_fastrtps_cpp: 6.2.8 (/opt/ros/humble/share/rmw_fastrtps_cpp/cmake)
[0.969s] -- Found OpenSSL: /usr/lib/x86_64-linux-gnu/libcrypto.so (found version "3.0.2")
[0.995s] -- Found FastRTPS: /opt/ros/humble/include
[1.026s] -- Using RMW implementation 'rmw_fastrtps_cpp' as default
[1.033s] -- Performing Test CMAKE_HAVE_LIBC_PTHREAD
[1.073s] -- Performing Test CMAKE_HAVE_LIBC_PTHREAD - Success
[1.074s] -- Found Threads: TRUE
[1.115s] -- Found gazebo_ros: 3.9.0 (/opt/ros/humble/share/gazebo_ros/cmake)
[1.123s] -- Checking for module 'bullet>=2.82'
[1.132s] --   Found bullet, version 3.05
[1.203s] -- Found fcl: /usr/include (found suitable version "0.7.0", minimum required is "0.5.0")
[1.233s] -- Found assimp: /usr/include (found version "5.2.0")
[1.233s] [33mCMake Warning (dev) at /usr/share/dart/cmake/DARTFindBoost.cmake:20 (find_package):
[1.233s]   Policy CMP0167 is not set: The FindBoost module is removed.  Run "cmake
[1.233s]   --help-policy CMP0167" for policy details.  Use the cmake_policy command to
[1.233s]   set the policy and suppress this warning.
[1.233s] 
[1.233s] Call Stack (most recent call first):
[1.233s]   /usr/share/dart/cmake/dart_dartComponent.cmake:6 (include)
[1.233s]   /usr/share/dart/cmake/DARTConfig.cmake:73 (include)
[1.233s]   /usr/share/dart/cmake/DARTConfig.cmake:133 (dart_traverse_components)
[1.233s]   /usr/share/dart/cmake/DARTConfig.cmake:181 (dart_package_init)
[1.233s]   /usr/lib/x86_64-linux-gnu/cmake/gazebo/gazebo-config.cmake:166 (find_package)
[1.233s]   /opt/ros/humble/share/gazebo_dev/cmake/gazebo_dev-extras.cmake:3 (find_package)
[1.234s]   /opt/ros/humble/share/gazebo_dev/cmake/gazebo_devConfig.cmake:41 (include)
[1.234s]   /opt/ros/humble/share/gazebo_ros/cmake/ament_cmake_export_dependencies-extras.cmake:21 (find_package)
[1.234s]   /opt/ros/humble/share/gazebo_ros/cmake/gazebo_rosConfig.cmake:41 (include)
[1.234s]   CMakeLists.txt:18 (find_package)
[1.234s] This warning is for project developers.  Use -Wno-dev to suppress it.
[1.234s] [0m
[1.252s] -- Found DART: /usr/include (Required is at least version "6.6") found components: dart
[1.258s] [33mCMake Warning (dev) at /usr/lib/x86_64-linux-gnu/cmake/gazebo/gazebo-config.cmake:197 (find_package):
[1.258s]   Policy CMP0167 is not set: The FindBoost module is removed.  Run "cmake
[1.258s]   --help-policy CMP0167" for policy details.  Use the cmake_policy command to
[1.258s]   set the policy and suppress this warning.
[1.258s] 
[1.258s] Call Stack (most recent call first):
[1.258s]   /opt/ros/humble/share/gazebo_dev/cmake/gazebo_dev-extras.cmake:3 (find_package)
[1.258s]   /opt/ros/humble/share/gazebo_dev/cmake/gazebo_devConfig.cmake:41 (include)
[1.258s]   /opt/ros/humble/share/gazebo_ros/cmake/ament_cmake_export_dependencies-extras.cmake:21 (find_package)
[1.258s]   /opt/ros/humble/share/gazebo_ros/cmake/gazebo_rosConfig.cmake:41 (include)
[1.258s]   CMakeLists.txt:18 (find_package)
[1.258s] This warning is for project developers.  Use -Wno-dev to suppress it.
[1.258s] [0m
[1.277s] -- Found Boost: /usr/lib/x86_64-linux-gnu/cmake/Boost-1.74.0/BoostConfig.cmake (found suitable version "1.74.0", minimum required is "1.40.0") found components: thread system filesystem program_options regex iostreams date_time
[1.291s] -- Found Protobuf: /usr/lib/x86_64-linux-gnu/libprotobuf.so (found version "3.12.4")
[1.295s] -- Looking for ignition-math6 -- found version 6.15.1
[1.300s] -- Searching for dependencies of ignition-math6
[1.301s] -- Looking for OGRE...
[1.301s] -- OGRE_PREFIX_WATCH changed.
[1.305s] -- Checking for module 'OGRE'
[1.313s] --   Found OGRE, version 1.9.0
[1.334s] -- Found Ogre Ghadamon (1.9.0)
[1.345s] [33mCMake Warning (dev) at /usr/share/OGRE/cmake/modules/FindOGRE.cmake:309 (find_package):
[1.345s]   Policy CMP0167 is not set: The FindBoost module is removed.  Run "cmake
[1.345s]   --help-policy CMP0167" for policy details.  Use the cmake_policy command to
[1.345s]   set the policy and suppress this warning.
[1.345s] 
[1.345s] Call Stack (most recent call first):
[1.346s]   /usr/lib/x86_64-linux-gnu/cmake/gazebo/gazebo-config.cmake:213 (find_package)
[1.346s]   /opt/ros/humble/share/gazebo_dev/cmake/gazebo_dev-extras.cmake:3 (find_package)
[1.346s]   /opt/ros/humble/share/gazebo_dev/cmake/gazebo_devConfig.cmake:41 (include)
[1.346s]   /opt/ros/humble/share/gazebo_ros/cmake/ament_cmake_export_dependencies-extras.cmake:21 (find_package)
[1.346s]   /opt/ros/humble/share/gazebo_ros/cmake/gazebo_rosConfig.cmake:41 (include)
[1.346s]   CMakeLists.txt:18 (find_package)
[1.346s] This warning is for project developers.  Use -Wno-dev to suppress it.
[1.346s] [0m
[1.349s] [33mCMake Warning (dev) at /usr/share/OGRE/cmake/modules/FindOGRE.cmake:318 (find_package):
[1.349s]   Policy CMP0167 is not set: The FindBoost module is removed.  Run "cmake
[1.349s]   --help-policy CMP0167" for policy details.  Use the cmake_policy command to
[1.349s]   set the policy and suppress this warning.
[1.349s] 
[1.349s] Call Stack (most recent call first):
[1.349s]   /usr/lib/x86_64-linux-gnu/cmake/gazebo/gazebo-config.cmake:213 (find_package)
[1.349s]   /opt/ros/humble/share/gazebo_dev/cmake/gazebo_dev-extras.cmake:3 (find_package)
[1.349s]   /opt/ros/humble/share/gazebo_dev/cmake/gazebo_devConfig.cmake:41 (include)
[1.349s]   /opt/ros/humble/share/gazebo_ros/cmake/ament_cmake_export_dependencies-extras.cmake:21 (find_package)
[1.349s]   /opt/ros/humble/share/gazebo_ros/cmake/gazebo_rosConfig.cmake:41 (include)
[1.349s]   CMakeLists.txt:18 (find_package)
[1.349s] This warning is for project developers.  Use -Wno-dev to suppress it.
[1.349s] [0m
[1.351s] -- Looking for OGRE_Paging...
[1.362s] -- Found OGRE_Paging: optimized;/usr/lib/x86_64-linux-gnu/libOgrePaging.so;debug;/usr/lib/x86_64-linux-gnu/libOgrePaging.so
[1.362s] -- Looking for OGRE_Terrain...
[1.372s] -- Found OGRE_Terrain: optimized;/usr/lib/x86_64-linux-gnu/libOgreTerrain.so;debug;/usr/lib/x86_64-linux-gnu/libOgreTerrain.so
[1.373s] -- Looking for OGRE_Property...
[1.382s] -- Found OGRE_Property: optimized;/usr/lib/x86_64-linux-gnu/libOgreProperty.so;debug;/usr/lib/x86_64-linux-gnu/libOgreProperty.so
[1.382s] -- Looking for OGRE_RTShaderSystem...
[1.392s] -- Found OGRE_RTShaderSystem: optimized;/usr/lib/x86_64-linux-gnu/libOgreRTShaderSystem.so;debug;/usr/lib/x86_64-linux-gnu/libOgreRTShaderSystem.so
[1.392s] -- Looking for OGRE_Volume...
[1.402s] -- Found OGRE_Volume: optimized;/usr/lib/x86_64-linux-gnu/libOgreVolume.so;debug;/usr/lib/x86_64-linux-gnu/libOgreVolume.so
[1.402s] -- Looking for OGRE_Overlay...
[1.413s] -- Found OGRE_Overlay: optimized;/usr/lib/x86_64-linux-gnu/libOgreOverlay.so;debug;/usr/lib/x86_64-linux-gnu/libOgreOverlay.so
[1.587s] -- Looking for ignition-math6 -- found version 6.15.1
[1.589s] -- Looking for ignition-transport8 -- found version 8.2.1
[1.590s] -- Searching for dependencies of ignition-transport8
[1.602s] -- Found Protobuf: /usr/lib/x86_64-linux-gnu/libprotobuf.so (found suitable version "3.12.4", minimum required is "3")
[1.610s] -- Config-file not installed for ZeroMQ -- checking for pkg-config
[1.613s] -- Checking for module 'libzmq >= 4'
[1.622s] --   Found libzmq, version 4.3.4
[1.645s] -- Found ZeroMQ: TRUE (Required is at least version "4")
[1.650s] -- Checking for module 'uuid'
[1.658s] --   Found uuid, version 2.37.2
[1.677s] -- Found UUID: TRUE
[1.679s] -- Looking for ignition-msgs5 -- found version 5.8.1
[1.679s] -- Searching for dependencies of ignition-msgs5
[1.692s] -- Looking for ignition-math6 -- found version 6.15.1
[1.695s] -- Checking for module 'tinyxml2'
[1.703s] --   Found tinyxml2, version 9.0.0
[1.724s] -- Looking for ignition-msgs5 -- found version 5.8.1
[1.726s] -- Looking for ignition-common3 -- found version 3.14.0
[1.726s] -- Searching for dependencies of ignition-common3
[1.727s] -- Looking for dlfcn.h - found
[1.728s] -- Looking for libdl - found
[1.729s] -- Found DL: TRUE
[1.739s] -- Found tinyobjloader: /usr/lib/x86_64-linux-gnu/cmake/tinyobjloader/tinyobjloader-config.cmake (found version "2.0.0")
[1.739s] -- Searching for <ignition-common3> component [graphics]
[1.741s] -- Looking for ignition-common3-graphics -- found version 3.14.0
[1.741s] -- Searching for dependencies of ignition-common3-graphics
[1.741s] -- Looking for ignition-math6 -- found version 6.15.1
[1.744s] -- Looking for ignition-fuel_tools4 -- found version 4.4.0
[1.744s] -- Searching for dependencies of ignition-fuel_tools4
[1.796s] -- Found CURL: /usr/lib/x86_64-linux-gnu/libcurl.so (found version "7.81.0")
[1.802s] -- Checking for module 'jsoncpp'
[1.809s] --   Found jsoncpp, version 1.9.5
[1.829s] -- Found JSONCPP: TRUE
[1.833s] -- Checking for module 'libzip'
[1.841s] --   Found libzip, version 1.7.3
[1.861s] -- Found ZIP: TRUE
[1.862s] -- Looking for ignition-common3 -- found version 3.14.0
[1.862s] -- Looking for ignition-math6 -- found version 6.15.1
[1.862s] -- Looking for ignition-msgs5 -- found version 5.8.1
[1.865s] -- Gazebo version: 11.10
[1.865s] -- Checking for module 'tbb'
[1.874s] --   Found tbb, version 2021.5.0
[1.896s] -- Found gazebo_plugins: 3.9.0 (/opt/ros/humble/share/gazebo_plugins/cmake)
[1.944s] -- Found sensor_msgs: 4.9.0 (/opt/ros/humble/share/sensor_msgs/cmake)
[1.958s] -- Found nav_msgs: 4.9.0 (/opt/ros/humble/share/nav_msgs/cmake)
[1.972s] -- Found tf2: 0.25.16 (/opt/ros/humble/share/tf2/cmake)
[1.980s] -- Found tf2_ros: 0.25.16 (/opt/ros/humble/share/tf2_ros/cmake)
[2.052s] -- Found tf2_geometry_msgs: 0.25.16 (/opt/ros/humble/share/tf2_geometry_msgs/cmake)
[2.060s] -- Found eigen3_cmake_module: 0.1.1 (/opt/ros/humble/share/eigen3_cmake_module/cmake)
[2.061s] -- Found Eigen3: TRUE (found version "3.4.0")
[2.061s] -- Ensuring Eigen3 include directory is part of orocos-kdl CMake target
[2.075s] -- Found ament_lint_auto: 0.12.14 (/opt/ros/humble/share/ament_lint_auto/cmake)
[2.139s] -- Added test 'cppcheck' to perform static code analysis on C / C++ code
[2.140s] -- Configured cppcheck include dirs: /home/basestation/ros2_ws/src/sjtu_drone/sjtu_drone_description/include;$<BUILD_INTERFACE:/home/basestation/ros2_ws/src/sjtu_drone/sjtu_drone_description/include>
[2.140s] -- Configured cppcheck exclude dirs and/or files: 
[2.141s] -- Added test 'lint_cmake' to check CMake code style
[2.142s] -- Added test 'uncrustify' to check C / C++ code style
[2.142s] -- Configured uncrustify additional arguments: 
[2.142s] -- Added test 'xmllint' to check XML markup files
[2.144s] -- Configuring done (1.8s)
[2.165s] -- Generating done (0.0s)
[2.188s] -- Build files have been written to: /home/basestation/ros2_ws/build/sjtu_drone_description
[2.196s] Invoked command in '/home/basestation/ros2_ws/build/sjtu_drone_description' returned '0': CMAKE_PREFIX_PATH=${CMAKE_PREFIX_PATH}:/home/basestation/base_ws/install/ros2_shared:/home/basestation/base_ws/install/robot_pid:/home/basestation/base_ws/install/mocap_fake_radar:/home/basestation/base_ws/install/magnav_viz:/home/basestation/base_ws/install/magnav_pf:/home/basestation/base_ws/install/magnav_entmap:/home/basestation/base_ws/install/mag_mapping:/home/basestation/base_ws/install/info_magnav:/home/basestation/base_ws/install/homography_node:/home/basestation/base_ws/install/drone_launch:/home/basestation/base_ws/install/camera_detector:/home/basestation/base_ws/install/base_launch:/home/basestation/magnav_sim_ws/install/nn_data_collector:/home/basestation/magnav_sim_ws/install/magnav_nn_sim:/opt/ros/humble /usr/bin/cmake /home/basestation/ros2_ws/src/sjtu_drone/sjtu_drone_description -DAMENT_CMAKE_SYMLINK_INSTALL=1 -DCMAKE_INSTALL_PREFIX=/home/basestation/ros2_ws/install/sjtu_drone_description
[2.197s] Invoking command in '/home/basestation/ros2_ws/build/sjtu_drone_description': CMAKE_PREFIX_PATH=${CMAKE_PREFIX_PATH}:/home/basestation/base_ws/install/ros2_shared:/home/basestation/base_ws/install/robot_pid:/home/basestation/base_ws/install/mocap_fake_radar:/home/basestation/base_ws/install/magnav_viz:/home/basestation/base_ws/install/magnav_pf:/home/basestation/base_ws/install/magnav_entmap:/home/basestation/base_ws/install/mag_mapping:/home/basestation/base_ws/install/info_magnav:/home/basestation/base_ws/install/homography_node:/home/basestation/base_ws/install/drone_launch:/home/basestation/base_ws/install/camera_detector:/home/basestation/base_ws/install/base_launch:/home/basestation/magnav_sim_ws/install/nn_data_collector:/home/basestation/magnav_sim_ws/install/magnav_nn_sim:/opt/ros/humble /usr/bin/cmake --build /home/basestation/ros2_ws/build/sjtu_drone_description -- -j24 -l24
[2.219s] [ 50%] [32mBuilding CXX object CMakeFiles/plugin_drone.dir/src/plugin_drone.cpp.o[0m
[2.219s] [ 50%] [32mBuilding CXX object CMakeFiles/plugin_drone.dir/src/plugin_drone_private.cpp.o[0m
[2.219s] [ 75%] [32mBuilding CXX object CMakeFiles/plugin_drone.dir/src/pid_controller.cpp.o[0m
[16.257s] [100%] [1m[32mLinking CXX shared library /home/basestation/ros2_ws/src/sjtu_drone/sjtu_drone_description/plugins/libplugin_drone.so[0m
[17.228s] [100%] Built target plugin_drone
[17.232s] Invoked command in '/home/basestation/ros2_ws/build/sjtu_drone_description' returned '0': CMAKE_PREFIX_PATH=${CMAKE_PREFIX_PATH}:/home/basestation/base_ws/install/ros2_shared:/home/basestation/base_ws/install/robot_pid:/home/basestation/base_ws/install/mocap_fake_radar:/home/basestation/base_ws/install/magnav_viz:/home/basestation/base_ws/install/magnav_pf:/home/basestation/base_ws/install/magnav_entmap:/home/basestation/base_ws/install/mag_mapping:/home/basestation/base_ws/install/info_magnav:/home/basestation/base_ws/install/homography_node:/home/basestation/base_ws/install/drone_launch:/home/basestation/base_ws/install/camera_detector:/home/basestation/base_ws/install/base_launch:/home/basestation/magnav_sim_ws/install/nn_data_collector:/home/basestation/magnav_sim_ws/install/magnav_nn_sim:/opt/ros/humble /usr/bin/cmake --build /home/basestation/ros2_ws/build/sjtu_drone_description -- -j24 -l24
[17.236s] Invoking command in '/home/basestation/ros2_ws/build/sjtu_drone_description': CMAKE_PREFIX_PATH=${CMAKE_PREFIX_PATH}:/home/basestation/base_ws/install/ros2_shared:/home/basestation/base_ws/install/robot_pid:/home/basestation/base_ws/install/mocap_fake_radar:/home/basestation/base_ws/install/magnav_viz:/home/basestation/base_ws/install/magnav_pf:/home/basestation/base_ws/install/magnav_entmap:/home/basestation/base_ws/install/mag_mapping:/home/basestation/base_ws/install/info_magnav:/home/basestation/base_ws/install/homography_node:/home/basestation/base_ws/install/drone_launch:/home/basestation/base_ws/install/camera_detector:/home/basestation/base_ws/install/base_launch:/home/basestation/magnav_sim_ws/install/nn_data_collector:/home/basestation/magnav_sim_ws/install/magnav_nn_sim:/opt/ros/humble /usr/bin/cmake --install /home/basestation/ros2_ws/build/sjtu_drone_description
[17.238s] -- Install configuration: ""
[17.239s] -- Execute custom install script
[17.239s] -- Symlinking: /home/basestation/ros2_ws/install/sjtu_drone_description/include/sjtu_drone_description/pid_controller.h
[17.241s] -- Symlinking: /home/basestation/ros2_ws/install/sjtu_drone_description/include/sjtu_drone_description/plugin_drone.h
[17.243s] -- Symlinking: /home/basestation/ros2_ws/install/sjtu_drone_description/include/sjtu_drone_description/plugin_drone_private.h
[17.246s] -- Symlinking: /home/basestation/ros2_ws/install/sjtu_drone_description/share/sjtu_drone_description/environment/library_path.sh
[17.248s] -- Symlinking: /home/basestation/ros2_ws/install/sjtu_drone_description/share/sjtu_drone_description/environment/library_path.dsv
[17.250s] -- Symlinking: /home/basestation/ros2_ws/install/sjtu_drone_description/share/sjtu_drone_description/models/database.config
[17.252s] -- Symlinking: /home/basestation/ros2_ws/install/sjtu_drone_description/share/sjtu_drone_description/models/sjtu_drone/model.config
[17.255s] -- Symlinking: /home/basestation/ros2_ws/install/sjtu_drone_description/share/sjtu_drone_description/models/sjtu_drone/quadrotor_4.dae
[17.257s] -- Symlinking: /home/basestation/ros2_ws/install/sjtu_drone_description/share/sjtu_drone_description/models/sjtu_drone/quadrotor_4.stl
[17.259s] -- Symlinking: /home/basestation/ros2_ws/install/sjtu_drone_description/share/sjtu_drone_description/models/sjtu_drone/sjtu_drone.sdf
[17.261s] -- Symlinking: /home/basestation/ros2_ws/install/sjtu_drone_description/share/sjtu_drone_description/urdf/sjtu_drone.urdf
[17.263s] -- Symlinking: /home/basestation/ros2_ws/install/sjtu_drone_description/share/sjtu_drone_description/urdf/sjtu_drone.urdf.xacro
[17.265s] -- Symlinking: /home/basestation/ros2_ws/install/sjtu_drone_description/share/sjtu_drone_description/worlds/playground.world
[17.268s] -- Symlinking: /home/basestation/ros2_ws/install/sjtu_drone_description/share/ament_index/resource_index/package_run_dependencies/sjtu_drone_description
[17.270s] -- Symlinking: /home/basestation/ros2_ws/install/sjtu_drone_description/share/ament_index/resource_index/parent_prefix_path/sjtu_drone_description
[17.272s] -- Symlinking: /home/basestation/ros2_ws/install/sjtu_drone_description/share/sjtu_drone_description/environment/ament_prefix_path.sh
[17.274s] -- Symlinking: /home/basestation/ros2_ws/install/sjtu_drone_description/share/sjtu_drone_description/environment/ament_prefix_path.dsv
[17.276s] -- Symlinking: /home/basestation/ros2_ws/install/sjtu_drone_description/share/sjtu_drone_description/environment/path.sh
[17.279s] -- Symlinking: /home/basestation/ros2_ws/install/sjtu_drone_description/share/sjtu_drone_description/environment/path.dsv
[17.281s] -- Symlinking: /home/basestation/ros2_ws/install/sjtu_drone_description/share/sjtu_drone_description/local_setup.bash
[17.283s] -- Symlinking: /home/basestation/ros2_ws/install/sjtu_drone_description/share/sjtu_drone_description/local_setup.sh
[17.286s] -- Symlinking: /home/basestation/ros2_ws/install/sjtu_drone_description/share/sjtu_drone_description/local_setup.zsh
[17.287s] -- Symlinking: /home/basestation/ros2_ws/install/sjtu_drone_description/share/sjtu_drone_description/local_setup.dsv
[17.290s] -- Symlinking: /home/basestation/ros2_ws/install/sjtu_drone_description/share/sjtu_drone_description/package.dsv
[17.292s] -- Symlinking: /home/basestation/ros2_ws/install/sjtu_drone_description/share/ament_index/resource_index/packages/sjtu_drone_description
[17.295s] -- Symlinking: /home/basestation/ros2_ws/install/sjtu_drone_description/share/sjtu_drone_description/cmake/ament_cmake_export_include_directories-extras.cmake
[17.296s] -- Symlinking: /home/basestation/ros2_ws/install/sjtu_drone_description/share/sjtu_drone_description/cmake/ament_cmake_export_libraries-extras.cmake
[17.299s] -- Symlinking: /home/basestation/ros2_ws/install/sjtu_drone_description/share/sjtu_drone_description/cmake/ament_cmake_export_targets-extras.cmake
[17.301s] -- Symlinking: /home/basestation/ros2_ws/install/sjtu_drone_description/share/sjtu_drone_description/cmake/sjtu_drone_descriptionConfig.cmake
[17.303s] -- Symlinking: /home/basestation/ros2_ws/install/sjtu_drone_description/share/sjtu_drone_description/cmake/sjtu_drone_descriptionConfig-version.cmake
[17.305s] -- Symlinking: /home/basestation/ros2_ws/install/sjtu_drone_description/share/sjtu_drone_description/package.xml
[17.308s] -- Installing: /home/basestation/ros2_ws/install/sjtu_drone_description/lib/libplugin_drone.so
[17.317s] -- Set non-toolchain portion of runtime path of "/home/basestation/ros2_ws/install/sjtu_drone_description/lib/libplugin_drone.so" to ""
[17.317s] -- Installing: /home/basestation/ros2_ws/install/sjtu_drone_description/share/sjtu_drone_description/cmake/export_sjtu_drone_descriptionExport.cmake
[17.317s] -- Installing: /home/basestation/ros2_ws/install/sjtu_drone_description/share/sjtu_drone_description/cmake/export_sjtu_drone_descriptionExport-noconfig.cmake
[17.318s] Invoked command in '/home/basestation/ros2_ws/build/sjtu_drone_description' returned '0': CMAKE_PREFIX_PATH=${CMAKE_PREFIX_PATH}:/home/basestation/base_ws/install/ros2_shared:/home/basestation/base_ws/install/robot_pid:/home/basestation/base_ws/install/mocap_fake_radar:/home/basestation/base_ws/install/magnav_viz:/home/basestation/base_ws/install/magnav_pf:/home/basestation/base_ws/install/magnav_entmap:/home/basestation/base_ws/install/mag_mapping:/home/basestation/base_ws/install/info_magnav:/home/basestation/base_ws/install/homography_node:/home/basestation/base_ws/install/drone_launch:/home/basestation/base_ws/install/camera_detector:/home/basestation/base_ws/install/base_launch:/home/basestation/magnav_sim_ws/install/nn_data_collector:/home/basestation/magnav_sim_ws/install/magnav_nn_sim:/opt/ros/humble /usr/bin/cmake --install /home/basestation/ros2_ws/build/sjtu_drone_description
