[7.426s] Invoking command in '/home/user/PPO_drone_Gazebo_ROS2/build/mml_guidance': PYTHONPATH=/home/user/PPO_drone_Gazebo_ROS2/build/mml_guidance/prefix_override:/usr/lib/python3/dist-packages/colcon_core/task/python/colcon_distutils_commands:/home/user/PPO_drone_Gazebo_ROS2/install/mml_guidance/lib/python3.10/site-packages:${PYTHONPATH} /usr/bin/python3 -W ignore:setup.py install is deprecated -W ignore:easy_install command is deprecated setup.py develop --editable --build-directory /home/user/PPO_drone_Gazebo_ROS2/build/mml_guidance/build --no-deps symlink_data
[9.544s] running develop
[11.290s] running egg_info
[11.294s] writing mml_guidance.egg-info/PKG-INFO
[11.297s] writing dependency_links to mml_guidance.egg-info/dependency_links.txt
[11.301s] writing entry points to mml_guidance.egg-info/entry_points.txt
[11.313s] writing requirements to mml_guidance.egg-info/requires.txt
[11.320s] writing top-level names to mml_guidance.egg-info/top_level.txt
[11.391s] reading manifest file 'mml_guidance.egg-info/SOURCES.txt'
[11.410s] writing manifest file 'mml_guidance.egg-info/SOURCES.txt'
[11.418s] running build_ext
[11.422s] Creating /home/user/PPO_drone_Gazebo_ROS2/install/mml_guidance/lib/python3.10/site-packages/mml-guidance.egg-link (link to .)
[11.423s] Installing guidance script to /home/user/PPO_drone_Gazebo_ROS2/install/mml_guidance/lib/mml_guidance
[11.423s] Installing markov_goal_pose script to /home/user/PPO_drone_Gazebo_ROS2/install/mml_guidance/lib/mml_guidance
[11.424s] Installing mml_pf_visualization script to /home/user/PPO_drone_Gazebo_ROS2/install/mml_guidance/lib/mml_guidance
[11.424s] Installing rl_gazebo_multi_tracker script to /home/user/PPO_drone_Gazebo_ROS2/install/mml_guidance/lib/mml_guidance
[11.425s] 
[11.428s] Installed /home/user/PPO_drone_Gazebo_ROS2/build/mml_guidance
[11.429s] running symlink_data
[11.520s] Invoked command in '/home/user/PPO_drone_Gazebo_ROS2/build/mml_guidance' returned '0': PYTHONPATH=/home/user/PPO_drone_Gazebo_ROS2/build/mml_guidance/prefix_override:/usr/lib/python3/dist-packages/colcon_core/task/python/colcon_distutils_commands:/home/user/PPO_drone_Gazebo_ROS2/install/mml_guidance/lib/python3.10/site-packages:${PYTHONPATH} /usr/bin/python3 -W ignore:setup.py install is deprecated -W ignore:easy_install command is deprecated setup.py develop --editable --build-directory /home/user/PPO_drone_Gazebo_ROS2/build/mml_guidance/build --no-deps symlink_data
