[4.785s] Invoking command in '/home/user/PPO_drone_Gazebo_ROS2/build/sjtu_drone_description': CMAKE_PREFIX_PATH=${CMAKE_PREFIX_PATH}:/home/user/PPO_drone_Gazebo_ROS2/src/install/sjtu_drone_control:/home/user/PPO_drone_Gazebo_ROS2/src/install/sjtu_drone_bringup:/home/user/PPO_drone_Gazebo_ROS2/install/sjtu_drone_control:/home/user/PPO_drone_Gazebo_ROS2/install/sjtu_drone_bringup:/home/user/PPO_drone_Gazebo_ROS2/install/mml_guidance:/opt/ros/humble:/opt/ros/jazzy /usr/bin/cmake /home/user/PPO_drone_Gazebo_ROS2/src/sjtu_drone/sjtu_drone_description -DAMENT_CMAKE_SYMLINK_INSTALL=1 -DCMAKE_INSTALL_PREFIX=/home/user/PPO_drone_Gazebo_ROS2/install/sjtu_drone_description
[5.273s] -- The C compiler identification is GNU 11.4.0
[5.864s] -- The CXX compiler identification is GNU 11.4.0
[5.926s] -- Detecting C compiler ABI info
[6.578s] -- Detecting C compiler ABI info - done
[6.803s] -- Check for working C compiler: /usr/bin/cc - skipped
[6.808s] -- Detecting C compile features
[6.816s] -- Detecting C compile features - done
[6.852s] -- Detecting CXX compiler ABI info
[7.780s] -- Detecting CXX compiler ABI info - done
[7.788s] -- Check for working CXX compiler: /usr/bin/c++ - skipped
[7.790s] -- Detecting CXX compile features
[7.799s] -- Detecting CXX compile features - done
[7.938s] -- Found PkgConfig: /usr/bin/pkg-config (found version "0.29.2") 
[7.975s] -- Checking for module 'OGRE'
[8.205s] --   Found OGRE, version 1.9.0
[8.746s] -- Checking for module 'OGRE-Terrain'
[8.954s] --   Found OGRE-Terrain, version 1.9.0
[9.398s] -- Found ament_cmake: 1.3.12 (/opt/ros/humble/share/ament_cmake/cmake)
[10.559s] -- Found Python3: /usr/bin/python3 (found version "3.10.12") found components: Interpreter 
[11.074s] -- Override CMake install command with custom implementation using symlinks instead of copying resources
[11.528s] -- Found ament_cmake_ros: 0.10.0 (/opt/ros/humble/share/ament_cmake_ros/cmake)
[11.737s] -- Found rclcpp: 16.0.15 (/opt/ros/humble/share/rclcpp/cmake)
[12.235s] -- Found rosidl_generator_c: 3.1.7 (/opt/ros/humble/share/rosidl_generator_c/cmake)
[12.336s] -- Found rosidl_adapter: 3.1.7 (/opt/ros/humble/share/rosidl_adapter/cmake)
[12.514s] -- Found rosidl_generator_cpp: 3.1.7 (/opt/ros/humble/share/rosidl_generator_cpp/cmake)
[12.686s] -- Using all available rosidl_typesupport_c: rosidl_typesupport_fastrtps_c;rosidl_typesupport_introspection_c
[12.971s] -- Using all available rosidl_typesupport_cpp: rosidl_typesupport_fastrtps_cpp;rosidl_typesupport_introspection_cpp
[13.430s] -- Found rmw_implementation_cmake: 6.1.2 (/opt/ros/humble/share/rmw_implementation_cmake/cmake)
[13.456s] -- Found rmw_fastrtps_cpp: 6.2.9 (/opt/ros/humble/share/rmw_fastrtps_cpp/cmake)
[14.189s] -- Found OpenSSL: /usr/lib/x86_64-linux-gnu/libcrypto.so (found version "3.0.2")  
[14.517s] -- Found FastRTPS: /opt/ros/humble/include  
[14.947s] -- Using RMW implementation 'rmw_fastrtps_cpp' as default
[15.024s] -- Looking for pthread.h
[15.516s] -- Looking for pthread.h - found
[15.517s] -- Performing Test CMAKE_HAVE_LIBC_PTHREAD
[15.917s] -- Performing Test CMAKE_HAVE_LIBC_PTHREAD - Success
[15.925s] -- Found Threads: TRUE  
[16.245s] -- Found gazebo_ros: 3.9.0 (/opt/ros/humble/share/gazebo_ros/cmake)
[16.333s] -- Checking for module 'bullet>=2.82'
[16.420s] --   Found bullet, version 3.05
[17.219s] -- Found fcl: /usr/include (found suitable version "0.7.0", minimum required is "0.5.0") 
[17.586s] -- Found assimp: /usr/include (found version "5.2.0") 
[17.796s] -- Found DART: /usr/include (Required is at least version "6.6") found components: dart 
[18.048s] -- Found Boost: /usr/lib/x86_64-linux-gnu/cmake/Boost-1.74.0/BoostConfig.cmake (found suitable version "1.74.0", minimum required is "1.40.0") found components: thread system filesystem program_options regex iostreams date_time 
[18.181s] -- Found Protobuf: /usr/lib/x86_64-linux-gnu/libprotobuf.so (found version "3.12.4") 
[18.273s] -- Looking for ignition-math6 -- found version 6.15.1
[18.337s] -- Searching for dependencies of ignition-math6
[18.359s] -- Looking for OGRE...
[18.365s] -- OGRE_PREFIX_WATCH changed.
[18.412s] -- Checking for module 'OGRE'
[18.508s] --   Found OGRE, version 1.9.0
[18.754s] -- Found Ogre Ghadamon (1.9.0)
[18.861s] -- Looking for OGRE_Paging...
[18.907s] -- Found OGRE_Paging: optimized;/usr/lib/x86_64-linux-gnu/libOgrePaging.so;debug;/usr/lib/x86_64-linux-gnu/libOgrePaging.so
[18.907s] -- Looking for OGRE_Terrain...
[18.958s] -- Found OGRE_Terrain: optimized;/usr/lib/x86_64-linux-gnu/libOgreTerrain.so;debug;/usr/lib/x86_64-linux-gnu/libOgreTerrain.so
[18.962s] -- Looking for OGRE_Property...
[19.022s] -- Found OGRE_Property: optimized;/usr/lib/x86_64-linux-gnu/libOgreProperty.so;debug;/usr/lib/x86_64-linux-gnu/libOgreProperty.so
[19.023s] -- Looking for OGRE_RTShaderSystem...
[19.081s] -- Found OGRE_RTShaderSystem: optimized;/usr/lib/x86_64-linux-gnu/libOgreRTShaderSystem.so;debug;/usr/lib/x86_64-linux-gnu/libOgreRTShaderSystem.so
[19.082s] -- Looking for OGRE_Volume...
[19.134s] -- Found OGRE_Volume: optimized;/usr/lib/x86_64-linux-gnu/libOgreVolume.so;debug;/usr/lib/x86_64-linux-gnu/libOgreVolume.so
[19.135s] -- Looking for OGRE_Overlay...
[19.183s] -- Found OGRE_Overlay: optimized;/usr/lib/x86_64-linux-gnu/libOgreOverlay.so;debug;/usr/lib/x86_64-linux-gnu/libOgreOverlay.so
[20.539s] -- Looking for ignition-math6 -- found version 6.15.1
[20.577s] -- Looking for ignition-transport8 -- found version 8.2.1
[20.579s] -- Searching for dependencies of ignition-transport8
[20.777s] -- Found Protobuf: /usr/lib/x86_64-linux-gnu/libprotobuf.so (found suitable version "3.12.4", minimum required is "3") 
[20.937s] -- Config-file not installed for ZeroMQ -- checking for pkg-config
[20.970s] -- Checking for module 'libzmq >= 4'
[21.092s] --   Found libzmq , version 4.3.4
[21.394s] -- Found ZeroMQ: TRUE (Required is at least version "4") 
[21.435s] -- Checking for module 'uuid'
[21.551s] --   Found uuid, version 2.37.2
[21.832s] -- Found UUID: TRUE  
[21.859s] -- Looking for ignition-msgs5 -- found version 5.8.1
[21.863s] -- Searching for dependencies of ignition-msgs5
[22.101s] -- Looking for ignition-math6 -- found version 6.15.1
[22.166s] -- Checking for module 'tinyxml2'
[22.295s] --   Found tinyxml2, version 9.0.0
[22.601s] -- Looking for ignition-msgs5 -- found version 5.8.1
[22.632s] -- Looking for ignition-common3 -- found version 3.14.0
[22.635s] -- Searching for dependencies of ignition-common3
[22.639s] -- Looking for dlfcn.h - found
[22.643s] -- Looking for libdl - found
[22.649s] -- Found DL: TRUE  
[22.739s] -- Found tinyobjloader: /usr/lib/x86_64-linux-gnu/cmake/tinyobjloader/tinyobjloader-config.cmake (found version "2.0.0") 
[22.744s] -- Searching for <ignition-common3> component [graphics]
[22.771s] -- Looking for ignition-common3-graphics -- found version 3.14.0
[22.775s] -- Searching for dependencies of ignition-common3-graphics
[22.778s] -- Looking for ignition-math6 -- found version 6.15.1
[22.819s] -- Looking for ignition-fuel_tools4 -- found version 4.4.0
[22.823s] -- Searching for dependencies of ignition-fuel_tools4
[23.461s] -- Found CURL: /usr/lib/x86_64-linux-gnu/libcurl.so (found version "7.81.0")  
[23.532s] -- Checking for module 'jsoncpp'
[23.640s] --   Found jsoncpp, version 1.9.5
[23.883s] -- Found JSONCPP: TRUE  
[23.924s] -- Checking for module 'libzip'
[24.032s] --   Found libzip, version 1.7.3
[24.275s] -- Found ZIP: TRUE  
[24.278s] -- Looking for ignition-common3 -- found version 3.14.0
[24.281s] -- Looking for ignition-math6 -- found version 6.15.1
[24.284s] -- Looking for ignition-msgs5 -- found version 5.8.1
[24.324s] -- Gazebo version: 11.10
[24.326s] -- Checking for module 'tbb'
[24.430s] --   Found tbb, version 2021.5.0
[24.803s] [31mCMake Error at CMakeLists.txt:19 (find_package):
[24.804s]   By not providing "Findgazebo_plugins.cmake" in CMAKE_MODULE_PATH this
[24.804s]   project has asked CMake to find a package configuration file provided by
[24.805s]   "gazebo_plugins", but CMake did not find one.
[24.805s] 
[24.806s]   Could not find a package configuration file provided by "gazebo_plugins"
[24.806s]   with any of the following names:
[24.806s] 
[24.807s]     gazebo_pluginsConfig.cmake
[24.807s]     gazebo_plugins-config.cmake
[24.807s] 
[24.808s]   Add the installation prefix of "gazebo_plugins" to CMAKE_PREFIX_PATH or set
[24.808s]   "gazebo_plugins_DIR" to a directory containing one of the above files.  If
[24.808s]   "gazebo_plugins" provides a separate development package or SDK, be sure it
[24.809s]   has been installed.
[24.809s] 
[24.809s] [0m
[24.810s] -- Configuring incomplete, errors occurred!
[24.810s] See also "/home/user/PPO_drone_Gazebo_ROS2/build/sjtu_drone_description/CMakeFiles/CMakeOutput.log".
